[2017-10-10 14:53:02] [ log ] localhost:81/index
 client: 127.0.0.1
---------------------------------------------------------------
 msg : Class 'framework\components\task\Task' not found 
 file : /var/www/php/easy-framework-swoole/framework/base/Container.php 
 line : 90 
 code : 0 
 trace : #0 /var/www/php/easy-framework-swoole/framework/base/Component.php(20): framework\base\Container->getComponent('taskManager', Array)
#1 /var/www/php/easy-framework-swoole/framework/web/Api.php(38): framework\base\Component->getComponent('taskManager')
#2 /var/www/php/easy-framework-swoole/application/controller/Index.php(37): framework\web\Api->addTask('msgTask', 'sendMsg', Array)
#3 /var/www/php/easy-framework-swoole/framework/components/dispatcher/Dispatcher.php(38): application\controller\Index->indexAction()
#4 /var/www/php/easy-framework-swoole/framework/server/WebSocketServer.php(110): framework\components\dispatcher\Dispatcher->run(Array)
#5 [internal function]: framework\server\WebSocketServer->framework\server\{closure}(Object(swoole_http_request), Object(swoole_http_response))
#6 /var/www/php/easy-framework-swoole/framework/server/BaseServer.php(53): swoole_http_server->start()
#7 /var/www/php/easy-framework-swoole/framework/server/Server.php(40): framework\server\BaseServer->start()
#8 /var/www/php/easy-framework-swoole/framework/web/Application.php(41): framework\server\Server->start()
#9 /var/www/php/easy-framework-swoole/framework/framework.php(27): framework\web\Application::run(Array)
#10 /var/www/php/easy-framework-swoole/index.php(8): require('/var/www/php/ea...')
#11 {main}

[2017-10-10 14:53:31] [ log ] localhost:81/index
 client: 127.0.0.1
---------------------------------------------------------------
 msg : swoole_server::finish() expects exactly 1 parameter, 0 given at  file: /var/www/php/easy-framework-swoole/framework/server/BaseServer.php, on line: 258 
 file : /var/www/php/easy-framework-swoole/framework/components/error/Error.php 
 line : 9 
 code : 2 
 trace : #0 [internal function]: framework\components\error\Error->handleError(2, 'swoole_server::...', '/var/www/php/ea...', 258, Array)
#1 /var/www/php/easy-framework-swoole/framework/server/BaseServer.php(258): swoole_server->finish()
#2 [internal function]: framework\server\BaseServer->framework\server\{closure}(Object(swoole_websocket_server), 0, false)
#3 /var/www/php/easy-framework-swoole/framework/server/BaseServer.php(53): swoole_http_server->start()
#4 /var/www/php/easy-framework-swoole/framework/server/Server.php(40): framework\server\BaseServer->start()
#5 /var/www/php/easy-framework-swoole/framework/web/Application.php(41): framework\server\Server->start()
#6 /var/www/php/easy-framework-swoole/framework/framework.php(27): framework\web\Application::run(Array)
#7 /var/www/php/easy-framework-swoole/index.php(8): require('/var/www/php/ea...')
#8 {main}

[2017-10-10 14:54:00] [ log ] localhost:81/index
 client: 127.0.0.1
---------------------------------------------------------------
 msg : swoole_server::finish() expects exactly 1 parameter, 0 given at  file: /var/www/php/easy-framework-swoole/framework/server/BaseServer.php, on line: 258 
 file : /var/www/php/easy-framework-swoole/framework/components/error/Error.php 
 line : 9 
 code : 2 
 trace : #0 [internal function]: framework\components\error\Error->handleError(2, 'swoole_server::...', '/var/www/php/ea...', 258, Array)
#1 /var/www/php/easy-framework-swoole/framework/server/BaseServer.php(258): swoole_server->finish()
#2 [internal function]: framework\server\BaseServer->framework\server\{closure}(Object(swoole_websocket_server), 0, false)
#3 /var/www/php/easy-framework-swoole/framework/server/BaseServer.php(53): swoole_http_server->start()
#4 /var/www/php/easy-framework-swoole/framework/server/Server.php(40): framework\server\BaseServer->start()
#5 /var/www/php/easy-framework-swoole/framework/web/Application.php(41): framework\server\Server->start()
#6 /var/www/php/easy-framework-swoole/framework/framework.php(27): framework\web\Application::run(Array)
#7 /var/www/php/easy-framework-swoole/index.php(8): require('/var/www/php/ea...')
#8 {main}

[2017-10-10 14:54:36] [ log ] localhost:81/index
 client: 127.0.0.1
---------------------------------------------------------------
 msg : swoole_server::finish() expects exactly 1 parameter, 0 given at  file: /var/www/php/easy-framework-swoole/framework/server/BaseServer.php, on line: 259 
 file : /var/www/php/easy-framework-swoole/framework/components/error/Error.php 
 line : 9 
 code : 2 
 trace : #0 [internal function]: framework\components\error\Error->handleError(2, 'swoole_server::...', '/var/www/php/ea...', 259, Array)
#1 /var/www/php/easy-framework-swoole/framework/server/BaseServer.php(259): swoole_server->finish()
#2 [internal function]: framework\server\BaseServer->framework\server\{closure}(Object(swoole_websocket_server), 0, false)
#3 /var/www/php/easy-framework-swoole/framework/server/BaseServer.php(53): swoole_http_server->start()
#4 /var/www/php/easy-framework-swoole/framework/server/Server.php(40): framework\server\BaseServer->start()
#5 /var/www/php/easy-framework-swoole/framework/web/Application.php(41): framework\server\Server->start()
#6 /var/www/php/easy-framework-swoole/framework/framework.php(27): framework\web\Application::run(Array)
#7 /var/www/php/easy-framework-swoole/index.php(8): require('/var/www/php/ea...')
#8 {main}

[2017-10-10 15:01:11] [ log ] localhost:81/index
 client: 127.0.0.1
---------------------------------------------------------------
 msg : swoole_server::finish() expects exactly 1 parameter, 0 given at  file: /var/www/php/easy-framework-swoole/framework/server/BaseServer.php, on line: 258 
 file : /var/www/php/easy-framework-swoole/framework/components/error/Error.php 
 line : 9 
 code : 2 
 trace : #0 [internal function]: framework\components\error\Error->handleError(2, 'swoole_server::...', '/var/www/php/ea...', 258, Array)
#1 /var/www/php/easy-framework-swoole/framework/server/BaseServer.php(258): swoole_server->finish()
#2 [internal function]: framework\server\BaseServer->framework\server\{closure}(Object(swoole_websocket_server), 0, false)
#3 /var/www/php/easy-framework-swoole/framework/server/BaseServer.php(53): swoole_http_server->start()
#4 /var/www/php/easy-framework-swoole/framework/server/Server.php(40): framework\server\BaseServer->start()
#5 /var/www/php/easy-framework-swoole/framework/web/Application.php(41): framework\server\Server->start()
#6 /var/www/php/easy-framework-swoole/framework/framework.php(27): framework\web\Application::run(Array)
#7 /var/www/php/easy-framework-swoole/index.php(8): require('/var/www/php/ea...')
#8 {main}

[2017-10-10 15:01:11] [ log ] localhost:81/index
 client: 127.0.0.1
---------------------------------------------------------------
 msg : components server not exists 
 file : /var/www/php/easy-framework-swoole/framework/components/dispatcher/Dispatcher.php 
 line : 47 
 code : 500 
 trace : #0 /var/www/php/easy-framework-swoole/framework/server/WebSocketServer.php(110): framework\components\dispatcher\Dispatcher->run(Array)
#1 [internal function]: framework\server\WebSocketServer->framework\server\{closure}(Object(swoole_http_request), Object(swoole_http_response))
#2 /var/www/php/easy-framework-swoole/framework/server/BaseServer.php(53): swoole_http_server->start()
#3 /var/www/php/easy-framework-swoole/framework/server/Server.php(40): framework\server\BaseServer->start()
#4 /var/www/php/easy-framework-swoole/framework/web/Application.php(41): framework\server\Server->start()
#5 /var/www/php/easy-framework-swoole/framework/framework.php(27): framework\web\Application::run(Array)
#6 /var/www/php/easy-framework-swoole/index.php(8): require('/var/www/php/ea...')
#7 {main}

[2017-10-10 15:01:12] [ log ] localhost:81/index
 client: 127.0.0.1
---------------------------------------------------------------
 msg : components server not exists 
 file : /var/www/php/easy-framework-swoole/framework/components/dispatcher/Dispatcher.php 
 line : 47 
 code : 500 
 trace : #0 /var/www/php/easy-framework-swoole/framework/server/WebSocketServer.php(110): framework\components\dispatcher\Dispatcher->run(Array)
#1 [internal function]: framework\server\WebSocketServer->framework\server\{closure}(Object(swoole_http_request), Object(swoole_http_response))
#2 /var/www/php/easy-framework-swoole/framework/server/BaseServer.php(53): swoole_http_server->start()
#3 /var/www/php/easy-framework-swoole/framework/server/Server.php(40): framework\server\BaseServer->start()
#4 /var/www/php/easy-framework-swoole/framework/web/Application.php(41): framework\server\Server->start()
#5 /var/www/php/easy-framework-swoole/framework/framework.php(27): framework\web\Application::run(Array)
#6 /var/www/php/easy-framework-swoole/index.php(8): require('/var/www/php/ea...')
#7 {main}

[2017-10-10 15:01:17] [ log ] localhost:81/index
 client: 127.0.0.1
---------------------------------------------------------------
 msg : components server not exists 
 file : /var/www/php/easy-framework-swoole/framework/components/dispatcher/Dispatcher.php 
 line : 47 
 code : 500 
 trace : #0 /var/www/php/easy-framework-swoole/framework/server/WebSocketServer.php(110): framework\components\dispatcher\Dispatcher->run(Array)
#1 [internal function]: framework\server\WebSocketServer->framework\server\{closure}(Object(swoole_http_request), Object(swoole_http_response))
#2 /var/www/php/easy-framework-swoole/framework/server/BaseServer.php(53): swoole_http_server->start()
#3 /var/www/php/easy-framework-swoole/framework/server/Server.php(40): framework\server\BaseServer->start()
#4 /var/www/php/easy-framework-swoole/framework/web/Application.php(41): framework\server\Server->start()
#5 /var/www/php/easy-framework-swoole/framework/framework.php(27): framework\web\Application::run(Array)
#6 /var/www/php/easy-framework-swoole/index.php(8): require('/var/www/php/ea...')
#7 {main}

[2017-10-10 15:01:28] [ log ] localhost:81/index
 client: 127.0.0.1
---------------------------------------------------------------
 msg : swoole_server::finish() expects exactly 1 parameter, 0 given at  file: /var/www/php/easy-framework-swoole/framework/server/BaseServer.php, on line: 258 
 file : /var/www/php/easy-framework-swoole/framework/components/error/Error.php 
 line : 9 
 code : 2 
 trace : #0 [internal function]: framework\components\error\Error->handleError(2, 'swoole_server::...', '/var/www/php/ea...', 258, Array)
#1 /var/www/php/easy-framework-swoole/framework/server/BaseServer.php(258): swoole_server->finish()
#2 [internal function]: framework\server\BaseServer->framework\server\{closure}(Object(swoole_websocket_server), 0, false)
#3 /var/www/php/easy-framework-swoole/framework/server/BaseServer.php(53): swoole_http_server->start()
#4 /var/www/php/easy-framework-swoole/framework/server/Server.php(40): framework\server\BaseServer->start()
#5 /var/www/php/easy-framework-swoole/framework/web/Application.php(41): framework\server\Server->start()
#6 /var/www/php/easy-framework-swoole/framework/framework.php(27): framework\web\Application::run(Array)
#7 /var/www/php/easy-framework-swoole/index.php(8): require('/var/www/php/ea...')
#8 {main}

[2017-10-10 15:01:33] [ log ] localhost:81/index
 client: 127.0.0.1
---------------------------------------------------------------
 msg : components server not exists 
 file : /var/www/php/easy-framework-swoole/framework/components/dispatcher/Dispatcher.php 
 line : 47 
 code : 500 
 trace : #0 /var/www/php/easy-framework-swoole/framework/server/WebSocketServer.php(110): framework\components\dispatcher\Dispatcher->run(Array)
#1 [internal function]: framework\server\WebSocketServer->framework\server\{closure}(Object(swoole_http_request), Object(swoole_http_response))
#2 /var/www/php/easy-framework-swoole/framework/server/BaseServer.php(53): swoole_http_server->start()
#3 /var/www/php/easy-framework-swoole/framework/server/Server.php(40): framework\server\BaseServer->start()
#4 /var/www/php/easy-framework-swoole/framework/web/Application.php(41): framework\server\Server->start()
#5 /var/www/php/easy-framework-swoole/framework/framework.php(27): framework\web\Application::run(Array)
#6 /var/www/php/easy-framework-swoole/index.php(8): require('/var/www/php/ea...')
#7 {main}

[2017-10-10 15:01:35] [ log ] localhost:81/index
 client: 127.0.0.1
---------------------------------------------------------------
 msg : components server not exists 
 file : /var/www/php/easy-framework-swoole/framework/components/dispatcher/Dispatcher.php 
 line : 47 
 code : 500 
 trace : #0 /var/www/php/easy-framework-swoole/framework/server/WebSocketServer.php(110): framework\components\dispatcher\Dispatcher->run(Array)
#1 [internal function]: framework\server\WebSocketServer->framework\server\{closure}(Object(swoole_http_request), Object(swoole_http_response))
#2 /var/www/php/easy-framework-swoole/framework/server/BaseServer.php(53): swoole_http_server->start()
#3 /var/www/php/easy-framework-swoole/framework/server/Server.php(40): framework\server\BaseServer->start()
#4 /var/www/php/easy-framework-swoole/framework/web/Application.php(41): framework\server\Server->start()
#5 /var/www/php/easy-framework-swoole/framework/framework.php(27): framework\web\Application::run(Array)
#6 /var/www/php/easy-framework-swoole/index.php(8): require('/var/www/php/ea...')
#7 {main}

[2017-10-10 15:07:12] [ log ] localhost:81/index
 client: 127.0.0.1
---------------------------------------------------------------
 msg : swoole_server::finish() expects exactly 1 parameter, 0 given at  file: /var/www/php/easy-framework-swoole/framework/server/BaseServer.php, on line: 258 
 file : /var/www/php/easy-framework-swoole/framework/components/error/Error.php 
 line : 9 
 code : 2 
 trace : #0 [internal function]: framework\components\error\Error->handleError(2, 'swoole_server::...', '/var/www/php/ea...', 258, Array)
#1 /var/www/php/easy-framework-swoole/framework/server/BaseServer.php(258): swoole_server->finish()
#2 [internal function]: framework\server\BaseServer->framework\server\{closure}(Object(swoole_websocket_server), 0, false)
#3 /var/www/php/easy-framework-swoole/framework/server/BaseServer.php(53): swoole_http_server->start()
#4 /var/www/php/easy-framework-swoole/framework/server/Server.php(36): framework\server\BaseServer->start()
#5 /var/www/php/easy-framework-swoole/framework/web/Application.php(41): framework\server\Server->start()
#6 /var/www/php/easy-framework-swoole/framework/framework.php(27): framework\web\Application::run(Array)
#7 /var/www/php/easy-framework-swoole/index.php(8): require('/var/www/php/ea...')
#8 {main}

[2017-10-10 15:07:13] [ log ] localhost:81/index
 client: 127.0.0.1
---------------------------------------------------------------
 msg : swoole_server::finish() expects exactly 1 parameter, 0 given at  file: /var/www/php/easy-framework-swoole/framework/server/BaseServer.php, on line: 258 
 file : /var/www/php/easy-framework-swoole/framework/components/error/Error.php 
 line : 9 
 code : 2 
 trace : #0 [internal function]: framework\components\error\Error->handleError(2, 'swoole_server::...', '/var/www/php/ea...', 258, Array)
#1 /var/www/php/easy-framework-swoole/framework/server/BaseServer.php(258): swoole_server->finish()
#2 [internal function]: framework\server\BaseServer->framework\server\{closure}(Object(swoole_websocket_server), 1, false)
#3 /var/www/php/easy-framework-swoole/framework/server/BaseServer.php(53): swoole_http_server->start()
#4 /var/www/php/easy-framework-swoole/framework/server/Server.php(36): framework\server\BaseServer->start()
#5 /var/www/php/easy-framework-swoole/framework/web/Application.php(41): framework\server\Server->start()
#6 /var/www/php/easy-framework-swoole/framework/framework.php(27): framework\web\Application::run(Array)
#7 /var/www/php/easy-framework-swoole/index.php(8): require('/var/www/php/ea...')
#8 {main}

[2017-10-10 15:07:14] [ log ] localhost:81/index
 client: 127.0.0.1
---------------------------------------------------------------
 msg : swoole_server::finish() expects exactly 1 parameter, 0 given at  file: /var/www/php/easy-framework-swoole/framework/server/BaseServer.php, on line: 258 
 file : /var/www/php/easy-framework-swoole/framework/components/error/Error.php 
 line : 9 
 code : 2 
 trace : #0 [internal function]: framework\components\error\Error->handleError(2, 'swoole_server::...', '/var/www/php/ea...', 258, Array)
#1 /var/www/php/easy-framework-swoole/framework/server/BaseServer.php(258): swoole_server->finish()
#2 [internal function]: framework\server\BaseServer->framework\server\{closure}(Object(swoole_websocket_server), 2, false)
#3 /var/www/php/easy-framework-swoole/framework/server/BaseServer.php(53): swoole_http_server->start()
#4 /var/www/php/easy-framework-swoole/framework/server/Server.php(36): framework\server\BaseServer->start()
#5 /var/www/php/easy-framework-swoole/framework/web/Application.php(41): framework\server\Server->start()
#6 /var/www/php/easy-framework-swoole/framework/framework.php(27): framework\web\Application::run(Array)
#7 /var/www/php/easy-framework-swoole/index.php(8): require('/var/www/php/ea...')
#8 {main}

[2017-10-10 15:07:14] [ log ] localhost:81/index
 client: 127.0.0.1
---------------------------------------------------------------
 msg : swoole_server::finish() expects exactly 1 parameter, 0 given at  file: /var/www/php/easy-framework-swoole/framework/server/BaseServer.php, on line: 258 
 file : /var/www/php/easy-framework-swoole/framework/components/error/Error.php 
 line : 9 
 code : 2 
 trace : #0 [internal function]: framework\components\error\Error->handleError(2, 'swoole_server::...', '/var/www/php/ea...', 258, Array)
#1 /var/www/php/easy-framework-swoole/framework/server/BaseServer.php(258): swoole_server->finish()
#2 [internal function]: framework\server\BaseServer->framework\server\{closure}(Object(swoole_websocket_server), 3, false)
#3 /var/www/php/easy-framework-swoole/framework/server/BaseServer.php(53): swoole_http_server->start()
#4 /var/www/php/easy-framework-swoole/framework/server/Server.php(36): framework\server\BaseServer->start()
#5 /var/www/php/easy-framework-swoole/framework/web/Application.php(41): framework\server\Server->start()
#6 /var/www/php/easy-framework-swoole/framework/framework.php(27): framework\web\Application::run(Array)
#7 /var/www/php/easy-framework-swoole/index.php(8): require('/var/www/php/ea...')
#8 {main}

[2017-10-10 15:07:14] [ log ] localhost:81/index
 client: 127.0.0.1
---------------------------------------------------------------
 msg : swoole_server::finish() expects exactly 1 parameter, 0 given at  file: /var/www/php/easy-framework-swoole/framework/server/BaseServer.php, on line: 258 
 file : /var/www/php/easy-framework-swoole/framework/components/error/Error.php 
 line : 9 
 code : 2 
 trace : #0 [internal function]: framework\components\error\Error->handleError(2, 'swoole_server::...', '/var/www/php/ea...', 258, Array)
#1 /var/www/php/easy-framework-swoole/framework/server/BaseServer.php(258): swoole_server->finish()
#2 [internal function]: framework\server\BaseServer->framework\server\{closure}(Object(swoole_websocket_server), 4, false)
#3 /var/www/php/easy-framework-swoole/framework/server/BaseServer.php(53): swoole_http_server->start()
#4 /var/www/php/easy-framework-swoole/framework/server/Server.php(36): framework\server\BaseServer->start()
#5 /var/www/php/easy-framework-swoole/framework/web/Application.php(41): framework\server\Server->start()
#6 /var/www/php/easy-framework-swoole/framework/framework.php(27): framework\web\Application::run(Array)
#7 /var/www/php/easy-framework-swoole/index.php(8): require('/var/www/php/ea...')
#8 {main}

[2017-10-10 15:07:14] [ log ] localhost:81/index
 client: 127.0.0.1
---------------------------------------------------------------
 msg : swoole_server::finish() expects exactly 1 parameter, 0 given at  file: /var/www/php/easy-framework-swoole/framework/server/BaseServer.php, on line: 258 
 file : /var/www/php/easy-framework-swoole/framework/components/error/Error.php 
 line : 9 
 code : 2 
 trace : #0 [internal function]: framework\components\error\Error->handleError(2, 'swoole_server::...', '/var/www/php/ea...', 258, Array)
#1 /var/www/php/easy-framework-swoole/framework/server/BaseServer.php(258): swoole_server->finish()
#2 [internal function]: framework\server\BaseServer->framework\server\{closure}(Object(swoole_websocket_server), 5, false)
#3 /var/www/php/easy-framework-swoole/framework/server/BaseServer.php(53): swoole_http_server->start()
#4 /var/www/php/easy-framework-swoole/framework/server/Server.php(36): framework\server\BaseServer->start()
#5 /var/www/php/easy-framework-swoole/framework/web/Application.php(41): framework\server\Server->start()
#6 /var/www/php/easy-framework-swoole/framework/framework.php(27): framework\web\Application::run(Array)
#7 /var/www/php/easy-framework-swoole/index.php(8): require('/var/www/php/ea...')
#8 {main}

[2017-10-10 15:07:15] [ log ] localhost:81/index
 client: 127.0.0.1
---------------------------------------------------------------
 msg : swoole_server::finish() expects exactly 1 parameter, 0 given at  file: /var/www/php/easy-framework-swoole/framework/server/BaseServer.php, on line: 258 
 file : /var/www/php/easy-framework-swoole/framework/components/error/Error.php 
 line : 9 
 code : 2 
 trace : #0 [internal function]: framework\components\error\Error->handleError(2, 'swoole_server::...', '/var/www/php/ea...', 258, Array)
#1 /var/www/php/easy-framework-swoole/framework/server/BaseServer.php(258): swoole_server->finish()
#2 [internal function]: framework\server\BaseServer->framework\server\{closure}(Object(swoole_websocket_server), 6, false)
#3 /var/www/php/easy-framework-swoole/framework/server/BaseServer.php(53): swoole_http_server->start()
#4 /var/www/php/easy-framework-swoole/framework/server/Server.php(36): framework\server\BaseServer->start()
#5 /var/www/php/easy-framework-swoole/framework/web/Application.php(41): framework\server\Server->start()
#6 /var/www/php/easy-framework-swoole/framework/framework.php(27): framework\web\Application::run(Array)
#7 /var/www/php/easy-framework-swoole/index.php(8): require('/var/www/php/ea...')
#8 {main}

[2017-10-10 15:07:15] [ log ] localhost:81/index
 client: 127.0.0.1
---------------------------------------------------------------
 msg : swoole_server::finish() expects exactly 1 parameter, 0 given at  file: /var/www/php/easy-framework-swoole/framework/server/BaseServer.php, on line: 258 
 file : /var/www/php/easy-framework-swoole/framework/components/error/Error.php 
 line : 9 
 code : 2 
 trace : #0 [internal function]: framework\components\error\Error->handleError(2, 'swoole_server::...', '/var/www/php/ea...', 258, Array)
#1 /var/www/php/easy-framework-swoole/framework/server/BaseServer.php(258): swoole_server->finish()
#2 [internal function]: framework\server\BaseServer->framework\server\{closure}(Object(swoole_websocket_server), 7, false)
#3 /var/www/php/easy-framework-swoole/framework/server/BaseServer.php(53): swoole_http_server->start()
#4 /var/www/php/easy-framework-swoole/framework/server/Server.php(36): framework\server\BaseServer->start()
#5 /var/www/php/easy-framework-swoole/framework/web/Application.php(41): framework\server\Server->start()
#6 /var/www/php/easy-framework-swoole/framework/framework.php(27): framework\web\Application::run(Array)
#7 /var/www/php/easy-framework-swoole/index.php(8): require('/var/www/php/ea...')
#8 {main}

[2017-10-10 15:07:15] [ log ] localhost:81/index
 client: 127.0.0.1
---------------------------------------------------------------
 msg : swoole_server::finish() expects exactly 1 parameter, 0 given at  file: /var/www/php/easy-framework-swoole/framework/server/BaseServer.php, on line: 258 
 file : /var/www/php/easy-framework-swoole/framework/components/error/Error.php 
 line : 9 
 code : 2 
 trace : #0 [internal function]: framework\components\error\Error->handleError(2, 'swoole_server::...', '/var/www/php/ea...', 258, Array)
#1 /var/www/php/easy-framework-swoole/framework/server/BaseServer.php(258): swoole_server->finish()
#2 [internal function]: framework\server\BaseServer->framework\server\{closure}(Object(swoole_websocket_server), 8, false)
#3 /var/www/php/easy-framework-swoole/framework/server/BaseServer.php(53): swoole_http_server->start()
#4 /var/www/php/easy-framework-swoole/framework/server/Server.php(36): framework\server\BaseServer->start()
#5 /var/www/php/easy-framework-swoole/framework/web/Application.php(41): framework\server\Server->start()
#6 /var/www/php/easy-framework-swoole/framework/framework.php(27): framework\web\Application::run(Array)
#7 /var/www/php/easy-framework-swoole/index.php(8): require('/var/www/php/ea...')
#8 {main}

[2017-10-10 15:07:15] [ log ] localhost:81/index
 client: 127.0.0.1
---------------------------------------------------------------
 msg : swoole_server::finish() expects exactly 1 parameter, 0 given at  file: /var/www/php/easy-framework-swoole/framework/server/BaseServer.php, on line: 258 
 file : /var/www/php/easy-framework-swoole/framework/components/error/Error.php 
 line : 9 
 code : 2 
 trace : #0 [internal function]: framework\components\error\Error->handleError(2, 'swoole_server::...', '/var/www/php/ea...', 258, Array)
#1 /var/www/php/easy-framework-swoole/framework/server/BaseServer.php(258): swoole_server->finish()
#2 [internal function]: framework\server\BaseServer->framework\server\{closure}(Object(swoole_websocket_server), 9, false)
#3 /var/www/php/easy-framework-swoole/framework/server/BaseServer.php(53): swoole_http_server->start()
#4 /var/www/php/easy-framework-swoole/framework/server/Server.php(36): framework\server\BaseServer->start()
#5 /var/www/php/easy-framework-swoole/framework/web/Application.php(41): framework\server\Server->start()
#6 /var/www/php/easy-framework-swoole/framework/framework.php(27): framework\web\Application::run(Array)
#7 /var/www/php/easy-framework-swoole/index.php(8): require('/var/www/php/ea...')
#8 {main}

[2017-10-10 15:07:16] [ log ] localhost:81/index
 client: 127.0.0.1
---------------------------------------------------------------
 msg : swoole_server::finish() expects exactly 1 parameter, 0 given at  file: /var/www/php/easy-framework-swoole/framework/server/BaseServer.php, on line: 258 
 file : /var/www/php/easy-framework-swoole/framework/components/error/Error.php 
 line : 9 
 code : 2 
 trace : #0 [internal function]: framework\components\error\Error->handleError(2, 'swoole_server::...', '/var/www/php/ea...', 258, Array)
#1 /var/www/php/easy-framework-swoole/framework/server/BaseServer.php(258): swoole_server->finish()
#2 [internal function]: framework\server\BaseServer->framework\server\{closure}(Object(swoole_websocket_server), 10, false)
#3 /var/www/php/easy-framework-swoole/framework/server/BaseServer.php(53): swoole_http_server->start()
#4 /var/www/php/easy-framework-swoole/framework/server/Server.php(36): framework\server\BaseServer->start()
#5 /var/www/php/easy-framework-swoole/framework/web/Application.php(41): framework\server\Server->start()
#6 /var/www/php/easy-framework-swoole/framework/framework.php(27): framework\web\Application::run(Array)
#7 /var/www/php/easy-framework-swoole/index.php(8): require('/var/www/php/ea...')
#8 {main}

[2017-10-10 15:09:07] [ log ] localhost:81/index
 client: 127.0.0.1
---------------------------------------------------------------
 msg : swoole_server::finish() expects exactly 1 parameter, 0 given at  file: /var/www/php/easy-framework-swoole/framework/server/BaseServer.php, on line: 258 
 file : /var/www/php/easy-framework-swoole/framework/components/error/Error.php 
 line : 9 
 code : 2 
 trace : #0 [internal function]: framework\components\error\Error->handleError(2, 'swoole_server::...', '/var/www/php/ea...', 258, Array)
#1 /var/www/php/easy-framework-swoole/framework/server/BaseServer.php(258): swoole_server->finish()
#2 [internal function]: framework\server\BaseServer->framework\server\{closure}(Object(swoole_websocket_server), 0, false)
#3 /var/www/php/easy-framework-swoole/framework/server/BaseServer.php(53): swoole_http_server->start()
#4 /var/www/php/easy-framework-swoole/framework/server/Server.php(36): framework\server\BaseServer->start()
#5 /var/www/php/easy-framework-swoole/framework/web/Application.php(41): framework\server\Server->start()
#6 /var/www/php/easy-framework-swoole/framework/framework.php(27): framework\web\Application::run(Array)
#7 /var/www/php/easy-framework-swoole/index.php(8): require('/var/www/php/ea...')
#8 {main}

[2017-10-10 15:14:15] [ log ] 
 client: 
---------------------------------------------------------------
a:1:{s:6:"mobile";s:10:"1212121212";}

[2017-10-10 15:15:36] [ log ] 
 client: 
---------------------------------------------------------------
a:1:{s:6:"mobile";s:10:"1212121212";}

[2017-10-10 15:16:03] [ log ] 
 client: 
---------------------------------------------------------------
a:1:{s:6:"mobile";s:10:"1212121212";}

[2017-10-10 15:16:03] [ log ] localhost:81/index
 client: 127.0.0.1
---------------------------------------------------------------
 msg : Missing argument 3 for framework\task\BaseTask::run(), called in /var/www/php/easy-framework-swoole/framework/server/BaseServer.php on line 251 and defined at  file: /var/www/php/easy-framework-swoole/framework/task/BaseTask.php, on line: 13 
 file : /var/www/php/easy-framework-swoole/framework/components/error/Error.php 
 line : 9 
 code : 2 
 trace : #0 /var/www/php/easy-framework-swoole/framework/task/BaseTask.php(13): framework\components\error\Error->handleError(2, 'Missing argumen...', '/var/www/php/ea...', 13, Array)
#1 /var/www/php/easy-framework-swoole/framework/server/BaseServer.php(251): framework\task\BaseTask->run('sendMsgFinish', Array)
#2 [internal function]: framework\server\BaseServer->framework\server\{closure}(Object(swoole_websocket_server), 0, Array)
#3 /var/www/php/easy-framework-swoole/framework/server/BaseServer.php(53): swoole_http_server->start()
#4 /var/www/php/easy-framework-swoole/framework/server/Server.php(36): framework\server\BaseServer->start()
#5 /var/www/php/easy-framework-swoole/framework/web/Application.php(41): framework\server\Server->start()
#6 /var/www/php/easy-framework-swoole/framework/framework.php(27): framework\web\Application::run(Array)
#7 /var/www/php/easy-framework-swoole/index.php(8): require('/var/www/php/ea...')
#8 {main}

[2017-10-10 15:16:37] [ log ] 
 client: 
---------------------------------------------------------------
a:1:{s:6:"mobile";s:10:"1212121212";}

[2017-10-10 15:16:37] [ log ] localhost:81/index
 client: 127.0.0.1
---------------------------------------------------------------
 msg : Missing argument 3 for framework\task\BaseTask::run(), called in /var/www/php/easy-framework-swoole/framework/server/BaseServer.php on line 251 and defined at  file: /var/www/php/easy-framework-swoole/framework/task/BaseTask.php, on line: 13 
 file : /var/www/php/easy-framework-swoole/framework/components/error/Error.php 
 line : 9 
 code : 2 
 trace : #0 /var/www/php/easy-framework-swoole/framework/task/BaseTask.php(13): framework\components\error\Error->handleError(2, 'Missing argumen...', '/var/www/php/ea...', 13, Array)
#1 /var/www/php/easy-framework-swoole/framework/server/BaseServer.php(251): framework\task\BaseTask->run('sendMsgFinish', Array)
#2 [internal function]: framework\server\BaseServer->framework\server\{closure}(Object(swoole_websocket_server), 0, Array)
#3 /var/www/php/easy-framework-swoole/framework/server/BaseServer.php(53): swoole_http_server->start()
#4 /var/www/php/easy-framework-swoole/framework/server/Server.php(36): framework\server\BaseServer->start()
#5 /var/www/php/easy-framework-swoole/framework/web/Application.php(41): framework\server\Server->start()
#6 /var/www/php/easy-framework-swoole/framework/framework.php(27): framework\web\Application::run(Array)
#7 /var/www/php/easy-framework-swoole/index.php(8): require('/var/www/php/ea...')
#8 {main}

[2017-10-10 15:17:30] [ log ] 
 client: 
---------------------------------------------------------------
a:1:{s:6:"mobile";s:10:"1212121212";}

[2017-10-10 15:17:30] [ log ] localhost:81/index
 client: 127.0.0.1
---------------------------------------------------------------
 msg : Missing argument 3 for framework\task\BaseTask::run(), called in /var/www/php/easy-framework-swoole/framework/server/BaseServer.php on line 251 and defined at  file: /var/www/php/easy-framework-swoole/framework/task/BaseTask.php, on line: 13 
 file : /var/www/php/easy-framework-swoole/framework/components/error/Error.php 
 line : 9 
 code : 2 
 trace : #0 /var/www/php/easy-framework-swoole/framework/task/BaseTask.php(13): framework\components\error\Error->handleError(2, 'Missing argumen...', '/var/www/php/ea...', 13, Array)
#1 /var/www/php/easy-framework-swoole/framework/server/BaseServer.php(251): framework\task\BaseTask->run('sendMsgFinish', Array)
#2 [internal function]: framework\server\BaseServer->framework\server\{closure}(Object(swoole_websocket_server), 0, Array)
#3 /var/www/php/easy-framework-swoole/framework/server/BaseServer.php(53): swoole_http_server->start()
#4 /var/www/php/easy-framework-swoole/framework/server/Server.php(36): framework\server\BaseServer->start()
#5 /var/www/php/easy-framework-swoole/framework/web/Application.php(41): framework\server\Server->start()
#6 /var/www/php/easy-framework-swoole/framework/framework.php(27): framework\web\Application::run(Array)
#7 /var/www/php/easy-framework-swoole/index.php(8): require('/var/www/php/ea...')
#8 {main}

[2017-10-10 15:18:04] [ log ] 
 client: 
---------------------------------------------------------------
a:1:{s:6:"mobile";s:10:"1212121212";}

[2017-10-10 15:18:04] [ log ] localhost:81/index
 client: 127.0.0.1
---------------------------------------------------------------
 msg : Missing argument 3 for framework\task\BaseTask::run(), called in /var/www/php/easy-framework-swoole/framework/server/BaseServer.php on line 250 and defined at  file: /var/www/php/easy-framework-swoole/framework/task/BaseTask.php, on line: 13 
 file : /var/www/php/easy-framework-swoole/framework/components/error/Error.php 
 line : 9 
 code : 2 
 trace : #0 /var/www/php/easy-framework-swoole/framework/task/BaseTask.php(13): framework\components\error\Error->handleError(2, 'Missing argumen...', '/var/www/php/ea...', 13, Array)
#1 /var/www/php/easy-framework-swoole/framework/server/BaseServer.php(250): framework\task\BaseTask->run('sendMsgFinish', Array)
#2 [internal function]: framework\server\BaseServer->framework\server\{closure}(Object(swoole_websocket_server), 0, Array)
#3 /var/www/php/easy-framework-swoole/framework/server/BaseServer.php(53): swoole_http_server->start()
#4 /var/www/php/easy-framework-swoole/framework/server/Server.php(36): framework\server\BaseServer->start()
#5 /var/www/php/easy-framework-swoole/framework/web/Application.php(41): framework\server\Server->start()
#6 /var/www/php/easy-framework-swoole/framework/framework.php(27): framework\web\Application::run(Array)
#7 /var/www/php/easy-framework-swoole/index.php(8): require('/var/www/php/ea...')
#8 {main}

[2017-10-10 15:18:18] [ log ] 
 client: 
---------------------------------------------------------------
a:1:{s:6:"mobile";s:10:"1212121212";}

[2017-10-10 15:18:18] [ log ] localhost:81/index
 client: 127.0.0.1
---------------------------------------------------------------
 msg : Missing argument 3 for framework\task\BaseTask::run(), called in /var/www/php/easy-framework-swoole/framework/server/BaseServer.php on line 250 and defined at  file: /var/www/php/easy-framework-swoole/framework/task/BaseTask.php, on line: 13 
 file : /var/www/php/easy-framework-swoole/framework/components/error/Error.php 
 line : 9 
 code : 2 
 trace : #0 /var/www/php/easy-framework-swoole/framework/task/BaseTask.php(13): framework\components\error\Error->handleError(2, 'Missing argumen...', '/var/www/php/ea...', 13, Array)
#1 /var/www/php/easy-framework-swoole/framework/server/BaseServer.php(250): framework\task\BaseTask->run('sendMsgFinish', Array)
#2 [internal function]: framework\server\BaseServer->framework\server\{closure}(Object(swoole_websocket_server), 0, Array)
#3 /var/www/php/easy-framework-swoole/framework/server/BaseServer.php(53): swoole_http_server->start()
#4 /var/www/php/easy-framework-swoole/framework/server/Server.php(36): framework\server\BaseServer->start()
#5 /var/www/php/easy-framework-swoole/framework/web/Application.php(41): framework\server\Server->start()
#6 /var/www/php/easy-framework-swoole/framework/framework.php(27): framework\web\Application::run(Array)
#7 /var/www/php/easy-framework-swoole/index.php(8): require('/var/www/php/ea...')
#8 {main}

[2017-10-10 15:19:19] [ log ] 
 client: 
---------------------------------------------------------------
a:1:{s:6:"mobile";s:10:"1212121212";}

[2017-10-10 15:19:19] [ log ] localhost:81/index
 client: 127.0.0.1
---------------------------------------------------------------
 msg : Missing argument 3 for framework\task\BaseTask::run(), called in /var/www/php/easy-framework-swoole/framework/server/BaseServer.php on line 251 and defined at  file: /var/www/php/easy-framework-swoole/framework/task/BaseTask.php, on line: 13 
 file : /var/www/php/easy-framework-swoole/framework/components/error/Error.php 
 line : 9 
 code : 2 
 trace : #0 /var/www/php/easy-framework-swoole/framework/task/BaseTask.php(13): framework\components\error\Error->handleError(2, 'Missing argumen...', '/var/www/php/ea...', 13, Array)
#1 /var/www/php/easy-framework-swoole/framework/server/BaseServer.php(251): framework\task\BaseTask->run('sendMsgFinish', Array)
#2 [internal function]: framework\server\BaseServer->framework\server\{closure}(Object(swoole_websocket_server), 0, Array)
#3 /var/www/php/easy-framework-swoole/framework/server/BaseServer.php(53): swoole_http_server->start()
#4 /var/www/php/easy-framework-swoole/framework/server/Server.php(36): framework\server\BaseServer->start()
#5 /var/www/php/easy-framework-swoole/framework/web/Application.php(41): framework\server\Server->start()
#6 /var/www/php/easy-framework-swoole/framework/framework.php(27): framework\web\Application::run(Array)
#7 /var/www/php/easy-framework-swoole/index.php(8): require('/var/www/php/ea...')
#8 {main}

[2017-10-10 15:20:00] [ log ] 
 client: 
---------------------------------------------------------------
a:1:{s:6:"mobile";s:10:"1212121212";}

[2017-10-10 15:20:00] [ log ] localhost:81/index
 client: 127.0.0.1
---------------------------------------------------------------
 msg : Missing argument 3 for framework\task\BaseTask::run(), called in /var/www/php/easy-framework-swoole/framework/server/BaseServer.php on line 252 and defined at  file: /var/www/php/easy-framework-swoole/framework/task/BaseTask.php, on line: 13 
 file : /var/www/php/easy-framework-swoole/framework/components/error/Error.php 
 line : 9 
 code : 2 
 trace : #0 /var/www/php/easy-framework-swoole/framework/task/BaseTask.php(13): framework\components\error\Error->handleError(2, 'Missing argumen...', '/var/www/php/ea...', 13, Array)
#1 /var/www/php/easy-framework-swoole/framework/server/BaseServer.php(252): framework\task\BaseTask->run('sendMsgFinish', Array)
#2 [internal function]: framework\server\BaseServer->framework\server\{closure}(Object(swoole_websocket_server), 0, Array)
#3 /var/www/php/easy-framework-swoole/framework/server/BaseServer.php(53): swoole_http_server->start()
#4 /var/www/php/easy-framework-swoole/framework/server/Server.php(36): framework\server\BaseServer->start()
#5 /var/www/php/easy-framework-swoole/framework/web/Application.php(41): framework\server\Server->start()
#6 /var/www/php/easy-framework-swoole/framework/framework.php(27): framework\web\Application::run(Array)
#7 /var/www/php/easy-framework-swoole/index.php(8): require('/var/www/php/ea...')
#8 {main}

[2017-10-10 15:20:36] [ log ] 
 client: 
---------------------------------------------------------------
a:1:{s:6:"mobile";s:10:"1212121212";}

[2017-10-10 15:20:36] [ log ] localhost:81/index
 client: 127.0.0.1
---------------------------------------------------------------
 msg : Missing argument 3 for framework\task\BaseTask::run(), called in /var/www/php/easy-framework-swoole/framework/server/BaseServer.php on line 252 and defined at  file: /var/www/php/easy-framework-swoole/framework/task/BaseTask.php, on line: 13 
 file : /var/www/php/easy-framework-swoole/framework/components/error/Error.php 
 line : 9 
 code : 2 
 trace : #0 /var/www/php/easy-framework-swoole/framework/task/BaseTask.php(13): framework\components\error\Error->handleError(2, 'Missing argumen...', '/var/www/php/ea...', 13, Array)
#1 /var/www/php/easy-framework-swoole/framework/server/BaseServer.php(252): framework\task\BaseTask->run('sendMsgFinish', Array)
#2 [internal function]: framework\server\BaseServer->framework\server\{closure}(Object(swoole_websocket_server), 0, Array)
#3 /var/www/php/easy-framework-swoole/framework/server/BaseServer.php(53): swoole_http_server->start()
#4 /var/www/php/easy-framework-swoole/framework/server/Server.php(36): framework\server\BaseServer->start()
#5 /var/www/php/easy-framework-swoole/framework/web/Application.php(41): framework\server\Server->start()
#6 /var/www/php/easy-framework-swoole/framework/framework.php(27): framework\web\Application::run(Array)
#7 /var/www/php/easy-framework-swoole/index.php(8): require('/var/www/php/ea...')
#8 {main}

[2017-10-10 15:21:20] [ log ] 
 client: 
---------------------------------------------------------------
a:1:{s:6:"mobile";s:10:"1212121212";}

[2017-10-10 15:21:20] [ log ] localhost:81/index
 client: 127.0.0.1
---------------------------------------------------------------
 msg : Missing argument 3 for framework\task\BaseTask::run(), called in /var/www/php/easy-framework-swoole/framework/server/BaseServer.php on line 252 and defined at  file: /var/www/php/easy-framework-swoole/framework/task/BaseTask.php, on line: 13 
 file : /var/www/php/easy-framework-swoole/framework/components/error/Error.php 
 line : 9 
 code : 2 
 trace : #0 /var/www/php/easy-framework-swoole/framework/task/BaseTask.php(13): framework\components\error\Error->handleError(2, 'Missing argumen...', '/var/www/php/ea...', 13, Array)
#1 /var/www/php/easy-framework-swoole/framework/server/BaseServer.php(252): framework\task\BaseTask->run('sendMsgFinish', Array)
#2 [internal function]: framework\server\BaseServer->framework\server\{closure}(Object(swoole_websocket_server), 0, Array)
#3 /var/www/php/easy-framework-swoole/framework/server/BaseServer.php(53): swoole_http_server->start()
#4 /var/www/php/easy-framework-swoole/framework/server/Server.php(36): framework\server\BaseServer->start()
#5 /var/www/php/easy-framework-swoole/framework/web/Application.php(41): framework\server\Server->start()
#6 /var/www/php/easy-framework-swoole/framework/framework.php(27): framework\web\Application::run(Array)
#7 /var/www/php/easy-framework-swoole/index.php(8): require('/var/www/php/ea...')
#8 {main}

[2017-10-10 15:23:03] [ log ] 
 client: 
---------------------------------------------------------------
a:1:{s:6:"mobile";s:10:"1212121212";}

[2017-10-10 15:23:03] [ log ] localhost:81/index
 client: 127.0.0.1
---------------------------------------------------------------
finish

[2017-10-10 15:23:06] [ log ] 
 client: 
---------------------------------------------------------------
a:1:{s:6:"mobile";s:10:"1212121212";}

[2017-10-10 15:23:06] [ log ] localhost:81/index
 client: 127.0.0.1
---------------------------------------------------------------
finish

[2017-10-10 15:23:06] [ log ] 
 client: 
---------------------------------------------------------------
a:1:{s:6:"mobile";s:10:"1212121212";}

[2017-10-10 15:23:06] [ log ] localhost:81/index
 client: 127.0.0.1
---------------------------------------------------------------
finish

[2017-10-10 15:23:06] [ log ] 
 client: 
---------------------------------------------------------------
a:1:{s:6:"mobile";s:10:"1212121212";}

[2017-10-10 15:23:06] [ log ] localhost:81/index
 client: 127.0.0.1
---------------------------------------------------------------
finish

[2017-10-10 15:23:07] [ log ] 
 client: 
---------------------------------------------------------------
a:1:{s:6:"mobile";s:10:"1212121212";}

[2017-10-10 15:23:07] [ log ] localhost:81/index
 client: 127.0.0.1
---------------------------------------------------------------
finish

[2017-10-10 15:23:07] [ log ] 
 client: 
---------------------------------------------------------------
a:1:{s:6:"mobile";s:10:"1212121212";}

[2017-10-10 15:23:07] [ log ] localhost:81/index
 client: 127.0.0.1
---------------------------------------------------------------
finish

[2017-10-10 15:24:14] [ log ] 
 client: 
---------------------------------------------------------------
a:1:{s:6:"mobile";s:10:"1212121212";}

[2017-10-10 15:24:14] [ log ] localhost:81/index
 client: 127.0.0.1
---------------------------------------------------------------
finish

[2017-10-10 15:24:15] [ log ] 
 client: 
---------------------------------------------------------------
a:1:{s:6:"mobile";s:10:"1212121212";}

[2017-10-10 15:24:15] [ log ] localhost:81/index
 client: 127.0.0.1
---------------------------------------------------------------
finish

[2017-10-10 15:24:15] [ log ] 
 client: 
---------------------------------------------------------------
a:1:{s:6:"mobile";s:10:"1212121212";}

[2017-10-10 15:24:15] [ log ] localhost:81/index
 client: 127.0.0.1
---------------------------------------------------------------
finish

[2017-10-10 15:24:16] [ log ] 
 client: 
---------------------------------------------------------------
a:1:{s:6:"mobile";s:10:"1212121212";}

[2017-10-10 15:24:16] [ log ] localhost:81/index
 client: 127.0.0.1
---------------------------------------------------------------
finish

[2017-10-10 15:24:16] [ log ] 
 client: 
---------------------------------------------------------------
a:1:{s:6:"mobile";s:10:"1212121212";}

[2017-10-10 15:24:16] [ log ] localhost:81/index
 client: 127.0.0.1
---------------------------------------------------------------
finish

[2017-10-10 15:24:16] [ log ] 
 client: 
---------------------------------------------------------------
a:1:{s:6:"mobile";s:10:"1212121212";}

[2017-10-10 15:24:16] [ log ] localhost:81/index
 client: 127.0.0.1
---------------------------------------------------------------
finish

[2017-10-10 15:24:16] [ log ] 
 client: 
---------------------------------------------------------------
a:1:{s:6:"mobile";s:10:"1212121212";}

[2017-10-10 15:24:16] [ log ] localhost:81/index
 client: 127.0.0.1
---------------------------------------------------------------
finish

[2017-10-10 15:24:16] [ log ] 
 client: 
---------------------------------------------------------------
a:1:{s:6:"mobile";s:10:"1212121212";}

[2017-10-10 15:24:16] [ log ] localhost:81/index
 client: 127.0.0.1
---------------------------------------------------------------
finish

[2017-10-10 15:24:17] [ log ] 
 client: 
---------------------------------------------------------------
a:1:{s:6:"mobile";s:10:"1212121212";}

[2017-10-10 15:24:17] [ log ] localhost:81/index
 client: 127.0.0.1
---------------------------------------------------------------
finish

[2017-10-10 15:24:17] [ log ] 
 client: 
---------------------------------------------------------------
a:1:{s:6:"mobile";s:10:"1212121212";}

[2017-10-10 15:24:17] [ log ] localhost:81/index
 client: 127.0.0.1
---------------------------------------------------------------
finish

[2017-10-10 15:24:17] [ log ] 
 client: 
---------------------------------------------------------------
a:1:{s:6:"mobile";s:10:"1212121212";}

[2017-10-10 15:24:17] [ log ] localhost:81/index
 client: 127.0.0.1
---------------------------------------------------------------
finish

[2017-10-10 15:24:17] [ log ] 
 client: 
---------------------------------------------------------------
a:1:{s:6:"mobile";s:10:"1212121212";}

[2017-10-10 15:24:17] [ log ] localhost:81/index
 client: 127.0.0.1
---------------------------------------------------------------
finish

