[2017-11-18 04:26:47] [ log ] 
 client: 
---------------------------------------------------------------
Uncaught Exception: task rule error in /var/www/php/easy-framework-swoole/framework/base/Container.php:120
Stack trace:
#0 /var/www/php/easy-framework-swoole/framework/server/BaseServer.php(134): framework\base\Container->getComponent('crontab')
#1 [internal function]: framework\server\BaseServer->framework\server\{closure}(2, Array)
#2 /var/www/php/easy-framework-swoole/framework/server/BaseServer.php(66): swoole_http_server->start()
#3 /var/www/php/easy-framework-swoole/framework/server/Server.php(29): framework\server\BaseServer->start()
#4 /var/www/php/easy-framework-swoole/framework/web/Application.php(50): framework\server\Server->start()
#5 /var/www/php/easy-framework-swoole/framework/framework.php(31): framework\web\Application::run(Array)
#6 /var/www/php/easy-framework-swoole/index.php(8): require('/var/www/php/ea...')
#7 {main}
  thrown (/var/www/php/easy-framework-swoole/framework/base/Container.php:120)
Stack trace:
#0 unknown(0): framework\components\shutdown\ShutDown->handleShutDown()


[2017-11-18 04:26:47] [ log ] 
 client: 
---------------------------------------------------------------
workerid: 0  workerpid: 3688 code: 255

[2017-11-18 04:26:47] [ log ] 
 client: 
---------------------------------------------------------------
Uncaught Exception: task rule error in /var/www/php/easy-framework-swoole/framework/base/Container.php:120
Stack trace:
#0 /var/www/php/easy-framework-swoole/framework/server/BaseServer.php(134): framework\base\Container->getComponent('crontab')
#1 [internal function]: framework\server\BaseServer->framework\server\{closure}(2, Array)
#2 /var/www/php/easy-framework-swoole/framework/server/BaseServer.php(66): swoole_http_server->start()
#3 /var/www/php/easy-framework-swoole/framework/server/Server.php(29): framework\server\BaseServer->start()
#4 /var/www/php/easy-framework-swoole/framework/web/Application.php(50): framework\server\Server->start()
#5 /var/www/php/easy-framework-swoole/framework/framework.php(31): framework\web\Application::run(Array)
#6 /var/www/php/easy-framework-swoole/index.php(8): require('/var/www/php/ea...')
#7 {main}
  thrown (/var/www/php/easy-framework-swoole/framework/base/Container.php:120)
Stack trace:
#0 unknown(0): framework\components\shutdown\ShutDown->handleShutDown()


[2017-11-18 04:26:47] [ log ] 
 client: 
---------------------------------------------------------------
Uncaught Exception: task rule error in /var/www/php/easy-framework-swoole/framework/base/Container.php:120
Stack trace:
#0 /var/www/php/easy-framework-swoole/framework/server/BaseServer.php(134): framework\base\Container->getComponent('crontab')
#1 [internal function]: framework\server\BaseServer->framework\server\{closure}(2, Array)
#2 /var/www/php/easy-framework-swoole/framework/server/BaseServer.php(66): swoole_http_server->start()
#3 /var/www/php/easy-framework-swoole/framework/server/Server.php(29): framework\server\BaseServer->start()
#4 /var/www/php/easy-framework-swoole/framework/web/Application.php(50): framework\server\Server->start()
#5 /var/www/php/easy-framework-swoole/framework/framework.php(31): framework\web\Application::run(Array)
#6 /var/www/php/easy-framework-swoole/index.php(8): require('/var/www/php/ea...')
#7 {main}
  thrown (/var/www/php/easy-framework-swoole/framework/base/Container.php:120)
Stack trace:
#0 unknown(0): framework\components\shutdown\ShutDown->handleShutDown()


[2017-11-18 04:26:47] [ log ] 
 client: 
---------------------------------------------------------------
workerid: 1  workerpid: 3689 code: 255

[2017-11-18 04:26:47] [ log ] 
 client: 
---------------------------------------------------------------
workerid: 2  workerpid: 3690 code: 255

[2017-11-18 04:28:29] [ log ] 
 client: 
---------------------------------------------------------------
Uncaught Exception: explode() expects parameter 2 to be string, array given at  file: /var/www/php/easy-framework-swoole/framework/crontab/CrontabTask.php, on line: 38 in /var/www/php/easy-framework-swoole/framework/base/Container.php:120
Stack trace:
#0 /var/www/php/easy-framework-swoole/framework/server/BaseServer.php(134): framework\base\Container->getComponent('crontab')
#1 [internal function]: framework\server\BaseServer->framework\server\{closure}(2, Array)
#2 /var/www/php/easy-framework-swoole/framework/server/BaseServer.php(66): swoole_http_server->start()
#3 /var/www/php/easy-framework-swoole/framework/server/Server.php(29): framework\server\BaseServer->start()
#4 /var/www/php/easy-framework-swoole/framework/web/Application.php(50): framework\server\Server->start()
#5 /var/www/php/easy-framework-swoole/framework/framework.php(31): framework\web\Application::run(Array)
#6 /var/www/php/easy-framework-swoole/index.php(8): require('/var/www/php/ea...')
#7 {main}
  thrown (/var/www/php/easy-framework-swoole/framework/base/Container.php:120)
Stack trace:
#0 unknown(0): framework\components\shutdown\ShutDown->handleShutDown()


[2017-11-18 04:28:29] [ log ] 
 client: 
---------------------------------------------------------------
Uncaught Exception: explode() expects parameter 2 to be string, array given at  file: /var/www/php/easy-framework-swoole/framework/crontab/CrontabTask.php, on line: 38 in /var/www/php/easy-framework-swoole/framework/base/Container.php:120
Stack trace:
#0 /var/www/php/easy-framework-swoole/framework/server/BaseServer.php(134): framework\base\Container->getComponent('crontab')
#1 [internal function]: framework\server\BaseServer->framework\server\{closure}(2, Array)
#2 /var/www/php/easy-framework-swoole/framework/server/BaseServer.php(66): swoole_http_server->start()
#3 /var/www/php/easy-framework-swoole/framework/server/Server.php(29): framework\server\BaseServer->start()
#4 /var/www/php/easy-framework-swoole/framework/web/Application.php(50): framework\server\Server->start()
#5 /var/www/php/easy-framework-swoole/framework/framework.php(31): framework\web\Application::run(Array)
#6 /var/www/php/easy-framework-swoole/index.php(8): require('/var/www/php/ea...')
#7 {main}
  thrown (/var/www/php/easy-framework-swoole/framework/base/Container.php:120)
Stack trace:
#0 unknown(0): framework\components\shutdown\ShutDown->handleShutDown()


[2017-11-18 04:28:29] [ log ] 
 client: 
---------------------------------------------------------------
workerid: 1  workerpid: 3718 code: 255

[2017-11-18 04:28:29] [ log ] 
 client: 
---------------------------------------------------------------
workerid: 2  workerpid: 3719 code: 255

[2017-11-18 04:28:29] [ log ] 
 client: 
---------------------------------------------------------------
Uncaught Exception: explode() expects parameter 2 to be string, array given at  file: /var/www/php/easy-framework-swoole/framework/crontab/CrontabTask.php, on line: 38 in /var/www/php/easy-framework-swoole/framework/base/Container.php:120
Stack trace:
#0 /var/www/php/easy-framework-swoole/framework/server/BaseServer.php(134): framework\base\Container->getComponent('crontab')
#1 [internal function]: framework\server\BaseServer->framework\server\{closure}(2, Array)
#2 /var/www/php/easy-framework-swoole/framework/server/BaseServer.php(66): swoole_http_server->start()
#3 /var/www/php/easy-framework-swoole/framework/server/Server.php(29): framework\server\BaseServer->start()
#4 /var/www/php/easy-framework-swoole/framework/web/Application.php(50): framework\server\Server->start()
#5 /var/www/php/easy-framework-swoole/framework/framework.php(31): framework\web\Application::run(Array)
#6 /var/www/php/easy-framework-swoole/index.php(8): require('/var/www/php/ea...')
#7 {main}
  thrown (/var/www/php/easy-framework-swoole/framework/base/Container.php:120)
Stack trace:
#0 unknown(0): framework\components\shutdown\ShutDown->handleShutDown()


[2017-11-18 04:28:29] [ log ] 
 client: 
---------------------------------------------------------------
workerid: 0  workerpid: 3717 code: 255

[2017-11-18 04:30:29] [ log ] 
 client: 
---------------------------------------------------------------
Uncaught Error: Call to undefined method framework\crontab\CrontabTask::getComponent() in /var/www/php/easy-framework-swoole/framework/crontab/CrontabTask.php:48
Stack trace:
#0 /var/www/php/easy-framework-swoole/framework/crontab/Crontab.php(36): framework\crontab\CrontabTask->doTask(Array)
#1 /var/www/php/easy-framework-swoole/framework/server/BaseServer.php(134): framework\crontab\Crontab->run()
#2 [internal function]: framework\server\BaseServer->framework\server\{closure}(2, Array)
#3 /var/www/php/easy-framework-swoole/framework/server/BaseServer.php(66): swoole_http_server->start()
#4 /var/www/php/easy-framework-swoole/framework/server/Server.php(29): framework\server\BaseServer->start()
#5 /var/www/php/easy-framework-swoole/framework/web/Application.php(50): framework\server\Server->start()
#6 /var/www/php/easy-framework-swoole/framework/framework.php(31): framework\web\Application::run(Array)
#7 /var/www/php/easy-framework-swoole/index.php(8): require('/var/www/php/ea...')
#8 {main}
  thrown (/var/www/php/easy-framework-swoole/framework/crontab/CrontabTask.php:48)
Stack trace:
#0 unknown(0): framework\components\shutdown\ShutDown->handleShutDown()


[2017-11-18 04:30:29] [ log ] 
 client: 
---------------------------------------------------------------
workerid: 2  workerpid: 3759 code: 255

[2017-11-18 04:30:29] [ log ] 
 client: 
---------------------------------------------------------------
Uncaught Error: Call to undefined method framework\crontab\CrontabTask::getComponent() in /var/www/php/easy-framework-swoole/framework/crontab/CrontabTask.php:48
Stack trace:
#0 /var/www/php/easy-framework-swoole/framework/crontab/Crontab.php(36): framework\crontab\CrontabTask->doTask(Array)
#1 /var/www/php/easy-framework-swoole/framework/server/BaseServer.php(134): framework\crontab\Crontab->run()
#2 [internal function]: framework\server\BaseServer->framework\server\{closure}(2, Array)
#3 /var/www/php/easy-framework-swoole/framework/server/BaseServer.php(66): swoole_http_server->start()
#4 /var/www/php/easy-framework-swoole/framework/server/Server.php(29): framework\server\BaseServer->start()
#5 /var/www/php/easy-framework-swoole/framework/web/Application.php(50): framework\server\Server->start()
#6 /var/www/php/easy-framework-swoole/framework/framework.php(31): framework\web\Application::run(Array)
#7 /var/www/php/easy-framework-swoole/index.php(8): require('/var/www/php/ea...')
#8 {main}
  thrown (/var/www/php/easy-framework-swoole/framework/crontab/CrontabTask.php:48)
Stack trace:
#0 unknown(0): framework\components\shutdown\ShutDown->handleShutDown()


[2017-11-18 04:30:29] [ log ] 
 client: 
---------------------------------------------------------------
Uncaught Error: Call to undefined method framework\crontab\CrontabTask::getComponent() in /var/www/php/easy-framework-swoole/framework/crontab/CrontabTask.php:48
Stack trace:
#0 /var/www/php/easy-framework-swoole/framework/crontab/Crontab.php(36): framework\crontab\CrontabTask->doTask(Array)
#1 /var/www/php/easy-framework-swoole/framework/server/BaseServer.php(134): framework\crontab\Crontab->run()
#2 [internal function]: framework\server\BaseServer->framework\server\{closure}(2, Array)
#3 /var/www/php/easy-framework-swoole/framework/server/BaseServer.php(66): swoole_http_server->start()
#4 /var/www/php/easy-framework-swoole/framework/server/Server.php(29): framework\server\BaseServer->start()
#5 /var/www/php/easy-framework-swoole/framework/web/Application.php(50): framework\server\Server->start()
#6 /var/www/php/easy-framework-swoole/framework/framework.php(31): framework\web\Application::run(Array)
#7 /var/www/php/easy-framework-swoole/index.php(8): require('/var/www/php/ea...')
#8 {main}
  thrown (/var/www/php/easy-framework-swoole/framework/crontab/CrontabTask.php:48)
Stack trace:
#0 unknown(0): framework\components\shutdown\ShutDown->handleShutDown()


[2017-11-18 04:30:29] [ log ] 
 client: 
---------------------------------------------------------------
workerid: 0  workerpid: 3757 code: 255

[2017-11-18 04:30:29] [ log ] 
 client: 
---------------------------------------------------------------
workerid: 1  workerpid: 3758 code: 255

[2017-11-18 04:33:39] [ log ] 
 client: 
---------------------------------------------------------------
Uncaught Exception: Missing argument 3 for framework\task\Task::addTask(), called in /var/www/php/easy-framework-swoole/framework/crontab/CrontabTask.php on line 48 and defined at  file: /var/www/php/easy-framework-swoole/framework/task/Task.php, on line: 14 in /var/www/php/easy-framework-swoole/framework/components/error/Error.php:9
Stack trace:
#0 /var/www/php/easy-framework-swoole/framework/task/Task.php(14): framework\components\error\Error->handleError(2, 'Missing argumen...', '/var/www/php/ea...', 14, Array)
#1 /var/www/php/easy-framework-swoole/framework/crontab/CrontabTask.php(48): framework\task\Task->addTask('crontabTask', 'test')
#2 /var/www/php/easy-framework-swoole/framework/crontab/Crontab.php(37): framework\crontab\CrontabTask->doTask(Array, Object(framework\task\Task))
#3 /var/www/php/easy-framework-swoole/framework/server/BaseServer.php(134): framework\crontab\Crontab->run()
#4 [internal function]: framework\server\BaseServer->framework\server\{closure}(2, Array)
#5 /var/www/php/easy-framewor (/var/www/php/easy-framework-swoole/framework/components/error/Error.php:9)
Stack trace:
#0 unknown(0): framework\components\shutdown\ShutDown->handleShutDown()


[2017-11-18 04:33:39] [ log ] 
 client: 
---------------------------------------------------------------
Uncaught Exception: Missing argument 3 for framework\task\Task::addTask(), called in /var/www/php/easy-framework-swoole/framework/crontab/CrontabTask.php on line 48 and defined at  file: /var/www/php/easy-framework-swoole/framework/task/Task.php, on line: 14 in /var/www/php/easy-framework-swoole/framework/components/error/Error.php:9
Stack trace:
#0 /var/www/php/easy-framework-swoole/framework/task/Task.php(14): framework\components\error\Error->handleError(2, 'Missing argumen...', '/var/www/php/ea...', 14, Array)
#1 /var/www/php/easy-framework-swoole/framework/crontab/CrontabTask.php(48): framework\task\Task->addTask('crontabTask', 'test')
#2 /var/www/php/easy-framework-swoole/framework/crontab/Crontab.php(37): framework\crontab\CrontabTask->doTask(Array, Object(framework\task\Task))
#3 /var/www/php/easy-framework-swoole/framework/server/BaseServer.php(134): framework\crontab\Crontab->run()
#4 [internal function]: framework\server\BaseServer->framework\server\{closure}(2, Array)
#5 /var/www/php/easy-framewor (/var/www/php/easy-framework-swoole/framework/components/error/Error.php:9)
Stack trace:
#0 unknown(0): framework\components\shutdown\ShutDown->handleShutDown()


[2017-11-18 04:33:39] [ log ] 
 client: 
---------------------------------------------------------------
Uncaught Exception: Missing argument 3 for framework\task\Task::addTask(), called in /var/www/php/easy-framework-swoole/framework/crontab/CrontabTask.php on line 48 and defined at  file: /var/www/php/easy-framework-swoole/framework/task/Task.php, on line: 14 in /var/www/php/easy-framework-swoole/framework/components/error/Error.php:9
Stack trace:
#0 /var/www/php/easy-framework-swoole/framework/task/Task.php(14): framework\components\error\Error->handleError(2, 'Missing argumen...', '/var/www/php/ea...', 14, Array)
#1 /var/www/php/easy-framework-swoole/framework/crontab/CrontabTask.php(48): framework\task\Task->addTask('crontabTask', 'test')
#2 /var/www/php/easy-framework-swoole/framework/crontab/Crontab.php(37): framework\crontab\CrontabTask->doTask(Array, Object(framework\task\Task))
#3 /var/www/php/easy-framework-swoole/framework/server/BaseServer.php(134): framework\crontab\Crontab->run()
#4 [internal function]: framework\server\BaseServer->framework\server\{closure}(2, Array)
#5 /var/www/php/easy-framewor (/var/www/php/easy-framework-swoole/framework/components/error/Error.php:9)
Stack trace:
#0 unknown(0): framework\components\shutdown\ShutDown->handleShutDown()


[2017-11-18 04:33:39] [ log ] 
 client: 
---------------------------------------------------------------
workerid: 2  workerpid: 3802 code: 255

[2017-11-18 04:33:39] [ log ] 
 client: 
---------------------------------------------------------------
workerid: 0  workerpid: 3800 code: 255

[2017-11-18 04:33:39] [ log ] 
 client: 
---------------------------------------------------------------
workerid: 1  workerpid: 3801 code: 255

[2017-11-18 04:51:31] [ log ] 
 client: 
---------------------------------------------------------------
Uncaught Exception: swoole_server::task(): task method can only be used in the worker process. at  file: /var/www/php/easy-framework-swoole/framework/server/BaseServer.php, on line: 296 in /var/www/php/easy-framework-swoole/framework/components/error/Error.php:9
Stack trace:
#0 [internal function]: framework\components\error\Error->handleError(2, 'swoole_server::...', '/var/www/php/ea...', 296, Array)
#1 /var/www/php/easy-framework-swoole/framework/server/BaseServer.php(296): swoole_server->task(Array, -1)
#2 /var/www/php/easy-framework-swoole/framework/task/Task.php(24): framework\server\BaseServer->addTask(Array, -1)
#3 /var/www/php/easy-framework-swoole/framework/crontab/CrontabTask.php(48): framework\task\Task->addTask('crontabTask', 'test')
#4 /var/www/php/easy-framework-swoole/framework/crontab/Crontab.php(37): framework\crontab\CrontabTask->doTask(Array, Object(framework\task\Task))
#5 /var/www/php/easy-framework-swoole/framework/server/BaseServer.php(134): framework\crontab\Crontab->run()
#6 [internal (/var/www/php/easy-framework-swoole/framework/components/error/Error.php:9)
Stack trace:
#0 unknown(0): framework\components\shutdown\ShutDown->handleShutDown()


[2017-11-18 04:51:31] [ log ] 
 client: 
---------------------------------------------------------------
Uncaught Exception: swoole_server::task(): task method can only be used in the worker process. at  file: /var/www/php/easy-framework-swoole/framework/server/BaseServer.php, on line: 296 in /var/www/php/easy-framework-swoole/framework/components/error/Error.php:9
Stack trace:
#0 [internal function]: framework\components\error\Error->handleError(2, 'swoole_server::...', '/var/www/php/ea...', 296, Array)
#1 /var/www/php/easy-framework-swoole/framework/server/BaseServer.php(296): swoole_server->task(Array, -1)
#2 /var/www/php/easy-framework-swoole/framework/task/Task.php(24): framework\server\BaseServer->addTask(Array, -1)
#3 /var/www/php/easy-framework-swoole/framework/crontab/CrontabTask.php(48): framework\task\Task->addTask('crontabTask', 'test')
#4 /var/www/php/easy-framework-swoole/framework/crontab/Crontab.php(37): framework\crontab\CrontabTask->doTask(Array, Object(framework\task\Task))
#5 /var/www/php/easy-framework-swoole/framework/server/BaseServer.php(134): framework\crontab\Crontab->run()
#6 [internal (/var/www/php/easy-framework-swoole/framework/components/error/Error.php:9)
Stack trace:
#0 unknown(0): framework\components\shutdown\ShutDown->handleShutDown()


[2017-11-18 04:51:31] [ log ] 
 client: 
---------------------------------------------------------------
workerid: 3  workerpid: 4319 code: 255

[2017-11-18 04:51:31] [ log ] 
 client: 
---------------------------------------------------------------
workerid: 4  workerpid: 4320 code: 255

[2017-11-18 04:51:32] [ log ] 
 client: 
---------------------------------------------------------------
test finish

[2017-11-18 04:51:32] [ log ] 
 client: 
---------------------------------------------------------------
test finish

[2017-11-18 04:51:32] [ log ] 
 client: 
---------------------------------------------------------------
test finish

[2017-11-18 04:52:31] [ log ] 
 client: 
---------------------------------------------------------------
test finish

[2017-11-18 04:52:31] [ log ] 
 client: 
---------------------------------------------------------------
Uncaught Exception: swoole_server::task(): task method can only be used in the worker process. at  file: /var/www/php/easy-framework-swoole/framework/server/BaseServer.php, on line: 296 in /var/www/php/easy-framework-swoole/framework/components/error/Error.php:9
Stack trace:
#0 [internal function]: framework\components\error\Error->handleError(2, 'swoole_server::...', '/var/www/php/ea...', 296, Array)
#1 /var/www/php/easy-framework-swoole/framework/server/BaseServer.php(296): swoole_server->task(Array, -1)
#2 /var/www/php/easy-framework-swoole/framework/task/Task.php(24): framework\server\BaseServer->addTask(Array, -1)
#3 /var/www/php/easy-framework-swoole/framework/crontab/CrontabTask.php(48): framework\task\Task->addTask('crontabTask', 'test')
#4 /var/www/php/easy-framework-swoole/framework/crontab/Crontab.php(37): framework\crontab\CrontabTask->doTask(Array, Object(framework\task\Task))
#5 /var/www/php/easy-framework-swoole/framework/server/BaseServer.php(134): framework\crontab\Crontab->run()
#6 [internal (/var/www/php/easy-framework-swoole/framework/components/error/Error.php:9)
Stack trace:
#0 unknown(0): framework\components\shutdown\ShutDown->handleShutDown()


[2017-11-18 04:52:31] [ log ] 
 client: 
---------------------------------------------------------------
Uncaught Exception: swoole_server::task(): task method can only be used in the worker process. at  file: /var/www/php/easy-framework-swoole/framework/server/BaseServer.php, on line: 296 in /var/www/php/easy-framework-swoole/framework/components/error/Error.php:9
Stack trace:
#0 [internal function]: framework\components\error\Error->handleError(2, 'swoole_server::...', '/var/www/php/ea...', 296, Array)
#1 /var/www/php/easy-framework-swoole/framework/server/BaseServer.php(296): swoole_server->task(Array, -1)
#2 /var/www/php/easy-framework-swoole/framework/task/Task.php(24): framework\server\BaseServer->addTask(Array, -1)
#3 /var/www/php/easy-framework-swoole/framework/crontab/CrontabTask.php(48): framework\task\Task->addTask('crontabTask', 'test')
#4 /var/www/php/easy-framework-swoole/framework/crontab/Crontab.php(37): framework\crontab\CrontabTask->doTask(Array, Object(framework\task\Task))
#5 /var/www/php/easy-framework-swoole/framework/server/BaseServer.php(134): framework\crontab\Crontab->run()
#6 [internal (/var/www/php/easy-framework-swoole/framework/components/error/Error.php:9)
Stack trace:
#0 unknown(0): framework\components\shutdown\ShutDown->handleShutDown()


[2017-11-18 04:52:31] [ log ] 
 client: 
---------------------------------------------------------------
workerid: 4  workerpid: 4332 code: 255

[2017-11-18 04:52:31] [ log ] 
 client: 
---------------------------------------------------------------
workerid: 3  workerpid: 4331 code: 255

[2017-11-18 04:52:32] [ log ] 
 client: 
---------------------------------------------------------------
test finish

[2017-11-18 04:52:32] [ log ] 
 client: 
---------------------------------------------------------------
test finish

[2017-11-18 04:53:31] [ log ] 
 client: 
---------------------------------------------------------------
Uncaught Exception: swoole_server::task(): task method can only be used in the worker process. at  file: /var/www/php/easy-framework-swoole/framework/server/BaseServer.php, on line: 296 in /var/www/php/easy-framework-swoole/framework/components/error/Error.php:9
Stack trace:
#0 [internal function]: framework\components\error\Error->handleError(2, 'swoole_server::...', '/var/www/php/ea...', 296, Array)
#1 /var/www/php/easy-framework-swoole/framework/server/BaseServer.php(296): swoole_server->task(Array, -1)
#2 /var/www/php/easy-framework-swoole/framework/task/Task.php(24): framework\server\BaseServer->addTask(Array, -1)
#3 /var/www/php/easy-framework-swoole/framework/crontab/CrontabTask.php(48): framework\task\Task->addTask('crontabTask', 'test')
#4 /var/www/php/easy-framework-swoole/framework/crontab/Crontab.php(37): framework\crontab\CrontabTask->doTask(Array, Object(framework\task\Task))
#5 /var/www/php/easy-framework-swoole/framework/server/BaseServer.php(134): framework\crontab\Crontab->run()
#6 [internal (/var/www/php/easy-framework-swoole/framework/components/error/Error.php:9)
Stack trace:
#0 unknown(0): framework\components\shutdown\ShutDown->handleShutDown()


[2017-11-18 04:53:31] [ log ] 
 client: 
---------------------------------------------------------------
Uncaught Exception: swoole_server::task(): task method can only be used in the worker process. at  file: /var/www/php/easy-framework-swoole/framework/server/BaseServer.php, on line: 296 in /var/www/php/easy-framework-swoole/framework/components/error/Error.php:9
Stack trace:
#0 [internal function]: framework\components\error\Error->handleError(2, 'swoole_server::...', '/var/www/php/ea...', 296, Array)
#1 /var/www/php/easy-framework-swoole/framework/server/BaseServer.php(296): swoole_server->task(Array, -1)
#2 /var/www/php/easy-framework-swoole/framework/task/Task.php(24): framework\server\BaseServer->addTask(Array, -1)
#3 /var/www/php/easy-framework-swoole/framework/crontab/CrontabTask.php(48): framework\task\Task->addTask('crontabTask', 'test')
#4 /var/www/php/easy-framework-swoole/framework/crontab/Crontab.php(37): framework\crontab\CrontabTask->doTask(Array, Object(framework\task\Task))
#5 /var/www/php/easy-framework-swoole/framework/server/BaseServer.php(134): framework\crontab\Crontab->run()
#6 [internal (/var/www/php/easy-framework-swoole/framework/components/error/Error.php:9)
Stack trace:
#0 unknown(0): framework\components\shutdown\ShutDown->handleShutDown()


[2017-11-18 04:53:31] [ log ] 
 client: 
---------------------------------------------------------------
workerid: 4  workerpid: 4350 code: 255

[2017-11-18 04:53:31] [ log ] 
 client: 
---------------------------------------------------------------
workerid: 3  workerpid: 4351 code: 255

[2017-11-18 04:53:31] [ log ] 
 client: 
---------------------------------------------------------------
test finish

[2017-11-18 04:53:32] [ log ] 
 client: 
---------------------------------------------------------------
test finish

[2017-11-18 04:53:32] [ log ] 
 client: 
---------------------------------------------------------------
test finish

[2017-11-18 04:54:31] [ log ] 
 client: 
---------------------------------------------------------------
test finish

[2017-11-18 04:54:31] [ log ] 
 client: 
---------------------------------------------------------------
Uncaught Exception: swoole_server::task(): task method can only be used in the worker process. at  file: /var/www/php/easy-framework-swoole/framework/server/BaseServer.php, on line: 296 in /var/www/php/easy-framework-swoole/framework/components/error/Error.php:9
Stack trace:
#0 [internal function]: framework\components\error\Error->handleError(2, 'swoole_server::...', '/var/www/php/ea...', 296, Array)
#1 /var/www/php/easy-framework-swoole/framework/server/BaseServer.php(296): swoole_server->task(Array, -1)
#2 /var/www/php/easy-framework-swoole/framework/task/Task.php(24): framework\server\BaseServer->addTask(Array, -1)
#3 /var/www/php/easy-framework-swoole/framework/crontab/CrontabTask.php(48): framework\task\Task->addTask('crontabTask', 'test')
#4 /var/www/php/easy-framework-swoole/framework/crontab/Crontab.php(37): framework\crontab\CrontabTask->doTask(Array, Object(framework\task\Task))
#5 /var/www/php/easy-framework-swoole/framework/server/BaseServer.php(134): framework\crontab\Crontab->run()
#6 [internal (/var/www/php/easy-framework-swoole/framework/components/error/Error.php:9)
Stack trace:
#0 unknown(0): framework\components\shutdown\ShutDown->handleShutDown()


[2017-11-18 04:54:31] [ log ] 
 client: 
---------------------------------------------------------------
Uncaught Exception: swoole_server::task(): task method can only be used in the worker process. at  file: /var/www/php/easy-framework-swoole/framework/server/BaseServer.php, on line: 296 in /var/www/php/easy-framework-swoole/framework/components/error/Error.php:9
Stack trace:
#0 [internal function]: framework\components\error\Error->handleError(2, 'swoole_server::...', '/var/www/php/ea...', 296, Array)
#1 /var/www/php/easy-framework-swoole/framework/server/BaseServer.php(296): swoole_server->task(Array, -1)
#2 /var/www/php/easy-framework-swoole/framework/task/Task.php(24): framework\server\BaseServer->addTask(Array, -1)
#3 /var/www/php/easy-framework-swoole/framework/crontab/CrontabTask.php(48): framework\task\Task->addTask('crontabTask', 'test')
#4 /var/www/php/easy-framework-swoole/framework/crontab/Crontab.php(37): framework\crontab\CrontabTask->doTask(Array, Object(framework\task\Task))
#5 /var/www/php/easy-framework-swoole/framework/server/BaseServer.php(134): framework\crontab\Crontab->run()
#6 [internal (/var/www/php/easy-framework-swoole/framework/components/error/Error.php:9)
Stack trace:
#0 unknown(0): framework\components\shutdown\ShutDown->handleShutDown()


[2017-11-18 04:54:31] [ log ] 
 client: 
---------------------------------------------------------------
workerid: 4  workerpid: 4363 code: 255

[2017-11-18 04:54:31] [ log ] 
 client: 
---------------------------------------------------------------
workerid: 3  workerpid: 4364 code: 255

[2017-11-18 04:54:32] [ log ] 
 client: 
---------------------------------------------------------------
test finish

[2017-11-18 04:54:32] [ log ] 
 client: 
---------------------------------------------------------------
test finish

[2017-11-18 04:55:31] [ log ] 
 client: 
---------------------------------------------------------------
test finish

[2017-11-18 04:55:31] [ log ] 
 client: 
---------------------------------------------------------------
test finish

[2017-11-18 04:55:31] [ log ] 
 client: 
---------------------------------------------------------------
Uncaught Exception: swoole_server::task(): task method can only be used in the worker process. at  file: /var/www/php/easy-framework-swoole/framework/server/BaseServer.php, on line: 296 in /var/www/php/easy-framework-swoole/framework/components/error/Error.php:9
Stack trace:
#0 [internal function]: framework\components\error\Error->handleError(2, 'swoole_server::...', '/var/www/php/ea...', 296, Array)
#1 /var/www/php/easy-framework-swoole/framework/server/BaseServer.php(296): swoole_server->task(Array, -1)
#2 /var/www/php/easy-framework-swoole/framework/task/Task.php(24): framework\server\BaseServer->addTask(Array, -1)
#3 /var/www/php/easy-framework-swoole/framework/crontab/CrontabTask.php(48): framework\task\Task->addTask('crontabTask', 'test')
#4 /var/www/php/easy-framework-swoole/framework/crontab/Crontab.php(37): framework\crontab\CrontabTask->doTask(Array, Object(framework\task\Task))
#5 /var/www/php/easy-framework-swoole/framework/server/BaseServer.php(134): framework\crontab\Crontab->run()
#6 [internal (/var/www/php/easy-framework-swoole/framework/components/error/Error.php:9)
Stack trace:
#0 unknown(0): framework\components\shutdown\ShutDown->handleShutDown()


[2017-11-18 04:55:31] [ log ] 
 client: 
---------------------------------------------------------------
Uncaught Exception: swoole_server::task(): task method can only be used in the worker process. at  file: /var/www/php/easy-framework-swoole/framework/server/BaseServer.php, on line: 296 in /var/www/php/easy-framework-swoole/framework/components/error/Error.php:9
Stack trace:
#0 [internal function]: framework\components\error\Error->handleError(2, 'swoole_server::...', '/var/www/php/ea...', 296, Array)
#1 /var/www/php/easy-framework-swoole/framework/server/BaseServer.php(296): swoole_server->task(Array, -1)
#2 /var/www/php/easy-framework-swoole/framework/task/Task.php(24): framework\server\BaseServer->addTask(Array, -1)
#3 /var/www/php/easy-framework-swoole/framework/crontab/CrontabTask.php(48): framework\task\Task->addTask('crontabTask', 'test')
#4 /var/www/php/easy-framework-swoole/framework/crontab/Crontab.php(37): framework\crontab\CrontabTask->doTask(Array, Object(framework\task\Task))
#5 /var/www/php/easy-framework-swoole/framework/server/BaseServer.php(134): framework\crontab\Crontab->run()
#6 [internal (/var/www/php/easy-framework-swoole/framework/components/error/Error.php:9)
Stack trace:
#0 unknown(0): framework\components\shutdown\ShutDown->handleShutDown()


[2017-11-18 04:55:31] [ log ] 
 client: 
---------------------------------------------------------------
workerid: 4  workerpid: 4373 code: 255

[2017-11-18 04:55:31] [ log ] 
 client: 
---------------------------------------------------------------
workerid: 3  workerpid: 4374 code: 255

[2017-11-18 04:55:32] [ log ] 
 client: 
---------------------------------------------------------------
test finish

[2017-11-18 04:57:03] [ log ] 
 client: 
---------------------------------------------------------------
test finish

[2017-11-18 04:57:03] [ log ] 
 client: 
---------------------------------------------------------------
test finish

[2017-11-18 04:57:03] [ log ] 
 client: 
---------------------------------------------------------------
test finish

[2017-11-18 04:58:03] [ log ] 
 client: 
---------------------------------------------------------------
test finish

[2017-11-18 04:58:03] [ log ] 
 client: 
---------------------------------------------------------------
test finish

[2017-11-18 04:58:03] [ log ] 
 client: 
---------------------------------------------------------------
test finish

[2017-11-18 04:59:03] [ log ] 
 client: 
---------------------------------------------------------------
test finish

[2017-11-18 04:59:03] [ log ] 
 client: 
---------------------------------------------------------------
test finish

[2017-11-18 04:59:03] [ log ] 
 client: 
---------------------------------------------------------------
test finish

[2017-11-18 05:00:03] [ log ] 
 client: 
---------------------------------------------------------------
test finish

[2017-11-18 05:00:03] [ log ] 
 client: 
---------------------------------------------------------------
test finish

[2017-11-18 05:00:03] [ log ] 
 client: 
---------------------------------------------------------------
test finish

[2017-11-18 05:01:03] [ log ] 
 client: 
---------------------------------------------------------------
test finish

[2017-11-18 05:01:03] [ log ] 
 client: 
---------------------------------------------------------------
test finish

[2017-11-18 05:01:03] [ log ] 
 client: 
---------------------------------------------------------------
test finish

[2017-11-18 05:02:03] [ log ] 
 client: 
---------------------------------------------------------------
test finish

[2017-11-18 05:02:03] [ log ] 
 client: 
---------------------------------------------------------------
test finish

[2017-11-18 05:02:03] [ log ] 
 client: 
---------------------------------------------------------------
test finish

[2017-11-18 05:03:03] [ log ] 
 client: 
---------------------------------------------------------------
test finish

[2017-11-18 05:03:03] [ log ] 
 client: 
---------------------------------------------------------------
test finish

[2017-11-18 05:03:03] [ log ] 
 client: 
---------------------------------------------------------------
test finish

[2017-11-18 05:04:03] [ log ] 
 client: 
---------------------------------------------------------------
test finish

[2017-11-18 05:04:03] [ log ] 
 client: 
---------------------------------------------------------------
test finish

[2017-11-18 05:04:03] [ log ] 
 client: 
---------------------------------------------------------------
test finish

[2017-11-18 05:05:59] [ log ] 
 client: 
---------------------------------------------------------------
test finish

[2017-11-18 05:05:59] [ log ] 
 client: 
---------------------------------------------------------------
test finish

[2017-11-18 05:05:59] [ log ] 
 client: 
---------------------------------------------------------------
test finish

[2017-11-18 05:06:59] [ log ] 
 client: 
---------------------------------------------------------------
test finish

[2017-11-18 05:06:59] [ log ] 
 client: 
---------------------------------------------------------------
test finish

[2017-11-18 05:06:59] [ log ] 
 client: 
---------------------------------------------------------------
test finish

[2017-11-18 05:07:59] [ log ] 
 client: 
---------------------------------------------------------------
test finish

[2017-11-18 05:07:59] [ log ] 
 client: 
---------------------------------------------------------------
test finish

[2017-11-18 05:07:59] [ log ] 
 client: 
---------------------------------------------------------------
test finish

[2017-11-18 05:08:59] [ log ] 
 client: 
---------------------------------------------------------------
test finish

[2017-11-18 05:08:59] [ log ] 
 client: 
---------------------------------------------------------------
test finish

[2017-11-18 05:08:59] [ log ] 
 client: 
---------------------------------------------------------------
test finish

[2017-11-18 05:09:59] [ log ] 
 client: 
---------------------------------------------------------------
test finish

[2017-11-18 05:09:59] [ log ] 
 client: 
---------------------------------------------------------------
test finish

[2017-11-18 05:09:59] [ log ] 
 client: 
---------------------------------------------------------------
test finish

[2017-11-18 05:32:43] [ log ] 
 client: 
---------------------------------------------------------------
test finish

[2017-11-18 05:32:43] [ log ] 
 client: 
---------------------------------------------------------------
test finish

[2017-11-18 05:32:43] [ log ] 
 client: 
---------------------------------------------------------------
test finish

[2017-11-18 05:36:28] [ log ] 
 client: 
---------------------------------------------------------------
test finish

[2017-11-18 05:36:28] [ log ] 
 client: 
---------------------------------------------------------------
test finish

[2017-11-18 05:36:28] [ log ] 
 client: 
---------------------------------------------------------------
test finish

[2017-11-18 05:37:28] [ log ] 
 client: 
---------------------------------------------------------------
test finish

[2017-11-18 05:37:28] [ log ] 
 client: 
---------------------------------------------------------------
test finish

[2017-11-18 05:37:28] [ log ] 
 client: 
---------------------------------------------------------------
test finish

[2017-11-18 05:42:18] [ log ] 
 client: 
---------------------------------------------------------------
test finish

[2017-11-18 05:42:18] [ log ] 
 client: 
---------------------------------------------------------------
test finish

[2017-11-18 05:42:18] [ log ] 
 client: 
---------------------------------------------------------------
test finish

[2017-11-18 14:42:58] [ log ] 
 client: 
---------------------------------------------------------------
test finish

[2017-11-18 14:42:58] [ log ] 
 client: 
---------------------------------------------------------------
test finish

[2017-11-18 14:42:58] [ log ] 
 client: 
---------------------------------------------------------------
test finish

[2017-11-18 14:43:57] [ log ] 
 client: 
---------------------------------------------------------------
test finish

[2017-11-18 14:43:57] [ log ] 
 client: 
---------------------------------------------------------------
test finish

[2017-11-18 14:43:58] [ log ] 
 client: 
---------------------------------------------------------------
test finish

