[2017-11-07 13:01:39] [ log ] 
 client: 
---------------------------------------------------------------
 msg : failed to listen server port[127.0.0.1:81]. Error: Permission denied[13]. 
 file : /var/www/php/easy-framework-swoole/framework/server/HttpServer.php 
 line : 16 
 code : 13 
 trace : #0 /var/www/php/easy-framework-swoole/framework/server/HttpServer.php(16): swoole_server->__construct('127.0.0.1', '81')
#1 /var/www/php/easy-framework-swoole/framework/base/Base.php(13): framework\server\HttpServer->init()
#2 /var/www/php/easy-framework-swoole/framework/server/Server.php(27): framework\base\Base->__construct(Array)
#3 /var/www/php/easy-framework-swoole/framework/web/Application.php(49): framework\server\Server->start()
#4 /var/www/php/easy-framework-swoole/framework/framework.php(31): framework\web\Application::run(Array)
#5 /var/www/php/easy-framework-swoole/index.php(9): require('/var/www/php/ea...')
#6 {main}

[2017-11-07 13:30:00] [ log ] 
 client: 
---------------------------------------------------------------
 msg : failed to listen server port[127.0.0.1:81]. Error: Permission denied[13]. 
 file : /var/www/php/easy-framework-swoole/framework/server/HttpServer.php 
 line : 16 
 code : 13 
 trace : #0 /var/www/php/easy-framework-swoole/framework/server/HttpServer.php(16): swoole_server->__construct('127.0.0.1', '81')
#1 /var/www/php/easy-framework-swoole/framework/base/Base.php(13): framework\server\HttpServer->init()
#2 /var/www/php/easy-framework-swoole/framework/server/Server.php(27): framework\base\Base->__construct(Array)
#3 /var/www/php/easy-framework-swoole/framework/web/Application.php(49): framework\server\Server->start()
#4 /var/www/php/easy-framework-swoole/framework/framework.php(31): framework\web\Application::run(Array)
#5 /var/www/php/easy-framework-swoole/index.php(9): require('/var/www/php/ea...')
#6 {main}

[2017-11-07 13:30:17] [ log ] localhost:81/index/
 client: 127.0.0.1
---------------------------------------------------------------
 msg : Redis::connect(): connect() failed: Connection refused at  file: /var/www/php/easy-framework-swoole/framework/components/cache/Redis.php, on line: 26 
 file : /var/www/php/easy-framework-swoole/framework/base/Container.php 
 line : 120 
 code : 500 
 trace : #0 /var/www/php/easy-framework-swoole/framework/base/Component.php(20): framework\base\Container->getComponent('redis', Array)
#1 /var/www/php/easy-framework-swoole/framework/web/Controller.php(144): framework\base\Component->getComponent('redis')
#2 /var/www/php/easy-framework-swoole/application/controller/Index.php(38): framework\web\Controller->getRedis()
#3 /var/www/php/easy-framework-swoole/framework/components/dispatcher/Dispatcher.php(43): application\controller\Index->indexAction()
#4 /var/www/php/easy-framework-swoole/framework/server/HttpServer.php(56): framework\components\dispatcher\Dispatcher->run(Array)
#5 [internal function]: framework\server\HttpServer->framework\server\{closure}(Object(swoole_http_request), Object(swoole_http_response))
#6 /var/www/php/easy-framework-swoole/framework/server/BaseServer.php(60): swoole_http_server->start()
#7 /var/www/php/easy-framework-swoole/framework/server/Server.php(29): framework\server\BaseServer->start()
#8 /var/www/php/easy-framework-swoole/framework/web/Application.php(49): framework\server\Server->start()
#9 /var/www/php/easy-framework-swoole/framework/framework.php(31): framework\web\Application::run(Array)
#10 /var/www/php/easy-framework-swoole/index.php(9): require('/var/www/php/ea...')
#11 {main}

[2017-11-07 13:30:50] [ log ] localhost:81/index/
 client: 127.0.0.1
---------------------------------------------------------------
 msg : Redis::connect(): connect() failed: Connection refused at  file: /var/www/php/easy-framework-swoole/framework/components/cache/Redis.php, on line: 26 
 file : /var/www/php/easy-framework-swoole/framework/base/Container.php 
 line : 120 
 code : 500 
 trace : #0 /var/www/php/easy-framework-swoole/framework/base/Component.php(20): framework\base\Container->getComponent('redis', Array)
#1 /var/www/php/easy-framework-swoole/framework/web/Controller.php(144): framework\base\Component->getComponent('redis')
#2 /var/www/php/easy-framework-swoole/application/controller/Index.php(38): framework\web\Controller->getRedis()
#3 /var/www/php/easy-framework-swoole/framework/components/dispatcher/Dispatcher.php(43): application\controller\Index->indexAction()
#4 /var/www/php/easy-framework-swoole/framework/server/HttpServer.php(56): framework\components\dispatcher\Dispatcher->run(Array)
#5 [internal function]: framework\server\HttpServer->framework\server\{closure}(Object(swoole_http_request), Object(swoole_http_response))
#6 /var/www/php/easy-framework-swoole/framework/server/BaseServer.php(60): swoole_http_server->start()
#7 /var/www/php/easy-framework-swoole/framework/server/Server.php(29): framework\server\BaseServer->start()
#8 /var/www/php/easy-framework-swoole/framework/web/Application.php(49): framework\server\Server->start()
#9 /var/www/php/easy-framework-swoole/framework/framework.php(31): framework\web\Application::run(Array)
#10 /var/www/php/easy-framework-swoole/index.php(8): require('/var/www/php/ea...')
#11 {main}

[2017-11-07 13:31:43] [ log ] localhost:81/index/
 client: 127.0.0.1
---------------------------------------------------------------
 msg : Array to string conversion at  file: /var/www/php/easy-framework-swoole/framework/server/HttpServer.php, on line: 58 
 file : /var/www/php/easy-framework-swoole/framework/components/error/Error.php 
 line : 9 
 code : 8 
 trace : #0 /var/www/php/easy-framework-swoole/framework/server/HttpServer.php(58): framework\components\error\Error->handleError(8, 'Array to string...', '/var/www/php/ea...', 58, Array)
#1 [internal function]: framework\server\HttpServer->framework\server\{closure}(Object(swoole_http_request), Object(swoole_http_response))
#2 /var/www/php/easy-framework-swoole/framework/server/BaseServer.php(60): swoole_http_server->start()
#3 /var/www/php/easy-framework-swoole/framework/server/Server.php(29): framework\server\BaseServer->start()
#4 /var/www/php/easy-framework-swoole/framework/web/Application.php(49): framework\server\Server->start()
#5 /var/www/php/easy-framework-swoole/framework/framework.php(31): framework\web\Application::run(Array)
#6 /var/www/php/easy-framework-swoole/index.php(8): require('/var/www/php/ea...')
#7 {main}

[2017-11-07 13:32:01] [ log ] localhost:81/index/
 client: 127.0.0.1
---------------------------------------------------------------
 msg : Array to string conversion at  file: /var/www/php/easy-framework-swoole/framework/server/HttpServer.php, on line: 58 
 file : /var/www/php/easy-framework-swoole/framework/components/error/Error.php 
 line : 9 
 code : 8 
 trace : #0 /var/www/php/easy-framework-swoole/framework/server/HttpServer.php(58): framework\components\error\Error->handleError(8, 'Array to string...', '/var/www/php/ea...', 58, Array)
#1 [internal function]: framework\server\HttpServer->framework\server\{closure}(Object(swoole_http_request), Object(swoole_http_response))
#2 /var/www/php/easy-framework-swoole/framework/server/BaseServer.php(60): swoole_http_server->start()
#3 /var/www/php/easy-framework-swoole/framework/server/Server.php(29): framework\server\BaseServer->start()
#4 /var/www/php/easy-framework-swoole/framework/web/Application.php(49): framework\server\Server->start()
#5 /var/www/php/easy-framework-swoole/framework/framework.php(31): framework\web\Application::run(Array)
#6 /var/www/php/easy-framework-swoole/index.php(8): require('/var/www/php/ea...')
#7 {main}

[2017-11-07 13:49:05] [ log ] localhost:81/index/
 client: 127.0.0.1
---------------------------------------------------------------
Uncaught Exception: ob_end_clean(): failed to delete buffer. No buffer to delete at  file: /var/www/php/easy-framework-swoole/framework/server/HttpServer.php, on line: 66 in /var/www/php/easy-framework-swoole/framework/components/error/Error.php:9
Stack trace:
#0 [internal function]: framework\components\error\Error->handleError(8, 'ob_end_clean():...', '/var/www/php/ea...', 66, Array)
#1 /var/www/php/easy-framework-swoole/framework/server/HttpServer.php(66): ob_end_clean()
#2 [internal function]: framework\server\HttpServer->framework\server\{closure}(Object(swoole_http_request), Object(swoole_http_response))
#3 /var/www/php/easy-framework-swoole/framework/server/BaseServer.php(60): swoole_http_server->start()
#4 /var/www/php/easy-framework-swoole/framework/server/Server.php(29): framework\server\BaseServer->start()
#5 /var/www/php/easy-framework-swoole/framework/web/Application.php(49): framework\server\Server->start()
#6 /var/www/php/easy-framework-swoole/framework/framework.php(31): framework\web\Applicat (/var/www/php/easy-framework-swoole/framework/components/error/Error.php:9)
Stack trace:
#0 unknown(0): framework\components\shutdown\ShutDown->handleShutDown()


[2017-11-07 13:49:05] [ log ] 
 client: 
---------------------------------------------------------------
workerid: 2  workerpid: 12481 code: 255

[2017-11-07 13:49:55] [ log ] localhost:81/index/
 client: 127.0.0.1
---------------------------------------------------------------
Uncaught Exception: ob_end_clean(): failed to delete buffer. No buffer to delete at  file: /var/www/php/easy-framework-swoole/framework/server/HttpServer.php, on line: 66 in /var/www/php/easy-framework-swoole/framework/components/error/Error.php:9
Stack trace:
#0 [internal function]: framework\components\error\Error->handleError(8, 'ob_end_clean():...', '/var/www/php/ea...', 66, Array)
#1 /var/www/php/easy-framework-swoole/framework/server/HttpServer.php(66): ob_end_clean()
#2 [internal function]: framework\server\HttpServer->framework\server\{closure}(Object(swoole_http_request), Object(swoole_http_response))
#3 /var/www/php/easy-framework-swoole/framework/server/BaseServer.php(60): swoole_http_server->start()
#4 /var/www/php/easy-framework-swoole/framework/server/Server.php(29): framework\server\BaseServer->start()
#5 /var/www/php/easy-framework-swoole/framework/web/Application.php(49): framework\server\Server->start()
#6 /var/www/php/easy-framework-swoole/framework/framework.php(31): framework\web\Applicat (/var/www/php/easy-framework-swoole/framework/components/error/Error.php:9)
Stack trace:
#0 unknown(0): framework\components\shutdown\ShutDown->handleShutDown()


[2017-11-07 13:49:55] [ log ] 
 client: 
---------------------------------------------------------------
workerid: 2  workerpid: 12482 code: 255

[2017-11-07 13:50:39] [ log ] localhost:81/index/
 client: 127.0.0.1
---------------------------------------------------------------
Uncaught Exception: ob_clean(): failed to delete buffer. No buffer to delete at  file: /var/www/php/easy-framework-swoole/framework/server/HttpServer.php, on line: 66 in /var/www/php/easy-framework-swoole/framework/components/error/Error.php:9
Stack trace:
#0 [internal function]: framework\components\error\Error->handleError(8, 'ob_clean(): fai...', '/var/www/php/ea...', 66, Array)
#1 /var/www/php/easy-framework-swoole/framework/server/HttpServer.php(66): ob_clean()
#2 [internal function]: framework\server\HttpServer->framework\server\{closure}(Object(swoole_http_request), Object(swoole_http_response))
#3 /var/www/php/easy-framework-swoole/framework/server/BaseServer.php(60): swoole_http_server->start()
#4 /var/www/php/easy-framework-swoole/framework/server/Server.php(29): framework\server\BaseServer->start()
#5 /var/www/php/easy-framework-swoole/framework/web/Application.php(49): framework\server\Server->start()
#6 /var/www/php/easy-framework-swoole/framework/framework.php(31): framework\web\Application::run (/var/www/php/easy-framework-swoole/framework/components/error/Error.php:9)
Stack trace:
#0 unknown(0): framework\components\shutdown\ShutDown->handleShutDown()


[2017-11-07 13:50:40] [ log ] 
 client: 
---------------------------------------------------------------
workerid: 2  workerpid: 12512 code: 255

[2017-11-07 13:51:00] [ log ] localhost:81/index/
 client: 127.0.0.1
---------------------------------------------------------------
 msg : is_array() expects exactly 1 parameter, 0 given at  file: /var/www/php/easy-framework-swoole/framework/components/response/Response.php, on line: 72 
 file : /var/www/php/easy-framework-swoole/framework/components/error/Error.php 
 line : 9 
 code : 2 
 trace : #0 [internal function]: framework\components\error\Error->handleError(2, 'is_array() expe...', '/var/www/php/ea...', 72, Array)
#1 /var/www/php/easy-framework-swoole/framework/components/response/Response.php(72): is_array()
#2 /var/www/php/easy-framework-swoole/framework/server/HttpServer.php(57): framework\components\response\Response->send(Object(swoole_http_response), '{"ret":404,"dat...')
#3 [internal function]: framework\server\HttpServer->framework\server\{closure}(Object(swoole_http_request), Object(swoole_http_response))
#4 /var/www/php/easy-framework-swoole/framework/server/BaseServer.php(60): swoole_http_server->start()
#5 /var/www/php/easy-framework-swoole/framework/server/Server.php(29): framework\server\BaseServer->start()
#6 /var/www/php/easy-framework-swoole/framework/web/Application.php(49): framework\server\Server->start()
#7 /var/www/php/easy-framework-swoole/framework/framework.php(31): framework\web\Application::run(Array)
#8 /var/www/php/easy-framework-swoole/index.php(8): require('/var/www/php/ea...')
#9 {main}

[2017-11-07 13:54:25] [ log ] localhost:81/index/
 client: 127.0.0.1
---------------------------------------------------------------
Uncaught Exception: ob_flush(): failed to flush buffer. No buffer to flush at  file: /var/www/php/easy-framework-swoole/framework/server/HttpServer.php, on line: 66 in /var/www/php/easy-framework-swoole/framework/components/error/Error.php:9
Stack trace:
#0 [internal function]: framework\components\error\Error->handleError(8, 'ob_flush(): fai...', '/var/www/php/ea...', 66, Array)
#1 /var/www/php/easy-framework-swoole/framework/server/HttpServer.php(66): ob_flush()
#2 [internal function]: framework\server\HttpServer->framework\server\{closure}(Object(swoole_http_request), Object(swoole_http_response))
#3 /var/www/php/easy-framework-swoole/framework/server/BaseServer.php(60): swoole_http_server->start()
#4 /var/www/php/easy-framework-swoole/framework/server/Server.php(29): framework\server\BaseServer->start()
#5 /var/www/php/easy-framework-swoole/framework/web/Application.php(49): framework\server\Server->start()
#6 /var/www/php/easy-framework-swoole/framework/framework.php(31): framework\web\Application::run(A (/var/www/php/easy-framework-swoole/framework/components/error/Error.php:9)
Stack trace:
#0 unknown(0): framework\components\shutdown\ShutDown->handleShutDown()


[2017-11-07 13:54:25] [ log ] 
 client: 
---------------------------------------------------------------
workerid: 2  workerpid: 12597 code: 255

[2017-11-07 13:58:55] [ log ] localhost:81/index/
 client: 127.0.0.1
---------------------------------------------------------------
 msg : is_array() expects exactly 1 parameter, 0 given at  file: /var/www/php/easy-framework-swoole/framework/components/response/Response.php, on line: 72 
 file : /var/www/php/easy-framework-swoole/framework/components/error/Error.php 
 line : 9 
 code : 2 
 trace : #0 [internal function]: framework\components\error\Error->handleError(2, 'is_array() expe...', '/var/www/php/ea...', 72, Array)
#1 /var/www/php/easy-framework-swoole/framework/components/response/Response.php(72): is_array()
#2 /var/www/php/easy-framework-swoole/framework/server/HttpServer.php(57): framework\components\response\Response->send(Object(swoole_http_response), '{"ret":404,"dat...')
#3 [internal function]: framework\server\HttpServer->framework\server\{closure}(Object(swoole_http_request), Object(swoole_http_response))
#4 /var/www/php/easy-framework-swoole/framework/server/BaseServer.php(60): swoole_http_server->start()
#5 /var/www/php/easy-framework-swoole/framework/server/Server.php(29): framework\server\BaseServer->start()
#6 /var/www/php/easy-framework-swoole/framework/web/Application.php(49): framework\server\Server->start()
#7 /var/www/php/easy-framework-swoole/framework/framework.php(31): framework\web\Application::run(Array)
#8 /var/www/php/easy-framework-swoole/index.php(8): require('/var/www/php/ea...')
#9 {main}

[2017-11-07 13:58:57] [ log ] localhost:81/index/
 client: 127.0.0.1
---------------------------------------------------------------
 msg : is_array() expects exactly 1 parameter, 0 given at  file: /var/www/php/easy-framework-swoole/framework/components/response/Response.php, on line: 72 
 file : /var/www/php/easy-framework-swoole/framework/components/error/Error.php 
 line : 9 
 code : 2 
 trace : #0 [internal function]: framework\components\error\Error->handleError(2, 'is_array() expe...', '/var/www/php/ea...', 72, Array)
#1 /var/www/php/easy-framework-swoole/framework/components/response/Response.php(72): is_array()
#2 /var/www/php/easy-framework-swoole/framework/server/HttpServer.php(57): framework\components\response\Response->send(Object(swoole_http_response), '{"ret":404,"dat...')
#3 [internal function]: framework\server\HttpServer->framework\server\{closure}(Object(swoole_http_request), Object(swoole_http_response))
#4 /var/www/php/easy-framework-swoole/framework/server/BaseServer.php(60): swoole_http_server->start()
#5 /var/www/php/easy-framework-swoole/framework/server/Server.php(29): framework\server\BaseServer->start()
#6 /var/www/php/easy-framework-swoole/framework/web/Application.php(49): framework\server\Server->start()
#7 /var/www/php/easy-framework-swoole/framework/framework.php(31): framework\web\Application::run(Array)
#8 /var/www/php/easy-framework-swoole/index.php(8): require('/var/www/php/ea...')
#9 {main}

[2017-11-07 13:58:59] [ log ] localhost:81/index/
 client: 127.0.0.1
---------------------------------------------------------------
 msg : is_array() expects exactly 1 parameter, 0 given at  file: /var/www/php/easy-framework-swoole/framework/components/response/Response.php, on line: 72 
 file : /var/www/php/easy-framework-swoole/framework/components/error/Error.php 
 line : 9 
 code : 2 
 trace : #0 [internal function]: framework\components\error\Error->handleError(2, 'is_array() expe...', '/var/www/php/ea...', 72, Array)
#1 /var/www/php/easy-framework-swoole/framework/components/response/Response.php(72): is_array()
#2 /var/www/php/easy-framework-swoole/framework/server/HttpServer.php(57): framework\components\response\Response->send(Object(swoole_http_response), '{"ret":404,"dat...')
#3 [internal function]: framework\server\HttpServer->framework\server\{closure}(Object(swoole_http_request), Object(swoole_http_response))
#4 /var/www/php/easy-framework-swoole/framework/server/BaseServer.php(60): swoole_http_server->start()
#5 /var/www/php/easy-framework-swoole/framework/server/Server.php(29): framework\server\BaseServer->start()
#6 /var/www/php/easy-framework-swoole/framework/web/Application.php(49): framework\server\Server->start()
#7 /var/www/php/easy-framework-swoole/framework/framework.php(31): framework\web\Application::run(Array)
#8 /var/www/php/easy-framework-swoole/index.php(8): require('/var/www/php/ea...')
#9 {main}

[2017-11-07 13:59:00] [ log ] localhost:81/index/
 client: 127.0.0.1
---------------------------------------------------------------
 msg : is_array() expects exactly 1 parameter, 0 given at  file: /var/www/php/easy-framework-swoole/framework/components/response/Response.php, on line: 72 
 file : /var/www/php/easy-framework-swoole/framework/components/error/Error.php 
 line : 9 
 code : 2 
 trace : #0 [internal function]: framework\components\error\Error->handleError(2, 'is_array() expe...', '/var/www/php/ea...', 72, Array)
#1 /var/www/php/easy-framework-swoole/framework/components/response/Response.php(72): is_array()
#2 /var/www/php/easy-framework-swoole/framework/server/HttpServer.php(57): framework\components\response\Response->send(Object(swoole_http_response), '{"ret":404,"dat...')
#3 [internal function]: framework\server\HttpServer->framework\server\{closure}(Object(swoole_http_request), Object(swoole_http_response))
#4 /var/www/php/easy-framework-swoole/framework/server/BaseServer.php(60): swoole_http_server->start()
#5 /var/www/php/easy-framework-swoole/framework/server/Server.php(29): framework\server\BaseServer->start()
#6 /var/www/php/easy-framework-swoole/framework/web/Application.php(49): framework\server\Server->start()
#7 /var/www/php/easy-framework-swoole/framework/framework.php(31): framework\web\Application::run(Array)
#8 /var/www/php/easy-framework-swoole/index.php(8): require('/var/www/php/ea...')
#9 {main}

[2017-11-07 14:19:53] [ log ] localhost:81/index/
 client: 127.0.0.1
---------------------------------------------------------------
 msg : Redis::connect(): connect() failed: Connection refused at  file: /var/www/php/easy-framework-swoole/framework/components/cache/Redis.php, on line: 26 
 file : /var/www/php/easy-framework-swoole/framework/base/Container.php 
 line : 120 
 code : 500 
 trace : #0 /var/www/php/easy-framework-swoole/framework/base/Component.php(20): framework\base\Container->getComponent('redis', Array)
#1 /var/www/php/easy-framework-swoole/framework/web/Controller.php(144): framework\base\Component->getComponent('redis')
#2 /var/www/php/easy-framework-swoole/framework/base/Controller.php(55): framework\web\Controller->getRedis()
#3 /var/www/php/easy-framework-swoole/application/controller/Index.php(38): framework\base\Controller->__get('redis')
#4 /var/www/php/easy-framework-swoole/framework/components/dispatcher/Dispatcher.php(43): application\controller\Index->indexAction()
#5 /var/www/php/easy-framework-swoole/framework/server/HttpServer.php(56): framework\components\dispatcher\Dispatcher->run(Array)
#6 [internal function]: framework\server\HttpServer->framework\server\{closure}(Object(swoole_http_request), Object(swoole_http_response))
#7 /var/www/php/easy-framework-swoole/framework/server/BaseServer.php(66): swoole_http_server->start()
#8 /var/www/php/easy-framework-swoole/framework/server/Server.php(29): framework\server\BaseServer->start()
#9 /var/www/php/easy-framework-swoole/framework/web/Application.php(49): framework\server\Server->start()
#10 /var/www/php/easy-framework-swoole/framework/framework.php(31): framework\web\Application::run(Array)
#11 /var/www/php/easy-framework-swoole/index.php(8): require('/var/www/php/ea...')
#12 {main}

[2017-11-07 14:19:56] [ log ] localhost:81/index/
 client: 127.0.0.1
---------------------------------------------------------------
 msg : Redis::connect(): connect() failed: Connection refused at  file: /var/www/php/easy-framework-swoole/framework/components/cache/Redis.php, on line: 26 
 file : /var/www/php/easy-framework-swoole/framework/base/Container.php 
 line : 120 
 code : 500 
 trace : #0 /var/www/php/easy-framework-swoole/framework/base/Component.php(20): framework\base\Container->getComponent('redis', Array)
#1 /var/www/php/easy-framework-swoole/framework/web/Controller.php(144): framework\base\Component->getComponent('redis')
#2 /var/www/php/easy-framework-swoole/framework/base/Controller.php(55): framework\web\Controller->getRedis()
#3 /var/www/php/easy-framework-swoole/application/controller/Index.php(38): framework\base\Controller->__get('redis')
#4 /var/www/php/easy-framework-swoole/framework/components/dispatcher/Dispatcher.php(43): application\controller\Index->indexAction()
#5 /var/www/php/easy-framework-swoole/framework/server/HttpServer.php(56): framework\components\dispatcher\Dispatcher->run(Array)
#6 [internal function]: framework\server\HttpServer->framework\server\{closure}(Object(swoole_http_request), Object(swoole_http_response))
#7 /var/www/php/easy-framework-swoole/framework/server/BaseServer.php(66): swoole_http_server->start()
#8 /var/www/php/easy-framework-swoole/framework/server/Server.php(29): framework\server\BaseServer->start()
#9 /var/www/php/easy-framework-swoole/framework/web/Application.php(49): framework\server\Server->start()
#10 /var/www/php/easy-framework-swoole/framework/framework.php(31): framework\web\Application::run(Array)
#11 /var/www/php/easy-framework-swoole/index.php(8): require('/var/www/php/ea...')
#12 {main}

[2017-11-07 14:19:57] [ log ] localhost:81/index/
 client: 127.0.0.1
---------------------------------------------------------------
 msg : Redis::connect(): connect() failed: Connection refused at  file: /var/www/php/easy-framework-swoole/framework/components/cache/Redis.php, on line: 26 
 file : /var/www/php/easy-framework-swoole/framework/base/Container.php 
 line : 120 
 code : 500 
 trace : #0 /var/www/php/easy-framework-swoole/framework/base/Component.php(20): framework\base\Container->getComponent('redis', Array)
#1 /var/www/php/easy-framework-swoole/framework/web/Controller.php(144): framework\base\Component->getComponent('redis')
#2 /var/www/php/easy-framework-swoole/framework/base/Controller.php(55): framework\web\Controller->getRedis()
#3 /var/www/php/easy-framework-swoole/application/controller/Index.php(38): framework\base\Controller->__get('redis')
#4 /var/www/php/easy-framework-swoole/framework/components/dispatcher/Dispatcher.php(43): application\controller\Index->indexAction()
#5 /var/www/php/easy-framework-swoole/framework/server/HttpServer.php(56): framework\components\dispatcher\Dispatcher->run(Array)
#6 [internal function]: framework\server\HttpServer->framework\server\{closure}(Object(swoole_http_request), Object(swoole_http_response))
#7 /var/www/php/easy-framework-swoole/framework/server/BaseServer.php(66): swoole_http_server->start()
#8 /var/www/php/easy-framework-swoole/framework/server/Server.php(29): framework\server\BaseServer->start()
#9 /var/www/php/easy-framework-swoole/framework/web/Application.php(49): framework\server\Server->start()
#10 /var/www/php/easy-framework-swoole/framework/framework.php(31): framework\web\Application::run(Array)
#11 /var/www/php/easy-framework-swoole/index.php(8): require('/var/www/php/ea...')
#12 {main}

[2017-11-07 14:19:57] [ log ] localhost:81/index/
 client: 127.0.0.1
---------------------------------------------------------------
 msg : Redis::connect(): connect() failed: Connection refused at  file: /var/www/php/easy-framework-swoole/framework/components/cache/Redis.php, on line: 26 
 file : /var/www/php/easy-framework-swoole/framework/base/Container.php 
 line : 120 
 code : 500 
 trace : #0 /var/www/php/easy-framework-swoole/framework/base/Component.php(20): framework\base\Container->getComponent('redis', Array)
#1 /var/www/php/easy-framework-swoole/framework/web/Controller.php(144): framework\base\Component->getComponent('redis')
#2 /var/www/php/easy-framework-swoole/framework/base/Controller.php(55): framework\web\Controller->getRedis()
#3 /var/www/php/easy-framework-swoole/application/controller/Index.php(38): framework\base\Controller->__get('redis')
#4 /var/www/php/easy-framework-swoole/framework/components/dispatcher/Dispatcher.php(43): application\controller\Index->indexAction()
#5 /var/www/php/easy-framework-swoole/framework/server/HttpServer.php(56): framework\components\dispatcher\Dispatcher->run(Array)
#6 [internal function]: framework\server\HttpServer->framework\server\{closure}(Object(swoole_http_request), Object(swoole_http_response))
#7 /var/www/php/easy-framework-swoole/framework/server/BaseServer.php(66): swoole_http_server->start()
#8 /var/www/php/easy-framework-swoole/framework/server/Server.php(29): framework\server\BaseServer->start()
#9 /var/www/php/easy-framework-swoole/framework/web/Application.php(49): framework\server\Server->start()
#10 /var/www/php/easy-framework-swoole/framework/framework.php(31): framework\web\Application::run(Array)
#11 /var/www/php/easy-framework-swoole/index.php(8): require('/var/www/php/ea...')
#12 {main}

[2017-11-07 14:19:57] [ log ] localhost:81/index/
 client: 127.0.0.1
---------------------------------------------------------------
 msg : Redis::connect(): connect() failed: Connection refused at  file: /var/www/php/easy-framework-swoole/framework/components/cache/Redis.php, on line: 26 
 file : /var/www/php/easy-framework-swoole/framework/base/Container.php 
 line : 120 
 code : 500 
 trace : #0 /var/www/php/easy-framework-swoole/framework/base/Component.php(20): framework\base\Container->getComponent('redis', Array)
#1 /var/www/php/easy-framework-swoole/framework/web/Controller.php(144): framework\base\Component->getComponent('redis')
#2 /var/www/php/easy-framework-swoole/framework/base/Controller.php(55): framework\web\Controller->getRedis()
#3 /var/www/php/easy-framework-swoole/application/controller/Index.php(38): framework\base\Controller->__get('redis')
#4 /var/www/php/easy-framework-swoole/framework/components/dispatcher/Dispatcher.php(43): application\controller\Index->indexAction()
#5 /var/www/php/easy-framework-swoole/framework/server/HttpServer.php(56): framework\components\dispatcher\Dispatcher->run(Array)
#6 [internal function]: framework\server\HttpServer->framework\server\{closure}(Object(swoole_http_request), Object(swoole_http_response))
#7 /var/www/php/easy-framework-swoole/framework/server/BaseServer.php(66): swoole_http_server->start()
#8 /var/www/php/easy-framework-swoole/framework/server/Server.php(29): framework\server\BaseServer->start()
#9 /var/www/php/easy-framework-swoole/framework/web/Application.php(49): framework\server\Server->start()
#10 /var/www/php/easy-framework-swoole/framework/framework.php(31): framework\web\Application::run(Array)
#11 /var/www/php/easy-framework-swoole/index.php(8): require('/var/www/php/ea...')
#12 {main}

