[2017-11-17 13:07:59] [ log ] localhost:81/index/
 client: 127.0.0.1
---------------------------------------------------------------
 msg : task is empty 
 file : /var/www/php/easy-framework-swoole/framework/crontab/CrontabTask.php 
 line : 23 
 code : 0 
 trace : #0 /var/www/php/easy-framework-swoole/framework/crontab/Crontab.php(15): framework\crontab\CrontabTask->__construct(Array)
#1 /var/www/php/easy-framework-swoole/application/controller/Index.php(39): framework\crontab\Crontab->__construct(Array)
#2 /var/www/php/easy-framework-swoole/framework/components/dispatcher/Dispatcher.php(43): application\controller\Index->indexAction()
#3 /var/www/php/easy-framework-swoole/framework/server/HttpServer.php(58): framework\components\dispatcher\Dispatcher->run(Array)
#4 [internal function]: framework\server\HttpServer->framework\server\{closure}(Object(swoole_http_request), Object(swoole_http_response))
#5 /var/www/php/easy-framework-swoole/framework/server/BaseServer.php(66): swoole_http_server->start()
#6 /var/www/php/easy-framework-swoole/framework/server/Server.php(29): framework\server\BaseServer->start()
#7 /var/www/php/easy-framework-swoole/framework/web/Application.php(50): framework\server\Server->start()
#8 /var/www/php/easy-framework-swoole/framework/framework.php(31): framework\web\Application::run(Array)
#9 /var/www/php/easy-framework-swoole/index.php(8): require('/var/www/php/ea...')
#10 {main}

[2017-11-17 13:09:04] [ log ] localhost:81/index/
 client: 127.0.0.1
---------------------------------------------------------------
 msg : rule error 
 file : /var/www/php/easy-framework-swoole/framework/crontab/TaskTime.php 
 line : 48 
 code : 0 
 trace : #0 /var/www/php/easy-framework-swoole/framework/crontab/CrontabTime.php(30): framework\crontab\TaskTime->__construct(Array)
#1 /var/www/php/easy-framework-swoole/framework/crontab/CrontabTask.php(28): framework\crontab\CrontabTime->__construct('1 /2 3-8/2 3,5 ...')
#2 /var/www/php/easy-framework-swoole/framework/crontab/Crontab.php(15): framework\crontab\CrontabTask->__construct(Array)
#3 /var/www/php/easy-framework-swoole/application/controller/Index.php(39): framework\crontab\Crontab->__construct(Array)
#4 /var/www/php/easy-framework-swoole/framework/components/dispatcher/Dispatcher.php(43): application\controller\Index->indexAction()
#5 /var/www/php/easy-framework-swoole/framework/server/HttpServer.php(58): framework\components\dispatcher\Dispatcher->run(Array)
#6 [internal function]: framework\server\HttpServer->framework\server\{closure}(Object(swoole_http_request), Object(swoole_http_response))
#7 /var/www/php/easy-framework-swoole/framework/server/BaseServer.php(66): swoole_http_server->start()
#8 /var/www/php/easy-framework-swoole/framework/server/Server.php(29): framework\server\BaseServer->start()
#9 /var/www/php/easy-framework-swoole/framework/web/Application.php(50): framework\server\Server->start()
#10 /var/www/php/easy-framework-swoole/framework/framework.php(31): framework\web\Application::run(Array)
#11 /var/www/php/easy-framework-swoole/index.php(8): require('/var/www/php/ea...')
#12 {main}

[2017-11-17 13:10:05] [ log ] localhost:81/index/
 client: 127.0.0.1
---------------------------------------------------------------
 msg : rule error 
 file : /var/www/php/easy-framework-swoole/framework/crontab/TaskTime.php 
 line : 48 
 code : 0 
 trace : #0 /var/www/php/easy-framework-swoole/framework/crontab/CrontabTime.php(31): framework\crontab\TaskTime->__construct(Array)
#1 /var/www/php/easy-framework-swoole/framework/crontab/CrontabTask.php(28): framework\crontab\CrontabTime->__construct('1 /2 3-8/2 3,5 ...')
#2 /var/www/php/easy-framework-swoole/framework/crontab/Crontab.php(15): framework\crontab\CrontabTask->__construct(Array)
#3 /var/www/php/easy-framework-swoole/application/controller/Index.php(39): framework\crontab\Crontab->__construct(Array)
#4 /var/www/php/easy-framework-swoole/framework/components/dispatcher/Dispatcher.php(43): application\controller\Index->indexAction()
#5 /var/www/php/easy-framework-swoole/framework/server/HttpServer.php(58): framework\components\dispatcher\Dispatcher->run(Array)
#6 [internal function]: framework\server\HttpServer->framework\server\{closure}(Object(swoole_http_request), Object(swoole_http_response))
#7 /var/www/php/easy-framework-swoole/framework/server/BaseServer.php(66): swoole_http_server->start()
#8 /var/www/php/easy-framework-swoole/framework/server/Server.php(29): framework\server\BaseServer->start()
#9 /var/www/php/easy-framework-swoole/framework/web/Application.php(50): framework\server\Server->start()
#10 /var/www/php/easy-framework-swoole/framework/framework.php(31): framework\web\Application::run(Array)
#11 /var/www/php/easy-framework-swoole/index.php(8): require('/var/www/php/ea...')
#12 {main}

[2017-11-17 13:10:41] [ log ] localhost:81/index/
 client: 127.0.0.1
---------------------------------------------------------------
 msg : rule error 
 file : /var/www/php/easy-framework-swoole/framework/crontab/TaskTime.php 
 line : 48 
 code : 0 
 trace : #0 /var/www/php/easy-framework-swoole/framework/crontab/CrontabTime.php(32): framework\crontab\TaskTime->__construct(Array)
#1 /var/www/php/easy-framework-swoole/framework/crontab/CrontabTask.php(28): framework\crontab\CrontabTime->__construct('1 /2 3-8/2 3,5 ...')
#2 /var/www/php/easy-framework-swoole/framework/crontab/Crontab.php(15): framework\crontab\CrontabTask->__construct(Array)
#3 /var/www/php/easy-framework-swoole/application/controller/Index.php(39): framework\crontab\Crontab->__construct(Array)
#4 /var/www/php/easy-framework-swoole/framework/components/dispatcher/Dispatcher.php(43): application\controller\Index->indexAction()
#5 /var/www/php/easy-framework-swoole/framework/server/HttpServer.php(58): framework\components\dispatcher\Dispatcher->run(Array)
#6 [internal function]: framework\server\HttpServer->framework\server\{closure}(Object(swoole_http_request), Object(swoole_http_response))
#7 /var/www/php/easy-framework-swoole/framework/server/BaseServer.php(66): swoole_http_server->start()
#8 /var/www/php/easy-framework-swoole/framework/server/Server.php(29): framework\server\BaseServer->start()
#9 /var/www/php/easy-framework-swoole/framework/web/Application.php(50): framework\server\Server->start()
#10 /var/www/php/easy-framework-swoole/framework/framework.php(31): framework\web\Application::run(Array)
#11 /var/www/php/easy-framework-swoole/index.php(8): require('/var/www/php/ea...')
#12 {main}

[2017-11-17 13:11:31] [ log ] localhost:81/index/
 client: 127.0.0.1
---------------------------------------------------------------
 msg : rule error 
 file : /var/www/php/easy-framework-swoole/framework/crontab/TaskTime.php 
 line : 48 
 code : 0 
 trace : #0 /var/www/php/easy-framework-swoole/framework/crontab/CrontabTime.php(30): framework\crontab\TaskTime->__construct(Array)
#1 /var/www/php/easy-framework-swoole/framework/crontab/CrontabTask.php(28): framework\crontab\CrontabTime->__construct('1 /2 3-8/2 3,5 ...')
#2 /var/www/php/easy-framework-swoole/framework/crontab/Crontab.php(15): framework\crontab\CrontabTask->__construct(Array)
#3 /var/www/php/easy-framework-swoole/application/controller/Index.php(39): framework\crontab\Crontab->__construct(Array)
#4 /var/www/php/easy-framework-swoole/framework/components/dispatcher/Dispatcher.php(43): application\controller\Index->indexAction()
#5 /var/www/php/easy-framework-swoole/framework/server/HttpServer.php(58): framework\components\dispatcher\Dispatcher->run(Array)
#6 [internal function]: framework\server\HttpServer->framework\server\{closure}(Object(swoole_http_request), Object(swoole_http_response))
#7 /var/www/php/easy-framework-swoole/framework/server/BaseServer.php(66): swoole_http_server->start()
#8 /var/www/php/easy-framework-swoole/framework/server/Server.php(29): framework\server\BaseServer->start()
#9 /var/www/php/easy-framework-swoole/framework/web/Application.php(50): framework\server\Server->start()
#10 /var/www/php/easy-framework-swoole/framework/framework.php(31): framework\web\Application::run(Array)
#11 /var/www/php/easy-framework-swoole/index.php(8): require('/var/www/php/ea...')
#12 {main}

[2017-11-17 13:11:31] [ log ] localhost:81/index/
 client: 127.0.0.1
---------------------------------------------------------------
 msg : rule error 
 file : /var/www/php/easy-framework-swoole/framework/crontab/TaskTime.php 
 line : 48 
 code : 0 
 trace : #0 /var/www/php/easy-framework-swoole/framework/crontab/CrontabTime.php(30): framework\crontab\TaskTime->__construct(Array)
#1 /var/www/php/easy-framework-swoole/framework/crontab/CrontabTask.php(28): framework\crontab\CrontabTime->__construct('1 /2 3-8/2 3,5 ...')
#2 /var/www/php/easy-framework-swoole/framework/crontab/Crontab.php(15): framework\crontab\CrontabTask->__construct(Array)
#3 /var/www/php/easy-framework-swoole/application/controller/Index.php(39): framework\crontab\Crontab->__construct(Array)
#4 /var/www/php/easy-framework-swoole/framework/components/dispatcher/Dispatcher.php(43): application\controller\Index->indexAction()
#5 /var/www/php/easy-framework-swoole/framework/server/HttpServer.php(58): framework\components\dispatcher\Dispatcher->run(Array)
#6 [internal function]: framework\server\HttpServer->framework\server\{closure}(Object(swoole_http_request), Object(swoole_http_response))
#7 /var/www/php/easy-framework-swoole/framework/server/BaseServer.php(66): swoole_http_server->start()
#8 /var/www/php/easy-framework-swoole/framework/server/Server.php(29): framework\server\BaseServer->start()
#9 /var/www/php/easy-framework-swoole/framework/web/Application.php(50): framework\server\Server->start()
#10 /var/www/php/easy-framework-swoole/framework/framework.php(31): framework\web\Application::run(Array)
#11 /var/www/php/easy-framework-swoole/index.php(8): require('/var/www/php/ea...')
#12 {main}

[2017-11-17 13:11:31] [ log ] localhost:81/index/
 client: 127.0.0.1
---------------------------------------------------------------
 msg : rule error 
 file : /var/www/php/easy-framework-swoole/framework/crontab/TaskTime.php 
 line : 48 
 code : 0 
 trace : #0 /var/www/php/easy-framework-swoole/framework/crontab/CrontabTime.php(30): framework\crontab\TaskTime->__construct(Array)
#1 /var/www/php/easy-framework-swoole/framework/crontab/CrontabTask.php(28): framework\crontab\CrontabTime->__construct('1 /2 3-8/2 3,5 ...')
#2 /var/www/php/easy-framework-swoole/framework/crontab/Crontab.php(15): framework\crontab\CrontabTask->__construct(Array)
#3 /var/www/php/easy-framework-swoole/application/controller/Index.php(39): framework\crontab\Crontab->__construct(Array)
#4 /var/www/php/easy-framework-swoole/framework/components/dispatcher/Dispatcher.php(43): application\controller\Index->indexAction()
#5 /var/www/php/easy-framework-swoole/framework/server/HttpServer.php(58): framework\components\dispatcher\Dispatcher->run(Array)
#6 [internal function]: framework\server\HttpServer->framework\server\{closure}(Object(swoole_http_request), Object(swoole_http_response))
#7 /var/www/php/easy-framework-swoole/framework/server/BaseServer.php(66): swoole_http_server->start()
#8 /var/www/php/easy-framework-swoole/framework/server/Server.php(29): framework\server\BaseServer->start()
#9 /var/www/php/easy-framework-swoole/framework/web/Application.php(50): framework\server\Server->start()
#10 /var/www/php/easy-framework-swoole/framework/framework.php(31): framework\web\Application::run(Array)
#11 /var/www/php/easy-framework-swoole/index.php(8): require('/var/www/php/ea...')
#12 {main}

[2017-11-17 13:13:02] [ log ] localhost:81/index/
 client: 127.0.0.1
---------------------------------------------------------------
 msg : Redis::connect(): connect() failed: Connection refused at  file: /var/www/php/easy-framework-swoole/framework/components/cache/Redis.php, on line: 26 
 file : /var/www/php/easy-framework-swoole/framework/base/Container.php 
 line : 120 
 code : 500 
 trace : #0 /var/www/php/easy-framework-swoole/framework/base/Component.php(20): framework\base\Container->getComponent('redis', Array)
#1 /var/www/php/easy-framework-swoole/framework/web/Controller.php(144): framework\base\Component->getComponent('redis')
#2 /var/www/php/easy-framework-swoole/framework/base/Controller.php(55): framework\web\Controller->getRedis()
#3 /var/www/php/easy-framework-swoole/application/controller/Index.php(45): framework\base\Controller->__get('redis')
#4 /var/www/php/easy-framework-swoole/framework/components/dispatcher/Dispatcher.php(43): application\controller\Index->indexAction()
#5 /var/www/php/easy-framework-swoole/framework/server/HttpServer.php(58): framework\components\dispatcher\Dispatcher->run(Array)
#6 [internal function]: framework\server\HttpServer->framework\server\{closure}(Object(swoole_http_request), Object(swoole_http_response))
#7 /var/www/php/easy-framework-swoole/framework/server/BaseServer.php(66): swoole_http_server->start()
#8 /var/www/php/easy-framework-swoole/framework/server/Server.php(29): framework\server\BaseServer->start()
#9 /var/www/php/easy-framework-swoole/framework/web/Application.php(50): framework\server\Server->start()
#10 /var/www/php/easy-framework-swoole/framework/framework.php(31): framework\web\Application::run(Array)
#11 /var/www/php/easy-framework-swoole/index.php(8): require('/var/www/php/ea...')
#12 {main}

[2017-11-17 13:14:53] [ log ] localhost:81/index/
 client: 127.0.0.1
---------------------------------------------------------------
 msg : Redis::connect(): connect() failed: Connection refused at  file: /var/www/php/easy-framework-swoole/framework/components/cache/Redis.php, on line: 26 
 file : /var/www/php/easy-framework-swoole/framework/base/Container.php 
 line : 120 
 code : 500 
 trace : #0 /var/www/php/easy-framework-swoole/framework/base/Component.php(20): framework\base\Container->getComponent('redis', Array)
#1 /var/www/php/easy-framework-swoole/framework/web/Controller.php(144): framework\base\Component->getComponent('redis')
#2 /var/www/php/easy-framework-swoole/framework/base/Controller.php(55): framework\web\Controller->getRedis()
#3 /var/www/php/easy-framework-swoole/application/controller/Index.php(45): framework\base\Controller->__get('redis')
#4 /var/www/php/easy-framework-swoole/framework/components/dispatcher/Dispatcher.php(43): application\controller\Index->indexAction()
#5 /var/www/php/easy-framework-swoole/framework/server/HttpServer.php(58): framework\components\dispatcher\Dispatcher->run(Array)
#6 [internal function]: framework\server\HttpServer->framework\server\{closure}(Object(swoole_http_request), Object(swoole_http_response))
#7 /var/www/php/easy-framework-swoole/framework/server/BaseServer.php(66): swoole_http_server->start()
#8 /var/www/php/easy-framework-swoole/framework/server/Server.php(29): framework\server\BaseServer->start()
#9 /var/www/php/easy-framework-swoole/framework/web/Application.php(50): framework\server\Server->start()
#10 /var/www/php/easy-framework-swoole/framework/framework.php(31): framework\web\Application::run(Array)
#11 /var/www/php/easy-framework-swoole/index.php(8): require('/var/www/php/ea...')
#12 {main}

[2017-11-17 13:14:54] [ log ] localhost:81/index/
 client: 127.0.0.1
---------------------------------------------------------------
 msg : Redis::connect(): connect() failed: Connection refused at  file: /var/www/php/easy-framework-swoole/framework/components/cache/Redis.php, on line: 26 
 file : /var/www/php/easy-framework-swoole/framework/base/Container.php 
 line : 120 
 code : 500 
 trace : #0 /var/www/php/easy-framework-swoole/framework/base/Component.php(20): framework\base\Container->getComponent('redis', Array)
#1 /var/www/php/easy-framework-swoole/framework/web/Controller.php(144): framework\base\Component->getComponent('redis')
#2 /var/www/php/easy-framework-swoole/framework/base/Controller.php(55): framework\web\Controller->getRedis()
#3 /var/www/php/easy-framework-swoole/application/controller/Index.php(45): framework\base\Controller->__get('redis')
#4 /var/www/php/easy-framework-swoole/framework/components/dispatcher/Dispatcher.php(43): application\controller\Index->indexAction()
#5 /var/www/php/easy-framework-swoole/framework/server/HttpServer.php(58): framework\components\dispatcher\Dispatcher->run(Array)
#6 [internal function]: framework\server\HttpServer->framework\server\{closure}(Object(swoole_http_request), Object(swoole_http_response))
#7 /var/www/php/easy-framework-swoole/framework/server/BaseServer.php(66): swoole_http_server->start()
#8 /var/www/php/easy-framework-swoole/framework/server/Server.php(29): framework\server\BaseServer->start()
#9 /var/www/php/easy-framework-swoole/framework/web/Application.php(50): framework\server\Server->start()
#10 /var/www/php/easy-framework-swoole/framework/framework.php(31): framework\web\Application::run(Array)
#11 /var/www/php/easy-framework-swoole/index.php(8): require('/var/www/php/ea...')
#12 {main}

[2017-11-17 13:14:54] [ log ] localhost:81/index/
 client: 127.0.0.1
---------------------------------------------------------------
 msg : Redis::connect(): connect() failed: Connection refused at  file: /var/www/php/easy-framework-swoole/framework/components/cache/Redis.php, on line: 26 
 file : /var/www/php/easy-framework-swoole/framework/base/Container.php 
 line : 120 
 code : 500 
 trace : #0 /var/www/php/easy-framework-swoole/framework/base/Component.php(20): framework\base\Container->getComponent('redis', Array)
#1 /var/www/php/easy-framework-swoole/framework/web/Controller.php(144): framework\base\Component->getComponent('redis')
#2 /var/www/php/easy-framework-swoole/framework/base/Controller.php(55): framework\web\Controller->getRedis()
#3 /var/www/php/easy-framework-swoole/application/controller/Index.php(45): framework\base\Controller->__get('redis')
#4 /var/www/php/easy-framework-swoole/framework/components/dispatcher/Dispatcher.php(43): application\controller\Index->indexAction()
#5 /var/www/php/easy-framework-swoole/framework/server/HttpServer.php(58): framework\components\dispatcher\Dispatcher->run(Array)
#6 [internal function]: framework\server\HttpServer->framework\server\{closure}(Object(swoole_http_request), Object(swoole_http_response))
#7 /var/www/php/easy-framework-swoole/framework/server/BaseServer.php(66): swoole_http_server->start()
#8 /var/www/php/easy-framework-swoole/framework/server/Server.php(29): framework\server\BaseServer->start()
#9 /var/www/php/easy-framework-swoole/framework/web/Application.php(50): framework\server\Server->start()
#10 /var/www/php/easy-framework-swoole/framework/framework.php(31): framework\web\Application::run(Array)
#11 /var/www/php/easy-framework-swoole/index.php(8): require('/var/www/php/ea...')
#12 {main}

[2017-11-17 13:25:38] [ log ] localhost:81/index/
 client: 127.0.0.1
---------------------------------------------------------------
 msg : rule error 
 file : /var/www/php/easy-framework-swoole/framework/crontab/TaskTime.php 
 line : 34 
 code : 0 
 trace : #0 /var/www/php/easy-framework-swoole/framework/crontab/CrontabTime.php(31): framework\crontab\TaskTime->__construct(Array)
#1 /var/www/php/easy-framework-swoole/framework/crontab/CrontabTask.php(29): framework\crontab\CrontabTime->__construct('1 /2 3-8/2 3,5 ...')
#2 /var/www/php/easy-framework-swoole/framework/crontab/Crontab.php(15): framework\crontab\CrontabTask->__construct(Array)
#3 /var/www/php/easy-framework-swoole/application/controller/Index.php(39): framework\crontab\Crontab->__construct(Array)
#4 /var/www/php/easy-framework-swoole/framework/components/dispatcher/Dispatcher.php(43): application\controller\Index->indexAction()
#5 /var/www/php/easy-framework-swoole/framework/server/HttpServer.php(58): framework\components\dispatcher\Dispatcher->run(Array)
#6 [internal function]: framework\server\HttpServer->framework\server\{closure}(Object(swoole_http_request), Object(swoole_http_response))
#7 /var/www/php/easy-framework-swoole/framework/server/BaseServer.php(66): swoole_http_server->start()
#8 /var/www/php/easy-framework-swoole/framework/server/Server.php(29): framework\server\BaseServer->start()
#9 /var/www/php/easy-framework-swoole/framework/web/Application.php(50): framework\server\Server->start()
#10 /var/www/php/easy-framework-swoole/framework/framework.php(31): framework\web\Application::run(Array)
#11 /var/www/php/easy-framework-swoole/index.php(8): require('/var/www/php/ea...')
#12 {main}

