[2017-11-08 13:22:26] [ log ] localhost:81/index/
 client: 127.0.0.1
---------------------------------------------------------------
 msg : Redis::connect(): connect() failed: Connection refused at  file: /var/www/php/easy-framework-swoole/framework/components/cache/Redis.php, on line: 26 
 file : /var/www/php/easy-framework-swoole/framework/base/Container.php 
 line : 120 
 code : 500 
 trace : #0 /var/www/php/easy-framework-swoole/framework/base/Component.php(20): framework\base\Container->getComponent('redis', Array)
#1 /var/www/php/easy-framework-swoole/framework/web/Controller.php(144): framework\base\Component->getComponent('redis')
#2 /var/www/php/easy-framework-swoole/framework/base/Controller.php(55): framework\web\Controller->getRedis()
#3 /var/www/php/easy-framework-swoole/application/controller/Index.php(38): framework\base\Controller->__get('redis')
#4 /var/www/php/easy-framework-swoole/framework/components/dispatcher/Dispatcher.php(43): application\controller\Index->indexAction()
#5 /var/www/php/easy-framework-swoole/framework/server/HttpServer.php(56): framework\components\dispatcher\Dispatcher->run(Array)
#6 [internal function]: framework\server\HttpServer->framework\server\{closure}(Object(swoole_http_request), Object(swoole_http_response))
#7 /var/www/php/easy-framework-swoole/framework/server/BaseServer.php(66): swoole_http_server->start()
#8 /var/www/php/easy-framework-swoole/framework/server/Server.php(29): framework\server\BaseServer->start()
#9 /var/www/php/easy-framework-swoole/framework/web/Application.php(49): framework\server\Server->start()
#10 /var/www/php/easy-framework-swoole/framework/framework.php(31): framework\web\Application::run(Array)
#11 /var/www/php/easy-framework-swoole/index.php(8): require('/var/www/php/ea...')
#12 {main}

[2017-11-08 14:22:31] [ log ] localhost:81/index/test
 client: 127.0.0.1
---------------------------------------------------------------
 msg : Declaration of framework\components\response\SwooleResponse::send($response, $result) should be compatible with framework\components\response\Response::send($result) at  file: /var/www/php/easy-framework-swoole/framework/components/response/SwooleResponse.php, on line: 10 
 file : /var/www/php/easy-framework-swoole/framework/base/Container.php 
 line : 120 
 code : 500 
 trace : #0 /var/www/php/easy-framework-swoole/framework/base/Component.php(20): framework\base\Container->getComponent('f5ef83ad023e951...', Array)
#1 /var/www/php/easy-framework-swoole/framework/components/dispatcher/Dispatcher.php(28): framework\base\Component->getComponent('f5ef83ad023e951...')
#2 /var/www/php/easy-framework-swoole/framework/server/HttpServer.php(59): framework\components\dispatcher\Dispatcher->run(Array)
#3 [internal function]: framework\server\HttpServer->framework\server\{closure}(Object(swoole_http_request), Object(swoole_http_response))
#4 /var/www/php/easy-framework-swoole/framework/server/BaseServer.php(66): swoole_http_server->start()
#5 /var/www/php/easy-framework-swoole/framework/server/Server.php(29): framework\server\BaseServer->start()
#6 /var/www/php/easy-framework-swoole/framework/web/Application.php(50): framework\server\Server->start()
#7 /var/www/php/easy-framework-swoole/framework/framework.php(31): framework\web\Application::run(Array)
#8 /var/www/php/easy-framework-swoole/index.php(8): require('/var/www/php/ea...')
#9 {main}

[2017-11-08 14:24:02] [ log ] localhost:81/index/test
 client: 127.0.0.1
---------------------------------------------------------------
 msg : Declaration of framework\components\response\SwooleResponse::send($response, $result) should be compatible with framework\components\response\Response::send($result, $else = '') at  file: /var/www/php/easy-framework-swoole/framework/components/response/SwooleResponse.php, on line: 10 
 file : /var/www/php/easy-framework-swoole/framework/base/Container.php 
 line : 120 
 code : 500 
 trace : #0 /var/www/php/easy-framework-swoole/framework/base/Component.php(20): framework\base\Container->getComponent('f5ef83ad023e951...', Array)
#1 /var/www/php/easy-framework-swoole/framework/components/dispatcher/Dispatcher.php(28): framework\base\Component->getComponent('f5ef83ad023e951...')
#2 /var/www/php/easy-framework-swoole/framework/server/HttpServer.php(59): framework\components\dispatcher\Dispatcher->run(Array)
#3 [internal function]: framework\server\HttpServer->framework\server\{closure}(Object(swoole_http_request), Object(swoole_http_response))
#4 /var/www/php/easy-framework-swoole/framework/server/BaseServer.php(66): swoole_http_server->start()
#5 /var/www/php/easy-framework-swoole/framework/server/Server.php(29): framework\server\BaseServer->start()
#6 /var/www/php/easy-framework-swoole/framework/web/Application.php(50): framework\server\Server->start()
#7 /var/www/php/easy-framework-swoole/framework/framework.php(31): framework\web\Application::run(Array)
#8 /var/www/php/easy-framework-swoole/index.php(8): require('/var/www/php/ea...')
#9 {main}

[2017-11-08 14:24:38] [ log ] localhost:81/index/test
 client: 127.0.0.1
---------------------------------------------------------------
 msg : Declaration of framework\components\cookie\SwooleCookie::send($response) should be compatible with framework\components\cookie\Cookie::send($else = '') at  file: /var/www/php/easy-framework-swoole/framework/components/cookie/SwooleCookie.php, on line: 10 
 file : /var/www/php/easy-framework-swoole/framework/base/Container.php 
 line : 120 
 code : 500 
 trace : #0 /var/www/php/easy-framework-swoole/framework/base/Component.php(20): framework\base\Container->getComponent('cookie', Array)
#1 /var/www/php/easy-framework-swoole/framework/components/session/Session.php(87): framework\base\Component->getComponent('cookie')
#2 /var/www/php/easy-framework-swoole/application/lib/Web.php(37): framework\components\session\Session->start()
#3 /var/www/php/easy-framework-swoole/framework/components/dispatcher/Dispatcher.php(32): application\lib\Web->beforeAction()
#4 /var/www/php/easy-framework-swoole/framework/server/HttpServer.php(59): framework\components\dispatcher\Dispatcher->run(Array)
#5 [internal function]: framework\server\HttpServer->framework\server\{closure}(Object(swoole_http_request), Object(swoole_http_response))
#6 /var/www/php/easy-framework-swoole/framework/server/BaseServer.php(66): swoole_http_server->start()
#7 /var/www/php/easy-framework-swoole/framework/server/Server.php(29): framework\server\BaseServer->start()
#8 /var/www/php/easy-framework-swoole/framework/web/Application.php(50): framework\server\Server->start()
#9 /var/www/php/easy-framework-swoole/framework/framework.php(31): framework\web\Application::run(Array)
#10 /var/www/php/easy-framework-swoole/index.php(8): require('/var/www/php/ea...')
#11 {main}

[2017-11-08 14:24:55] [ log ] localhost:81/index/test
 client: 127.0.0.1
---------------------------------------------------------------
Uncaught TypeError: Argument 1 passed to framework\server\BaseServer::triggerException() must be an instance of Exception, instance of Error given, called in /var/www/php/easy-framework-swoole/framework/server/HttpServer.php on line 82 and defined in /var/www/php/easy-framework-swoole/framework/server/BaseServer.php:321
Stack trace:
#0 /var/www/php/easy-framework-swoole/framework/server/HttpServer.php(82): framework\server\BaseServer->triggerException(Object(Error))
#1 [internal function]: framework\server\HttpServer->framework\server\{closure}(Object(swoole_http_request), Object(swoole_http_response))
#2 /var/www/php/easy-framework-swoole/framework/server/BaseServer.php(66): swoole_http_server->start()
#3 /var/www/php/easy-framework-swoole/framework/server/Server.php(29): framework\server\BaseServer->start()
#4 /var/www/php/easy-framework-swoole/framework/web/Application.php(50): framework\server\Server->start()
#5 /var/www/php/easy-framework-swoole/framework/framework.php(31): framework\web\Application::run (/var/www/php/easy-framework-swoole/framework/server/BaseServer.php:321)
Stack trace:
#0 unknown(0): framework\components\shutdown\ShutDown->handleShutDown()


[2017-11-08 14:24:55] [ log ] 
 client: 
---------------------------------------------------------------
workerid: 0  workerpid: 4539 code: 255

[2017-11-08 14:26:01] [ log ] localhost:81/index/test
 client: 127.0.0.1
---------------------------------------------------------------
 msg : Call to undefined method framework\components\session\Session::destory() 
 file : /var/www/php/easy-framework-swoole/application/lib/Web.php 
 line : 48 
 code : 0 
 trace : #0 /var/www/php/easy-framework-swoole/framework/components/dispatcher/Dispatcher.php(44): application\lib\Web->afterAction(Array)
#1 /var/www/php/easy-framework-swoole/framework/server/HttpServer.php(59): framework\components\dispatcher\Dispatcher->run(Array)
#2 [internal function]: framework\server\HttpServer->framework\server\{closure}(Object(swoole_http_request), Object(swoole_http_response))
#3 /var/www/php/easy-framework-swoole/framework/server/BaseServer.php(66): swoole_http_server->start()
#4 /var/www/php/easy-framework-swoole/framework/server/Server.php(29): framework\server\BaseServer->start()
#5 /var/www/php/easy-framework-swoole/framework/web/Application.php(50): framework\server\Server->start()
#6 /var/www/php/easy-framework-swoole/framework/framework.php(31): framework\web\Application::run(Array)
#7 /var/www/php/easy-framework-swoole/index.php(8): require('/var/www/php/ea...')
#8 {main}

[2017-11-08 14:26:02] [ log ] localhost:81/index/test
 client: 127.0.0.1
---------------------------------------------------------------
 msg : Call to undefined method framework\components\session\Session::destory() 
 file : /var/www/php/easy-framework-swoole/application/lib/Web.php 
 line : 48 
 code : 0 
 trace : #0 /var/www/php/easy-framework-swoole/framework/components/dispatcher/Dispatcher.php(44): application\lib\Web->afterAction(Array)
#1 /var/www/php/easy-framework-swoole/framework/server/HttpServer.php(59): framework\components\dispatcher\Dispatcher->run(Array)
#2 [internal function]: framework\server\HttpServer->framework\server\{closure}(Object(swoole_http_request), Object(swoole_http_response))
#3 /var/www/php/easy-framework-swoole/framework/server/BaseServer.php(66): swoole_http_server->start()
#4 /var/www/php/easy-framework-swoole/framework/server/Server.php(29): framework\server\BaseServer->start()
#5 /var/www/php/easy-framework-swoole/framework/web/Application.php(50): framework\server\Server->start()
#6 /var/www/php/easy-framework-swoole/framework/framework.php(31): framework\web\Application::run(Array)
#7 /var/www/php/easy-framework-swoole/index.php(8): require('/var/www/php/ea...')
#8 {main}

[2017-11-08 14:26:03] [ log ] localhost:81/index/test
 client: 127.0.0.1
---------------------------------------------------------------
 msg : Call to undefined method framework\components\session\Session::destory() 
 file : /var/www/php/easy-framework-swoole/application/lib/Web.php 
 line : 48 
 code : 0 
 trace : #0 /var/www/php/easy-framework-swoole/framework/components/dispatcher/Dispatcher.php(44): application\lib\Web->afterAction(Array)
#1 /var/www/php/easy-framework-swoole/framework/server/HttpServer.php(59): framework\components\dispatcher\Dispatcher->run(Array)
#2 [internal function]: framework\server\HttpServer->framework\server\{closure}(Object(swoole_http_request), Object(swoole_http_response))
#3 /var/www/php/easy-framework-swoole/framework/server/BaseServer.php(66): swoole_http_server->start()
#4 /var/www/php/easy-framework-swoole/framework/server/Server.php(29): framework\server\BaseServer->start()
#5 /var/www/php/easy-framework-swoole/framework/web/Application.php(50): framework\server\Server->start()
#6 /var/www/php/easy-framework-swoole/framework/framework.php(31): framework\web\Application::run(Array)
#7 /var/www/php/easy-framework-swoole/index.php(8): require('/var/www/php/ea...')
#8 {main}

[2017-11-08 14:26:03] [ log ] localhost:81/index/test
 client: 127.0.0.1
---------------------------------------------------------------
 msg : Call to undefined method framework\components\session\Session::destory() 
 file : /var/www/php/easy-framework-swoole/application/lib/Web.php 
 line : 48 
 code : 0 
 trace : #0 /var/www/php/easy-framework-swoole/framework/components/dispatcher/Dispatcher.php(44): application\lib\Web->afterAction(Array)
#1 /var/www/php/easy-framework-swoole/framework/server/HttpServer.php(59): framework\components\dispatcher\Dispatcher->run(Array)
#2 [internal function]: framework\server\HttpServer->framework\server\{closure}(Object(swoole_http_request), Object(swoole_http_response))
#3 /var/www/php/easy-framework-swoole/framework/server/BaseServer.php(66): swoole_http_server->start()
#4 /var/www/php/easy-framework-swoole/framework/server/Server.php(29): framework\server\BaseServer->start()
#5 /var/www/php/easy-framework-swoole/framework/web/Application.php(50): framework\server\Server->start()
#6 /var/www/php/easy-framework-swoole/framework/framework.php(31): framework\web\Application::run(Array)
#7 /var/www/php/easy-framework-swoole/index.php(8): require('/var/www/php/ea...')
#8 {main}

[2017-11-08 14:26:04] [ log ] localhost:81/index/test
 client: 127.0.0.1
---------------------------------------------------------------
 msg : Call to undefined method framework\components\session\Session::destory() 
 file : /var/www/php/easy-framework-swoole/application/lib/Web.php 
 line : 48 
 code : 0 
 trace : #0 /var/www/php/easy-framework-swoole/framework/components/dispatcher/Dispatcher.php(44): application\lib\Web->afterAction(Array)
#1 /var/www/php/easy-framework-swoole/framework/server/HttpServer.php(59): framework\components\dispatcher\Dispatcher->run(Array)
#2 [internal function]: framework\server\HttpServer->framework\server\{closure}(Object(swoole_http_request), Object(swoole_http_response))
#3 /var/www/php/easy-framework-swoole/framework/server/BaseServer.php(66): swoole_http_server->start()
#4 /var/www/php/easy-framework-swoole/framework/server/Server.php(29): framework\server\BaseServer->start()
#5 /var/www/php/easy-framework-swoole/framework/web/Application.php(50): framework\server\Server->start()
#6 /var/www/php/easy-framework-swoole/framework/framework.php(31): framework\web\Application::run(Array)
#7 /var/www/php/easy-framework-swoole/index.php(8): require('/var/www/php/ea...')
#8 {main}

[2017-11-08 14:26:04] [ log ] localhost:81/index/test
 client: 127.0.0.1
---------------------------------------------------------------
 msg : Call to undefined method framework\components\session\Session::destory() 
 file : /var/www/php/easy-framework-swoole/application/lib/Web.php 
 line : 48 
 code : 0 
 trace : #0 /var/www/php/easy-framework-swoole/framework/components/dispatcher/Dispatcher.php(44): application\lib\Web->afterAction(Array)
#1 /var/www/php/easy-framework-swoole/framework/server/HttpServer.php(59): framework\components\dispatcher\Dispatcher->run(Array)
#2 [internal function]: framework\server\HttpServer->framework\server\{closure}(Object(swoole_http_request), Object(swoole_http_response))
#3 /var/www/php/easy-framework-swoole/framework/server/BaseServer.php(66): swoole_http_server->start()
#4 /var/www/php/easy-framework-swoole/framework/server/Server.php(29): framework\server\BaseServer->start()
#5 /var/www/php/easy-framework-swoole/framework/web/Application.php(50): framework\server\Server->start()
#6 /var/www/php/easy-framework-swoole/framework/framework.php(31): framework\web\Application::run(Array)
#7 /var/www/php/easy-framework-swoole/index.php(8): require('/var/www/php/ea...')
#8 {main}

[2017-11-08 14:27:27] [ log ] localhost:81/index/test
 client: 127.0.0.1
---------------------------------------------------------------
 msg : swoole_http_response::cookie() expects parameter 3 to be integer, string given at  file: /var/www/php/easy-framework-swoole/framework/components/cookie/SwooleCookie.php, on line: 16 
 file : /var/www/php/easy-framework-swoole/framework/components/error/Error.php 
 line : 9 
 code : 2 
 trace : #0 [internal function]: framework\components\error\Error->handleError(2, 'swoole_http_res...', '/var/www/php/ea...', 16, Array)
#1 /var/www/php/easy-framework-swoole/framework/components/cookie/SwooleCookie.php(16): swoole_http_response->cookie('EASYSESSION', 'EASYSESSION', '', -1)
#2 /var/www/php/easy-framework-swoole/framework/server/HttpServer.php(60): framework\components\cookie\SwooleCookie->send(Object(swoole_http_response))
#3 [internal function]: framework\server\HttpServer->framework\server\{closure}(Object(swoole_http_request), Object(swoole_http_response))
#4 /var/www/php/easy-framework-swoole/framework/server/BaseServer.php(66): swoole_http_server->start()
#5 /var/www/php/easy-framework-swoole/framework/server/Server.php(29): framework\server\BaseServer->start()
#6 /var/www/php/easy-framework-swoole/framework/web/Application.php(50): framework\server\Server->start()
#7 /var/www/php/easy-framework-swoole/framework/framework.php(31): framework\web\Application::run(Array)
#8 /var/www/php/easy-framework-swoole/index.php(8): require('/var/www/php/ea...')
#9 {main}

[2017-11-08 14:28:03] [ log ] localhost:81/index/test
 client: 127.0.0.1
---------------------------------------------------------------
 msg : swoole_http_response::cookie() expects parameter 3 to be integer, string given at  file: /var/www/php/easy-framework-swoole/framework/components/cookie/SwooleCookie.php, on line: 17 
 file : /var/www/php/easy-framework-swoole/framework/components/error/Error.php 
 line : 9 
 code : 2 
 trace : #0 [internal function]: framework\components\error\Error->handleError(2, 'swoole_http_res...', '/var/www/php/ea...', 17, Array)
#1 /var/www/php/easy-framework-swoole/framework/components/cookie/SwooleCookie.php(17): swoole_http_response->cookie('EASYSESSION', 'EASYSESSION', '', -1)
#2 /var/www/php/easy-framework-swoole/framework/server/HttpServer.php(60): framework\components\cookie\SwooleCookie->send(Object(swoole_http_response))
#3 [internal function]: framework\server\HttpServer->framework\server\{closure}(Object(swoole_http_request), Object(swoole_http_response))
#4 /var/www/php/easy-framework-swoole/framework/server/BaseServer.php(66): swoole_http_server->start()
#5 /var/www/php/easy-framework-swoole/framework/server/Server.php(29): framework\server\BaseServer->start()
#6 /var/www/php/easy-framework-swoole/framework/web/Application.php(50): framework\server\Server->start()
#7 /var/www/php/easy-framework-swoole/framework/framework.php(31): framework\web\Application::run(Array)
#8 /var/www/php/easy-framework-swoole/index.php(8): require('/var/www/php/ea...')
#9 {main}

[2017-11-08 14:28:35] [ log ] localhost:81/index/test
 client: 127.0.0.1
---------------------------------------------------------------
 msg : swoole_http_response::cookie() expects parameter 3 to be integer, string given at  file: /var/www/php/easy-framework-swoole/framework/components/cookie/SwooleCookie.php, on line: 16 
 file : /var/www/php/easy-framework-swoole/framework/components/error/Error.php 
 line : 9 
 code : 2 
 trace : #0 [internal function]: framework\components\error\Error->handleError(2, 'swoole_http_res...', '/var/www/php/ea...', 16, Array)
#1 /var/www/php/easy-framework-swoole/framework/components/cookie/SwooleCookie.php(16): swoole_http_response->cookie('EASYSESSION', 'EASYSESSION', '', -1)
#2 /var/www/php/easy-framework-swoole/framework/server/HttpServer.php(60): framework\components\cookie\SwooleCookie->send(Object(swoole_http_response))
#3 [internal function]: framework\server\HttpServer->framework\server\{closure}(Object(swoole_http_request), Object(swoole_http_response))
#4 /var/www/php/easy-framework-swoole/framework/server/BaseServer.php(66): swoole_http_server->start()
#5 /var/www/php/easy-framework-swoole/framework/server/Server.php(29): framework\server\BaseServer->start()
#6 /var/www/php/easy-framework-swoole/framework/web/Application.php(50): framework\server\Server->start()
#7 /var/www/php/easy-framework-swoole/framework/framework.php(31): framework\web\Application::run(Array)
#8 /var/www/php/easy-framework-swoole/index.php(8): require('/var/www/php/ea...')
#9 {main}

[2017-11-08 14:37:43] [ log ] localhost:81/index/test
 client: 127.0.0.1
---------------------------------------------------------------
 msg : Undefined offset: 1 at  file: /var/www/php/easy-framework-swoole/framework/components/cookie/SwooleCookie.php, on line: 18 
 file : /var/www/php/easy-framework-swoole/framework/components/error/Error.php 
 line : 9 
 code : 8 
 trace : #0 /var/www/php/easy-framework-swoole/framework/components/cookie/SwooleCookie.php(18): framework\components\error\Error->handleError(8, 'Undefined offse...', '/var/www/php/ea...', 18, Array)
#1 /var/www/php/easy-framework-swoole/framework/server/HttpServer.php(60): framework\components\cookie\SwooleCookie->send(Object(swoole_http_response))
#2 [internal function]: framework\server\HttpServer->framework\server\{closure}(Object(swoole_http_request), Object(swoole_http_response))
#3 /var/www/php/easy-framework-swoole/framework/server/BaseServer.php(66): swoole_http_server->start()
#4 /var/www/php/easy-framework-swoole/framework/server/Server.php(29): framework\server\BaseServer->start()
#5 /var/www/php/easy-framework-swoole/framework/web/Application.php(50): framework\server\Server->start()
#6 /var/www/php/easy-framework-swoole/framework/framework.php(31): framework\web\Application::run(Array)
#7 /var/www/php/easy-framework-swoole/index.php(8): require('/var/www/php/ea...')
#8 {main}

[2017-11-08 14:41:21] [ log ] localhost:81/index/test
 client: 127.0.0.1
---------------------------------------------------------------
session_start(): Failed to initialize storage module: user (path: ) (/var/www/php/easy-framework-swoole/framework/components/session/Session.php:94)
Stack trace:
#0 unknown(0): framework\components\shutdown\ShutDown->handleShutDown()


[2017-11-08 14:41:21] [ log ] 
 client: 
---------------------------------------------------------------
workerid: 0  workerpid: 5322 code: 255

[2017-11-08 14:42:16] [ log ] localhost:81/index/test
 client: 127.0.0.1
---------------------------------------------------------------
 msg : Undefined index: _name at  file: /var/www/php/easy-framework-swoole/framework/components/session/driver/Redis.php, on line: 26 
 file : /var/www/php/easy-framework-swoole/framework/components/error/Error.php 
 line : 9 
 code : 8 
 trace : #0 /var/www/php/easy-framework-swoole/framework/components/session/driver/Redis.php(26): framework\components\error\Error->handleError(8, 'Undefined index...', '/var/www/php/ea...', 26, Array)
#1 /var/www/php/easy-framework-swoole/framework/components/session/Session.php(77): framework\components\session\driver\Redis->__construct(Array)
#2 /var/www/php/easy-framework-swoole/application/lib/Web.php(37): framework\components\session\Session->start()
#3 /var/www/php/easy-framework-swoole/framework/components/dispatcher/Dispatcher.php(32): application\lib\Web->beforeAction()
#4 /var/www/php/easy-framework-swoole/framework/server/HttpServer.php(59): framework\components\dispatcher\Dispatcher->run(Array)
#5 [internal function]: framework\server\HttpServer->framework\server\{closure}(Object(swoole_http_request), Object(swoole_http_response))
#6 /var/www/php/easy-framework-swoole/framework/server/BaseServer.php(66): swoole_http_server->start()
#7 /var/www/php/easy-framework-swoole/framework/server/Server.php(29): framework\server\BaseServer->start()
#8 /var/www/php/easy-framework-swoole/framework/web/Application.php(50): framework\server\Server->start()
#9 /var/www/php/easy-framework-swoole/framework/framework.php(31): framework\web\Application::run(Array)
#10 /var/www/php/easy-framework-swoole/index.php(8): require('/var/www/php/ea...')
#11 {main}

[2017-11-08 14:42:49] [ log ] localhost:81/index/test
 client: 127.0.0.1
---------------------------------------------------------------
 msg : Redis::pconnect(): connect() failed: Connection refused at  file: /var/www/php/easy-framework-swoole/framework/components/cache/Redis.php, on line: 26 
 file : /var/www/php/easy-framework-swoole/framework/base/Container.php 
 line : 120 
 code : 500 
 trace : #0 /var/www/php/easy-framework-swoole/framework/components/session/driver/Redis.php(30): framework\base\Container->getComponent('sessionRedis')
#1 /var/www/php/easy-framework-swoole/framework/components/session/Session.php(77): framework\components\session\driver\Redis->__construct(Array)
#2 /var/www/php/easy-framework-swoole/application/lib/Web.php(37): framework\components\session\Session->start()
#3 /var/www/php/easy-framework-swoole/framework/components/dispatcher/Dispatcher.php(32): application\lib\Web->beforeAction()
#4 /var/www/php/easy-framework-swoole/framework/server/HttpServer.php(59): framework\components\dispatcher\Dispatcher->run(Array)
#5 [internal function]: framework\server\HttpServer->framework\server\{closure}(Object(swoole_http_request), Object(swoole_http_response))
#6 /var/www/php/easy-framework-swoole/framework/server/BaseServer.php(66): swoole_http_server->start()
#7 /var/www/php/easy-framework-swoole/framework/server/Server.php(29): framework\server\BaseServer->start()
#8 /var/www/php/easy-framework-swoole/framework/web/Application.php(50): framework\server\Server->start()
#9 /var/www/php/easy-framework-swoole/framework/framework.php(31): framework\web\Application::run(Array)
#10 /var/www/php/easy-framework-swoole/index.php(8): require('/var/www/php/ea...')
#11 {main}

[2017-11-08 14:42:50] [ log ] localhost:81/index/test
 client: 127.0.0.1
---------------------------------------------------------------
 msg : Redis::pconnect(): connect() failed: Connection refused at  file: /var/www/php/easy-framework-swoole/framework/components/cache/Redis.php, on line: 26 
 file : /var/www/php/easy-framework-swoole/framework/base/Container.php 
 line : 120 
 code : 500 
 trace : #0 /var/www/php/easy-framework-swoole/framework/components/session/driver/Redis.php(30): framework\base\Container->getComponent('sessionRedis')
#1 /var/www/php/easy-framework-swoole/framework/components/session/Session.php(77): framework\components\session\driver\Redis->__construct(Array)
#2 /var/www/php/easy-framework-swoole/application/lib/Web.php(37): framework\components\session\Session->start()
#3 /var/www/php/easy-framework-swoole/framework/components/dispatcher/Dispatcher.php(32): application\lib\Web->beforeAction()
#4 /var/www/php/easy-framework-swoole/framework/server/HttpServer.php(59): framework\components\dispatcher\Dispatcher->run(Array)
#5 [internal function]: framework\server\HttpServer->framework\server\{closure}(Object(swoole_http_request), Object(swoole_http_response))
#6 /var/www/php/easy-framework-swoole/framework/server/BaseServer.php(66): swoole_http_server->start()
#7 /var/www/php/easy-framework-swoole/framework/server/Server.php(29): framework\server\BaseServer->start()
#8 /var/www/php/easy-framework-swoole/framework/web/Application.php(50): framework\server\Server->start()
#9 /var/www/php/easy-framework-swoole/framework/framework.php(31): framework\web\Application::run(Array)
#10 /var/www/php/easy-framework-swoole/index.php(8): require('/var/www/php/ea...')
#11 {main}

[2017-11-08 14:42:50] [ log ] localhost:81/index/test
 client: 127.0.0.1
---------------------------------------------------------------
 msg : Redis::pconnect(): connect() failed: Connection refused at  file: /var/www/php/easy-framework-swoole/framework/components/cache/Redis.php, on line: 26 
 file : /var/www/php/easy-framework-swoole/framework/base/Container.php 
 line : 120 
 code : 500 
 trace : #0 /var/www/php/easy-framework-swoole/framework/components/session/driver/Redis.php(30): framework\base\Container->getComponent('sessionRedis')
#1 /var/www/php/easy-framework-swoole/framework/components/session/Session.php(77): framework\components\session\driver\Redis->__construct(Array)
#2 /var/www/php/easy-framework-swoole/application/lib/Web.php(37): framework\components\session\Session->start()
#3 /var/www/php/easy-framework-swoole/framework/components/dispatcher/Dispatcher.php(32): application\lib\Web->beforeAction()
#4 /var/www/php/easy-framework-swoole/framework/server/HttpServer.php(59): framework\components\dispatcher\Dispatcher->run(Array)
#5 [internal function]: framework\server\HttpServer->framework\server\{closure}(Object(swoole_http_request), Object(swoole_http_response))
#6 /var/www/php/easy-framework-swoole/framework/server/BaseServer.php(66): swoole_http_server->start()
#7 /var/www/php/easy-framework-swoole/framework/server/Server.php(29): framework\server\BaseServer->start()
#8 /var/www/php/easy-framework-swoole/framework/web/Application.php(50): framework\server\Server->start()
#9 /var/www/php/easy-framework-swoole/framework/framework.php(31): framework\web\Application::run(Array)
#10 /var/www/php/easy-framework-swoole/index.php(8): require('/var/www/php/ea...')
#11 {main}

[2017-11-08 14:42:50] [ log ] localhost:81/index/test
 client: 127.0.0.1
---------------------------------------------------------------
 msg : Redis::pconnect(): connect() failed: Connection refused at  file: /var/www/php/easy-framework-swoole/framework/components/cache/Redis.php, on line: 26 
 file : /var/www/php/easy-framework-swoole/framework/base/Container.php 
 line : 120 
 code : 500 
 trace : #0 /var/www/php/easy-framework-swoole/framework/components/session/driver/Redis.php(30): framework\base\Container->getComponent('sessionRedis')
#1 /var/www/php/easy-framework-swoole/framework/components/session/Session.php(77): framework\components\session\driver\Redis->__construct(Array)
#2 /var/www/php/easy-framework-swoole/application/lib/Web.php(37): framework\components\session\Session->start()
#3 /var/www/php/easy-framework-swoole/framework/components/dispatcher/Dispatcher.php(32): application\lib\Web->beforeAction()
#4 /var/www/php/easy-framework-swoole/framework/server/HttpServer.php(59): framework\components\dispatcher\Dispatcher->run(Array)
#5 [internal function]: framework\server\HttpServer->framework\server\{closure}(Object(swoole_http_request), Object(swoole_http_response))
#6 /var/www/php/easy-framework-swoole/framework/server/BaseServer.php(66): swoole_http_server->start()
#7 /var/www/php/easy-framework-swoole/framework/server/Server.php(29): framework\server\BaseServer->start()
#8 /var/www/php/easy-framework-swoole/framework/web/Application.php(50): framework\server\Server->start()
#9 /var/www/php/easy-framework-swoole/framework/framework.php(31): framework\web\Application::run(Array)
#10 /var/www/php/easy-framework-swoole/index.php(8): require('/var/www/php/ea...')
#11 {main}

