[2018-01-07 13:30:54] [ log ] 127.0.0.1:85/admin/
 client: 127.0.0.1
---------------------------------------------------------------
 msg : /var/www/php/easy-framework-swoole/application/controller/Admin.php not exists 
 file : /var/www/php/easy-framework-swoole/framework/components/dispatcher/Dispatcher.php 
 line : 19 
 code : 404 
 trace : #0 /var/www/php/easy-framework-swoole/framework/server/HttpServer.php(58): framework\components\dispatcher\Dispatcher->run(Array)
#1 [internal function]: framework\server\HttpServer->framework\server\{closure}(Object(swoole_http_request), Object(swoole_http_response))
#2 /var/www/php/easy-framework-swoole/framework/server/BaseServer.php(68): swoole_http_server->start()
#3 /var/www/php/easy-framework-swoole/framework/server/Server.php(29): framework\server\BaseServer->start()
#4 /var/www/php/easy-framework-swoole/framework/web/Application.php(52): framework\server\Server->start()
#5 /var/www/php/easy-framework-swoole/framework/framework.php(31): framework\web\Application::run(Array)
#6 /var/www/php/easy-framework-swoole/index.php(8): require('/var/www/php/ea...')
#7 {main}

[2018-01-07 13:30:55] [ log ] 127.0.0.1:85/admin/
 client: 127.0.0.1
---------------------------------------------------------------
 msg : /var/www/php/easy-framework-swoole/application/controller/Admin.php not exists 
 file : /var/www/php/easy-framework-swoole/framework/components/dispatcher/Dispatcher.php 
 line : 19 
 code : 404 
 trace : #0 /var/www/php/easy-framework-swoole/framework/server/HttpServer.php(58): framework\components\dispatcher\Dispatcher->run(Array)
#1 [internal function]: framework\server\HttpServer->framework\server\{closure}(Object(swoole_http_request), Object(swoole_http_response))
#2 /var/www/php/easy-framework-swoole/framework/server/BaseServer.php(68): swoole_http_server->start()
#3 /var/www/php/easy-framework-swoole/framework/server/Server.php(29): framework\server\BaseServer->start()
#4 /var/www/php/easy-framework-swoole/framework/web/Application.php(52): framework\server\Server->start()
#5 /var/www/php/easy-framework-swoole/framework/framework.php(31): framework\web\Application::run(Array)
#6 /var/www/php/easy-framework-swoole/index.php(8): require('/var/www/php/ea...')
#7 {main}

[2018-01-07 13:30:55] [ log ] 127.0.0.1:85/admin/
 client: 127.0.0.1
---------------------------------------------------------------
 msg : /var/www/php/easy-framework-swoole/application/controller/Admin.php not exists 
 file : /var/www/php/easy-framework-swoole/framework/components/dispatcher/Dispatcher.php 
 line : 19 
 code : 404 
 trace : #0 /var/www/php/easy-framework-swoole/framework/server/HttpServer.php(58): framework\components\dispatcher\Dispatcher->run(Array)
#1 [internal function]: framework\server\HttpServer->framework\server\{closure}(Object(swoole_http_request), Object(swoole_http_response))
#2 /var/www/php/easy-framework-swoole/framework/server/BaseServer.php(68): swoole_http_server->start()
#3 /var/www/php/easy-framework-swoole/framework/server/Server.php(29): framework\server\BaseServer->start()
#4 /var/www/php/easy-framework-swoole/framework/web/Application.php(52): framework\server\Server->start()
#5 /var/www/php/easy-framework-swoole/framework/framework.php(31): framework\web\Application::run(Array)
#6 /var/www/php/easy-framework-swoole/index.php(8): require('/var/www/php/ea...')
#7 {main}

[2018-01-07 13:30:56] [ log ] 127.0.0.1:85/admin/
 client: 127.0.0.1
---------------------------------------------------------------
 msg : /var/www/php/easy-framework-swoole/application/controller/Admin.php not exists 
 file : /var/www/php/easy-framework-swoole/framework/components/dispatcher/Dispatcher.php 
 line : 19 
 code : 404 
 trace : #0 /var/www/php/easy-framework-swoole/framework/server/HttpServer.php(58): framework\components\dispatcher\Dispatcher->run(Array)
#1 [internal function]: framework\server\HttpServer->framework\server\{closure}(Object(swoole_http_request), Object(swoole_http_response))
#2 /var/www/php/easy-framework-swoole/framework/server/BaseServer.php(68): swoole_http_server->start()
#3 /var/www/php/easy-framework-swoole/framework/server/Server.php(29): framework\server\BaseServer->start()
#4 /var/www/php/easy-framework-swoole/framework/web/Application.php(52): framework\server\Server->start()
#5 /var/www/php/easy-framework-swoole/framework/framework.php(31): framework\web\Application::run(Array)
#6 /var/www/php/easy-framework-swoole/index.php(8): require('/var/www/php/ea...')
#7 {main}

[2018-01-07 13:30:56] [ log ] 127.0.0.1:85/admin/
 client: 127.0.0.1
---------------------------------------------------------------
 msg : /var/www/php/easy-framework-swoole/application/controller/Admin.php not exists 
 file : /var/www/php/easy-framework-swoole/framework/components/dispatcher/Dispatcher.php 
 line : 19 
 code : 404 
 trace : #0 /var/www/php/easy-framework-swoole/framework/server/HttpServer.php(58): framework\components\dispatcher\Dispatcher->run(Array)
#1 [internal function]: framework\server\HttpServer->framework\server\{closure}(Object(swoole_http_request), Object(swoole_http_response))
#2 /var/www/php/easy-framework-swoole/framework/server/BaseServer.php(68): swoole_http_server->start()
#3 /var/www/php/easy-framework-swoole/framework/server/Server.php(29): framework\server\BaseServer->start()
#4 /var/www/php/easy-framework-swoole/framework/web/Application.php(52): framework\server\Server->start()
#5 /var/www/php/easy-framework-swoole/framework/framework.php(31): framework\web\Application::run(Array)
#6 /var/www/php/easy-framework-swoole/index.php(8): require('/var/www/php/ea...')
#7 {main}

[2018-01-07 13:32:39] [ log ] 127.0.0.1:85/admin/
 client: 127.0.0.1
---------------------------------------------------------------
 msg : /var/www/php/easy-framework-swoole/application/controller/Admin.php not exists 
 file : /var/www/php/easy-framework-swoole/framework/components/dispatcher/Dispatcher.php 
 line : 19 
 code : 404 
 trace : #0 /var/www/php/easy-framework-swoole/framework/server/HttpServer.php(58): framework\components\dispatcher\Dispatcher->run(Array)
#1 [internal function]: framework\server\HttpServer->framework\server\{closure}(Object(swoole_http_request), Object(swoole_http_response))
#2 /var/www/php/easy-framework-swoole/framework/server/BaseServer.php(68): swoole_http_server->start()
#3 /var/www/php/easy-framework-swoole/framework/server/Server.php(29): framework\server\BaseServer->start()
#4 /var/www/php/easy-framework-swoole/framework/web/Application.php(52): framework\server\Server->start()
#5 /var/www/php/easy-framework-swoole/framework/framework.php(31): framework\web\Application::run(Array)
#6 /var/www/php/easy-framework-swoole/index.php(8): require('/var/www/php/ea...')
#7 {main}

[2018-01-07 13:32:40] [ log ] 127.0.0.1:85/admin/
 client: 127.0.0.1
---------------------------------------------------------------
 msg : /var/www/php/easy-framework-swoole/application/controller/Admin.php not exists 
 file : /var/www/php/easy-framework-swoole/framework/components/dispatcher/Dispatcher.php 
 line : 19 
 code : 404 
 trace : #0 /var/www/php/easy-framework-swoole/framework/server/HttpServer.php(58): framework\components\dispatcher\Dispatcher->run(Array)
#1 [internal function]: framework\server\HttpServer->framework\server\{closure}(Object(swoole_http_request), Object(swoole_http_response))
#2 /var/www/php/easy-framework-swoole/framework/server/BaseServer.php(68): swoole_http_server->start()
#3 /var/www/php/easy-framework-swoole/framework/server/Server.php(29): framework\server\BaseServer->start()
#4 /var/www/php/easy-framework-swoole/framework/web/Application.php(52): framework\server\Server->start()
#5 /var/www/php/easy-framework-swoole/framework/framework.php(31): framework\web\Application::run(Array)
#6 /var/www/php/easy-framework-swoole/index.php(8): require('/var/www/php/ea...')
#7 {main}

[2018-01-07 13:32:41] [ log ] 127.0.0.1:85/admin/
 client: 127.0.0.1
---------------------------------------------------------------
 msg : /var/www/php/easy-framework-swoole/application/controller/Admin.php not exists 
 file : /var/www/php/easy-framework-swoole/framework/components/dispatcher/Dispatcher.php 
 line : 19 
 code : 404 
 trace : #0 /var/www/php/easy-framework-swoole/framework/server/HttpServer.php(58): framework\components\dispatcher\Dispatcher->run(Array)
#1 [internal function]: framework\server\HttpServer->framework\server\{closure}(Object(swoole_http_request), Object(swoole_http_response))
#2 /var/www/php/easy-framework-swoole/framework/server/BaseServer.php(68): swoole_http_server->start()
#3 /var/www/php/easy-framework-swoole/framework/server/Server.php(29): framework\server\BaseServer->start()
#4 /var/www/php/easy-framework-swoole/framework/web/Application.php(52): framework\server\Server->start()
#5 /var/www/php/easy-framework-swoole/framework/framework.php(31): framework\web\Application::run(Array)
#6 /var/www/php/easy-framework-swoole/index.php(8): require('/var/www/php/ea...')
#7 {main}

[2018-01-07 13:32:42] [ log ] 127.0.0.1:85/admin/
 client: 127.0.0.1
---------------------------------------------------------------
 msg : /var/www/php/easy-framework-swoole/application/controller/Admin.php not exists 
 file : /var/www/php/easy-framework-swoole/framework/components/dispatcher/Dispatcher.php 
 line : 19 
 code : 404 
 trace : #0 /var/www/php/easy-framework-swoole/framework/server/HttpServer.php(58): framework\components\dispatcher\Dispatcher->run(Array)
#1 [internal function]: framework\server\HttpServer->framework\server\{closure}(Object(swoole_http_request), Object(swoole_http_response))
#2 /var/www/php/easy-framework-swoole/framework/server/BaseServer.php(68): swoole_http_server->start()
#3 /var/www/php/easy-framework-swoole/framework/server/Server.php(29): framework\server\BaseServer->start()
#4 /var/www/php/easy-framework-swoole/framework/web/Application.php(52): framework\server\Server->start()
#5 /var/www/php/easy-framework-swoole/framework/framework.php(31): framework\web\Application::run(Array)
#6 /var/www/php/easy-framework-swoole/index.php(8): require('/var/www/php/ea...')
#7 {main}

[2018-01-07 13:33:51] [ log ] 127.0.0.1:85/admin.php
 client: 127.0.0.1
---------------------------------------------------------------
 msg : /var/www/php/easy-framework-swoole/application/controller/Admin.php.php not exists 
 file : /var/www/php/easy-framework-swoole/framework/components/dispatcher/Dispatcher.php 
 line : 19 
 code : 404 
 trace : #0 /var/www/php/easy-framework-swoole/framework/server/HttpServer.php(58): framework\components\dispatcher\Dispatcher->run(Array)
#1 [internal function]: framework\server\HttpServer->framework\server\{closure}(Object(swoole_http_request), Object(swoole_http_response))
#2 /var/www/php/easy-framework-swoole/framework/server/BaseServer.php(68): swoole_http_server->start()
#3 /var/www/php/easy-framework-swoole/framework/server/Server.php(29): framework\server\BaseServer->start()
#4 /var/www/php/easy-framework-swoole/framework/web/Application.php(52): framework\server\Server->start()
#5 /var/www/php/easy-framework-swoole/framework/framework.php(31): framework\web\Application::run(Array)
#6 /var/www/php/easy-framework-swoole/index.php(8): require('/var/www/php/ea...')
#7 {main}

[2018-01-07 13:33:52] [ log ] 127.0.0.1:85/admin.php
 client: 127.0.0.1
---------------------------------------------------------------
 msg : /var/www/php/easy-framework-swoole/application/controller/Admin.php.php not exists 
 file : /var/www/php/easy-framework-swoole/framework/components/dispatcher/Dispatcher.php 
 line : 19 
 code : 404 
 trace : #0 /var/www/php/easy-framework-swoole/framework/server/HttpServer.php(58): framework\components\dispatcher\Dispatcher->run(Array)
#1 [internal function]: framework\server\HttpServer->framework\server\{closure}(Object(swoole_http_request), Object(swoole_http_response))
#2 /var/www/php/easy-framework-swoole/framework/server/BaseServer.php(68): swoole_http_server->start()
#3 /var/www/php/easy-framework-swoole/framework/server/Server.php(29): framework\server\BaseServer->start()
#4 /var/www/php/easy-framework-swoole/framework/web/Application.php(52): framework\server\Server->start()
#5 /var/www/php/easy-framework-swoole/framework/framework.php(31): framework\web\Application::run(Array)
#6 /var/www/php/easy-framework-swoole/index.php(8): require('/var/www/php/ea...')
#7 {main}

[2018-01-07 13:33:52] [ log ] 127.0.0.1:85/admin.php
 client: 127.0.0.1
---------------------------------------------------------------
 msg : /var/www/php/easy-framework-swoole/application/controller/Admin.php.php not exists 
 file : /var/www/php/easy-framework-swoole/framework/components/dispatcher/Dispatcher.php 
 line : 19 
 code : 404 
 trace : #0 /var/www/php/easy-framework-swoole/framework/server/HttpServer.php(58): framework\components\dispatcher\Dispatcher->run(Array)
#1 [internal function]: framework\server\HttpServer->framework\server\{closure}(Object(swoole_http_request), Object(swoole_http_response))
#2 /var/www/php/easy-framework-swoole/framework/server/BaseServer.php(68): swoole_http_server->start()
#3 /var/www/php/easy-framework-swoole/framework/server/Server.php(29): framework\server\BaseServer->start()
#4 /var/www/php/easy-framework-swoole/framework/web/Application.php(52): framework\server\Server->start()
#5 /var/www/php/easy-framework-swoole/framework/framework.php(31): framework\web\Application::run(Array)
#6 /var/www/php/easy-framework-swoole/index.php(8): require('/var/www/php/ea...')
#7 {main}

[2018-01-07 13:33:52] [ log ] 127.0.0.1:85/admin.php
 client: 127.0.0.1
---------------------------------------------------------------
 msg : /var/www/php/easy-framework-swoole/application/controller/Admin.php.php not exists 
 file : /var/www/php/easy-framework-swoole/framework/components/dispatcher/Dispatcher.php 
 line : 19 
 code : 404 
 trace : #0 /var/www/php/easy-framework-swoole/framework/server/HttpServer.php(58): framework\components\dispatcher\Dispatcher->run(Array)
#1 [internal function]: framework\server\HttpServer->framework\server\{closure}(Object(swoole_http_request), Object(swoole_http_response))
#2 /var/www/php/easy-framework-swoole/framework/server/BaseServer.php(68): swoole_http_server->start()
#3 /var/www/php/easy-framework-swoole/framework/server/Server.php(29): framework\server\BaseServer->start()
#4 /var/www/php/easy-framework-swoole/framework/web/Application.php(52): framework\server\Server->start()
#5 /var/www/php/easy-framework-swoole/framework/framework.php(31): framework\web\Application::run(Array)
#6 /var/www/php/easy-framework-swoole/index.php(8): require('/var/www/php/ea...')
#7 {main}

[2018-01-07 13:33:53] [ log ] 127.0.0.1:85/admin.php
 client: 127.0.0.1
---------------------------------------------------------------
 msg : /var/www/php/easy-framework-swoole/application/controller/Admin.php.php not exists 
 file : /var/www/php/easy-framework-swoole/framework/components/dispatcher/Dispatcher.php 
 line : 19 
 code : 404 
 trace : #0 /var/www/php/easy-framework-swoole/framework/server/HttpServer.php(58): framework\components\dispatcher\Dispatcher->run(Array)
#1 [internal function]: framework\server\HttpServer->framework\server\{closure}(Object(swoole_http_request), Object(swoole_http_response))
#2 /var/www/php/easy-framework-swoole/framework/server/BaseServer.php(68): swoole_http_server->start()
#3 /var/www/php/easy-framework-swoole/framework/server/Server.php(29): framework\server\BaseServer->start()
#4 /var/www/php/easy-framework-swoole/framework/web/Application.php(52): framework\server\Server->start()
#5 /var/www/php/easy-framework-swoole/framework/framework.php(31): framework\web\Application::run(Array)
#6 /var/www/php/easy-framework-swoole/index.php(8): require('/var/www/php/ea...')
#7 {main}

[2018-01-07 13:33:53] [ log ] 127.0.0.1:85/admin.php
 client: 127.0.0.1
---------------------------------------------------------------
 msg : /var/www/php/easy-framework-swoole/application/controller/Admin.php.php not exists 
 file : /var/www/php/easy-framework-swoole/framework/components/dispatcher/Dispatcher.php 
 line : 19 
 code : 404 
 trace : #0 /var/www/php/easy-framework-swoole/framework/server/HttpServer.php(58): framework\components\dispatcher\Dispatcher->run(Array)
#1 [internal function]: framework\server\HttpServer->framework\server\{closure}(Object(swoole_http_request), Object(swoole_http_response))
#2 /var/www/php/easy-framework-swoole/framework/server/BaseServer.php(68): swoole_http_server->start()
#3 /var/www/php/easy-framework-swoole/framework/server/Server.php(29): framework\server\BaseServer->start()
#4 /var/www/php/easy-framework-swoole/framework/web/Application.php(52): framework\server\Server->start()
#5 /var/www/php/easy-framework-swoole/framework/framework.php(31): framework\web\Application::run(Array)
#6 /var/www/php/easy-framework-swoole/index.php(8): require('/var/www/php/ea...')
#7 {main}

[2018-01-07 13:33:53] [ log ] 127.0.0.1:85/admin.php
 client: 127.0.0.1
---------------------------------------------------------------
 msg : /var/www/php/easy-framework-swoole/application/controller/Admin.php.php not exists 
 file : /var/www/php/easy-framework-swoole/framework/components/dispatcher/Dispatcher.php 
 line : 19 
 code : 404 
 trace : #0 /var/www/php/easy-framework-swoole/framework/server/HttpServer.php(58): framework\components\dispatcher\Dispatcher->run(Array)
#1 [internal function]: framework\server\HttpServer->framework\server\{closure}(Object(swoole_http_request), Object(swoole_http_response))
#2 /var/www/php/easy-framework-swoole/framework/server/BaseServer.php(68): swoole_http_server->start()
#3 /var/www/php/easy-framework-swoole/framework/server/Server.php(29): framework\server\BaseServer->start()
#4 /var/www/php/easy-framework-swoole/framework/web/Application.php(52): framework\server\Server->start()
#5 /var/www/php/easy-framework-swoole/framework/framework.php(31): framework\web\Application::run(Array)
#6 /var/www/php/easy-framework-swoole/index.php(8): require('/var/www/php/ea...')
#7 {main}

[2018-01-07 13:33:53] [ log ] 127.0.0.1:85/admin.php
 client: 127.0.0.1
---------------------------------------------------------------
 msg : /var/www/php/easy-framework-swoole/application/controller/Admin.php.php not exists 
 file : /var/www/php/easy-framework-swoole/framework/components/dispatcher/Dispatcher.php 
 line : 19 
 code : 404 
 trace : #0 /var/www/php/easy-framework-swoole/framework/server/HttpServer.php(58): framework\components\dispatcher\Dispatcher->run(Array)
#1 [internal function]: framework\server\HttpServer->framework\server\{closure}(Object(swoole_http_request), Object(swoole_http_response))
#2 /var/www/php/easy-framework-swoole/framework/server/BaseServer.php(68): swoole_http_server->start()
#3 /var/www/php/easy-framework-swoole/framework/server/Server.php(29): framework\server\BaseServer->start()
#4 /var/www/php/easy-framework-swoole/framework/web/Application.php(52): framework\server\Server->start()
#5 /var/www/php/easy-framework-swoole/framework/framework.php(31): framework\web\Application::run(Array)
#6 /var/www/php/easy-framework-swoole/index.php(8): require('/var/www/php/ea...')
#7 {main}

[2018-01-07 13:33:53] [ log ] 127.0.0.1:85/admin.php
 client: 127.0.0.1
---------------------------------------------------------------
 msg : /var/www/php/easy-framework-swoole/application/controller/Admin.php.php not exists 
 file : /var/www/php/easy-framework-swoole/framework/components/dispatcher/Dispatcher.php 
 line : 19 
 code : 404 
 trace : #0 /var/www/php/easy-framework-swoole/framework/server/HttpServer.php(58): framework\components\dispatcher\Dispatcher->run(Array)
#1 [internal function]: framework\server\HttpServer->framework\server\{closure}(Object(swoole_http_request), Object(swoole_http_response))
#2 /var/www/php/easy-framework-swoole/framework/server/BaseServer.php(68): swoole_http_server->start()
#3 /var/www/php/easy-framework-swoole/framework/server/Server.php(29): framework\server\BaseServer->start()
#4 /var/www/php/easy-framework-swoole/framework/web/Application.php(52): framework\server\Server->start()
#5 /var/www/php/easy-framework-swoole/framework/framework.php(31): framework\web\Application::run(Array)
#6 /var/www/php/easy-framework-swoole/index.php(8): require('/var/www/php/ea...')
#7 {main}

[2018-01-07 13:36:19] [ log ] 127.0.0.1:85/admin.php
 client: 127.0.0.1
---------------------------------------------------------------
 msg : /var/www/php/easy-framework-swoole/application/controller/Admin.php.php not exists 
 file : /var/www/php/easy-framework-swoole/framework/components/dispatcher/Dispatcher.php 
 line : 19 
 code : 404 
 trace : #0 /var/www/php/easy-framework-swoole/framework/server/HttpServer.php(58): framework\components\dispatcher\Dispatcher->run(Array)
#1 [internal function]: framework\server\HttpServer->framework\server\{closure}(Object(swoole_http_request), Object(swoole_http_response))
#2 /var/www/php/easy-framework-swoole/framework/server/BaseServer.php(68): swoole_http_server->start()
#3 /var/www/php/easy-framework-swoole/framework/server/Server.php(29): framework\server\BaseServer->start()
#4 /var/www/php/easy-framework-swoole/framework/web/Application.php(52): framework\server\Server->start()
#5 /var/www/php/easy-framework-swoole/framework/framework.php(31): framework\web\Application::run(Array)
#6 /var/www/php/easy-framework-swoole/index.php(8): require('/var/www/php/ea...')
#7 {main}

[2018-01-07 13:36:21] [ log ] 127.0.0.1:85/admin.php
 client: 127.0.0.1
---------------------------------------------------------------
 msg : /var/www/php/easy-framework-swoole/application/controller/Admin.php.php not exists 
 file : /var/www/php/easy-framework-swoole/framework/components/dispatcher/Dispatcher.php 
 line : 19 
 code : 404 
 trace : #0 /var/www/php/easy-framework-swoole/framework/server/HttpServer.php(58): framework\components\dispatcher\Dispatcher->run(Array)
#1 [internal function]: framework\server\HttpServer->framework\server\{closure}(Object(swoole_http_request), Object(swoole_http_response))
#2 /var/www/php/easy-framework-swoole/framework/server/BaseServer.php(68): swoole_http_server->start()
#3 /var/www/php/easy-framework-swoole/framework/server/Server.php(29): framework\server\BaseServer->start()
#4 /var/www/php/easy-framework-swoole/framework/web/Application.php(52): framework\server\Server->start()
#5 /var/www/php/easy-framework-swoole/framework/framework.php(31): framework\web\Application::run(Array)
#6 /var/www/php/easy-framework-swoole/index.php(8): require('/var/www/php/ea...')
#7 {main}

[2018-01-07 13:36:26] [ log ] 127.0.0.1:85/admin
 client: 127.0.0.1
---------------------------------------------------------------
 msg : /var/www/php/easy-framework-swoole/application/controller/Admin.php not exists 
 file : /var/www/php/easy-framework-swoole/framework/components/dispatcher/Dispatcher.php 
 line : 19 
 code : 404 
 trace : #0 /var/www/php/easy-framework-swoole/framework/server/HttpServer.php(58): framework\components\dispatcher\Dispatcher->run(Array)
#1 [internal function]: framework\server\HttpServer->framework\server\{closure}(Object(swoole_http_request), Object(swoole_http_response))
#2 /var/www/php/easy-framework-swoole/framework/server/BaseServer.php(68): swoole_http_server->start()
#3 /var/www/php/easy-framework-swoole/framework/server/Server.php(29): framework\server\BaseServer->start()
#4 /var/www/php/easy-framework-swoole/framework/web/Application.php(52): framework\server\Server->start()
#5 /var/www/php/easy-framework-swoole/framework/framework.php(31): framework\web\Application::run(Array)
#6 /var/www/php/easy-framework-swoole/index.php(8): require('/var/www/php/ea...')
#7 {main}

[2018-01-07 13:36:28] [ log ] 127.0.0.1:85/admin
 client: 127.0.0.1
---------------------------------------------------------------
 msg : /var/www/php/easy-framework-swoole/application/controller/Admin.php not exists 
 file : /var/www/php/easy-framework-swoole/framework/components/dispatcher/Dispatcher.php 
 line : 19 
 code : 404 
 trace : #0 /var/www/php/easy-framework-swoole/framework/server/HttpServer.php(58): framework\components\dispatcher\Dispatcher->run(Array)
#1 [internal function]: framework\server\HttpServer->framework\server\{closure}(Object(swoole_http_request), Object(swoole_http_response))
#2 /var/www/php/easy-framework-swoole/framework/server/BaseServer.php(68): swoole_http_server->start()
#3 /var/www/php/easy-framework-swoole/framework/server/Server.php(29): framework\server\BaseServer->start()
#4 /var/www/php/easy-framework-swoole/framework/web/Application.php(52): framework\server\Server->start()
#5 /var/www/php/easy-framework-swoole/framework/framework.php(31): framework\web\Application::run(Array)
#6 /var/www/php/easy-framework-swoole/index.php(8): require('/var/www/php/ea...')
#7 {main}

[2018-01-07 13:36:29] [ log ] 127.0.0.1:85/admin
 client: 127.0.0.1
---------------------------------------------------------------
 msg : /var/www/php/easy-framework-swoole/application/controller/Admin.php not exists 
 file : /var/www/php/easy-framework-swoole/framework/components/dispatcher/Dispatcher.php 
 line : 19 
 code : 404 
 trace : #0 /var/www/php/easy-framework-swoole/framework/server/HttpServer.php(58): framework\components\dispatcher\Dispatcher->run(Array)
#1 [internal function]: framework\server\HttpServer->framework\server\{closure}(Object(swoole_http_request), Object(swoole_http_response))
#2 /var/www/php/easy-framework-swoole/framework/server/BaseServer.php(68): swoole_http_server->start()
#3 /var/www/php/easy-framework-swoole/framework/server/Server.php(29): framework\server\BaseServer->start()
#4 /var/www/php/easy-framework-swoole/framework/web/Application.php(52): framework\server\Server->start()
#5 /var/www/php/easy-framework-swoole/framework/framework.php(31): framework\web\Application::run(Array)
#6 /var/www/php/easy-framework-swoole/index.php(8): require('/var/www/php/ea...')
#7 {main}

[2018-01-07 13:36:30] [ log ] 127.0.0.1:85/admin
 client: 127.0.0.1
---------------------------------------------------------------
 msg : /var/www/php/easy-framework-swoole/application/controller/Admin.php not exists 
 file : /var/www/php/easy-framework-swoole/framework/components/dispatcher/Dispatcher.php 
 line : 19 
 code : 404 
 trace : #0 /var/www/php/easy-framework-swoole/framework/server/HttpServer.php(58): framework\components\dispatcher\Dispatcher->run(Array)
#1 [internal function]: framework\server\HttpServer->framework\server\{closure}(Object(swoole_http_request), Object(swoole_http_response))
#2 /var/www/php/easy-framework-swoole/framework/server/BaseServer.php(68): swoole_http_server->start()
#3 /var/www/php/easy-framework-swoole/framework/server/Server.php(29): framework\server\BaseServer->start()
#4 /var/www/php/easy-framework-swoole/framework/web/Application.php(52): framework\server\Server->start()
#5 /var/www/php/easy-framework-swoole/framework/framework.php(31): framework\web\Application::run(Array)
#6 /var/www/php/easy-framework-swoole/index.php(8): require('/var/www/php/ea...')
#7 {main}

[2018-01-07 13:36:31] [ log ] 127.0.0.1:85/admin
 client: 127.0.0.1
---------------------------------------------------------------
 msg : /var/www/php/easy-framework-swoole/application/controller/Admin.php not exists 
 file : /var/www/php/easy-framework-swoole/framework/components/dispatcher/Dispatcher.php 
 line : 19 
 code : 404 
 trace : #0 /var/www/php/easy-framework-swoole/framework/server/HttpServer.php(58): framework\components\dispatcher\Dispatcher->run(Array)
#1 [internal function]: framework\server\HttpServer->framework\server\{closure}(Object(swoole_http_request), Object(swoole_http_response))
#2 /var/www/php/easy-framework-swoole/framework/server/BaseServer.php(68): swoole_http_server->start()
#3 /var/www/php/easy-framework-swoole/framework/server/Server.php(29): framework\server\BaseServer->start()
#4 /var/www/php/easy-framework-swoole/framework/web/Application.php(52): framework\server\Server->start()
#5 /var/www/php/easy-framework-swoole/framework/framework.php(31): framework\web\Application::run(Array)
#6 /var/www/php/easy-framework-swoole/index.php(8): require('/var/www/php/ea...')
#7 {main}

[2018-01-07 13:36:32] [ log ] 127.0.0.1:85/admin
 client: 127.0.0.1
---------------------------------------------------------------
 msg : /var/www/php/easy-framework-swoole/application/controller/Admin.php not exists 
 file : /var/www/php/easy-framework-swoole/framework/components/dispatcher/Dispatcher.php 
 line : 19 
 code : 404 
 trace : #0 /var/www/php/easy-framework-swoole/framework/server/HttpServer.php(58): framework\components\dispatcher\Dispatcher->run(Array)
#1 [internal function]: framework\server\HttpServer->framework\server\{closure}(Object(swoole_http_request), Object(swoole_http_response))
#2 /var/www/php/easy-framework-swoole/framework/server/BaseServer.php(68): swoole_http_server->start()
#3 /var/www/php/easy-framework-swoole/framework/server/Server.php(29): framework\server\BaseServer->start()
#4 /var/www/php/easy-framework-swoole/framework/web/Application.php(52): framework\server\Server->start()
#5 /var/www/php/easy-framework-swoole/framework/framework.php(31): framework\web\Application::run(Array)
#6 /var/www/php/easy-framework-swoole/index.php(8): require('/var/www/php/ea...')
#7 {main}

[2018-01-07 13:37:14] [ log ] 127.0.0.1:85/admin/
 client: 127.0.0.1
---------------------------------------------------------------
 msg : /var/www/php/easy-framework-swoole/application/controller/Admin.php not exists 
 file : /var/www/php/easy-framework-swoole/framework/components/dispatcher/Dispatcher.php 
 line : 19 
 code : 404 
 trace : #0 /var/www/php/easy-framework-swoole/framework/server/HttpServer.php(58): framework\components\dispatcher\Dispatcher->run(Array)
#1 [internal function]: framework\server\HttpServer->framework\server\{closure}(Object(swoole_http_request), Object(swoole_http_response))
#2 /var/www/php/easy-framework-swoole/framework/server/BaseServer.php(68): swoole_http_server->start()
#3 /var/www/php/easy-framework-swoole/framework/server/Server.php(29): framework\server\BaseServer->start()
#4 /var/www/php/easy-framework-swoole/framework/web/Application.php(52): framework\server\Server->start()
#5 /var/www/php/easy-framework-swoole/framework/framework.php(31): framework\web\Application::run(Array)
#6 /var/www/php/easy-framework-swoole/index.php(8): require('/var/www/php/ea...')
#7 {main}

[2018-01-07 13:37:15] [ log ] 127.0.0.1:85/admin/
 client: 127.0.0.1
---------------------------------------------------------------
 msg : /var/www/php/easy-framework-swoole/application/controller/Admin.php not exists 
 file : /var/www/php/easy-framework-swoole/framework/components/dispatcher/Dispatcher.php 
 line : 19 
 code : 404 
 trace : #0 /var/www/php/easy-framework-swoole/framework/server/HttpServer.php(58): framework\components\dispatcher\Dispatcher->run(Array)
#1 [internal function]: framework\server\HttpServer->framework\server\{closure}(Object(swoole_http_request), Object(swoole_http_response))
#2 /var/www/php/easy-framework-swoole/framework/server/BaseServer.php(68): swoole_http_server->start()
#3 /var/www/php/easy-framework-swoole/framework/server/Server.php(29): framework\server\BaseServer->start()
#4 /var/www/php/easy-framework-swoole/framework/web/Application.php(52): framework\server\Server->start()
#5 /var/www/php/easy-framework-swoole/framework/framework.php(31): framework\web\Application::run(Array)
#6 /var/www/php/easy-framework-swoole/index.php(8): require('/var/www/php/ea...')
#7 {main}

[2018-01-07 13:37:16] [ log ] 127.0.0.1:85/admin/
 client: 127.0.0.1
---------------------------------------------------------------
 msg : /var/www/php/easy-framework-swoole/application/controller/Admin.php not exists 
 file : /var/www/php/easy-framework-swoole/framework/components/dispatcher/Dispatcher.php 
 line : 19 
 code : 404 
 trace : #0 /var/www/php/easy-framework-swoole/framework/server/HttpServer.php(58): framework\components\dispatcher\Dispatcher->run(Array)
#1 [internal function]: framework\server\HttpServer->framework\server\{closure}(Object(swoole_http_request), Object(swoole_http_response))
#2 /var/www/php/easy-framework-swoole/framework/server/BaseServer.php(68): swoole_http_server->start()
#3 /var/www/php/easy-framework-swoole/framework/server/Server.php(29): framework\server\BaseServer->start()
#4 /var/www/php/easy-framework-swoole/framework/web/Application.php(52): framework\server\Server->start()
#5 /var/www/php/easy-framework-swoole/framework/framework.php(31): framework\web\Application::run(Array)
#6 /var/www/php/easy-framework-swoole/index.php(8): require('/var/www/php/ea...')
#7 {main}

[2018-01-07 13:52:56] [ log ] 127.0.0.1:85/
 client: 127.0.0.1
---------------------------------------------------------------
 msg : Use of undefined constant tmpQuery - assumed 'tmpQuery' at  file: /var/www/php/easy-framework-swoole/framework/components/url/Url.php, on line: 60 
 file : /var/www/php/easy-framework-swoole/framework/components/error/Error.php 
 line : 9 
 code : 8 
 trace : #0 /var/www/php/easy-framework-swoole/framework/components/url/Url.php(60): framework\components\error\Error->handleError(8, 'Use of undefine...', '/var/www/php/ea...', 60, Array)
#1 /var/www/php/easy-framework-swoole/framework/components/url/Url.php(22): framework\components\url\Url->formatUrl()
#2 /var/www/php/easy-framework-swoole/framework/server/HttpServer.php(56): framework\components\url\Url->run()
#3 [internal function]: framework\server\HttpServer->framework\server\{closure}(Object(swoole_http_request), Object(swoole_http_response))
#4 /var/www/php/easy-framework-swoole/framework/server/BaseServer.php(68): swoole_http_server->start()
#5 /var/www/php/easy-framework-swoole/framework/server/Server.php(29): framework\server\BaseServer->start()
#6 /var/www/php/easy-framework-swoole/framework/web/Application.php(52): framework\server\Server->start()
#7 /var/www/php/easy-framework-swoole/framework/framework.php(31): framework\web\Application::run(Array)
#8 /var/www/php/easy-framework-swoole/index.php(8): require('/var/www/php/ea...')
#9 {main}

[2018-01-07 14:01:52] [ log ] 127.0.0.1:85/
 client: 127.0.0.1
---------------------------------------------------------------
 msg : Constant SYSTEM already defined at  file: /var/www/php/easy-framework-swoole/framework/components/url/Url.php, on line: 85 
 file : /var/www/php/easy-framework-swoole/framework/components/error/Error.php 
 line : 9 
 code : 8 
 trace : #0 [internal function]: framework\components\error\Error->handleError(8, 'Constant SYSTEM...', '/var/www/php/ea...', 85, Array)
#1 /var/www/php/easy-framework-swoole/framework/components/url/Url.php(85): define('SYSTEM', 'application')
#2 /var/www/php/easy-framework-swoole/framework/components/url/Url.php(22): framework\components\url\Url->formatUrl()
#3 /var/www/php/easy-framework-swoole/framework/server/HttpServer.php(56): framework\components\url\Url->run()
#4 [internal function]: framework\server\HttpServer->framework\server\{closure}(Object(swoole_http_request), Object(swoole_http_response))
#5 /var/www/php/easy-framework-swoole/framework/server/BaseServer.php(68): swoole_http_server->start()
#6 /var/www/php/easy-framework-swoole/framework/server/Server.php(29): framework\server\BaseServer->start()
#7 /var/www/php/easy-framework-swoole/framework/web/Application.php(52): framework\server\Server->start()
#8 /var/www/php/easy-framework-swoole/framework/framework.php(31): framework\web\Application::run(Array)
#9 /var/www/php/easy-framework-swoole/index.php(8): require('/var/www/php/ea...')
#10 {main}

[2018-01-07 14:01:53] [ log ] 127.0.0.1:85/
 client: 127.0.0.1
---------------------------------------------------------------
 msg : Constant SYSTEM already defined at  file: /var/www/php/easy-framework-swoole/framework/components/url/Url.php, on line: 85 
 file : /var/www/php/easy-framework-swoole/framework/components/error/Error.php 
 line : 9 
 code : 8 
 trace : #0 [internal function]: framework\components\error\Error->handleError(8, 'Constant SYSTEM...', '/var/www/php/ea...', 85, Array)
#1 /var/www/php/easy-framework-swoole/framework/components/url/Url.php(85): define('SYSTEM', 'application')
#2 /var/www/php/easy-framework-swoole/framework/components/url/Url.php(22): framework\components\url\Url->formatUrl()
#3 /var/www/php/easy-framework-swoole/framework/server/HttpServer.php(56): framework\components\url\Url->run()
#4 [internal function]: framework\server\HttpServer->framework\server\{closure}(Object(swoole_http_request), Object(swoole_http_response))
#5 /var/www/php/easy-framework-swoole/framework/server/BaseServer.php(68): swoole_http_server->start()
#6 /var/www/php/easy-framework-swoole/framework/server/Server.php(29): framework\server\BaseServer->start()
#7 /var/www/php/easy-framework-swoole/framework/web/Application.php(52): framework\server\Server->start()
#8 /var/www/php/easy-framework-swoole/framework/framework.php(31): framework\web\Application::run(Array)
#9 /var/www/php/easy-framework-swoole/index.php(8): require('/var/www/php/ea...')
#10 {main}

[2018-01-07 17:16:16]  msg : Call to undefined method framework\base\Container::hasAppConf() 
 file : /var/www/php/easy-framework-swoole/framework/server/HttpServer.php 
 line : 66 
 code : 0 
 trace : #0 [internal function]: framework\server\HttpServer->framework\server\{closure}(Object(swoole_http_request), Object(swoole_http_response))
#1 /var/www/php/easy-framework-swoole/framework/server/BaseServer.php(68): swoole_http_server->start()
#2 /var/www/php/easy-framework-swoole/framework/server/Server.php(29): framework\server\BaseServer->start()
#3 /var/www/php/easy-framework-swoole/framework/web/Application.php(45): framework\server\Server->start()
#4 /var/www/php/easy-framework-swoole/framework/framework.php(28): framework\web\Application::run(Array)
#5 /var/www/php/easy-framework-swoole/index.php(8): require('/var/www/php/ea...')
#6 {main}

[2018-01-07 17:16:16] Uncaught Exception: Missing argument 1 for framework\base\Container::finish(), called in /var/www/php/easy-framework-swoole/framework/server/HttpServer.php on line 114 and defined at  file: /var/www/php/easy-framework-swoole/framework/base/Container.php, on line: 168 in /var/www/php/easy-framework-swoole/framework/components/error/Error.php:9
Stack trace:
#0 /var/www/php/easy-framework-swoole/framework/base/Container.php(168): framework\components\error\Error->handleError(2, 'Missing argumen...', '/var/www/php/ea...', 168, Array)
#1 /var/www/php/easy-framework-swoole/framework/server/HttpServer.php(114): framework\base\Container->finish()
#2 [internal function]: framework\server\HttpServer->framework\server\{closure}(Object(swoole_http_request), Object(swoole_http_response))
#3 /var/www/php/easy-framework-swoole/framework/server/BaseServer.php(68): swoole_http_server->start()
#4 /var/www/php/easy-framework-swoole/framework/server/Server.php(29): framework\server\BaseServer->start()
#5 /var/www/php/easy-framew (/var/www/php/easy-framework-swoole/framework/components/error/Error.php:9)
Stack trace:
#0 unknown(0): framework\components\shutdown\ShutDown->handleShutDown()


[2018-01-07 17:17:20]  msg : Call to undefined method framework\base\Container::hasAppConf() 
 file : /var/www/php/easy-framework-swoole/framework/server/HttpServer.php 
 line : 66 
 code : 0 
 trace : #0 [internal function]: framework\server\HttpServer->framework\server\{closure}(Object(swoole_http_request), Object(swoole_http_response))
#1 /var/www/php/easy-framework-swoole/framework/server/BaseServer.php(68): swoole_http_server->start()
#2 /var/www/php/easy-framework-swoole/framework/server/Server.php(29): framework\server\BaseServer->start()
#3 /var/www/php/easy-framework-swoole/framework/web/Application.php(45): framework\server\Server->start()
#4 /var/www/php/easy-framework-swoole/framework/framework.php(28): framework\web\Application::run(Array)
#5 /var/www/php/easy-framework-swoole/index.php(8): require('/var/www/php/ea...')
#6 {main}

[2018-01-07 17:17:20] Uncaught Exception: Undefined index: application at  file: /var/www/php/easy-framework-swoole/framework/base/Container.php, on line: 170 in /var/www/php/easy-framework-swoole/framework/components/error/Error.php:9
Stack trace:
#0 /var/www/php/easy-framework-swoole/framework/base/Container.php(170): framework\components\error\Error->handleError(8, 'Undefined index...', '/var/www/php/ea...', 170, Array)
#1 /var/www/php/easy-framework-swoole/framework/server/HttpServer.php(114): framework\base\Container->finish('application')
#2 [internal function]: framework\server\HttpServer->framework\server\{closure}(Object(swoole_http_request), Object(swoole_http_response))
#3 /var/www/php/easy-framework-swoole/framework/server/BaseServer.php(68): swoole_http_server->start()
#4 /var/www/php/easy-framework-swoole/framework/server/Server.php(29): framework\server\BaseServer->start()
#5 /var/www/php/easy-framework-swoole/framework/web/Application.php(45): framework\server\Server->start()
#6 /var/www/php/easy-framework-swoole/f (/var/www/php/easy-framework-swoole/framework/components/error/Error.php:9)
Stack trace:
#0 unknown(0): framework\components\shutdown\ShutDown->handleShutDown()


[2018-01-07 17:18:20]  msg : Call to undefined method framework\base\Container::hasAppConf() 
 file : /var/www/php/easy-framework-swoole/framework/server/HttpServer.php 
 line : 66 
 code : 0 
 trace : #0 [internal function]: framework\server\HttpServer->framework\server\{closure}(Object(swoole_http_request), Object(swoole_http_response))
#1 /var/www/php/easy-framework-swoole/framework/server/BaseServer.php(68): swoole_http_server->start()
#2 /var/www/php/easy-framework-swoole/framework/server/Server.php(29): framework\server\BaseServer->start()
#3 /var/www/php/easy-framework-swoole/framework/web/Application.php(45): framework\server\Server->start()
#4 /var/www/php/easy-framework-swoole/framework/framework.php(28): framework\web\Application::run(Array)
#5 /var/www/php/easy-framework-swoole/index.php(8): require('/var/www/php/ea...')
#6 {main}

[2018-01-07 17:19:15]  msg : Call to undefined method framework\base\Container::hasAppConf() 
 file : /var/www/php/easy-framework-swoole/framework/server/HttpServer.php 
 line : 66 
 code : 0 
 trace : #0 [internal function]: framework\server\HttpServer->framework\server\{closure}(Object(swoole_http_request), Object(swoole_http_response))
#1 /var/www/php/easy-framework-swoole/framework/server/BaseServer.php(68): swoole_http_server->start()
#2 /var/www/php/easy-framework-swoole/framework/server/Server.php(29): framework\server\BaseServer->start()
#3 /var/www/php/easy-framework-swoole/framework/web/Application.php(45): framework\server\Server->start()
#4 /var/www/php/easy-framework-swoole/framework/framework.php(28): framework\web\Application::run(Array)
#5 /var/www/php/easy-framework-swoole/index.php(8): require('/var/www/php/ea...')
#6 {main}

[2018-01-07 17:19:18]  msg : Call to undefined method framework\base\Container::hasAppConf() 
 file : /var/www/php/easy-framework-swoole/framework/server/HttpServer.php 
 line : 66 
 code : 0 
 trace : #0 [internal function]: framework\server\HttpServer->framework\server\{closure}(Object(swoole_http_request), Object(swoole_http_response))
#1 /var/www/php/easy-framework-swoole/framework/server/BaseServer.php(68): swoole_http_server->start()
#2 /var/www/php/easy-framework-swoole/framework/server/Server.php(29): framework\server\BaseServer->start()
#3 /var/www/php/easy-framework-swoole/framework/web/Application.php(45): framework\server\Server->start()
#4 /var/www/php/easy-framework-swoole/framework/framework.php(28): framework\web\Application::run(Array)
#5 /var/www/php/easy-framework-swoole/index.php(8): require('/var/www/php/ea...')
#6 {main}

[2018-01-07 17:19:18]  msg : Call to undefined method framework\base\Container::hasAppConf() 
 file : /var/www/php/easy-framework-swoole/framework/server/HttpServer.php 
 line : 66 
 code : 0 
 trace : #0 [internal function]: framework\server\HttpServer->framework\server\{closure}(Object(swoole_http_request), Object(swoole_http_response))
#1 /var/www/php/easy-framework-swoole/framework/server/BaseServer.php(68): swoole_http_server->start()
#2 /var/www/php/easy-framework-swoole/framework/server/Server.php(29): framework\server\BaseServer->start()
#3 /var/www/php/easy-framework-swoole/framework/web/Application.php(45): framework\server\Server->start()
#4 /var/www/php/easy-framework-swoole/framework/framework.php(28): framework\web\Application::run(Array)
#5 /var/www/php/easy-framework-swoole/index.php(8): require('/var/www/php/ea...')
#6 {main}

[2018-01-07 17:19:19]  msg : Call to undefined method framework\base\Container::hasAppConf() 
 file : /var/www/php/easy-framework-swoole/framework/server/HttpServer.php 
 line : 66 
 code : 0 
 trace : #0 [internal function]: framework\server\HttpServer->framework\server\{closure}(Object(swoole_http_request), Object(swoole_http_response))
#1 /var/www/php/easy-framework-swoole/framework/server/BaseServer.php(68): swoole_http_server->start()
#2 /var/www/php/easy-framework-swoole/framework/server/Server.php(29): framework\server\BaseServer->start()
#3 /var/www/php/easy-framework-swoole/framework/web/Application.php(45): framework\server\Server->start()
#4 /var/www/php/easy-framework-swoole/framework/framework.php(28): framework\web\Application::run(Array)
#5 /var/www/php/easy-framework-swoole/index.php(8): require('/var/www/php/ea...')
#6 {main}

[2018-01-07 17:22:23]  msg : Use of undefined constant APP_NAME - assumed 'APP_NAME' at  file: /var/www/php/easy-framework-swoole/framework/web/Controller.php, on line: 105 
 file : /var/www/php/easy-framework-swoole/framework/base/Container.php 
 line : 143 
 code : 500 
 trace : #0 /var/www/php/easy-framework-swoole/framework/base/Component.php(20): framework\base\Container->getComponent('application', '874042c45774f84...', Array)
#1 /var/www/php/easy-framework-swoole/framework/components/dispatcher/Dispatcher.php(31): framework\base\Component->getComponent('application', '874042c45774f84...')
#2 /var/www/php/easy-framework-swoole/framework/server/HttpServer.php(77): framework\components\dispatcher\Dispatcher->run(Array)
#3 [internal function]: framework\server\HttpServer->framework\server\{closure}(Object(swoole_http_request), Object(swoole_http_response))
#4 /var/www/php/easy-framework-swoole/framework/server/BaseServer.php(68): swoole_http_server->start()
#5 /var/www/php/easy-framework-swoole/framework/server/Server.php(29): framework\server\BaseServer->start()
#6 /var/www/php/easy-framework-swoole/framework/web/Application.php(45): framework\server\Server->start()
#7 /var/www/php/easy-framework-swoole/framework/framework.php(28): framework\web\Application::run(Array)
#8 /var/www/php/easy-framework-swoole/index.php(8): require('/var/www/php/ea...')
#9 {main}

[2018-01-07 17:52:37]  msg : Undefined index: application at  file: /var/www/php/easy-framework-swoole/framework/base/Composer.php, on line: 31 
 file : /var/www/php/easy-framework-swoole/framework/base/Container.php 
 line : 143 
 code : 500 
 trace : #0 /var/www/php/easy-framework-swoole/framework/base/Component.php(20): framework\base\Container->getComponent('application', 'meedo', Array)
#1 /var/www/php/easy-framework-swoole/framework/base/Model.php(15): framework\base\Component->getComponent('application', 'meedo')
#2 /var/www/php/easy-framework-swoole/application/model/User.php(16): framework\base\Model->db()
#3 /var/www/php/easy-framework-swoole/application/controller/Index.php(78): application\model\User->getList()
#4 /var/www/php/easy-framework-swoole/framework/components/dispatcher/Dispatcher.php(48): application\controller\Index->testAction()
#5 /var/www/php/easy-framework-swoole/framework/server/HttpServer.php(76): framework\components\dispatcher\Dispatcher->run(Array)
#6 [internal function]: framework\server\HttpServer->framework\server\{closure}(Object(swoole_http_request), Object(swoole_http_response))
#7 /var/www/php/easy-framework-swoole/framework/server/BaseServer.php(68): swoole_http_server->start()
#8 /var/www/php/easy-framework-swoole/framework/server/Server.php(29): framework\server\BaseServer->start()
#9 /var/www/php/easy-framework-swoole/framework/web/Application.php(45): framework\server\Server->start()
#10 /var/www/php/easy-framework-swoole/framework/framework.php(28): framework\web\Application::run(Array)
#11 /var/www/php/easy-framework-swoole/index.php(8): require('/var/www/php/ea...')
#12 {main}

[2018-01-07 17:56:22]  msg : Missing argument 2 for framework\base\Composer::setAppConf(), called in /var/www/php/easy-framework-swoole/framework/base/Container.php on line 43 and defined at  file: /var/www/php/easy-framework-swoole/framework/base/Composer.php, on line: 18 
 file : /var/www/php/easy-framework-swoole/framework/components/error/Error.php 
 line : 9 
 code : 2 
 trace : #0 /var/www/php/easy-framework-swoole/framework/base/Composer.php(18): framework\components\error\Error->handleError(2, 'Missing argumen...', '/var/www/php/ea...', 18, Array)
#1 /var/www/php/easy-framework-swoole/framework/base/Container.php(43): framework\base\Composer->setAppConf(Array)
#2 /var/www/php/easy-framework-swoole/framework/server/HttpServer.php(73): framework\base\Container->setAppConf('application', Array)
#3 [internal function]: framework\server\HttpServer->framework\server\{closure}(Object(swoole_http_request), Object(swoole_http_response))
#4 /var/www/php/easy-framework-swoole/framework/server/BaseServer.php(68): swoole_http_server->start()
#5 /var/www/php/easy-framework-swoole/framework/server/Server.php(29): framework\server\BaseServer->start()
#6 /var/www/php/easy-framework-swoole/framework/web/Application.php(45): framework\server\Server->start()
#7 /var/www/php/easy-framework-swoole/framework/framework.php(28): framework\web\Application::run(Array)
#8 /var/www/php/easy-framework-swoole/index.php(8): require('/var/www/php/ea...')
#9 {main}

[2018-01-07 17:56:48]  msg : components meedo not exists 
 file : /var/www/php/easy-framework-swoole/framework/base/Container.php 
 line : 144 
 code : 500 
 trace : #0 /var/www/php/easy-framework-swoole/framework/base/Component.php(20): framework\base\Container->getComponent('application', 'meedo', Array)
#1 /var/www/php/easy-framework-swoole/framework/base/Model.php(15): framework\base\Component->getComponent('application', 'meedo')
#2 /var/www/php/easy-framework-swoole/application/model/User.php(16): framework\base\Model->db()
#3 /var/www/php/easy-framework-swoole/application/controller/Index.php(78): application\model\User->getList()
#4 /var/www/php/easy-framework-swoole/framework/components/dispatcher/Dispatcher.php(48): application\controller\Index->testAction()
#5 /var/www/php/easy-framework-swoole/framework/server/HttpServer.php(76): framework\components\dispatcher\Dispatcher->run(Array)
#6 [internal function]: framework\server\HttpServer->framework\server\{closure}(Object(swoole_http_request), Object(swoole_http_response))
#7 /var/www/php/easy-framework-swoole/framework/server/BaseServer.php(68): swoole_http_server->start()
#8 /var/www/php/easy-framework-swoole/framework/server/Server.php(29): framework\server\BaseServer->start()
#9 /var/www/php/easy-framework-swoole/framework/web/Application.php(45): framework\server\Server->start()
#10 /var/www/php/easy-framework-swoole/framework/framework.php(28): framework\web\Application::run(Array)
#11 /var/www/php/easy-framework-swoole/index.php(8): require('/var/www/php/ea...')
#12 {main}

[2018-01-07 18:57:26]  msg : Undefined index: meedo at  file: /var/www/php/easy-framework-swoole/framework/base/Composer.php, on line: 44 
 file : /var/www/php/easy-framework-swoole/framework/base/Container.php 
 line : 144 
 code : 500 
 trace : #0 /var/www/php/easy-framework-swoole/framework/base/Component.php(20): framework\base\Container->getComponent('application', 'meedo', Array)
#1 /var/www/php/easy-framework-swoole/framework/base/Model.php(15): framework\base\Component->getComponent('application', 'meedo')
#2 /var/www/php/easy-framework-swoole/application/model/User.php(16): framework\base\Model->db()
#3 /var/www/php/easy-framework-swoole/application/controller/Index.php(78): application\model\User->getList()
#4 /var/www/php/easy-framework-swoole/framework/components/dispatcher/Dispatcher.php(48): application\controller\Index->testAction()
#5 /var/www/php/easy-framework-swoole/framework/server/HttpServer.php(76): framework\components\dispatcher\Dispatcher->run(Array)
#6 [internal function]: framework\server\HttpServer->framework\server\{closure}(Object(swoole_http_request), Object(swoole_http_response))
#7 /var/www/php/easy-framework-swoole/framework/server/BaseServer.php(68): swoole_http_server->start()
#8 /var/www/php/easy-framework-swoole/framework/server/Server.php(29): framework\server\BaseServer->start()
#9 /var/www/php/easy-framework-swoole/framework/web/Application.php(45): framework\server\Server->start()
#10 /var/www/php/easy-framework-swoole/framework/framework.php(28): framework\web\Application::run(Array)
#11 /var/www/php/easy-framework-swoole/index.php(8): require('/var/www/php/ea...')
#12 {main}

[2018-01-07 18:59:06]  msg : Call to a member function select() on null 
 file : /var/www/php/easy-framework-swoole/application/model/User.php 
 line : 16 
 code : 0 
 trace : #0 /var/www/php/easy-framework-swoole/application/controller/Index.php(78): application\model\User->getList()
#1 /var/www/php/easy-framework-swoole/framework/components/dispatcher/Dispatcher.php(48): application\controller\Index->testAction()
#2 /var/www/php/easy-framework-swoole/framework/server/HttpServer.php(76): framework\components\dispatcher\Dispatcher->run(Array)
#3 [internal function]: framework\server\HttpServer->framework\server\{closure}(Object(swoole_http_request), Object(swoole_http_response))
#4 /var/www/php/easy-framework-swoole/framework/server/BaseServer.php(68): swoole_http_server->start()
#5 /var/www/php/easy-framework-swoole/framework/server/Server.php(29): framework\server\BaseServer->start()
#6 /var/www/php/easy-framework-swoole/framework/web/Application.php(45): framework\server\Server->start()
#7 /var/www/php/easy-framework-swoole/framework/framework.php(28): framework\web\Application::run(Array)
#8 /var/www/php/easy-framework-swoole/index.php(8): require('/var/www/php/ea...')
#9 {main}

[2018-01-07 19:03:36]  msg : Undefined variable: attr at  file: /var/www/php/easy-framework-swoole/vendor/catfan/medoo/src/Medoo.php, on line: 204 
 file : /var/www/php/easy-framework-swoole/framework/base/Container.php 
 line : 144 
 code : 500 
 trace : #0 /var/www/php/easy-framework-swoole/framework/base/Component.php(20): framework\base\Container->getComponent('application', 'meedo', Array)
#1 /var/www/php/easy-framework-swoole/framework/base/Model.php(15): framework\base\Component->getComponent('application', 'meedo')
#2 /var/www/php/easy-framework-swoole/application/model/User.php(16): framework\base\Model->db()
#3 /var/www/php/easy-framework-swoole/application/controller/Index.php(78): application\model\User->getList()
#4 /var/www/php/easy-framework-swoole/framework/components/dispatcher/Dispatcher.php(48): application\controller\Index->testAction()
#5 /var/www/php/easy-framework-swoole/framework/server/HttpServer.php(76): framework\components\dispatcher\Dispatcher->run(Array)
#6 [internal function]: framework\server\HttpServer->framework\server\{closure}(Object(swoole_http_request), Object(swoole_http_response))
#7 /var/www/php/easy-framework-swoole/framework/server/BaseServer.php(68): swoole_http_server->start()
#8 /var/www/php/easy-framework-swoole/framework/server/Server.php(29): framework\server\BaseServer->start()
#9 /var/www/php/easy-framework-swoole/framework/web/Application.php(45): framework\server\Server->start()
#10 /var/www/php/easy-framework-swoole/framework/framework.php(28): framework\web\Application::run(Array)
#11 /var/www/php/easy-framework-swoole/index.php(8): require('/var/www/php/ea...')
#12 {main}

[2018-01-07 19:04:06]  msg : Undefined variable: attr at  file: /var/www/php/easy-framework-swoole/vendor/catfan/medoo/src/Medoo.php, on line: 204 
 file : /var/www/php/easy-framework-swoole/framework/base/Container.php 
 line : 144 
 code : 500 
 trace : #0 /var/www/php/easy-framework-swoole/framework/base/Component.php(20): framework\base\Container->getComponent('application', 'meedo', Array)
#1 /var/www/php/easy-framework-swoole/framework/base/Model.php(15): framework\base\Component->getComponent('application', 'meedo')
#2 /var/www/php/easy-framework-swoole/application/model/User.php(16): framework\base\Model->db()
#3 /var/www/php/easy-framework-swoole/application/controller/Index.php(78): application\model\User->getList()
#4 /var/www/php/easy-framework-swoole/framework/components/dispatcher/Dispatcher.php(48): application\controller\Index->testAction()
#5 /var/www/php/easy-framework-swoole/framework/server/HttpServer.php(76): framework\components\dispatcher\Dispatcher->run(Array)
#6 [internal function]: framework\server\HttpServer->framework\server\{closure}(Object(swoole_http_request), Object(swoole_http_response))
#7 /var/www/php/easy-framework-swoole/framework/server/BaseServer.php(68): swoole_http_server->start()
#8 /var/www/php/easy-framework-swoole/framework/server/Server.php(29): framework\server\BaseServer->start()
#9 /var/www/php/easy-framework-swoole/framework/web/Application.php(45): framework\server\Server->start()
#10 /var/www/php/easy-framework-swoole/framework/framework.php(28): framework\web\Application::run(Array)
#11 /var/www/php/easy-framework-swoole/index.php(8): require('/var/www/php/ea...')
#12 {main}

[2018-01-07 19:05:20]  msg : Undefined variable: attr at  file: /var/www/php/easy-framework-swoole/vendor/catfan/medoo/src/Medoo.php, on line: 204 
 file : /var/www/php/easy-framework-swoole/framework/base/Container.php 
 line : 145 
 code : 500 
 trace : #0 /var/www/php/easy-framework-swoole/framework/base/Component.php(20): framework\base\Container->getComponent('application', 'meedo', Array)
#1 /var/www/php/easy-framework-swoole/framework/base/Model.php(15): framework\base\Component->getComponent('application', 'meedo')
#2 /var/www/php/easy-framework-swoole/application/model/User.php(16): framework\base\Model->db()
#3 /var/www/php/easy-framework-swoole/application/controller/Index.php(78): application\model\User->getList()
#4 /var/www/php/easy-framework-swoole/framework/components/dispatcher/Dispatcher.php(48): application\controller\Index->testAction()
#5 /var/www/php/easy-framework-swoole/framework/server/HttpServer.php(76): framework\components\dispatcher\Dispatcher->run(Array)
#6 [internal function]: framework\server\HttpServer->framework\server\{closure}(Object(swoole_http_request), Object(swoole_http_response))
#7 /var/www/php/easy-framework-swoole/framework/server/BaseServer.php(68): swoole_http_server->start()
#8 /var/www/php/easy-framework-swoole/framework/server/Server.php(29): framework\server\BaseServer->start()
#9 /var/www/php/easy-framework-swoole/framework/web/Application.php(45): framework\server\Server->start()
#10 /var/www/php/easy-framework-swoole/framework/framework.php(28): framework\web\Application::run(Array)
#11 /var/www/php/easy-framework-swoole/index.php(8): require('/var/www/php/ea...')
#12 {main}

[2018-01-07 19:06:27]  msg : Undefined variable: attr at  file: /var/www/php/easy-framework-swoole/vendor/catfan/medoo/src/Medoo.php, on line: 204 
 file : /var/www/php/easy-framework-swoole/framework/base/Container.php 
 line : 145 
 code : 500 
 trace : #0 /var/www/php/easy-framework-swoole/framework/base/Component.php(20): framework\base\Container->getComponent('application', 'meedo', Array)
#1 /var/www/php/easy-framework-swoole/framework/base/Model.php(15): framework\base\Component->getComponent('application', 'meedo')
#2 /var/www/php/easy-framework-swoole/application/model/User.php(16): framework\base\Model->db()
#3 /var/www/php/easy-framework-swoole/application/controller/Index.php(78): application\model\User->getList()
#4 /var/www/php/easy-framework-swoole/framework/components/dispatcher/Dispatcher.php(48): application\controller\Index->testAction()
#5 /var/www/php/easy-framework-swoole/framework/server/HttpServer.php(76): framework\components\dispatcher\Dispatcher->run(Array)
#6 [internal function]: framework\server\HttpServer->framework\server\{closure}(Object(swoole_http_request), Object(swoole_http_response))
#7 /var/www/php/easy-framework-swoole/framework/server/BaseServer.php(68): swoole_http_server->start()
#8 /var/www/php/easy-framework-swoole/framework/server/Server.php(29): framework\server\BaseServer->start()
#9 /var/www/php/easy-framework-swoole/framework/web/Application.php(45): framework\server\Server->start()
#10 /var/www/php/easy-framework-swoole/framework/framework.php(28): framework\web\Application::run(Array)
#11 /var/www/php/easy-framework-swoole/index.php(8): require('/var/www/php/ea...')
#12 {main}

[2018-01-07 19:36:53]  msg : action Action not found 
 file : /var/www/php/easy-framework-swoole/framework/components/dispatcher/Dispatcher.php 
 line : 46 
 code : 0 
 trace : #0 /var/www/php/easy-framework-swoole/framework/server/HttpServer.php(76): framework\components\dispatcher\Dispatcher->run()
#1 [internal function]: framework\server\HttpServer->framework\server\{closure}(Object(swoole_http_request), Object(swoole_http_response))
#2 /var/www/php/easy-framework-swoole/framework/server/BaseServer.php(68): swoole_http_server->start()
#3 /var/www/php/easy-framework-swoole/framework/server/Server.php(29): framework\server\BaseServer->start()
#4 /var/www/php/easy-framework-swoole/framework/web/Application.php(45): framework\server\Server->start()
#5 /var/www/php/easy-framework-swoole/framework/framework.php(28): framework\web\Application::run(Array)
#6 /var/www/php/easy-framework-swoole/index.php(8): require('/var/www/php/ea...')
#7 {main}

[2018-01-07 19:37:44]  msg : action Action not found 
 file : /var/www/php/easy-framework-swoole/framework/components/dispatcher/Dispatcher.php 
 line : 46 
 code : 0 
 trace : #0 /var/www/php/easy-framework-swoole/framework/server/HttpServer.php(76): framework\components\dispatcher\Dispatcher->run()
#1 [internal function]: framework\server\HttpServer->framework\server\{closure}(Object(swoole_http_request), Object(swoole_http_response))
#2 /var/www/php/easy-framework-swoole/framework/server/BaseServer.php(68): swoole_http_server->start()
#3 /var/www/php/easy-framework-swoole/framework/server/Server.php(29): framework\server\BaseServer->start()
#4 /var/www/php/easy-framework-swoole/framework/web/Application.php(45): framework\server\Server->start()
#5 /var/www/php/easy-framework-swoole/framework/framework.php(28): framework\web\Application::run(Array)
#6 /var/www/php/easy-framework-swoole/index.php(8): require('/var/www/php/ea...')
#7 {main}

[2018-01-07 19:38:52]  msg : action Action not found 
 file : /var/www/php/easy-framework-swoole/framework/components/dispatcher/Dispatcher.php 
 line : 46 
 code : 0 
 trace : #0 /var/www/php/easy-framework-swoole/framework/server/HttpServer.php(76): framework\components\dispatcher\Dispatcher->run()
#1 [internal function]: framework\server\HttpServer->framework\server\{closure}(Object(swoole_http_request), Object(swoole_http_response))
#2 /var/www/php/easy-framework-swoole/framework/server/BaseServer.php(68): swoole_http_server->start()
#3 /var/www/php/easy-framework-swoole/framework/server/Server.php(29): framework\server\BaseServer->start()
#4 /var/www/php/easy-framework-swoole/framework/web/Application.php(45): framework\server\Server->start()
#5 /var/www/php/easy-framework-swoole/framework/framework.php(28): framework\web\Application::run(Array)
#6 /var/www/php/easy-framework-swoole/index.php(8): require('/var/www/php/ea...')
#7 {main}

[2018-01-07 19:39:14]  msg : action Action not found 
 file : /var/www/php/easy-framework-swoole/framework/components/dispatcher/Dispatcher.php 
 line : 46 
 code : 0 
 trace : #0 /var/www/php/easy-framework-swoole/framework/server/HttpServer.php(76): framework\components\dispatcher\Dispatcher->run()
#1 [internal function]: framework\server\HttpServer->framework\server\{closure}(Object(swoole_http_request), Object(swoole_http_response))
#2 /var/www/php/easy-framework-swoole/framework/server/BaseServer.php(68): swoole_http_server->start()
#3 /var/www/php/easy-framework-swoole/framework/server/Server.php(29): framework\server\BaseServer->start()
#4 /var/www/php/easy-framework-swoole/framework/web/Application.php(45): framework\server\Server->start()
#5 /var/www/php/easy-framework-swoole/framework/framework.php(28): framework\web\Application::run(Array)
#6 /var/www/php/easy-framework-swoole/index.php(8): require('/var/www/php/ea...')
#7 {main}

[2018-01-07 19:40:09]  msg : action Action not found 
 file : /var/www/php/easy-framework-swoole/framework/components/dispatcher/Dispatcher.php 
 line : 46 
 code : 0 
 trace : #0 /var/www/php/easy-framework-swoole/framework/server/HttpServer.php(76): framework\components\dispatcher\Dispatcher->run()
#1 [internal function]: framework\server\HttpServer->framework\server\{closure}(Object(swoole_http_request), Object(swoole_http_response))
#2 /var/www/php/easy-framework-swoole/framework/server/BaseServer.php(68): swoole_http_server->start()
#3 /var/www/php/easy-framework-swoole/framework/server/Server.php(29): framework\server\BaseServer->start()
#4 /var/www/php/easy-framework-swoole/framework/web/Application.php(45): framework\server\Server->start()
#5 /var/www/php/easy-framework-swoole/framework/framework.php(28): framework\web\Application::run(Array)
#6 /var/www/php/easy-framework-swoole/index.php(8): require('/var/www/php/ea...')
#7 {main}

[2018-01-07 19:40:55]  msg : action 1Action not found 
 file : /var/www/php/easy-framework-swoole/framework/components/dispatcher/Dispatcher.php 
 line : 46 
 code : 0 
 trace : #0 /var/www/php/easy-framework-swoole/framework/server/HttpServer.php(76): framework\components\dispatcher\Dispatcher->run()
#1 [internal function]: framework\server\HttpServer->framework\server\{closure}(Object(swoole_http_request), Object(swoole_http_response))
#2 /var/www/php/easy-framework-swoole/framework/server/BaseServer.php(68): swoole_http_server->start()
#3 /var/www/php/easy-framework-swoole/framework/server/Server.php(29): framework\server\BaseServer->start()
#4 /var/www/php/easy-framework-swoole/framework/web/Application.php(45): framework\server\Server->start()
#5 /var/www/php/easy-framework-swoole/framework/framework.php(28): framework\web\Application::run(Array)
#6 /var/www/php/easy-framework-swoole/index.php(8): require('/var/www/php/ea...')
#7 {main}

[2018-01-07 19:44:33]  msg : /var/www/php/easy-framework-swoole/application/controller/In.php not exists 
 file : /var/www/php/easy-framework-swoole/framework/components/dispatcher/Dispatcher.php 
 line : 22 
 code : 404 
 trace : #0 /var/www/php/easy-framework-swoole/framework/server/HttpServer.php(76): framework\components\dispatcher\Dispatcher->run(Array)
#1 [internal function]: framework\server\HttpServer->framework\server\{closure}(Object(swoole_http_request), Object(swoole_http_response))
#2 /var/www/php/easy-framework-swoole/framework/server/BaseServer.php(68): swoole_http_server->start()
#3 /var/www/php/easy-framework-swoole/framework/server/Server.php(29): framework\server\BaseServer->start()
#4 /var/www/php/easy-framework-swoole/framework/web/Application.php(45): framework\server\Server->start()
#5 /var/www/php/easy-framework-swoole/framework/framework.php(28): framework\web\Application::run(Array)
#6 /var/www/php/easy-framework-swoole/index.php(8): require('/var/www/php/ea...')
#7 {main}

[2018-01-07 19:55:13]  msg : action teAction not found 
 file : /var/www/php/easy-framework-swoole/framework/components/dispatcher/Dispatcher.php 
 line : 46 
 code : 0 
 trace : #0 /var/www/php/easy-framework-swoole/framework/server/HttpServer.php(76): framework\components\dispatcher\Dispatcher->run()
#1 [internal function]: framework\server\HttpServer->framework\server\{closure}(Object(swoole_http_request), Object(swoole_http_response))
#2 /var/www/php/easy-framework-swoole/framework/server/BaseServer.php(68): swoole_http_server->start()
#3 /var/www/php/easy-framework-swoole/framework/server/Server.php(29): framework\server\BaseServer->start()
#4 /var/www/php/easy-framework-swoole/framework/web/Application.php(45): framework\server\Server->start()
#5 /var/www/php/easy-framework-swoole/framework/framework.php(28): framework\web\Application::run(Array)
#6 /var/www/php/easy-framework-swoole/index.php(8): require('/var/www/php/ea...')
#7 {main}

[2018-01-07 20:05:33] 

[2018-01-07 20:05:34] 

[2018-01-07 20:05:34] 

[2018-01-07 20:05:35] 

[2018-01-07 20:44:02]  msg : Undefined index: meedo at  file: /var/www/php/easy-framework-swoole/framework/base/Composer.php, on line: 44 
 file : /var/www/php/easy-framework-swoole/framework/base/Container.php 
 line : 151 
 code : 500 
 trace : #0 /var/www/php/easy-framework-swoole/framework/base/Component.php(20): framework\base\Container->getComponent('application', 'meedo', Array)
#1 /var/www/php/easy-framework-swoole/framework/base/Model.php(15): framework\base\Component->getComponent('application', 'meedo')
#2 /var/www/php/easy-framework-swoole/application/model/User.php(16): framework\base\Model->db()
#3 /var/www/php/easy-framework-swoole/application/controller/Index.php(78): application\model\User->getList()
#4 /var/www/php/easy-framework-swoole/framework/components/dispatcher/Dispatcher.php(48): application\controller\Index->testAction()
#5 /var/www/php/easy-framework-swoole/framework/server/HttpServer.php(76): framework\components\dispatcher\Dispatcher->run(Array)
#6 [internal function]: framework\server\HttpServer->framework\server\{closure}(Object(swoole_http_request), Object(swoole_http_response))
#7 /var/www/php/easy-framework-swoole/framework/server/BaseServer.php(68): swoole_http_server->start()
#8 /var/www/php/easy-framework-swoole/framework/server/Server.php(29): framework\server\BaseServer->start()
#9 /var/www/php/easy-framework-swoole/framework/web/Application.php(45): framework\server\Server->start()
#10 /var/www/php/easy-framework-swoole/framework/framework.php(28): framework\web\Application::run(Array)
#11 /var/www/php/easy-framework-swoole/index.php(8): require('/var/www/php/ea...')
#12 {main}

[2018-01-07 20:44:04]  msg : Undefined index: meedo at  file: /var/www/php/easy-framework-swoole/framework/base/Composer.php, on line: 44 
 file : /var/www/php/easy-framework-swoole/framework/base/Container.php 
 line : 151 
 code : 500 
 trace : #0 /var/www/php/easy-framework-swoole/framework/base/Component.php(20): framework\base\Container->getComponent('application', 'meedo', Array)
#1 /var/www/php/easy-framework-swoole/framework/base/Model.php(15): framework\base\Component->getComponent('application', 'meedo')
#2 /var/www/php/easy-framework-swoole/application/model/User.php(16): framework\base\Model->db()
#3 /var/www/php/easy-framework-swoole/application/controller/Index.php(78): application\model\User->getList()
#4 /var/www/php/easy-framework-swoole/framework/components/dispatcher/Dispatcher.php(48): application\controller\Index->testAction()
#5 /var/www/php/easy-framework-swoole/framework/server/HttpServer.php(76): framework\components\dispatcher\Dispatcher->run(Array)
#6 [internal function]: framework\server\HttpServer->framework\server\{closure}(Object(swoole_http_request), Object(swoole_http_response))
#7 /var/www/php/easy-framework-swoole/framework/server/BaseServer.php(68): swoole_http_server->start()
#8 /var/www/php/easy-framework-swoole/framework/server/Server.php(29): framework\server\BaseServer->start()
#9 /var/www/php/easy-framework-swoole/framework/web/Application.php(45): framework\server\Server->start()
#10 /var/www/php/easy-framework-swoole/framework/framework.php(28): framework\web\Application::run(Array)
#11 /var/www/php/easy-framework-swoole/index.php(8): require('/var/www/php/ea...')
#12 {main}

[2018-01-07 20:44:05]  msg : Undefined index: meedo at  file: /var/www/php/easy-framework-swoole/framework/base/Composer.php, on line: 44 
 file : /var/www/php/easy-framework-swoole/framework/base/Container.php 
 line : 151 
 code : 500 
 trace : #0 /var/www/php/easy-framework-swoole/framework/base/Component.php(20): framework\base\Container->getComponent('application', 'meedo', Array)
#1 /var/www/php/easy-framework-swoole/framework/base/Model.php(15): framework\base\Component->getComponent('application', 'meedo')
#2 /var/www/php/easy-framework-swoole/application/model/User.php(16): framework\base\Model->db()
#3 /var/www/php/easy-framework-swoole/application/controller/Index.php(78): application\model\User->getList()
#4 /var/www/php/easy-framework-swoole/framework/components/dispatcher/Dispatcher.php(48): application\controller\Index->testAction()
#5 /var/www/php/easy-framework-swoole/framework/server/HttpServer.php(76): framework\components\dispatcher\Dispatcher->run(Array)
#6 [internal function]: framework\server\HttpServer->framework\server\{closure}(Object(swoole_http_request), Object(swoole_http_response))
#7 /var/www/php/easy-framework-swoole/framework/server/BaseServer.php(68): swoole_http_server->start()
#8 /var/www/php/easy-framework-swoole/framework/server/Server.php(29): framework\server\BaseServer->start()
#9 /var/www/php/easy-framework-swoole/framework/web/Application.php(45): framework\server\Server->start()
#10 /var/www/php/easy-framework-swoole/framework/framework.php(28): framework\web\Application::run(Array)
#11 /var/www/php/easy-framework-swoole/index.php(8): require('/var/www/php/ea...')
#12 {main}

[2018-01-07 20:44:05]  msg : Undefined index: meedo at  file: /var/www/php/easy-framework-swoole/framework/base/Composer.php, on line: 44 
 file : /var/www/php/easy-framework-swoole/framework/base/Container.php 
 line : 151 
 code : 500 
 trace : #0 /var/www/php/easy-framework-swoole/framework/base/Component.php(20): framework\base\Container->getComponent('application', 'meedo', Array)
#1 /var/www/php/easy-framework-swoole/framework/base/Model.php(15): framework\base\Component->getComponent('application', 'meedo')
#2 /var/www/php/easy-framework-swoole/application/model/User.php(16): framework\base\Model->db()
#3 /var/www/php/easy-framework-swoole/application/controller/Index.php(78): application\model\User->getList()
#4 /var/www/php/easy-framework-swoole/framework/components/dispatcher/Dispatcher.php(48): application\controller\Index->testAction()
#5 /var/www/php/easy-framework-swoole/framework/server/HttpServer.php(76): framework\components\dispatcher\Dispatcher->run(Array)
#6 [internal function]: framework\server\HttpServer->framework\server\{closure}(Object(swoole_http_request), Object(swoole_http_response))
#7 /var/www/php/easy-framework-swoole/framework/server/BaseServer.php(68): swoole_http_server->start()
#8 /var/www/php/easy-framework-swoole/framework/server/Server.php(29): framework\server\BaseServer->start()
#9 /var/www/php/easy-framework-swoole/framework/web/Application.php(45): framework\server\Server->start()
#10 /var/www/php/easy-framework-swoole/framework/framework.php(28): framework\web\Application::run(Array)
#11 /var/www/php/easy-framework-swoole/index.php(8): require('/var/www/php/ea...')
#12 {main}

[2018-01-07 20:44:05]  msg : Undefined index: meedo at  file: /var/www/php/easy-framework-swoole/framework/base/Composer.php, on line: 44 
 file : /var/www/php/easy-framework-swoole/framework/base/Container.php 
 line : 151 
 code : 500 
 trace : #0 /var/www/php/easy-framework-swoole/framework/base/Component.php(20): framework\base\Container->getComponent('application', 'meedo', Array)
#1 /var/www/php/easy-framework-swoole/framework/base/Model.php(15): framework\base\Component->getComponent('application', 'meedo')
#2 /var/www/php/easy-framework-swoole/application/model/User.php(16): framework\base\Model->db()
#3 /var/www/php/easy-framework-swoole/application/controller/Index.php(78): application\model\User->getList()
#4 /var/www/php/easy-framework-swoole/framework/components/dispatcher/Dispatcher.php(48): application\controller\Index->testAction()
#5 /var/www/php/easy-framework-swoole/framework/server/HttpServer.php(76): framework\components\dispatcher\Dispatcher->run(Array)
#6 [internal function]: framework\server\HttpServer->framework\server\{closure}(Object(swoole_http_request), Object(swoole_http_response))
#7 /var/www/php/easy-framework-swoole/framework/server/BaseServer.php(68): swoole_http_server->start()
#8 /var/www/php/easy-framework-swoole/framework/server/Server.php(29): framework\server\BaseServer->start()
#9 /var/www/php/easy-framework-swoole/framework/web/Application.php(45): framework\server\Server->start()
#10 /var/www/php/easy-framework-swoole/framework/framework.php(28): framework\web\Application::run(Array)
#11 /var/www/php/easy-framework-swoole/index.php(8): require('/var/www/php/ea...')
#12 {main}

[2018-01-07 20:44:05]  msg : Undefined index: meedo at  file: /var/www/php/easy-framework-swoole/framework/base/Composer.php, on line: 44 
 file : /var/www/php/easy-framework-swoole/framework/base/Container.php 
 line : 151 
 code : 500 
 trace : #0 /var/www/php/easy-framework-swoole/framework/base/Component.php(20): framework\base\Container->getComponent('application', 'meedo', Array)
#1 /var/www/php/easy-framework-swoole/framework/base/Model.php(15): framework\base\Component->getComponent('application', 'meedo')
#2 /var/www/php/easy-framework-swoole/application/model/User.php(16): framework\base\Model->db()
#3 /var/www/php/easy-framework-swoole/application/controller/Index.php(78): application\model\User->getList()
#4 /var/www/php/easy-framework-swoole/framework/components/dispatcher/Dispatcher.php(48): application\controller\Index->testAction()
#5 /var/www/php/easy-framework-swoole/framework/server/HttpServer.php(76): framework\components\dispatcher\Dispatcher->run(Array)
#6 [internal function]: framework\server\HttpServer->framework\server\{closure}(Object(swoole_http_request), Object(swoole_http_response))
#7 /var/www/php/easy-framework-swoole/framework/server/BaseServer.php(68): swoole_http_server->start()
#8 /var/www/php/easy-framework-swoole/framework/server/Server.php(29): framework\server\BaseServer->start()
#9 /var/www/php/easy-framework-swoole/framework/web/Application.php(45): framework\server\Server->start()
#10 /var/www/php/easy-framework-swoole/framework/framework.php(28): framework\web\Application::run(Array)
#11 /var/www/php/easy-framework-swoole/index.php(8): require('/var/www/php/ea...')
#12 {main}

[2018-01-07 20:44:05]  msg : Undefined index: meedo at  file: /var/www/php/easy-framework-swoole/framework/base/Composer.php, on line: 44 
 file : /var/www/php/easy-framework-swoole/framework/base/Container.php 
 line : 151 
 code : 500 
 trace : #0 /var/www/php/easy-framework-swoole/framework/base/Component.php(20): framework\base\Container->getComponent('application', 'meedo', Array)
#1 /var/www/php/easy-framework-swoole/framework/base/Model.php(15): framework\base\Component->getComponent('application', 'meedo')
#2 /var/www/php/easy-framework-swoole/application/model/User.php(16): framework\base\Model->db()
#3 /var/www/php/easy-framework-swoole/application/controller/Index.php(78): application\model\User->getList()
#4 /var/www/php/easy-framework-swoole/framework/components/dispatcher/Dispatcher.php(48): application\controller\Index->testAction()
#5 /var/www/php/easy-framework-swoole/framework/server/HttpServer.php(76): framework\components\dispatcher\Dispatcher->run(Array)
#6 [internal function]: framework\server\HttpServer->framework\server\{closure}(Object(swoole_http_request), Object(swoole_http_response))
#7 /var/www/php/easy-framework-swoole/framework/server/BaseServer.php(68): swoole_http_server->start()
#8 /var/www/php/easy-framework-swoole/framework/server/Server.php(29): framework\server\BaseServer->start()
#9 /var/www/php/easy-framework-swoole/framework/web/Application.php(45): framework\server\Server->start()
#10 /var/www/php/easy-framework-swoole/framework/framework.php(28): framework\web\Application::run(Array)
#11 /var/www/php/easy-framework-swoole/index.php(8): require('/var/www/php/ea...')
#12 {main}

[2018-01-07 20:44:06]  msg : Undefined index: meedo at  file: /var/www/php/easy-framework-swoole/framework/base/Composer.php, on line: 44 
 file : /var/www/php/easy-framework-swoole/framework/base/Container.php 
 line : 151 
 code : 500 
 trace : #0 /var/www/php/easy-framework-swoole/framework/base/Component.php(20): framework\base\Container->getComponent('application', 'meedo', Array)
#1 /var/www/php/easy-framework-swoole/framework/base/Model.php(15): framework\base\Component->getComponent('application', 'meedo')
#2 /var/www/php/easy-framework-swoole/application/model/User.php(16): framework\base\Model->db()
#3 /var/www/php/easy-framework-swoole/application/controller/Index.php(78): application\model\User->getList()
#4 /var/www/php/easy-framework-swoole/framework/components/dispatcher/Dispatcher.php(48): application\controller\Index->testAction()
#5 /var/www/php/easy-framework-swoole/framework/server/HttpServer.php(76): framework\components\dispatcher\Dispatcher->run(Array)
#6 [internal function]: framework\server\HttpServer->framework\server\{closure}(Object(swoole_http_request), Object(swoole_http_response))
#7 /var/www/php/easy-framework-swoole/framework/server/BaseServer.php(68): swoole_http_server->start()
#8 /var/www/php/easy-framework-swoole/framework/server/Server.php(29): framework\server\BaseServer->start()
#9 /var/www/php/easy-framework-swoole/framework/web/Application.php(45): framework\server\Server->start()
#10 /var/www/php/easy-framework-swoole/framework/framework.php(28): framework\web\Application::run(Array)
#11 /var/www/php/easy-framework-swoole/index.php(8): require('/var/www/php/ea...')
#12 {main}

[2018-01-07 20:44:06]  msg : Undefined index: meedo at  file: /var/www/php/easy-framework-swoole/framework/base/Composer.php, on line: 44 
 file : /var/www/php/easy-framework-swoole/framework/base/Container.php 
 line : 151 
 code : 500 
 trace : #0 /var/www/php/easy-framework-swoole/framework/base/Component.php(20): framework\base\Container->getComponent('application', 'meedo', Array)
#1 /var/www/php/easy-framework-swoole/framework/base/Model.php(15): framework\base\Component->getComponent('application', 'meedo')
#2 /var/www/php/easy-framework-swoole/application/model/User.php(16): framework\base\Model->db()
#3 /var/www/php/easy-framework-swoole/application/controller/Index.php(78): application\model\User->getList()
#4 /var/www/php/easy-framework-swoole/framework/components/dispatcher/Dispatcher.php(48): application\controller\Index->testAction()
#5 /var/www/php/easy-framework-swoole/framework/server/HttpServer.php(76): framework\components\dispatcher\Dispatcher->run(Array)
#6 [internal function]: framework\server\HttpServer->framework\server\{closure}(Object(swoole_http_request), Object(swoole_http_response))
#7 /var/www/php/easy-framework-swoole/framework/server/BaseServer.php(68): swoole_http_server->start()
#8 /var/www/php/easy-framework-swoole/framework/server/Server.php(29): framework\server\BaseServer->start()
#9 /var/www/php/easy-framework-swoole/framework/web/Application.php(45): framework\server\Server->start()
#10 /var/www/php/easy-framework-swoole/framework/framework.php(28): framework\web\Application::run(Array)
#11 /var/www/php/easy-framework-swoole/index.php(8): require('/var/www/php/ea...')
#12 {main}

[2018-01-07 20:44:06]  msg : Undefined index: meedo at  file: /var/www/php/easy-framework-swoole/framework/base/Composer.php, on line: 44 
 file : /var/www/php/easy-framework-swoole/framework/base/Container.php 
 line : 151 
 code : 500 
 trace : #0 /var/www/php/easy-framework-swoole/framework/base/Component.php(20): framework\base\Container->getComponent('application', 'meedo', Array)
#1 /var/www/php/easy-framework-swoole/framework/base/Model.php(15): framework\base\Component->getComponent('application', 'meedo')
#2 /var/www/php/easy-framework-swoole/application/model/User.php(16): framework\base\Model->db()
#3 /var/www/php/easy-framework-swoole/application/controller/Index.php(78): application\model\User->getList()
#4 /var/www/php/easy-framework-swoole/framework/components/dispatcher/Dispatcher.php(48): application\controller\Index->testAction()
#5 /var/www/php/easy-framework-swoole/framework/server/HttpServer.php(76): framework\components\dispatcher\Dispatcher->run(Array)
#6 [internal function]: framework\server\HttpServer->framework\server\{closure}(Object(swoole_http_request), Object(swoole_http_response))
#7 /var/www/php/easy-framework-swoole/framework/server/BaseServer.php(68): swoole_http_server->start()
#8 /var/www/php/easy-framework-swoole/framework/server/Server.php(29): framework\server\BaseServer->start()
#9 /var/www/php/easy-framework-swoole/framework/web/Application.php(45): framework\server\Server->start()
#10 /var/www/php/easy-framework-swoole/framework/framework.php(28): framework\web\Application::run(Array)
#11 /var/www/php/easy-framework-swoole/index.php(8): require('/var/www/php/ea...')
#12 {main}

[2018-01-07 20:44:06]  msg : Undefined index: meedo at  file: /var/www/php/easy-framework-swoole/framework/base/Composer.php, on line: 44 
 file : /var/www/php/easy-framework-swoole/framework/base/Container.php 
 line : 151 
 code : 500 
 trace : #0 /var/www/php/easy-framework-swoole/framework/base/Component.php(20): framework\base\Container->getComponent('application', 'meedo', Array)
#1 /var/www/php/easy-framework-swoole/framework/base/Model.php(15): framework\base\Component->getComponent('application', 'meedo')
#2 /var/www/php/easy-framework-swoole/application/model/User.php(16): framework\base\Model->db()
#3 /var/www/php/easy-framework-swoole/application/controller/Index.php(78): application\model\User->getList()
#4 /var/www/php/easy-framework-swoole/framework/components/dispatcher/Dispatcher.php(48): application\controller\Index->testAction()
#5 /var/www/php/easy-framework-swoole/framework/server/HttpServer.php(76): framework\components\dispatcher\Dispatcher->run(Array)
#6 [internal function]: framework\server\HttpServer->framework\server\{closure}(Object(swoole_http_request), Object(swoole_http_response))
#7 /var/www/php/easy-framework-swoole/framework/server/BaseServer.php(68): swoole_http_server->start()
#8 /var/www/php/easy-framework-swoole/framework/server/Server.php(29): framework\server\BaseServer->start()
#9 /var/www/php/easy-framework-swoole/framework/web/Application.php(45): framework\server\Server->start()
#10 /var/www/php/easy-framework-swoole/framework/framework.php(28): framework\web\Application::run(Array)
#11 /var/www/php/easy-framework-swoole/index.php(8): require('/var/www/php/ea...')
#12 {main}

[2018-01-07 20:44:06]  msg : Undefined index: meedo at  file: /var/www/php/easy-framework-swoole/framework/base/Composer.php, on line: 44 
 file : /var/www/php/easy-framework-swoole/framework/base/Container.php 
 line : 151 
 code : 500 
 trace : #0 /var/www/php/easy-framework-swoole/framework/base/Component.php(20): framework\base\Container->getComponent('application', 'meedo', Array)
#1 /var/www/php/easy-framework-swoole/framework/base/Model.php(15): framework\base\Component->getComponent('application', 'meedo')
#2 /var/www/php/easy-framework-swoole/application/model/User.php(16): framework\base\Model->db()
#3 /var/www/php/easy-framework-swoole/application/controller/Index.php(78): application\model\User->getList()
#4 /var/www/php/easy-framework-swoole/framework/components/dispatcher/Dispatcher.php(48): application\controller\Index->testAction()
#5 /var/www/php/easy-framework-swoole/framework/server/HttpServer.php(76): framework\components\dispatcher\Dispatcher->run(Array)
#6 [internal function]: framework\server\HttpServer->framework\server\{closure}(Object(swoole_http_request), Object(swoole_http_response))
#7 /var/www/php/easy-framework-swoole/framework/server/BaseServer.php(68): swoole_http_server->start()
#8 /var/www/php/easy-framework-swoole/framework/server/Server.php(29): framework\server\BaseServer->start()
#9 /var/www/php/easy-framework-swoole/framework/web/Application.php(45): framework\server\Server->start()
#10 /var/www/php/easy-framework-swoole/framework/framework.php(28): framework\web\Application::run(Array)
#11 /var/www/php/easy-framework-swoole/index.php(8): require('/var/www/php/ea...')
#12 {main}

[2018-01-07 20:45:33]  msg : Undefined index: meedo at  file: /var/www/php/easy-framework-swoole/framework/base/Composer.php, on line: 44 
 file : /var/www/php/easy-framework-swoole/framework/base/Container.php 
 line : 152 
 code : 500 
 trace : #0 /var/www/php/easy-framework-swoole/framework/base/Component.php(20): framework\base\Container->getComponent('application', 'meedo', Array)
#1 /var/www/php/easy-framework-swoole/framework/base/Model.php(15): framework\base\Component->getComponent('application', 'meedo')
#2 /var/www/php/easy-framework-swoole/application/model/User.php(16): framework\base\Model->db()
#3 /var/www/php/easy-framework-swoole/application/controller/Index.php(78): application\model\User->getList()
#4 /var/www/php/easy-framework-swoole/framework/components/dispatcher/Dispatcher.php(48): application\controller\Index->testAction()
#5 /var/www/php/easy-framework-swoole/framework/server/HttpServer.php(76): framework\components\dispatcher\Dispatcher->run(Array)
#6 [internal function]: framework\server\HttpServer->framework\server\{closure}(Object(swoole_http_request), Object(swoole_http_response))
#7 /var/www/php/easy-framework-swoole/framework/server/BaseServer.php(68): swoole_http_server->start()
#8 /var/www/php/easy-framework-swoole/framework/server/Server.php(29): framework\server\BaseServer->start()
#9 /var/www/php/easy-framework-swoole/framework/web/Application.php(45): framework\server\Server->start()
#10 /var/www/php/easy-framework-swoole/framework/framework.php(28): framework\web\Application::run(Array)
#11 /var/www/php/easy-framework-swoole/index.php(8): require('/var/www/php/ea...')
#12 {main}

