[2017-09-20 15:11:44] [ log ] 
 client: 0.0.0.0
---------------------------------------------------------------
Uncaught Exception: mkdir(): No such file or directory at  file: /var/www/php/easy-framework-swoole/framework/components/upload/Upload.php, on line: 65 in /var/www/php/easy-framework-swoole/framework/components/error/Error.php:9
Stack trace:
#0 [internal function]: framework\components\error\Error->handleError(2, 'mkdir(): No suc...', '/var/www/php/ea...', 65, Array)
#1 /var/www/php/easy-framework-swoole/framework/components/upload/Upload.php(65): mkdir('runtime/upload/...', 493)
#2 /var/www/php/easy-framework-swoole/framework/components/upload/Upload.php(135): framework\components\upload\Upload->getSavePath('ba3b8e2dbbe2b71...', 'py')
#3 /var/www/php/easy-framework-swoole/framework/server/HttpServer.php(38): framework\components\upload\Upload->save('file')
#4 [internal function]: framework\server\HttpServer->framework\server\{closure}(Object(swoole_http_request), Object(swoole_http_response))
#5 /var/www/php/easy-framework-swoole/framework/server/BaseServer.php(53): swoole_http_server->start()
#6 /var/www/ph (/var/www/php/easy-framework-swoole/framework/components/error/Error.php:9)
Stack trace:
#0 unknown(0): framework\components\shutdown\ShutDown->handleShutDown()


[2017-09-20 15:11:44] [ log ] 
 client: 0.0.0.0
---------------------------------------------------------------
workerid: 0  workerpid: 6172 code: 255

[2017-09-20 15:12:46] [ log ] 
 client: 0.0.0.0
---------------------------------------------------------------
Uncaught Exception: mkdir(): No such file or directory at  file: /var/www/php/easy-framework-swoole/framework/components/upload/Upload.php, on line: 66 in /var/www/php/easy-framework-swoole/framework/components/error/Error.php:9
Stack trace:
#0 [internal function]: framework\components\error\Error->handleError(2, 'mkdir(): No suc...', '/var/www/php/ea...', 66, Array)
#1 /var/www/php/easy-framework-swoole/framework/components/upload/Upload.php(66): mkdir('runtime/upload/...', 493)
#2 /var/www/php/easy-framework-swoole/framework/components/upload/Upload.php(136): framework\components\upload\Upload->getSavePath('ba3b8e2dbbe2b71...', 'py')
#3 /var/www/php/easy-framework-swoole/framework/server/HttpServer.php(38): framework\components\upload\Upload->save('file')
#4 [internal function]: framework\server\HttpServer->framework\server\{closure}(Object(swoole_http_request), Object(swoole_http_response))
#5 /var/www/php/easy-framework-swoole/framework/server/BaseServer.php(53): swoole_http_server->start()
#6 /var/www/ph (/var/www/php/easy-framework-swoole/framework/components/error/Error.php:9)
Stack trace:
#0 unknown(0): framework\components\shutdown\ShutDown->handleShutDown()


[2017-09-20 15:12:46] [ log ] 
 client: 0.0.0.0
---------------------------------------------------------------
workerid: 0  workerpid: 6229 code: 255

[2017-09-20 15:13:39] [ log ] 
 client: 0.0.0.0
---------------------------------------------------------------
Uncaught Exception: mkdir(): No such file or directory at  file: /var/www/php/easy-framework-swoole/framework/components/upload/Upload.php, on line: 66 in /var/www/php/easy-framework-swoole/framework/components/error/Error.php:9
Stack trace:
#0 [internal function]: framework\components\error\Error->handleError(2, 'mkdir(): No suc...', '/var/www/php/ea...', 66, Array)
#1 /var/www/php/easy-framework-swoole/framework/components/upload/Upload.php(66): mkdir('/var/www/php/ea...', 493)
#2 /var/www/php/easy-framework-swoole/framework/components/upload/Upload.php(136): framework\components\upload\Upload->getSavePath('ba3b8e2dbbe2b71...', 'py')
#3 /var/www/php/easy-framework-swoole/framework/server/HttpServer.php(38): framework\components\upload\Upload->save('file')
#4 [internal function]: framework\server\HttpServer->framework\server\{closure}(Object(swoole_http_request), Object(swoole_http_response))
#5 /var/www/php/easy-framework-swoole/framework/server/BaseServer.php(53): swoole_http_server->start()
#6 /var/www/ph (/var/www/php/easy-framework-swoole/framework/components/error/Error.php:9)
Stack trace:
#0 unknown(0): framework\components\shutdown\ShutDown->handleShutDown()


[2017-09-20 15:13:39] [ log ] 
 client: 0.0.0.0
---------------------------------------------------------------
workerid: 0  workerpid: 6267 code: 255

