[2017-09-18 13:22:12] [ log ] localhost:81/index/test657
 client: 127.0.0.1
---------------------------------------------------------------
 msg : action test657Action not found 
 file : /var/www/php/easy-framework-swoole/framework/components/dispatcher/Dispatcher.php 
 line : 47 
 code : 404 
 trace : #0 /var/www/php/easy-framework-swoole/framework/server/HttpServer.php(36): framework\components\dispatcher\Dispatcher->run(Array)
#1 [internal function]: framework\server\HttpServer->framework\server\{closure}(Object(swoole_http_request), Object(swoole_http_response))
#2 /var/www/php/easy-framework-swoole/framework/server/BaseServer.php(54): swoole_http_server->start()
#3 /var/www/php/easy-framework-swoole/framework/server/Server.php(31): framework\server\BaseServer->start()
#4 /var/www/php/easy-framework-swoole/framework/web/Application.php(41): framework\server\Server->start()
#5 /var/www/php/easy-framework-swoole/framework/framework.php(27): framework\web\Application::run(Array)
#6 /var/www/php/easy-framework-swoole/index.php(8): require('/var/www/php/ea...')
#7 {main}

[2017-09-18 13:22:12] [ log ] 
 client: 0.0.0.0
---------------------------------------------------------------
workerid: 1  workerpid: 3198 code: 0

[2017-09-18 13:23:14] [ log ] localhost:81/index/er
 client: 127.0.0.1
---------------------------------------------------------------
 msg : action erAction not found 
 file : /var/www/php/easy-framework-swoole/framework/components/dispatcher/Dispatcher.php 
 line : 47 
 code : 404 
 trace : #0 /var/www/php/easy-framework-swoole/framework/server/HttpServer.php(36): framework\components\dispatcher\Dispatcher->run(Array)
#1 [internal function]: framework\server\HttpServer->framework\server\{closure}(Object(swoole_http_request), Object(swoole_http_response))
#2 /var/www/php/easy-framework-swoole/framework/server/BaseServer.php(54): swoole_http_server->start()
#3 /var/www/php/easy-framework-swoole/framework/server/Server.php(31): framework\server\BaseServer->start()
#4 /var/www/php/easy-framework-swoole/framework/web/Application.php(41): framework\server\Server->start()
#5 /var/www/php/easy-framework-swoole/framework/framework.php(27): framework\web\Application::run(Array)
#6 /var/www/php/easy-framework-swoole/index.php(8): require('/var/www/php/ea...')
#7 {main}

[2017-09-18 13:23:14] [ log ] 
 client: 0.0.0.0
---------------------------------------------------------------
workerid: 0  workerpid: 3197 code: 0

[2017-09-18 13:26:25] [ log ] localhost:81/index/inde23
 client: 127.0.0.1
---------------------------------------------------------------
 msg : action inde23Action not found 
 file : /var/www/php/easy-framework-swoole/framework/components/dispatcher/Dispatcher.php 
 line : 47 
 code : 404 
 trace : #0 /var/www/php/easy-framework-swoole/framework/server/HttpServer.php(36): framework\components\dispatcher\Dispatcher->run(Array)
#1 [internal function]: framework\server\HttpServer->framework\server\{closure}(Object(swoole_http_request), Object(swoole_http_response))
#2 /var/www/php/easy-framework-swoole/framework/server/BaseServer.php(54): swoole_http_server->start()
#3 /var/www/php/easy-framework-swoole/framework/server/Server.php(31): framework\server\BaseServer->start()
#4 /var/www/php/easy-framework-swoole/framework/web/Application.php(41): framework\server\Server->start()
#5 /var/www/php/easy-framework-swoole/framework/framework.php(27): framework\web\Application::run(Array)
#6 /var/www/php/easy-framework-swoole/index.php(8): require('/var/www/php/ea...')
#7 {main}

[2017-09-18 13:26:25] [ log ] 
 client: 0.0.0.0
---------------------------------------------------------------
workerid: 0  workerpid: 3475 code: 0

[2017-09-18 13:28:13] [ log ] localhost:81/index/test12
 client: 127.0.0.1
---------------------------------------------------------------
 msg : action test12Action not found 
 file : /var/www/php/easy-framework-swoole/framework/components/dispatcher/Dispatcher.php 
 line : 47 
 code : 404 
 trace : #0 /var/www/php/easy-framework-swoole/framework/server/HttpServer.php(36): framework\components\dispatcher\Dispatcher->run(Array)
#1 [internal function]: framework\server\HttpServer->framework\server\{closure}(Object(swoole_http_request), Object(swoole_http_response))
#2 /var/www/php/easy-framework-swoole/framework/server/BaseServer.php(54): swoole_http_server->start()
#3 /var/www/php/easy-framework-swoole/framework/server/Server.php(31): framework\server\BaseServer->start()
#4 /var/www/php/easy-framework-swoole/framework/web/Application.php(41): framework\server\Server->start()
#5 /var/www/php/easy-framework-swoole/framework/framework.php(27): framework\web\Application::run(Array)
#6 /var/www/php/easy-framework-swoole/index.php(8): require('/var/www/php/ea...')
#7 {main}

[2017-09-18 13:28:13] [ log ] 
 client: 0.0.0.0
---------------------------------------------------------------
workerid: 1  workerpid: 3525 code: 0

[2017-09-18 13:31:34] [ log ] localhost:81/index/i4
 client: 127.0.0.1
---------------------------------------------------------------
 msg : action i4Action not found 
 file : /var/www/php/easy-framework-swoole/framework/components/dispatcher/Dispatcher.php 
 line : 47 
 code : 404 
 trace : #0 /var/www/php/easy-framework-swoole/framework/server/HttpServer.php(36): framework\components\dispatcher\Dispatcher->run(Array)
#1 [internal function]: framework\server\HttpServer->framework\server\{closure}(Object(swoole_http_request), Object(swoole_http_response))
#2 /var/www/php/easy-framework-swoole/framework/server/BaseServer.php(54): swoole_http_server->start()
#3 /var/www/php/easy-framework-swoole/framework/server/Server.php(31): framework\server\BaseServer->start()
#4 /var/www/php/easy-framework-swoole/framework/web/Application.php(41): framework\server\Server->start()
#5 /var/www/php/easy-framework-swoole/framework/framework.php(27): framework\web\Application::run(Array)
#6 /var/www/php/easy-framework-swoole/index.php(8): require('/var/www/php/ea...')
#7 {main}

[2017-09-18 13:31:34] [ log ] 
 client: 0.0.0.0
---------------------------------------------------------------
workerid: 1  workerpid: 3575 code: 0

[2017-09-18 13:38:08] [ log ] localhost:81/index/ind546
 client: 127.0.0.1
---------------------------------------------------------------
 msg : action ind546Action not found 
 file : /var/www/php/easy-framework-swoole/framework/components/dispatcher/Dispatcher.php 
 line : 47 
 code : 404 
 trace : #0 /var/www/php/easy-framework-swoole/framework/server/HttpServer.php(36): framework\components\dispatcher\Dispatcher->run(Array)
#1 [internal function]: framework\server\HttpServer->framework\server\{closure}(Object(swoole_http_request), Object(swoole_http_response))
#2 /var/www/php/easy-framework-swoole/framework/server/BaseServer.php(54): swoole_http_server->start()
#3 /var/www/php/easy-framework-swoole/framework/server/Server.php(31): framework\server\BaseServer->start()
#4 /var/www/php/easy-framework-swoole/framework/web/Application.php(41): framework\server\Server->start()
#5 /var/www/php/easy-framework-swoole/framework/framework.php(27): framework\web\Application::run(Array)
#6 /var/www/php/easy-framework-swoole/index.php(8): require('/var/www/php/ea...')
#7 {main}

[2017-09-18 13:38:08] [ log ] 
 client: 0.0.0.0
---------------------------------------------------------------
workerid: 0  workerpid: 3671 code: 0

[2017-09-18 13:39:17] [ log ] 
 client: 0.0.0.0
---------------------------------------------------------------
 msg : action erAction not found 
 file : /var/www/php/easy-framework-swoole/framework/components/dispatcher/Dispatcher.php 
 line : 47 
 code : 404 
 trace : #0 /var/www/php/easy-framework-swoole/framework/server/HttpServer.php(39): framework\components\dispatcher\Dispatcher->run(Array)
#1 [internal function]: framework\server\HttpServer->framework\server\{closure}(Object(swoole_http_request), Object(swoole_http_response))
#2 /var/www/php/easy-framework-swoole/framework/server/BaseServer.php(54): swoole_http_server->start()
#3 /var/www/php/easy-framework-swoole/framework/server/Server.php(31): framework\server\BaseServer->start()
#4 /var/www/php/easy-framework-swoole/framework/web/Application.php(41): framework\server\Server->start()
#5 /var/www/php/easy-framework-swoole/framework/framework.php(27): framework\web\Application::run(Array)
#6 /var/www/php/easy-framework-swoole/index.php(8): require('/var/www/php/ea...')
#7 {main}

[2017-09-18 13:39:17] [ log ] 
 client: 0.0.0.0
---------------------------------------------------------------
workerid: 0  workerpid: 3705 code: 0

[2017-09-18 13:43:25] [ log ] 
 client: 0.0.0.0
---------------------------------------------------------------
 msg : action erAction not found 
 file : /var/www/php/easy-framework-swoole/framework/components/dispatcher/Dispatcher.php 
 line : 47 
 code : 404 
 trace : #0 /var/www/php/easy-framework-swoole/framework/server/HttpServer.php(39): framework\components\dispatcher\Dispatcher->run(Array)
#1 [internal function]: framework\server\HttpServer->framework\server\{closure}(Object(swoole_http_request), Object(swoole_http_response))
#2 /var/www/php/easy-framework-swoole/framework/server/BaseServer.php(54): swoole_http_server->start()
#3 /var/www/php/easy-framework-swoole/framework/server/Server.php(31): framework\server\BaseServer->start()
#4 /var/www/php/easy-framework-swoole/framework/web/Application.php(40): framework\server\Server->start()
#5 /var/www/php/easy-framework-swoole/framework/framework.php(27): framework\web\Application::run(Array)
#6 /var/www/php/easy-framework-swoole/index.php(8): require('/var/www/php/ea...')
#7 {main}

[2017-09-18 13:43:25] [ log ] 
 client: 0.0.0.0
---------------------------------------------------------------
workerid: 0  workerpid: 3811 code: 0

[2017-09-18 13:52:57] [ log ] 
 client: 0.0.0.0
---------------------------------------------------------------
 msg : action erAction not found 
 file : /var/www/php/easy-framework-swoole/framework/components/dispatcher/Dispatcher.php 
 line : 47 
 code : 404 
 trace : #0 /var/www/php/easy-framework-swoole/framework/server/HttpServer.php(39): framework\components\dispatcher\Dispatcher->run(Array)
#1 [internal function]: framework\server\HttpServer->framework\server\{closure}(Object(swoole_http_request), Object(swoole_http_response))
#2 /var/www/php/easy-framework-swoole/framework/server/BaseServer.php(54): swoole_http_server->start()
#3 /var/www/php/easy-framework-swoole/framework/server/Server.php(31): framework\server\BaseServer->start()
#4 /var/www/php/easy-framework-swoole/framework/web/Application.php(40): framework\server\Server->start()
#5 /var/www/php/easy-framework-swoole/framework/framework.php(27): framework\web\Application::run(Array)
#6 /var/www/php/easy-framework-swoole/index.php(8): require('/var/www/php/ea...')
#7 {main}

[2017-09-18 13:52:57] [ log ] 
 client: 0.0.0.0
---------------------------------------------------------------
workerid: 0  workerpid: 4531 code: 0

[2017-09-18 13:55:01] [ log ] 
 client: 0.0.0.0
---------------------------------------------------------------
workerid: 0  workerpid: 4593 code: 0

[2017-09-18 13:56:56] [ log ] 
 client: 0.0.0.0
---------------------------------------------------------------
workerid: 0  workerpid: 4644 code: 0

[2017-09-18 13:57:51] [ log ] 
 client: 0.0.0.0
---------------------------------------------------------------
workerid: 0  workerpid: 4674 code: 0

[2017-09-18 13:59:25] [ log ] localhost:81/index/ind45
 client: 127.0.0.1
---------------------------------------------------------------
 msg : action ind45Action not found 
 file : /var/www/php/easy-framework-swoole/framework/components/dispatcher/Dispatcher.php 
 line : 47 
 code : 404 
 trace : #0 /var/www/php/easy-framework-swoole/framework/server/HttpServer.php(35): framework\components\dispatcher\Dispatcher->run(Array)
#1 [internal function]: framework\server\HttpServer->framework\server\{closure}(Object(swoole_http_request), Object(swoole_http_response))
#2 /var/www/php/easy-framework-swoole/framework/server/BaseServer.php(54): swoole_http_server->start()
#3 /var/www/php/easy-framework-swoole/framework/server/Server.php(31): framework\server\BaseServer->start()
#4 /var/www/php/easy-framework-swoole/framework/web/Application.php(40): framework\server\Server->start()
#5 /var/www/php/easy-framework-swoole/framework/framework.php(27): framework\web\Application::run(Array)
#6 /var/www/php/easy-framework-swoole/index.php(8): require('/var/www/php/ea...')
#7 {main}

[2017-09-18 13:59:25] [ log ] 
 client: 0.0.0.0
---------------------------------------------------------------
workerid: 0  workerpid: 4713 code: 0

[2017-09-18 14:00:09] [ log ] localhost:81/index/ind45
 client: 127.0.0.1
---------------------------------------------------------------
 msg : action ind45Action not found 
 file : /var/www/php/easy-framework-swoole/framework/components/dispatcher/Dispatcher.php 
 line : 47 
 code : 404 
 trace : #0 /var/www/php/easy-framework-swoole/framework/server/HttpServer.php(35): framework\components\dispatcher\Dispatcher->run(Array)
#1 [internal function]: framework\server\HttpServer->framework\server\{closure}(Object(swoole_http_request), Object(swoole_http_response))
#2 /var/www/php/easy-framework-swoole/framework/server/BaseServer.php(54): swoole_http_server->start()
#3 /var/www/php/easy-framework-swoole/framework/server/Server.php(31): framework\server\BaseServer->start()
#4 /var/www/php/easy-framework-swoole/framework/web/Application.php(40): framework\server\Server->start()
#5 /var/www/php/easy-framework-swoole/framework/framework.php(27): framework\web\Application::run(Array)
#6 /var/www/php/easy-framework-swoole/index.php(8): require('/var/www/php/ea...')
#7 {main}

[2017-09-18 14:00:09] [ log ] 
 client: 0.0.0.0
---------------------------------------------------------------
workerid: 0  workerpid: 4739 code: 0

[2017-09-18 14:01:42] [ log ] localhost:81/index/ind45
 client: 127.0.0.1
---------------------------------------------------------------
 msg : action ind45Action not found 
 file : /var/www/php/easy-framework-swoole/framework/components/dispatcher/Dispatcher.php 
 line : 47 
 code : 404 
 trace : #0 /var/www/php/easy-framework-swoole/framework/server/HttpServer.php(35): framework\components\dispatcher\Dispatcher->run(Array)
#1 [internal function]: framework\server\HttpServer->framework\server\{closure}(Object(swoole_http_request), Object(swoole_http_response))
#2 /var/www/php/easy-framework-swoole/framework/server/BaseServer.php(54): swoole_http_server->start()
#3 /var/www/php/easy-framework-swoole/framework/server/Server.php(31): framework\server\BaseServer->start()
#4 /var/www/php/easy-framework-swoole/framework/web/Application.php(40): framework\server\Server->start()
#5 /var/www/php/easy-framework-swoole/framework/framework.php(27): framework\web\Application::run(Array)
#6 /var/www/php/easy-framework-swoole/index.php(8): require('/var/www/php/ea...')
#7 {main}

[2017-09-18 14:01:42] [ log ] 
 client: 0.0.0.0
---------------------------------------------------------------
workerid: 0  workerpid: 4775 code: 0

[2017-09-18 14:03:59] [ log ] localhost:81/index/ind45
 client: 127.0.0.1
---------------------------------------------------------------
 msg : action ind45Action not found 
 file : /var/www/php/easy-framework-swoole/framework/components/dispatcher/Dispatcher.php 
 line : 47 
 code : 404 
 trace : #0 /var/www/php/easy-framework-swoole/framework/server/HttpServer.php(35): framework\components\dispatcher\Dispatcher->run(Array)
#1 [internal function]: framework\server\HttpServer->framework\server\{closure}(Object(swoole_http_request), Object(swoole_http_response))
#2 /var/www/php/easy-framework-swoole/framework/server/BaseServer.php(54): swoole_http_server->start()
#3 /var/www/php/easy-framework-swoole/framework/server/Server.php(31): framework\server\BaseServer->start()
#4 /var/www/php/easy-framework-swoole/framework/web/Application.php(40): framework\server\Server->start()
#5 /var/www/php/easy-framework-swoole/framework/framework.php(27): framework\web\Application::run(Array)
#6 /var/www/php/easy-framework-swoole/index.php(8): require('/var/www/php/ea...')
#7 {main}

[2017-09-18 14:03:59] [ log ] 
 client: 0.0.0.0
---------------------------------------------------------------
workerid: 0  workerpid: 4811 code: 0

[2017-09-18 14:05:13] [ log ] 
 client: 0.0.0.0
---------------------------------------------------------------
workerid: 0  workerpid: 4844 code: 0

[2017-09-18 14:05:44] [ log ] 
 client: 0.0.0.0
---------------------------------------------------------------
workerid: 0  workerpid: 4869 code: 0

[2017-09-18 14:06:13] [ log ] localhost:81/index/ind45
 client: 127.0.0.1
---------------------------------------------------------------
 msg : action ind45Action not found 
 file : /var/www/php/easy-framework-swoole/framework/components/dispatcher/Dispatcher.php 
 line : 47 
 code : 404 
 trace : #0 /var/www/php/easy-framework-swoole/framework/server/HttpServer.php(35): framework\components\dispatcher\Dispatcher->run(Array)
#1 [internal function]: framework\server\HttpServer->framework\server\{closure}(Object(swoole_http_request), Object(swoole_http_response))
#2 /var/www/php/easy-framework-swoole/framework/server/BaseServer.php(54): swoole_http_server->start()
#3 /var/www/php/easy-framework-swoole/framework/server/Server.php(31): framework\server\BaseServer->start()
#4 /var/www/php/easy-framework-swoole/framework/web/Application.php(40): framework\server\Server->start()
#5 /var/www/php/easy-framework-swoole/framework/framework.php(27): framework\web\Application::run(Array)
#6 /var/www/php/easy-framework-swoole/index.php(8): require('/var/www/php/ea...')
#7 {main}

[2017-09-18 14:06:13] [ log ] 
 client: 0.0.0.0
---------------------------------------------------------------
workerid: 0  workerpid: 4891 code: 0

[2017-09-18 14:07:31] [ log ] localhost:81/index/ind45
 client: 127.0.0.1
---------------------------------------------------------------
 msg : action ind45Action not found 
 file : /var/www/php/easy-framework-swoole/framework/components/dispatcher/Dispatcher.php 
 line : 47 
 code : 404 
 trace : #0 /var/www/php/easy-framework-swoole/framework/server/HttpServer.php(35): framework\components\dispatcher\Dispatcher->run(Array)
#1 [internal function]: framework\server\HttpServer->framework\server\{closure}(Object(swoole_http_request), Object(swoole_http_response))
#2 /var/www/php/easy-framework-swoole/framework/server/BaseServer.php(54): swoole_http_server->start()
#3 /var/www/php/easy-framework-swoole/framework/server/Server.php(31): framework\server\BaseServer->start()
#4 /var/www/php/easy-framework-swoole/framework/web/Application.php(40): framework\server\Server->start()
#5 /var/www/php/easy-framework-swoole/framework/framework.php(27): framework\web\Application::run(Array)
#6 /var/www/php/easy-framework-swoole/index.php(8): require('/var/www/php/ea...')
#7 {main}

[2017-09-18 14:07:32] [ log ] 
 client: 0.0.0.0
---------------------------------------------------------------
workerid: 0  workerpid: 4939 code: 0

[2017-09-18 14:08:46] [ log ] localhost:81/index/ind45
 client: 127.0.0.1
---------------------------------------------------------------
 msg : action ind45Action not found 
 file : /var/www/php/easy-framework-swoole/framework/components/dispatcher/Dispatcher.php 
 line : 47 
 code : 404 
 trace : #0 /var/www/php/easy-framework-swoole/framework/server/HttpServer.php(35): framework\components\dispatcher\Dispatcher->run(Array)
#1 [internal function]: framework\server\HttpServer->framework\server\{closure}(Object(swoole_http_request), Object(swoole_http_response))
#2 /var/www/php/easy-framework-swoole/framework/server/BaseServer.php(54): swoole_http_server->start()
#3 /var/www/php/easy-framework-swoole/framework/server/Server.php(31): framework\server\BaseServer->start()
#4 /var/www/php/easy-framework-swoole/framework/web/Application.php(40): framework\server\Server->start()
#5 /var/www/php/easy-framework-swoole/framework/framework.php(27): framework\web\Application::run(Array)
#6 /var/www/php/easy-framework-swoole/index.php(8): require('/var/www/php/ea...')
#7 {main}

[2017-09-18 14:08:46] [ log ] 
 client: 0.0.0.0
---------------------------------------------------------------
workerid: 0  workerpid: 4975 code: 0

[2017-09-18 14:09:22] [ log ] localhost:81/index/ind45
 client: 127.0.0.1
---------------------------------------------------------------
 msg : action ind45Action not found 
 file : /var/www/php/easy-framework-swoole/framework/components/dispatcher/Dispatcher.php 
 line : 47 
 code : 404 
 trace : #0 /var/www/php/easy-framework-swoole/framework/server/HttpServer.php(35): framework\components\dispatcher\Dispatcher->run(Array)
#1 [internal function]: framework\server\HttpServer->framework\server\{closure}(Object(swoole_http_request), Object(swoole_http_response))
#2 /var/www/php/easy-framework-swoole/framework/server/BaseServer.php(54): swoole_http_server->start()
#3 /var/www/php/easy-framework-swoole/framework/server/Server.php(31): framework\server\BaseServer->start()
#4 /var/www/php/easy-framework-swoole/framework/web/Application.php(40): framework\server\Server->start()
#5 /var/www/php/easy-framework-swoole/framework/framework.php(27): framework\web\Application::run(Array)
#6 /var/www/php/easy-framework-swoole/index.php(8): require('/var/www/php/ea...')
#7 {main}

[2017-09-18 14:09:22] [ log ] 
 client: 0.0.0.0
---------------------------------------------------------------
workerid: 0  workerpid: 5000 code: 0

[2017-09-18 14:09:56] [ log ] localhost:81/index/ind45
 client: 127.0.0.1
---------------------------------------------------------------
 msg : action ind45Action not found 
 file : /var/www/php/easy-framework-swoole/framework/components/dispatcher/Dispatcher.php 
 line : 47 
 code : 404 
 trace : #0 /var/www/php/easy-framework-swoole/framework/server/HttpServer.php(35): framework\components\dispatcher\Dispatcher->run(Array)
#1 [internal function]: framework\server\HttpServer->framework\server\{closure}(Object(swoole_http_request), Object(swoole_http_response))
#2 /var/www/php/easy-framework-swoole/framework/server/BaseServer.php(54): swoole_http_server->start()
#3 /var/www/php/easy-framework-swoole/framework/server/Server.php(31): framework\server\BaseServer->start()
#4 /var/www/php/easy-framework-swoole/framework/web/Application.php(40): framework\server\Server->start()
#5 /var/www/php/easy-framework-swoole/framework/framework.php(27): framework\web\Application::run(Array)
#6 /var/www/php/easy-framework-swoole/index.php(8): require('/var/www/php/ea...')
#7 {main}

[2017-09-18 14:09:56] [ log ] 
 client: 0.0.0.0
---------------------------------------------------------------
workerid: 0  workerpid: 5024 code: 0

[2017-09-18 14:10:19] [ log ] localhost:81/index/ind45
 client: 127.0.0.1
---------------------------------------------------------------
 msg : action ind45Action not found 
 file : /var/www/php/easy-framework-swoole/framework/components/dispatcher/Dispatcher.php 
 line : 47 
 code : 404 
 trace : #0 /var/www/php/easy-framework-swoole/framework/server/HttpServer.php(35): framework\components\dispatcher\Dispatcher->run(Array)
#1 [internal function]: framework\server\HttpServer->framework\server\{closure}(Object(swoole_http_request), Object(swoole_http_response))
#2 /var/www/php/easy-framework-swoole/framework/server/BaseServer.php(54): swoole_http_server->start()
#3 /var/www/php/easy-framework-swoole/framework/server/Server.php(31): framework\server\BaseServer->start()
#4 /var/www/php/easy-framework-swoole/framework/web/Application.php(40): framework\server\Server->start()
#5 /var/www/php/easy-framework-swoole/framework/framework.php(27): framework\web\Application::run(Array)
#6 /var/www/php/easy-framework-swoole/index.php(8): require('/var/www/php/ea...')
#7 {main}

[2017-09-18 14:10:20] [ log ] 
 client: 0.0.0.0
---------------------------------------------------------------
workerid: 0  workerpid: 5046 code: 0

[2017-09-18 14:10:42] [ log ] localhost:81/index/ind45
 client: 127.0.0.1
---------------------------------------------------------------
 msg : action ind45Action not found 
 file : /var/www/php/easy-framework-swoole/framework/components/dispatcher/Dispatcher.php 
 line : 47 
 code : 404 
 trace : #0 /var/www/php/easy-framework-swoole/framework/server/HttpServer.php(35): framework\components\dispatcher\Dispatcher->run(Array)
#1 [internal function]: framework\server\HttpServer->framework\server\{closure}(Object(swoole_http_request), Object(swoole_http_response))
#2 /var/www/php/easy-framework-swoole/framework/server/BaseServer.php(54): swoole_http_server->start()
#3 /var/www/php/easy-framework-swoole/framework/server/Server.php(31): framework\server\BaseServer->start()
#4 /var/www/php/easy-framework-swoole/framework/web/Application.php(40): framework\server\Server->start()
#5 /var/www/php/easy-framework-swoole/framework/framework.php(27): framework\web\Application::run(Array)
#6 /var/www/php/easy-framework-swoole/index.php(8): require('/var/www/php/ea...')
#7 {main}

[2017-09-18 14:10:42] [ log ] 
 client: 0.0.0.0
---------------------------------------------------------------
workerid: 0  workerpid: 5071 code: 0

[2017-09-18 14:11:04] [ log ] localhost:81/index/ind45
 client: 127.0.0.1
---------------------------------------------------------------
 msg : action ind45Action not found 
 file : /var/www/php/easy-framework-swoole/framework/components/dispatcher/Dispatcher.php 
 line : 47 
 code : 404 
 trace : #0 /var/www/php/easy-framework-swoole/framework/server/HttpServer.php(35): framework\components\dispatcher\Dispatcher->run(Array)
#1 [internal function]: framework\server\HttpServer->framework\server\{closure}(Object(swoole_http_request), Object(swoole_http_response))
#2 /var/www/php/easy-framework-swoole/framework/server/BaseServer.php(54): swoole_http_server->start()
#3 /var/www/php/easy-framework-swoole/framework/server/Server.php(31): framework\server\BaseServer->start()
#4 /var/www/php/easy-framework-swoole/framework/web/Application.php(40): framework\server\Server->start()
#5 /var/www/php/easy-framework-swoole/framework/framework.php(27): framework\web\Application::run(Array)
#6 /var/www/php/easy-framework-swoole/index.php(8): require('/var/www/php/ea...')
#7 {main}

[2017-09-18 14:12:17] [ log ] localhost:81/index/ind45
 client: 127.0.0.1
---------------------------------------------------------------
 msg : action ind45Action not found 
 file : /var/www/php/easy-framework-swoole/framework/components/dispatcher/Dispatcher.php 
 line : 47 
 code : 404 
 trace : #0 /var/www/php/easy-framework-swoole/framework/server/HttpServer.php(35): framework\components\dispatcher\Dispatcher->run(Array)
#1 [internal function]: framework\server\HttpServer->framework\server\{closure}(Object(swoole_http_request), Object(swoole_http_response))
#2 /var/www/php/easy-framework-swoole/framework/server/BaseServer.php(54): swoole_http_server->start()
#3 /var/www/php/easy-framework-swoole/framework/server/Server.php(31): framework\server\BaseServer->start()
#4 /var/www/php/easy-framework-swoole/framework/web/Application.php(40): framework\server\Server->start()
#5 /var/www/php/easy-framework-swoole/framework/framework.php(27): framework\web\Application::run(Array)
#6 /var/www/php/easy-framework-swoole/index.php(8): require('/var/www/php/ea...')
#7 {main}

[2017-09-18 14:12:17] [ log ] 
 client: 0.0.0.0
---------------------------------------------------------------
workerid: 0  workerpid: 5109 code: 0

[2017-09-18 14:14:02] [ log ] localhost:81/index/ind45
 client: 127.0.0.1
---------------------------------------------------------------
 msg : action ind45Action not found 
 file : /var/www/php/easy-framework-swoole/framework/components/dispatcher/Dispatcher.php 
 line : 47 
 code : 404 
 trace : #0 /var/www/php/easy-framework-swoole/framework/server/HttpServer.php(35): framework\components\dispatcher\Dispatcher->run(Array)
#1 [internal function]: framework\server\HttpServer->framework\server\{closure}(Object(swoole_http_request), Object(swoole_http_response))
#2 /var/www/php/easy-framework-swoole/framework/server/BaseServer.php(54): swoole_http_server->start()
#3 /var/www/php/easy-framework-swoole/framework/server/Server.php(31): framework\server\BaseServer->start()
#4 /var/www/php/easy-framework-swoole/framework/web/Application.php(40): framework\server\Server->start()
#5 /var/www/php/easy-framework-swoole/framework/framework.php(27): framework\web\Application::run(Array)
#6 /var/www/php/easy-framework-swoole/index.php(8): require('/var/www/php/ea...')
#7 {main}

[2017-09-18 14:14:02] [ log ] 
 client: 0.0.0.0
---------------------------------------------------------------
workerid: 0  workerpid: 5149 code: 0

[2017-09-18 14:14:33] [ log ] localhost:81/index/ind45
 client: 127.0.0.1
---------------------------------------------------------------
 msg : action ind45Action not found 
 file : /var/www/php/easy-framework-swoole/framework/components/dispatcher/Dispatcher.php 
 line : 47 
 code : 404 
 trace : #0 /var/www/php/easy-framework-swoole/framework/server/HttpServer.php(35): framework\components\dispatcher\Dispatcher->run(Array)
#1 [internal function]: framework\server\HttpServer->framework\server\{closure}(Object(swoole_http_request), Object(swoole_http_response))
#2 /var/www/php/easy-framework-swoole/framework/server/BaseServer.php(54): swoole_http_server->start()
#3 /var/www/php/easy-framework-swoole/framework/server/Server.php(31): framework\server\BaseServer->start()
#4 /var/www/php/easy-framework-swoole/framework/web/Application.php(40): framework\server\Server->start()
#5 /var/www/php/easy-framework-swoole/framework/framework.php(27): framework\web\Application::run(Array)
#6 /var/www/php/easy-framework-swoole/index.php(8): require('/var/www/php/ea...')
#7 {main}

[2017-09-18 14:17:38] [ log ] localhost:81/index/ind45
 client: 127.0.0.1
---------------------------------------------------------------
 msg : action ind45Action not found 
 file : /var/www/php/easy-framework-swoole/framework/components/dispatcher/Dispatcher.php 
 line : 47 
 code : 404 
 trace : #0 /var/www/php/easy-framework-swoole/framework/server/HttpServer.php(35): framework\components\dispatcher\Dispatcher->run(Array)
#1 [internal function]: framework\server\HttpServer->framework\server\{closure}(Object(swoole_http_request), Object(swoole_http_response))
#2 /var/www/php/easy-framework-swoole/framework/server/BaseServer.php(54): swoole_http_server->start()
#3 /var/www/php/easy-framework-swoole/framework/server/Server.php(31): framework\server\BaseServer->start()
#4 /var/www/php/easy-framework-swoole/framework/web/Application.php(40): framework\server\Server->start()
#5 /var/www/php/easy-framework-swoole/framework/framework.php(27): framework\web\Application::run(Array)
#6 /var/www/php/easy-framework-swoole/index.php(8): require('/var/www/php/ea...')
#7 {main}

[2017-09-18 14:18:36] [ log ] localhost:81/index/ind45
 client: 127.0.0.1
---------------------------------------------------------------
 msg : action ind45Action not found 
 file : /var/www/php/easy-framework-swoole/framework/components/dispatcher/Dispatcher.php 
 line : 47 
 code : 404 
 trace : #0 /var/www/php/easy-framework-swoole/framework/server/HttpServer.php(35): framework\components\dispatcher\Dispatcher->run(Array)
#1 [internal function]: framework\server\HttpServer->framework\server\{closure}(Object(swoole_http_request), Object(swoole_http_response))
#2 /var/www/php/easy-framework-swoole/framework/server/BaseServer.php(54): swoole_http_server->start()
#3 /var/www/php/easy-framework-swoole/framework/server/Server.php(31): framework\server\BaseServer->start()
#4 /var/www/php/easy-framework-swoole/framework/web/Application.php(40): framework\server\Server->start()
#5 /var/www/php/easy-framework-swoole/framework/framework.php(27): framework\web\Application::run(Array)
#6 /var/www/php/easy-framework-swoole/index.php(8): require('/var/www/php/ea...')
#7 {main}

[2017-09-18 14:22:15] [ log ] localhost:81/index
 client: 127.0.0.1
---------------------------------------------------------------
Uncaught Exception: swoole_http_response::status(): Http request is end. at  file: /var/www/php/easy-framework-swoole/framework/server/HttpServer.php, on line: 57 in /var/www/php/easy-framework-swoole/framework/components/error/Error.php:9
Stack trace:
#0 [internal function]: framework\components\error\Error->handleError(2, 'swoole_http_res...', '/var/www/php/ea...', 57, Array)
#1 /var/www/php/easy-framework-swoole/framework/server/HttpServer.php(57): swoole_http_response->status(404)
#2 [internal function]: framework\server\HttpServer->framework\server\{closure}(Object(swoole_http_request), Object(swoole_http_response))
#3 /var/www/php/easy-framework-swoole/framework/server/BaseServer.php(54): swoole_http_server->start()
#4 /var/www/php/easy-framework-swoole/framework/server/Server.php(31): framework\server\BaseServer->start()
#5 /var/www/php/easy-framework-swoole/framework/web/Application.php(40): framework\server\Server->start()
#6 /var/www/php/easy-framework-swoole/framework/framework.php(27): framework\w (/var/www/php/easy-framework-swoole/framework/components/error/Error.php:9)
Stack trace:
#0 unknown(0): framework\components\shutdown\ShutDown->handleShutDown()


[2017-09-18 14:22:15] [ log ] 
 client: 0.0.0.0
---------------------------------------------------------------
workerid: 0  workerpid: 5351 code: 255

[2017-09-18 14:23:45] [ log ] localhost:81/index
 client: 127.0.0.1
---------------------------------------------------------------
 msg : 34 
 file : /var/www/php/easy-framework-swoole/framework/server/HttpServer.php 
 line : 40 
 code : 0 
 trace : #0 [internal function]: framework\server\HttpServer->framework\server\{closure}(Object(swoole_http_request), Object(swoole_http_response))
#1 /var/www/php/easy-framework-swoole/framework/server/BaseServer.php(54): swoole_http_server->start()
#2 /var/www/php/easy-framework-swoole/framework/server/Server.php(31): framework\server\BaseServer->start()
#3 /var/www/php/easy-framework-swoole/framework/web/Application.php(40): framework\server\Server->start()
#4 /var/www/php/easy-framework-swoole/framework/framework.php(27): framework\web\Application::run(Array)
#5 /var/www/php/easy-framework-swoole/index.php(8): require('/var/www/php/ea...')
#6 {main}

[2017-09-18 14:23:45] [ log ] 
 client: 0.0.0.0
---------------------------------------------------------------
workerid: 0  workerpid: 5385 code: 0

[2017-09-18 14:24:25] [ log ] localhost:81/index
 client: 127.0.0.1
---------------------------------------------------------------
 msg : 34 
 file : /var/www/php/easy-framework-swoole/framework/server/HttpServer.php 
 line : 40 
 code : 0 
 trace : #0 [internal function]: framework\server\HttpServer->framework\server\{closure}(Object(swoole_http_request), Object(swoole_http_response))
#1 /var/www/php/easy-framework-swoole/framework/server/BaseServer.php(54): swoole_http_server->start()
#2 /var/www/php/easy-framework-swoole/framework/server/Server.php(31): framework\server\BaseServer->start()
#3 /var/www/php/easy-framework-swoole/framework/web/Application.php(40): framework\server\Server->start()
#4 /var/www/php/easy-framework-swoole/framework/framework.php(27): framework\web\Application::run(Array)
#5 /var/www/php/easy-framework-swoole/index.php(8): require('/var/www/php/ea...')
#6 {main}

[2017-09-18 14:24:25] [ log ] 
 client: 0.0.0.0
---------------------------------------------------------------
workerid: 0  workerpid: 5412 code: 0

[2017-09-18 14:24:55] [ log ] localhost:81/index
 client: 127.0.0.1
---------------------------------------------------------------
 msg : 34 
 file : /var/www/php/easy-framework-swoole/framework/server/HttpServer.php 
 line : 40 
 code : 0 
 trace : #0 [internal function]: framework\server\HttpServer->framework\server\{closure}(Object(swoole_http_request), Object(swoole_http_response))
#1 /var/www/php/easy-framework-swoole/framework/server/BaseServer.php(54): swoole_http_server->start()
#2 /var/www/php/easy-framework-swoole/framework/server/Server.php(31): framework\server\BaseServer->start()
#3 /var/www/php/easy-framework-swoole/framework/web/Application.php(40): framework\server\Server->start()
#4 /var/www/php/easy-framework-swoole/framework/framework.php(27): framework\web\Application::run(Array)
#5 /var/www/php/easy-framework-swoole/index.php(8): require('/var/www/php/ea...')
#6 {main}

[2017-09-18 14:24:55] [ log ] 
 client: 0.0.0.0
---------------------------------------------------------------
workerid: 0  workerpid: 5440 code: 0

[2017-09-18 14:27:31] [ log ] 
 client: 0.0.0.0
---------------------------------------------------------------
workerid: 0  workerpid: 5513 code: 0

[2017-09-18 14:28:12] [ log ] 
 client: 0.0.0.0
---------------------------------------------------------------
workerid: 0  workerpid: 5540 code: 0

[2017-09-18 14:30:02] [ log ] 
 client: 0.0.0.0
---------------------------------------------------------------
Uncaught Error: Class 'framework\server\Container' not found in /var/www/php/easy-framework-swoole/framework/server/BaseServer.php:103
Stack trace:
#0 [internal function]: framework\server\BaseServer->framework\server\{closure}(Object(swoole_http_server), 0, 5587, 0, 11)
#1 /var/www/php/easy-framework-swoole/framework/server/BaseServer.php(53): swoole_http_server->start()
#2 /var/www/php/easy-framework-swoole/framework/server/Server.php(31): framework\server\BaseServer->start()
#3 /var/www/php/easy-framework-swoole/framework/web/Application.php(40): framework\server\Server->start()
#4 /var/www/php/easy-framework-swoole/framework/framework.php(27): framework\web\Application::run(Array)
#5 /var/www/php/easy-framework-swoole/index.php(8): require('/var/www/php/ea...')
#6 {main}
  thrown (/var/www/php/easy-framework-swoole/framework/server/BaseServer.php:103)
Stack trace:
#0 unknown(0): framework\components\shutdown\ShutDown->handleShutDown()


[2017-09-18 14:31:02] [ log ] 
 client: 0.0.0.0
---------------------------------------------------------------
workerid: 0  workerpid: 5612 code: 0

[2017-09-18 14:33:12] [ log ] 
 client: 0.0.0.0
---------------------------------------------------------------
workerid: 0  workerpid: 5670 code: 0

[2017-09-18 14:34:23] [ log ] 
 client: 0.0.0.0
---------------------------------------------------------------
workerid: 0  workerpid: 5722 code: 0

[2017-09-18 14:37:59] [ log ] localhost:81/index
 client: 127.0.0.1
---------------------------------------------------------------
 msg : Call to undefined method framework\components\url\SwooleUrl::getResquestUrl() 
 file : /var/www/php/easy-framework-swoole/framework/components/page/Page.php 
 line : 71 
 code : 0 
 trace : #0 /var/www/php/easy-framework-swoole/framework/components/page/Page.php(187): framework\components\page\Page->getCurrentUrl()
#1 /var/www/php/easy-framework-swoole/application/controller/Index.php(41): framework\components\page\Page->out(100, NULL, Array)
#2 /var/www/php/easy-framework-swoole/framework/components/dispatcher/Dispatcher.php(38): application\controller\Index->indexAction()
#3 /var/www/php/easy-framework-swoole/framework/server/HttpServer.php(36): framework\components\dispatcher\Dispatcher->run(Array)
#4 [internal function]: framework\server\HttpServer->framework\server\{closure}(Object(swoole_http_request), Object(swoole_http_response))
#5 /var/www/php/easy-framework-swoole/framework/server/BaseServer.php(54): swoole_http_server->start()
#6 /var/www/php/easy-framework-swoole/framework/server/Server.php(31): framework\server\BaseServer->start()
#7 /var/www/php/easy-framework-swoole/framework/web/Application.php(40): framework\server\Server->start()
#8 /var/www/php/easy-framework-swoole/framework/framework.php(27): framework\web\Application::run(Array)
#9 /var/www/php/easy-framework-swoole/index.php(8): require('/var/www/php/ea...')
#10 {main}

[2017-09-18 14:39:30] [ log ] 
 client: 0.0.0.0
---------------------------------------------------------------
workerid: 0  workerpid: 5883 code: 0

[2017-09-18 14:47:08] [ log ] localhost:81/index/index/tr/ty/page/6
 client: 127.0.0.1
---------------------------------------------------------------
Uncaught Exception: swoole_http_response::status(): Http request is end. at  file: /var/www/php/easy-framework-swoole/framework/server/HttpServer.php, on line: 57 in /var/www/php/easy-framework-swoole/framework/components/error/Error.php:9
Stack trace:
#0 [internal function]: framework\components\error\Error->handleError(2, 'swoole_http_res...', '/var/www/php/ea...', 57, Array)
#1 /var/www/php/easy-framework-swoole/framework/server/HttpServer.php(57): swoole_http_response->status(404)
#2 [internal function]: framework\server\HttpServer->framework\server\{closure}(Object(swoole_http_request), Object(swoole_http_response))
#3 /var/www/php/easy-framework-swoole/framework/server/BaseServer.php(54): swoole_http_server->start()
#4 /var/www/php/easy-framework-swoole/framework/server/Server.php(31): framework\server\BaseServer->start()
#5 /var/www/php/easy-framework-swoole/framework/web/Application.php(40): framework\server\Server->start()
#6 /var/www/php/easy-framework-swoole/framework/framework.php(27): framework\w (/var/www/php/easy-framework-swoole/framework/components/error/Error.php:9)
Stack trace:
#0 unknown(0): framework\components\shutdown\ShutDown->handleShutDown()


[2017-09-18 14:47:08] [ log ] 
 client: 0.0.0.0
---------------------------------------------------------------
workerid: 0  workerpid: 6003 code: 255

[2017-09-18 14:48:12] [ log ] 
 client: 0.0.0.0
---------------------------------------------------------------
 msg : syntax error, unexpected '\' (T_NS_SEPARATOR), expecting identifier (T_STRING) 
 file : /var/www/php/easy-framework-swoole/framework/server/HttpServer.php 
 line : 40 
 code : 0 
 trace : #0 [internal function]: autoload('framework/serve...')
#1 /var/www/php/easy-framework-swoole/framework/server/Server.php(28): spl_autoload_call('framework\\serve...')
#2 /var/www/php/easy-framework-swoole/framework/web/Application.php(40): framework\server\Server->start()
#3 /var/www/php/easy-framework-swoole/framework/framework.php(27): framework\web\Application::run(Array)
#4 /var/www/php/easy-framework-swoole/index.php(8): require('/var/www/php/ea...')
#5 {main}

[2017-09-18 14:48:15] [ log ] 
 client: 0.0.0.0
---------------------------------------------------------------
 msg : syntax error, unexpected '\' (T_NS_SEPARATOR), expecting identifier (T_STRING) 
 file : /var/www/php/easy-framework-swoole/framework/server/HttpServer.php 
 line : 40 
 code : 0 
 trace : #0 [internal function]: autoload('framework/serve...')
#1 /var/www/php/easy-framework-swoole/framework/server/Server.php(28): spl_autoload_call('framework\\serve...')
#2 /var/www/php/easy-framework-swoole/framework/web/Application.php(40): framework\server\Server->start()
#3 /var/www/php/easy-framework-swoole/framework/framework.php(27): framework\web\Application::run(Array)
#4 /var/www/php/easy-framework-swoole/index.php(8): require('/var/www/php/ea...')
#5 {main}

[2017-09-18 14:49:04] [ log ] 
 client: 0.0.0.0
---------------------------------------------------------------
workerid: 0  workerpid: 6083 code: 0

[2017-09-18 14:49:59] [ log ] 
 client: 0.0.0.0
---------------------------------------------------------------
workerid: 0  workerpid: 6116 code: 0

[2017-09-18 14:50:43] [ log ] 
 client: 0.0.0.0
---------------------------------------------------------------
workerid: 0  workerpid: 6160 code: 0

[2017-09-18 14:51:17] [ log ] 
 client: 0.0.0.0
---------------------------------------------------------------
workerid: 0  workerpid: 6182 code: 0

[2017-09-18 14:51:59] [ log ] 
 client: 0.0.0.0
---------------------------------------------------------------
workerid: 0  workerpid: 6211 code: 0

[2017-09-18 14:52:11] [ log ] 
 client: 0.0.0.0
---------------------------------------------------------------
workerid: 0  workerpid: 6231 code: 0

[2017-09-18 15:03:24] [ log ] 
 client: 0.0.0.0
---------------------------------------------------------------
workerid: 0  workerpid: 6694 code: 0

[2017-09-18 15:04:05] [ log ] 
 client: 0.0.0.0
---------------------------------------------------------------
workerid: 0  workerpid: 6740 code: 0

[2017-09-18 15:07:18] [ log ] 
 client: 0.0.0.0
---------------------------------------------------------------
workerid: 0  workerpid: 6884 code: 0

[2017-09-18 15:08:25] [ log ] 
 client: 0.0.0.0
---------------------------------------------------------------
workerid: 0  workerpid: 6915 code: 0

[2017-09-18 15:09:52] [ log ] 
 client: 0.0.0.0
---------------------------------------------------------------
workerid: 0  workerpid: 6987 code: 0

[2017-09-18 15:10:55] [ log ] 
 client: 0.0.0.0
---------------------------------------------------------------
workerid: 0  workerpid: 7018 code: 0

[2017-09-18 15:14:31] [ log ] 
 client: 0.0.0.0
---------------------------------------------------------------
workerid: 0  workerpid: 7100 code: 0

[2017-09-18 15:14:45] [ log ] 
 client: 0.0.0.0
---------------------------------------------------------------
workerid: 0  workerpid: 7122 code: 0

[2017-09-18 15:15:40] [ log ] 
 client: 0.0.0.0
---------------------------------------------------------------
workerid: 0  workerpid: 7206 code: 0

[2017-09-18 15:17:17] [ log ] localhost:81/index/test
 client: 127.0.0.1
---------------------------------------------------------------
Uncaught Exception: Undefined variable: response at  file: /var/www/php/easy-framework-swoole/framework/server/HttpServer.php, on line: 60 in /var/www/php/easy-framework-swoole/framework/components/error/Error.php:9
Stack trace:
#0 /var/www/php/easy-framework-swoole/framework/server/HttpServer.php(60): framework\components\error\Error->handleError(8, 'Undefined varia...', '/var/www/php/ea...', 60, Array)
#1 [internal function]: framework\server\HttpServer->framework\server\{closure}()
#2 /var/www/php/easy-framework-swoole/framework/server/BaseServer.php(54): swoole_http_server->start()
#3 /var/www/php/easy-framework-swoole/framework/server/Server.php(31): framework\server\BaseServer->start()
#4 /var/www/php/easy-framework-swoole/framework/web/Application.php(40): framework\server\Server->start()
#5 /var/www/php/easy-framework-swoole/framework/framework.php(27): framework\web\Application::run(Array)
#6 /var/www/php/easy-framework-swoole/index.php(8): require('/var/www/php/ea...')
#7 {main}
  thrown (/var/www/php/easy-framework-swoole/framework/components/error/Error.php:9)
Stack trace:
#0 unknown(0): framework\components\shutdown\ShutDown->handleShutDown()


[2017-09-18 15:17:17] [ log ] 
 client: 0.0.0.0
---------------------------------------------------------------
workerid: 0  workerpid: 7274 code: 255

[2017-09-18 15:19:22] [ log ] 
 client: 0.0.0.0
---------------------------------------------------------------
workerid: 0  workerpid: 7327 code: 0

[2017-09-18 15:19:43] [ log ] 
 client: 0.0.0.0
---------------------------------------------------------------
workerid: 0  workerpid: 7363 code: 0

[2017-09-18 15:21:30] [ log ] localhost:81/index/ind456
 client: 127.0.0.1
---------------------------------------------------------------
 msg : action ind456Action not found 
 file : /var/www/php/easy-framework-swoole/framework/components/dispatcher/Dispatcher.php 
 line : 47 
 code : 404 
 trace : #0 /var/www/php/easy-framework-swoole/framework/server/HttpServer.php(35): framework\components\dispatcher\Dispatcher->run(Array)
#1 [internal function]: framework\server\HttpServer->framework\server\{closure}(Object(swoole_http_request), Object(swoole_http_response))
#2 /var/www/php/easy-framework-swoole/framework/server/BaseServer.php(54): swoole_http_server->start()
#3 /var/www/php/easy-framework-swoole/framework/server/Server.php(31): framework\server\BaseServer->start()
#4 /var/www/php/easy-framework-swoole/framework/web/Application.php(40): framework\server\Server->start()
#5 /var/www/php/easy-framework-swoole/framework/framework.php(27): framework\web\Application::run(Array)
#6 /var/www/php/easy-framework-swoole/index.php(8): require('/var/www/php/ea...')
#7 {main}

[2017-09-18 15:21:30] [ log ] localhost:81/index/ind456
 client: 127.0.0.1
---------------------------------------------------------------
 msg : action ind456Action not found 
 file : /var/www/php/easy-framework-swoole/framework/components/dispatcher/Dispatcher.php 
 line : 47 
 code : 404 
 trace : #0 /var/www/php/easy-framework-swoole/framework/server/HttpServer.php(35): framework\components\dispatcher\Dispatcher->run(Array)
#1 [internal function]: framework\server\HttpServer->framework\server\{closure}(Object(swoole_http_request), Object(swoole_http_response))
#2 /var/www/php/easy-framework-swoole/framework/server/BaseServer.php(54): swoole_http_server->start()
#3 /var/www/php/easy-framework-swoole/framework/server/Server.php(31): framework\server\BaseServer->start()
#4 /var/www/php/easy-framework-swoole/framework/web/Application.php(40): framework\server\Server->start()
#5 /var/www/php/easy-framework-swoole/framework/framework.php(27): framework\web\Application::run(Array)
#6 /var/www/php/easy-framework-swoole/index.php(8): require('/var/www/php/ea...')
#7 {main}

[2017-09-18 15:21:30] [ log ] localhost:81/index/ind456
 client: 127.0.0.1
---------------------------------------------------------------
 msg : action ind456Action not found 
 file : /var/www/php/easy-framework-swoole/framework/components/dispatcher/Dispatcher.php 
 line : 47 
 code : 404 
 trace : #0 /var/www/php/easy-framework-swoole/framework/server/HttpServer.php(35): framework\components\dispatcher\Dispatcher->run(Array)
#1 [internal function]: framework\server\HttpServer->framework\server\{closure}(Object(swoole_http_request), Object(swoole_http_response))
#2 /var/www/php/easy-framework-swoole/framework/server/BaseServer.php(54): swoole_http_server->start()
#3 /var/www/php/easy-framework-swoole/framework/server/Server.php(31): framework\server\BaseServer->start()
#4 /var/www/php/easy-framework-swoole/framework/web/Application.php(40): framework\server\Server->start()
#5 /var/www/php/easy-framework-swoole/framework/framework.php(27): framework\web\Application::run(Array)
#6 /var/www/php/easy-framework-swoole/index.php(8): require('/var/www/php/ea...')
#7 {main}

[2017-09-18 15:21:30] [ log ] localhost:81/index/ind456
 client: 127.0.0.1
---------------------------------------------------------------
 msg : action ind456Action not found 
 file : /var/www/php/easy-framework-swoole/framework/components/dispatcher/Dispatcher.php 
 line : 47 
 code : 404 
 trace : #0 /var/www/php/easy-framework-swoole/framework/server/HttpServer.php(35): framework\components\dispatcher\Dispatcher->run(Array)
#1 [internal function]: framework\server\HttpServer->framework\server\{closure}(Object(swoole_http_request), Object(swoole_http_response))
#2 /var/www/php/easy-framework-swoole/framework/server/BaseServer.php(54): swoole_http_server->start()
#3 /var/www/php/easy-framework-swoole/framework/server/Server.php(31): framework\server\BaseServer->start()
#4 /var/www/php/easy-framework-swoole/framework/web/Application.php(40): framework\server\Server->start()
#5 /var/www/php/easy-framework-swoole/framework/framework.php(27): framework\web\Application::run(Array)
#6 /var/www/php/easy-framework-swoole/index.php(8): require('/var/www/php/ea...')
#7 {main}

[2017-09-18 15:21:31] [ log ] localhost:81/index/ind456
 client: 127.0.0.1
---------------------------------------------------------------
 msg : action ind456Action not found 
 file : /var/www/php/easy-framework-swoole/framework/components/dispatcher/Dispatcher.php 
 line : 47 
 code : 404 
 trace : #0 /var/www/php/easy-framework-swoole/framework/server/HttpServer.php(35): framework\components\dispatcher\Dispatcher->run(Array)
#1 [internal function]: framework\server\HttpServer->framework\server\{closure}(Object(swoole_http_request), Object(swoole_http_response))
#2 /var/www/php/easy-framework-swoole/framework/server/BaseServer.php(54): swoole_http_server->start()
#3 /var/www/php/easy-framework-swoole/framework/server/Server.php(31): framework\server\BaseServer->start()
#4 /var/www/php/easy-framework-swoole/framework/web/Application.php(40): framework\server\Server->start()
#5 /var/www/php/easy-framework-swoole/framework/framework.php(27): framework\web\Application::run(Array)
#6 /var/www/php/easy-framework-swoole/index.php(8): require('/var/www/php/ea...')
#7 {main}

[2017-09-18 15:21:31] [ log ] localhost:81/index/ind456
 client: 127.0.0.1
---------------------------------------------------------------
 msg : action ind456Action not found 
 file : /var/www/php/easy-framework-swoole/framework/components/dispatcher/Dispatcher.php 
 line : 47 
 code : 404 
 trace : #0 /var/www/php/easy-framework-swoole/framework/server/HttpServer.php(35): framework\components\dispatcher\Dispatcher->run(Array)
#1 [internal function]: framework\server\HttpServer->framework\server\{closure}(Object(swoole_http_request), Object(swoole_http_response))
#2 /var/www/php/easy-framework-swoole/framework/server/BaseServer.php(54): swoole_http_server->start()
#3 /var/www/php/easy-framework-swoole/framework/server/Server.php(31): framework\server\BaseServer->start()
#4 /var/www/php/easy-framework-swoole/framework/web/Application.php(40): framework\server\Server->start()
#5 /var/www/php/easy-framework-swoole/framework/framework.php(27): framework\web\Application::run(Array)
#6 /var/www/php/easy-framework-swoole/index.php(8): require('/var/www/php/ea...')
#7 {main}

