[2018-02-08 20:56:45] [ log ] /application/index
 server: 0.0.0.0
 client: 127.0.0.1
---------------------------------------------------------------
 r
  msg : Missing argument 2 for framework\base\Component::getComponent(), called in /var/www/php/easy-framework-swoole/framework/base/Controller.php on line 60 and defined at  file: /var/www/php/easy-framework-swoole/framework/base/Component.php, on line: 16 
 file : /var/www/php/easy-framework-swoole/framework/components/error/Error.php 
 line : 9 
 code : 2 
 trace : #0 /var/www/php/easy-framework-swoole/framework/base/Component.php(16): framework\components\error\Error->handleError(2, 'Missing argumen...', '/var/www/php/ea...', 16, Array)
#1 /var/www/php/easy-framework-swoole/framework/base/Controller.php(60): framework\base\Component->getComponent('request')
#2 /var/www/php/easy-framework-swoole/application/controller/Index.php(37): framework\base\Controller->__get('request')
#3 /var/www/php/easy-framework-swoole/framework/components/dispatcher/Dispatcher.php(44): application\controller\Index->indexAction()
#4 /var/www/php/easy-framework-swoole/framework/server/HttpServer.php(78): framework\components\dispatcher\Dispatcher->run(Array)
#5 [internal function]: framework\server\HttpServer->framework\server\{closure}(Object(swoole_http_request), Object(swoole_http_response))
#6 /var/www/php/easy-framework-swoole/framework/server/BaseServer.php(67): swoole_http_server->start()
#7 /var/www/php/easy-framework-swoole/framework/server/Server.php(29): framework\server\BaseServer->start()
#8 /var/www/php/easy-framework-swoole/framework/web/Application.php(45): framework\server\Server->start()
#9 /var/www/php/easy-framework-swoole/framework/framework.php(28): framework\web\Application::run(Array)
#10 /var/www/php/easy-framework-swoole/index.php(8): require('/var/www/php/ea...')
#11 {main}

[2018-02-08 20:58:59] [ log ] /application/index
 server: 0.0.0.0
 client: 127.0.0.1
---------------------------------------------------------------
 r
  msg : components request not exists 
 file : /var/www/php/easy-framework-swoole/framework/base/Container.php 
 line : 150 
 code : 500 
 trace : #0 /var/www/php/easy-framework-swoole/framework/base/Component.php(20): framework\base\Container->getComponent('application', 'request', Array)
#1 /var/www/php/easy-framework-swoole/framework/base/Controller.php(60): framework\base\Component->getComponent('application', 'request')
#2 /var/www/php/easy-framework-swoole/application/controller/Index.php(37): framework\base\Controller->__get('request')
#3 /var/www/php/easy-framework-swoole/framework/components/dispatcher/Dispatcher.php(44): application\controller\Index->indexAction()
#4 /var/www/php/easy-framework-swoole/framework/server/HttpServer.php(78): framework\components\dispatcher\Dispatcher->run(Array)
#5 [internal function]: framework\server\HttpServer->framework\server\{closure}(Object(swoole_http_request), Object(swoole_http_response))
#6 /var/www/php/easy-framework-swoole/framework/server/BaseServer.php(67): swoole_http_server->start()
#7 /var/www/php/easy-framework-swoole/framework/server/Server.php(29): framework\server\BaseServer->start()
#8 /var/www/php/easy-framework-swoole/framework/web/Application.php(45): framework\server\Server->start()
#9 /var/www/php/easy-framework-swoole/framework/framework.php(28): framework\web\Application::run(Array)
#10 /var/www/php/easy-framework-swoole/index.php(8): require('/var/www/php/ea...')
#11 {main}

[2018-02-08 21:00:03] [ log ] /application/index/ER/45/ER/566/TRHG/6767
 server: 0.0.0.0
 client: 127.0.0.1
---------------------------------------------------------------
 r
  msg : action ERAction not found 
 file : /var/www/php/easy-framework-swoole/framework/components/dispatcher/Dispatcher.php 
 line : 42 
 code : 0 
 trace : #0 /var/www/php/easy-framework-swoole/framework/server/HttpServer.php(78): framework\components\dispatcher\Dispatcher->run()
#1 [internal function]: framework\server\HttpServer->framework\server\{closure}(Object(swoole_http_request), Object(swoole_http_response))
#2 /var/www/php/easy-framework-swoole/framework/server/BaseServer.php(67): swoole_http_server->start()
#3 /var/www/php/easy-framework-swoole/framework/server/Server.php(29): framework\server\BaseServer->start()
#4 /var/www/php/easy-framework-swoole/framework/web/Application.php(45): framework\server\Server->start()
#5 /var/www/php/easy-framework-swoole/framework/framework.php(28): framework\web\Application::run(Array)
#6 /var/www/php/easy-framework-swoole/index.php(8): require('/var/www/php/ea...')
#7 {main}

