[2017-12-28 21:18:51] [ log ] 127.0.0.1:85/
 client: 127.0.0.1
---------------------------------------------------------------
 msg : Undefined index: ret at  file: /var/www/php/easy-framework-swoole/application/lib/Web.php, on line: 51 
 file : /var/www/php/easy-framework-swoole/framework/components/error/Error.php 
 line : 9 
 code : 8 
 trace : #0 /var/www/php/easy-framework-swoole/application/lib/Web.php(51): framework\components\error\Error->handleError(8, 'Undefined index...', '/var/www/php/ea...', 51, Array)
#1 /var/www/php/easy-framework-swoole/framework/components/dispatcher/Dispatcher.php(44): application\lib\Web->afterAction(Array)
#2 /var/www/php/easy-framework-swoole/framework/server/HttpServer.php(58): framework\components\dispatcher\Dispatcher->run(Array)
#3 [internal function]: framework\server\HttpServer->framework\server\{closure}(Object(swoole_http_request), Object(swoole_http_response))
#4 /var/www/php/easy-framework-swoole/framework/server/BaseServer.php(68): swoole_http_server->start()
#5 /var/www/php/easy-framework-swoole/framework/server/Server.php(29): framework\server\BaseServer->start()
#6 /var/www/php/easy-framework-swoole/framework/web/Application.php(50): framework\server\Server->start()
#7 /var/www/php/easy-framework-swoole/framework/framework.php(31): framework\web\Application::run(Array)
#8 /var/www/php/easy-framework-swoole/index.php(8): require('/var/www/php/ea...')
#9 {main}

[2017-12-28 21:19:01] [ log ] 127.0.0.1:85/test
 client: 127.0.0.1
---------------------------------------------------------------
 msg : /var/www/php/easy-framework-swoole/application/controller/Test.php not exists 
 file : /var/www/php/easy-framework-swoole/framework/components/dispatcher/Dispatcher.php 
 line : 19 
 code : 404 
 trace : #0 /var/www/php/easy-framework-swoole/framework/server/HttpServer.php(58): framework\components\dispatcher\Dispatcher->run(Array)
#1 [internal function]: framework\server\HttpServer->framework\server\{closure}(Object(swoole_http_request), Object(swoole_http_response))
#2 /var/www/php/easy-framework-swoole/framework/server/BaseServer.php(68): swoole_http_server->start()
#3 /var/www/php/easy-framework-swoole/framework/server/Server.php(29): framework\server\BaseServer->start()
#4 /var/www/php/easy-framework-swoole/framework/web/Application.php(50): framework\server\Server->start()
#5 /var/www/php/easy-framework-swoole/framework/framework.php(31): framework\web\Application::run(Array)
#6 /var/www/php/easy-framework-swoole/index.php(8): require('/var/www/php/ea...')
#7 {main}

[2017-12-28 21:19:08] [ log ] 127.0.0.1:85/index/test
 client: 127.0.0.1
---------------------------------------------------------------
 msg : Call to undefined method framework\components\db\Pdo::select() 
 file : /var/www/php/easy-framework-swoole/application/model/User.php 
 line : 17 
 code : 0 
 trace : #0 /var/www/php/easy-framework-swoole/application/controller/Index.php(78): application\model\User->getList()
#1 /var/www/php/easy-framework-swoole/framework/components/dispatcher/Dispatcher.php(43): application\controller\Index->testAction()
#2 /var/www/php/easy-framework-swoole/framework/server/HttpServer.php(58): framework\components\dispatcher\Dispatcher->run(Array)
#3 [internal function]: framework\server\HttpServer->framework\server\{closure}(Object(swoole_http_request), Object(swoole_http_response))
#4 /var/www/php/easy-framework-swoole/framework/server/BaseServer.php(68): swoole_http_server->start()
#5 /var/www/php/easy-framework-swoole/framework/server/Server.php(29): framework\server\BaseServer->start()
#6 /var/www/php/easy-framework-swoole/framework/web/Application.php(50): framework\server\Server->start()
#7 /var/www/php/easy-framework-swoole/framework/framework.php(31): framework\web\Application::run(Array)
#8 /var/www/php/easy-framework-swoole/index.php(8): require('/var/www/php/ea...')
#9 {main}

[2017-12-28 21:19:26] [ log ] 127.0.0.1:85/index
 client: 127.0.0.1
---------------------------------------------------------------
 msg : Undefined index: ret at  file: /var/www/php/easy-framework-swoole/application/lib/Web.php, on line: 51 
 file : /var/www/php/easy-framework-swoole/framework/components/error/Error.php 
 line : 9 
 code : 8 
 trace : #0 /var/www/php/easy-framework-swoole/application/lib/Web.php(51): framework\components\error\Error->handleError(8, 'Undefined index...', '/var/www/php/ea...', 51, Array)
#1 /var/www/php/easy-framework-swoole/framework/components/dispatcher/Dispatcher.php(44): application\lib\Web->afterAction(Array)
#2 /var/www/php/easy-framework-swoole/framework/server/HttpServer.php(58): framework\components\dispatcher\Dispatcher->run(Array)
#3 [internal function]: framework\server\HttpServer->framework\server\{closure}(Object(swoole_http_request), Object(swoole_http_response))
#4 /var/www/php/easy-framework-swoole/framework/server/BaseServer.php(68): swoole_http_server->start()
#5 /var/www/php/easy-framework-swoole/framework/server/Server.php(29): framework\server\BaseServer->start()
#6 /var/www/php/easy-framework-swoole/framework/web/Application.php(50): framework\server\Server->start()
#7 /var/www/php/easy-framework-swoole/framework/framework.php(31): framework\web\Application::run(Array)
#8 /var/www/php/easy-framework-swoole/index.php(8): require('/var/www/php/ea...')
#9 {main}

[2017-12-28 21:20:44] [ log ] 127.0.0.1:85/index/test
 client: 127.0.0.1
---------------------------------------------------------------
 msg : Call to undefined method framework\components\db\Pdo::select() 
 file : /var/www/php/easy-framework-swoole/application/model/User.php 
 line : 17 
 code : 0 
 trace : #0 /var/www/php/easy-framework-swoole/application/controller/Index.php(78): application\model\User->getList()
#1 /var/www/php/easy-framework-swoole/framework/components/dispatcher/Dispatcher.php(43): application\controller\Index->testAction()
#2 /var/www/php/easy-framework-swoole/framework/server/HttpServer.php(58): framework\components\dispatcher\Dispatcher->run(Array)
#3 [internal function]: framework\server\HttpServer->framework\server\{closure}(Object(swoole_http_request), Object(swoole_http_response))
#4 /var/www/php/easy-framework-swoole/framework/server/BaseServer.php(68): swoole_http_server->start()
#5 /var/www/php/easy-framework-swoole/framework/server/Server.php(29): framework\server\BaseServer->start()
#6 /var/www/php/easy-framework-swoole/framework/web/Application.php(50): framework\server\Server->start()
#7 /var/www/php/easy-framework-swoole/framework/framework.php(31): framework\web\Application::run(Array)
#8 /var/www/php/easy-framework-swoole/index.php(8): require('/var/www/php/ea...')
#9 {main}

[2017-12-28 21:21:23] [ log ] 127.0.0.1:85/index/test
 client: 127.0.0.1
---------------------------------------------------------------
 msg : Call to undefined method framework\components\db\Pdo::select() 
 file : /var/www/php/easy-framework-swoole/application/model/User.php 
 line : 17 
 code : 0 
 trace : #0 /var/www/php/easy-framework-swoole/application/controller/Index.php(78): application\model\User->getList()
#1 /var/www/php/easy-framework-swoole/framework/components/dispatcher/Dispatcher.php(43): application\controller\Index->testAction()
#2 /var/www/php/easy-framework-swoole/framework/server/HttpServer.php(58): framework\components\dispatcher\Dispatcher->run(Array)
#3 [internal function]: framework\server\HttpServer->framework\server\{closure}(Object(swoole_http_request), Object(swoole_http_response))
#4 /var/www/php/easy-framework-swoole/framework/server/BaseServer.php(68): swoole_http_server->start()
#5 /var/www/php/easy-framework-swoole/framework/server/Server.php(29): framework\server\BaseServer->start()
#6 /var/www/php/easy-framework-swoole/framework/web/Application.php(50): framework\server\Server->start()
#7 /var/www/php/easy-framework-swoole/framework/framework.php(31): framework\web\Application::run(Array)
#8 /var/www/php/easy-framework-swoole/index.php(8): require('/var/www/php/ea...')
#9 {main}

[2017-12-28 21:21:24] [ log ] 127.0.0.1:85/index/test
 client: 127.0.0.1
---------------------------------------------------------------
 msg : Call to undefined method framework\components\db\Pdo::select() 
 file : /var/www/php/easy-framework-swoole/application/model/User.php 
 line : 17 
 code : 0 
 trace : #0 /var/www/php/easy-framework-swoole/application/controller/Index.php(78): application\model\User->getList()
#1 /var/www/php/easy-framework-swoole/framework/components/dispatcher/Dispatcher.php(43): application\controller\Index->testAction()
#2 /var/www/php/easy-framework-swoole/framework/server/HttpServer.php(58): framework\components\dispatcher\Dispatcher->run(Array)
#3 [internal function]: framework\server\HttpServer->framework\server\{closure}(Object(swoole_http_request), Object(swoole_http_response))
#4 /var/www/php/easy-framework-swoole/framework/server/BaseServer.php(68): swoole_http_server->start()
#5 /var/www/php/easy-framework-swoole/framework/server/Server.php(29): framework\server\BaseServer->start()
#6 /var/www/php/easy-framework-swoole/framework/web/Application.php(50): framework\server\Server->start()
#7 /var/www/php/easy-framework-swoole/framework/framework.php(31): framework\web\Application::run(Array)
#8 /var/www/php/easy-framework-swoole/index.php(8): require('/var/www/php/ea...')
#9 {main}

[2017-12-28 21:21:24] [ log ] 127.0.0.1:85/index/test
 client: 127.0.0.1
---------------------------------------------------------------
 msg : Call to undefined method framework\components\db\Pdo::select() 
 file : /var/www/php/easy-framework-swoole/application/model/User.php 
 line : 17 
 code : 0 
 trace : #0 /var/www/php/easy-framework-swoole/application/controller/Index.php(78): application\model\User->getList()
#1 /var/www/php/easy-framework-swoole/framework/components/dispatcher/Dispatcher.php(43): application\controller\Index->testAction()
#2 /var/www/php/easy-framework-swoole/framework/server/HttpServer.php(58): framework\components\dispatcher\Dispatcher->run(Array)
#3 [internal function]: framework\server\HttpServer->framework\server\{closure}(Object(swoole_http_request), Object(swoole_http_response))
#4 /var/www/php/easy-framework-swoole/framework/server/BaseServer.php(68): swoole_http_server->start()
#5 /var/www/php/easy-framework-swoole/framework/server/Server.php(29): framework\server\BaseServer->start()
#6 /var/www/php/easy-framework-swoole/framework/web/Application.php(50): framework\server\Server->start()
#7 /var/www/php/easy-framework-swoole/framework/framework.php(31): framework\web\Application::run(Array)
#8 /var/www/php/easy-framework-swoole/index.php(8): require('/var/www/php/ea...')
#9 {main}

[2017-12-28 21:21:24] [ log ] 127.0.0.1:85/index/test
 client: 127.0.0.1
---------------------------------------------------------------
 msg : Call to undefined method framework\components\db\Pdo::select() 
 file : /var/www/php/easy-framework-swoole/application/model/User.php 
 line : 17 
 code : 0 
 trace : #0 /var/www/php/easy-framework-swoole/application/controller/Index.php(78): application\model\User->getList()
#1 /var/www/php/easy-framework-swoole/framework/components/dispatcher/Dispatcher.php(43): application\controller\Index->testAction()
#2 /var/www/php/easy-framework-swoole/framework/server/HttpServer.php(58): framework\components\dispatcher\Dispatcher->run(Array)
#3 [internal function]: framework\server\HttpServer->framework\server\{closure}(Object(swoole_http_request), Object(swoole_http_response))
#4 /var/www/php/easy-framework-swoole/framework/server/BaseServer.php(68): swoole_http_server->start()
#5 /var/www/php/easy-framework-swoole/framework/server/Server.php(29): framework\server\BaseServer->start()
#6 /var/www/php/easy-framework-swoole/framework/web/Application.php(50): framework\server\Server->start()
#7 /var/www/php/easy-framework-swoole/framework/framework.php(31): framework\web\Application::run(Array)
#8 /var/www/php/easy-framework-swoole/index.php(8): require('/var/www/php/ea...')
#9 {main}

[2017-12-28 21:21:25] [ log ] 127.0.0.1:85/index/test
 client: 127.0.0.1
---------------------------------------------------------------
 msg : Call to undefined method framework\components\db\Pdo::select() 
 file : /var/www/php/easy-framework-swoole/application/model/User.php 
 line : 17 
 code : 0 
 trace : #0 /var/www/php/easy-framework-swoole/application/controller/Index.php(78): application\model\User->getList()
#1 /var/www/php/easy-framework-swoole/framework/components/dispatcher/Dispatcher.php(43): application\controller\Index->testAction()
#2 /var/www/php/easy-framework-swoole/framework/server/HttpServer.php(58): framework\components\dispatcher\Dispatcher->run(Array)
#3 [internal function]: framework\server\HttpServer->framework\server\{closure}(Object(swoole_http_request), Object(swoole_http_response))
#4 /var/www/php/easy-framework-swoole/framework/server/BaseServer.php(68): swoole_http_server->start()
#5 /var/www/php/easy-framework-swoole/framework/server/Server.php(29): framework\server\BaseServer->start()
#6 /var/www/php/easy-framework-swoole/framework/web/Application.php(50): framework\server\Server->start()
#7 /var/www/php/easy-framework-swoole/framework/framework.php(31): framework\web\Application::run(Array)
#8 /var/www/php/easy-framework-swoole/index.php(8): require('/var/www/php/ea...')
#9 {main}

[2017-12-28 21:21:25] [ log ] 127.0.0.1:85/index/test
 client: 127.0.0.1
---------------------------------------------------------------
 msg : Call to undefined method framework\components\db\Pdo::select() 
 file : /var/www/php/easy-framework-swoole/application/model/User.php 
 line : 17 
 code : 0 
 trace : #0 /var/www/php/easy-framework-swoole/application/controller/Index.php(78): application\model\User->getList()
#1 /var/www/php/easy-framework-swoole/framework/components/dispatcher/Dispatcher.php(43): application\controller\Index->testAction()
#2 /var/www/php/easy-framework-swoole/framework/server/HttpServer.php(58): framework\components\dispatcher\Dispatcher->run(Array)
#3 [internal function]: framework\server\HttpServer->framework\server\{closure}(Object(swoole_http_request), Object(swoole_http_response))
#4 /var/www/php/easy-framework-swoole/framework/server/BaseServer.php(68): swoole_http_server->start()
#5 /var/www/php/easy-framework-swoole/framework/server/Server.php(29): framework\server\BaseServer->start()
#6 /var/www/php/easy-framework-swoole/framework/web/Application.php(50): framework\server\Server->start()
#7 /var/www/php/easy-framework-swoole/framework/framework.php(31): framework\web\Application::run(Array)
#8 /var/www/php/easy-framework-swoole/index.php(8): require('/var/www/php/ea...')
#9 {main}

[2017-12-28 21:21:25] [ log ] 127.0.0.1:85/index/test
 client: 127.0.0.1
---------------------------------------------------------------
 msg : Call to undefined method framework\components\db\Pdo::select() 
 file : /var/www/php/easy-framework-swoole/application/model/User.php 
 line : 17 
 code : 0 
 trace : #0 /var/www/php/easy-framework-swoole/application/controller/Index.php(78): application\model\User->getList()
#1 /var/www/php/easy-framework-swoole/framework/components/dispatcher/Dispatcher.php(43): application\controller\Index->testAction()
#2 /var/www/php/easy-framework-swoole/framework/server/HttpServer.php(58): framework\components\dispatcher\Dispatcher->run(Array)
#3 [internal function]: framework\server\HttpServer->framework\server\{closure}(Object(swoole_http_request), Object(swoole_http_response))
#4 /var/www/php/easy-framework-swoole/framework/server/BaseServer.php(68): swoole_http_server->start()
#5 /var/www/php/easy-framework-swoole/framework/server/Server.php(29): framework\server\BaseServer->start()
#6 /var/www/php/easy-framework-swoole/framework/web/Application.php(50): framework\server\Server->start()
#7 /var/www/php/easy-framework-swoole/framework/framework.php(31): framework\web\Application::run(Array)
#8 /var/www/php/easy-framework-swoole/index.php(8): require('/var/www/php/ea...')
#9 {main}

[2017-12-28 21:21:25] [ log ] 127.0.0.1:85/index/test
 client: 127.0.0.1
---------------------------------------------------------------
 msg : Call to undefined method framework\components\db\Pdo::select() 
 file : /var/www/php/easy-framework-swoole/application/model/User.php 
 line : 17 
 code : 0 
 trace : #0 /var/www/php/easy-framework-swoole/application/controller/Index.php(78): application\model\User->getList()
#1 /var/www/php/easy-framework-swoole/framework/components/dispatcher/Dispatcher.php(43): application\controller\Index->testAction()
#2 /var/www/php/easy-framework-swoole/framework/server/HttpServer.php(58): framework\components\dispatcher\Dispatcher->run(Array)
#3 [internal function]: framework\server\HttpServer->framework\server\{closure}(Object(swoole_http_request), Object(swoole_http_response))
#4 /var/www/php/easy-framework-swoole/framework/server/BaseServer.php(68): swoole_http_server->start()
#5 /var/www/php/easy-framework-swoole/framework/server/Server.php(29): framework\server\BaseServer->start()
#6 /var/www/php/easy-framework-swoole/framework/web/Application.php(50): framework\server\Server->start()
#7 /var/www/php/easy-framework-swoole/framework/framework.php(31): framework\web\Application::run(Array)
#8 /var/www/php/easy-framework-swoole/index.php(8): require('/var/www/php/ea...')
#9 {main}

[2017-12-28 21:21:25] [ log ] 127.0.0.1:85/index/test
 client: 127.0.0.1
---------------------------------------------------------------
 msg : Call to undefined method framework\components\db\Pdo::select() 
 file : /var/www/php/easy-framework-swoole/application/model/User.php 
 line : 17 
 code : 0 
 trace : #0 /var/www/php/easy-framework-swoole/application/controller/Index.php(78): application\model\User->getList()
#1 /var/www/php/easy-framework-swoole/framework/components/dispatcher/Dispatcher.php(43): application\controller\Index->testAction()
#2 /var/www/php/easy-framework-swoole/framework/server/HttpServer.php(58): framework\components\dispatcher\Dispatcher->run(Array)
#3 [internal function]: framework\server\HttpServer->framework\server\{closure}(Object(swoole_http_request), Object(swoole_http_response))
#4 /var/www/php/easy-framework-swoole/framework/server/BaseServer.php(68): swoole_http_server->start()
#5 /var/www/php/easy-framework-swoole/framework/server/Server.php(29): framework\server\BaseServer->start()
#6 /var/www/php/easy-framework-swoole/framework/web/Application.php(50): framework\server\Server->start()
#7 /var/www/php/easy-framework-swoole/framework/framework.php(31): framework\web\Application::run(Array)
#8 /var/www/php/easy-framework-swoole/index.php(8): require('/var/www/php/ea...')
#9 {main}

[2017-12-28 21:21:26] [ log ] 127.0.0.1:85/index/test
 client: 127.0.0.1
---------------------------------------------------------------
 msg : Call to undefined method framework\components\db\Pdo::select() 
 file : /var/www/php/easy-framework-swoole/application/model/User.php 
 line : 17 
 code : 0 
 trace : #0 /var/www/php/easy-framework-swoole/application/controller/Index.php(78): application\model\User->getList()
#1 /var/www/php/easy-framework-swoole/framework/components/dispatcher/Dispatcher.php(43): application\controller\Index->testAction()
#2 /var/www/php/easy-framework-swoole/framework/server/HttpServer.php(58): framework\components\dispatcher\Dispatcher->run(Array)
#3 [internal function]: framework\server\HttpServer->framework\server\{closure}(Object(swoole_http_request), Object(swoole_http_response))
#4 /var/www/php/easy-framework-swoole/framework/server/BaseServer.php(68): swoole_http_server->start()
#5 /var/www/php/easy-framework-swoole/framework/server/Server.php(29): framework\server\BaseServer->start()
#6 /var/www/php/easy-framework-swoole/framework/web/Application.php(50): framework\server\Server->start()
#7 /var/www/php/easy-framework-swoole/framework/framework.php(31): framework\web\Application::run(Array)
#8 /var/www/php/easy-framework-swoole/index.php(8): require('/var/www/php/ea...')
#9 {main}

[2017-12-28 21:21:26] [ log ] 127.0.0.1:85/index/test
 client: 127.0.0.1
---------------------------------------------------------------
 msg : Call to undefined method framework\components\db\Pdo::select() 
 file : /var/www/php/easy-framework-swoole/application/model/User.php 
 line : 17 
 code : 0 
 trace : #0 /var/www/php/easy-framework-swoole/application/controller/Index.php(78): application\model\User->getList()
#1 /var/www/php/easy-framework-swoole/framework/components/dispatcher/Dispatcher.php(43): application\controller\Index->testAction()
#2 /var/www/php/easy-framework-swoole/framework/server/HttpServer.php(58): framework\components\dispatcher\Dispatcher->run(Array)
#3 [internal function]: framework\server\HttpServer->framework\server\{closure}(Object(swoole_http_request), Object(swoole_http_response))
#4 /var/www/php/easy-framework-swoole/framework/server/BaseServer.php(68): swoole_http_server->start()
#5 /var/www/php/easy-framework-swoole/framework/server/Server.php(29): framework\server\BaseServer->start()
#6 /var/www/php/easy-framework-swoole/framework/web/Application.php(50): framework\server\Server->start()
#7 /var/www/php/easy-framework-swoole/framework/framework.php(31): framework\web\Application::run(Array)
#8 /var/www/php/easy-framework-swoole/index.php(8): require('/var/www/php/ea...')
#9 {main}

[2017-12-28 21:21:26] [ log ] 127.0.0.1:85/index/test
 client: 127.0.0.1
---------------------------------------------------------------
 msg : Call to undefined method framework\components\db\Pdo::select() 
 file : /var/www/php/easy-framework-swoole/application/model/User.php 
 line : 17 
 code : 0 
 trace : #0 /var/www/php/easy-framework-swoole/application/controller/Index.php(78): application\model\User->getList()
#1 /var/www/php/easy-framework-swoole/framework/components/dispatcher/Dispatcher.php(43): application\controller\Index->testAction()
#2 /var/www/php/easy-framework-swoole/framework/server/HttpServer.php(58): framework\components\dispatcher\Dispatcher->run(Array)
#3 [internal function]: framework\server\HttpServer->framework\server\{closure}(Object(swoole_http_request), Object(swoole_http_response))
#4 /var/www/php/easy-framework-swoole/framework/server/BaseServer.php(68): swoole_http_server->start()
#5 /var/www/php/easy-framework-swoole/framework/server/Server.php(29): framework\server\BaseServer->start()
#6 /var/www/php/easy-framework-swoole/framework/web/Application.php(50): framework\server\Server->start()
#7 /var/www/php/easy-framework-swoole/framework/framework.php(31): framework\web\Application::run(Array)
#8 /var/www/php/easy-framework-swoole/index.php(8): require('/var/www/php/ea...')
#9 {main}

[2017-12-28 21:21:26] [ log ] 127.0.0.1:85/index/test
 client: 127.0.0.1
---------------------------------------------------------------
 msg : Call to undefined method framework\components\db\Pdo::select() 
 file : /var/www/php/easy-framework-swoole/application/model/User.php 
 line : 17 
 code : 0 
 trace : #0 /var/www/php/easy-framework-swoole/application/controller/Index.php(78): application\model\User->getList()
#1 /var/www/php/easy-framework-swoole/framework/components/dispatcher/Dispatcher.php(43): application\controller\Index->testAction()
#2 /var/www/php/easy-framework-swoole/framework/server/HttpServer.php(58): framework\components\dispatcher\Dispatcher->run(Array)
#3 [internal function]: framework\server\HttpServer->framework\server\{closure}(Object(swoole_http_request), Object(swoole_http_response))
#4 /var/www/php/easy-framework-swoole/framework/server/BaseServer.php(68): swoole_http_server->start()
#5 /var/www/php/easy-framework-swoole/framework/server/Server.php(29): framework\server\BaseServer->start()
#6 /var/www/php/easy-framework-swoole/framework/web/Application.php(50): framework\server\Server->start()
#7 /var/www/php/easy-framework-swoole/framework/framework.php(31): framework\web\Application::run(Array)
#8 /var/www/php/easy-framework-swoole/index.php(8): require('/var/www/php/ea...')
#9 {main}

[2017-12-28 21:21:48] [ log ] 127.0.0.1:85/index/test
 client: 127.0.0.1
---------------------------------------------------------------
 msg : composer meedonot foundClass 'Medoo\Medoo' not found 
 file : /var/www/php/easy-framework-swoole/framework/base/Composer.php 
 line : 40 
 code : 500 
 trace : #0 /var/www/php/easy-framework-swoole/framework/base/Container.php(113): framework\base\Composer->getComposer('meedo', Array)
#1 /var/www/php/easy-framework-swoole/framework/base/Component.php(20): framework\base\Container->getComponent('meedo', Array)
#2 /var/www/php/easy-framework-swoole/framework/base/Model.php(16): framework\base\Component->getComponent('meedo')
#3 /var/www/php/easy-framework-swoole/application/model/User.php(16): framework\base\Model->db()
#4 /var/www/php/easy-framework-swoole/application/controller/Index.php(78): application\model\User->getList()
#5 /var/www/php/easy-framework-swoole/framework/components/dispatcher/Dispatcher.php(43): application\controller\Index->testAction()
#6 /var/www/php/easy-framework-swoole/framework/server/HttpServer.php(58): framework\components\dispatcher\Dispatcher->run(Array)
#7 [internal function]: framework\server\HttpServer->framework\server\{closure}(Object(swoole_http_request), Object(swoole_http_response))
#8 /var/www/php/easy-framework-swoole/framework/server/BaseServer.php(68): swoole_http_server->start()
#9 /var/www/php/easy-framework-swoole/framework/server/Server.php(29): framework\server\BaseServer->start()
#10 /var/www/php/easy-framework-swoole/framework/web/Application.php(50): framework\server\Server->start()
#11 /var/www/php/easy-framework-swoole/framework/framework.php(31): framework\web\Application::run(Array)
#12 /var/www/php/easy-framework-swoole/index.php(8): require('/var/www/php/ea...')
#13 {main}

[2017-12-28 21:29:53] [ log ] 127.0.0.1:85/index/test
 client: 127.0.0.1
---------------------------------------------------------------
 msg : composer meedonot foundClass 'Medoo\Medoo' not found 
 file : /var/www/php/easy-framework-swoole/framework/base/Composer.php 
 line : 40 
 code : 500 
 trace : #0 /var/www/php/easy-framework-swoole/framework/base/Container.php(113): framework\base\Composer->getComposer('meedo', Array)
#1 /var/www/php/easy-framework-swoole/framework/base/Component.php(20): framework\base\Container->getComponent('meedo', Array)
#2 /var/www/php/easy-framework-swoole/framework/base/Model.php(16): framework\base\Component->getComponent('meedo')
#3 /var/www/php/easy-framework-swoole/application/model/User.php(16): framework\base\Model->db()
#4 /var/www/php/easy-framework-swoole/application/controller/Index.php(78): application\model\User->getList()
#5 /var/www/php/easy-framework-swoole/framework/components/dispatcher/Dispatcher.php(43): application\controller\Index->testAction()
#6 /var/www/php/easy-framework-swoole/framework/server/HttpServer.php(58): framework\components\dispatcher\Dispatcher->run(Array)
#7 [internal function]: framework\server\HttpServer->framework\server\{closure}(Object(swoole_http_request), Object(swoole_http_response))
#8 /var/www/php/easy-framework-swoole/framework/server/BaseServer.php(68): swoole_http_server->start()
#9 /var/www/php/easy-framework-swoole/framework/server/Server.php(29): framework\server\BaseServer->start()
#10 /var/www/php/easy-framework-swoole/framework/web/Application.php(50): framework\server\Server->start()
#11 /var/www/php/easy-framework-swoole/framework/framework.php(31): framework\web\Application::run(Array)
#12 /var/www/php/easy-framework-swoole/index.php(8): require('/var/www/php/ea...')
#13 {main}

[2017-12-28 21:29:56] [ log ] 127.0.0.1:85/index/test
 client: 127.0.0.1
---------------------------------------------------------------
 msg : composer meedonot foundClass 'Medoo\Medoo' not found 
 file : /var/www/php/easy-framework-swoole/framework/base/Composer.php 
 line : 40 
 code : 500 
 trace : #0 /var/www/php/easy-framework-swoole/framework/base/Container.php(113): framework\base\Composer->getComposer('meedo', Array)
#1 /var/www/php/easy-framework-swoole/framework/base/Component.php(20): framework\base\Container->getComponent('meedo', Array)
#2 /var/www/php/easy-framework-swoole/framework/base/Model.php(16): framework\base\Component->getComponent('meedo')
#3 /var/www/php/easy-framework-swoole/application/model/User.php(16): framework\base\Model->db()
#4 /var/www/php/easy-framework-swoole/application/controller/Index.php(78): application\model\User->getList()
#5 /var/www/php/easy-framework-swoole/framework/components/dispatcher/Dispatcher.php(43): application\controller\Index->testAction()
#6 /var/www/php/easy-framework-swoole/framework/server/HttpServer.php(58): framework\components\dispatcher\Dispatcher->run(Array)
#7 [internal function]: framework\server\HttpServer->framework\server\{closure}(Object(swoole_http_request), Object(swoole_http_response))
#8 /var/www/php/easy-framework-swoole/framework/server/BaseServer.php(68): swoole_http_server->start()
#9 /var/www/php/easy-framework-swoole/framework/server/Server.php(29): framework\server\BaseServer->start()
#10 /var/www/php/easy-framework-swoole/framework/web/Application.php(50): framework\server\Server->start()
#11 /var/www/php/easy-framework-swoole/framework/framework.php(31): framework\web\Application::run(Array)
#12 /var/www/php/easy-framework-swoole/index.php(8): require('/var/www/php/ea...')
#13 {main}

[2017-12-28 21:29:57] [ log ] 127.0.0.1:85/index/test
 client: 127.0.0.1
---------------------------------------------------------------
 msg : composer meedonot foundClass 'Medoo\Medoo' not found 
 file : /var/www/php/easy-framework-swoole/framework/base/Composer.php 
 line : 40 
 code : 500 
 trace : #0 /var/www/php/easy-framework-swoole/framework/base/Container.php(113): framework\base\Composer->getComposer('meedo', Array)
#1 /var/www/php/easy-framework-swoole/framework/base/Component.php(20): framework\base\Container->getComponent('meedo', Array)
#2 /var/www/php/easy-framework-swoole/framework/base/Model.php(16): framework\base\Component->getComponent('meedo')
#3 /var/www/php/easy-framework-swoole/application/model/User.php(16): framework\base\Model->db()
#4 /var/www/php/easy-framework-swoole/application/controller/Index.php(78): application\model\User->getList()
#5 /var/www/php/easy-framework-swoole/framework/components/dispatcher/Dispatcher.php(43): application\controller\Index->testAction()
#6 /var/www/php/easy-framework-swoole/framework/server/HttpServer.php(58): framework\components\dispatcher\Dispatcher->run(Array)
#7 [internal function]: framework\server\HttpServer->framework\server\{closure}(Object(swoole_http_request), Object(swoole_http_response))
#8 /var/www/php/easy-framework-swoole/framework/server/BaseServer.php(68): swoole_http_server->start()
#9 /var/www/php/easy-framework-swoole/framework/server/Server.php(29): framework\server\BaseServer->start()
#10 /var/www/php/easy-framework-swoole/framework/web/Application.php(50): framework\server\Server->start()
#11 /var/www/php/easy-framework-swoole/framework/framework.php(31): framework\web\Application::run(Array)
#12 /var/www/php/easy-framework-swoole/index.php(8): require('/var/www/php/ea...')
#13 {main}

[2017-12-28 21:30:33] [ log ] 127.0.0.1:85/index/test
 client: 127.0.0.1
---------------------------------------------------------------
 msg : composer meedonot foundClass 'Medoo\Medoo' not found 
 file : /var/www/php/easy-framework-swoole/framework/base/Composer.php 
 line : 40 
 code : 500 
 trace : #0 /var/www/php/easy-framework-swoole/framework/base/Container.php(113): framework\base\Composer->getComposer('meedo', Array)
#1 /var/www/php/easy-framework-swoole/framework/base/Component.php(20): framework\base\Container->getComponent('meedo', Array)
#2 /var/www/php/easy-framework-swoole/framework/base/Model.php(16): framework\base\Component->getComponent('meedo')
#3 /var/www/php/easy-framework-swoole/application/model/User.php(16): framework\base\Model->db()
#4 /var/www/php/easy-framework-swoole/application/controller/Index.php(78): application\model\User->getList()
#5 /var/www/php/easy-framework-swoole/framework/components/dispatcher/Dispatcher.php(43): application\controller\Index->testAction()
#6 /var/www/php/easy-framework-swoole/framework/server/HttpServer.php(58): framework\components\dispatcher\Dispatcher->run(Array)
#7 [internal function]: framework\server\HttpServer->framework\server\{closure}(Object(swoole_http_request), Object(swoole_http_response))
#8 /var/www/php/easy-framework-swoole/framework/server/BaseServer.php(68): swoole_http_server->start()
#9 /var/www/php/easy-framework-swoole/framework/server/Server.php(29): framework\server\BaseServer->start()
#10 /var/www/php/easy-framework-swoole/framework/web/Application.php(50): framework\server\Server->start()
#11 /var/www/php/easy-framework-swoole/framework/framework.php(31): framework\web\Application::run(Array)
#12 /var/www/php/easy-framework-swoole/index.php(8): require('/var/www/php/ea...')
#13 {main}

[2017-12-28 21:30:35] [ log ] 127.0.0.1:85/index/test
 client: 127.0.0.1
---------------------------------------------------------------
 msg : composer meedonot foundClass 'Medoo\Medoo' not found 
 file : /var/www/php/easy-framework-swoole/framework/base/Composer.php 
 line : 40 
 code : 500 
 trace : #0 /var/www/php/easy-framework-swoole/framework/base/Container.php(113): framework\base\Composer->getComposer('meedo', Array)
#1 /var/www/php/easy-framework-swoole/framework/base/Component.php(20): framework\base\Container->getComponent('meedo', Array)
#2 /var/www/php/easy-framework-swoole/framework/base/Model.php(16): framework\base\Component->getComponent('meedo')
#3 /var/www/php/easy-framework-swoole/application/model/User.php(16): framework\base\Model->db()
#4 /var/www/php/easy-framework-swoole/application/controller/Index.php(78): application\model\User->getList()
#5 /var/www/php/easy-framework-swoole/framework/components/dispatcher/Dispatcher.php(43): application\controller\Index->testAction()
#6 /var/www/php/easy-framework-swoole/framework/server/HttpServer.php(58): framework\components\dispatcher\Dispatcher->run(Array)
#7 [internal function]: framework\server\HttpServer->framework\server\{closure}(Object(swoole_http_request), Object(swoole_http_response))
#8 /var/www/php/easy-framework-swoole/framework/server/BaseServer.php(68): swoole_http_server->start()
#9 /var/www/php/easy-framework-swoole/framework/server/Server.php(29): framework\server\BaseServer->start()
#10 /var/www/php/easy-framework-swoole/framework/web/Application.php(50): framework\server\Server->start()
#11 /var/www/php/easy-framework-swoole/framework/framework.php(31): framework\web\Application::run(Array)
#12 /var/www/php/easy-framework-swoole/index.php(8): require('/var/www/php/ea...')
#13 {main}

[2017-12-28 21:31:01] [ log ] 127.0.0.1:85/index/test
 client: 127.0.0.1
---------------------------------------------------------------
 msg : composer meedonot foundClass 'Medoo\Medoo' not found 
 file : /var/www/php/easy-framework-swoole/framework/base/Composer.php 
 line : 40 
 code : 500 
 trace : #0 /var/www/php/easy-framework-swoole/framework/base/Container.php(113): framework\base\Composer->getComposer('meedo', Array)
#1 /var/www/php/easy-framework-swoole/framework/base/Component.php(20): framework\base\Container->getComponent('meedo', Array)
#2 /var/www/php/easy-framework-swoole/framework/base/Model.php(16): framework\base\Component->getComponent('meedo')
#3 /var/www/php/easy-framework-swoole/application/model/User.php(16): framework\base\Model->db()
#4 /var/www/php/easy-framework-swoole/application/controller/Index.php(78): application\model\User->getList()
#5 /var/www/php/easy-framework-swoole/framework/components/dispatcher/Dispatcher.php(43): application\controller\Index->testAction()
#6 /var/www/php/easy-framework-swoole/framework/server/HttpServer.php(58): framework\components\dispatcher\Dispatcher->run(Array)
#7 [internal function]: framework\server\HttpServer->framework\server\{closure}(Object(swoole_http_request), Object(swoole_http_response))
#8 /var/www/php/easy-framework-swoole/framework/server/BaseServer.php(68): swoole_http_server->start()
#9 /var/www/php/easy-framework-swoole/framework/server/Server.php(29): framework\server\BaseServer->start()
#10 /var/www/php/easy-framework-swoole/framework/web/Application.php(50): framework\server\Server->start()
#11 /var/www/php/easy-framework-swoole/framework/framework.php(31): framework\web\Application::run(Array)
#12 /var/www/php/easy-framework-swoole/index.php(8): require('/var/www/php/ea...')
#13 {main}

[2017-12-28 21:31:04] [ log ] 127.0.0.1:85/index/test
 client: 127.0.0.1
---------------------------------------------------------------
 msg : composer meedonot foundClass 'Medoo\Medoo' not found 
 file : /var/www/php/easy-framework-swoole/framework/base/Composer.php 
 line : 40 
 code : 500 
 trace : #0 /var/www/php/easy-framework-swoole/framework/base/Container.php(113): framework\base\Composer->getComposer('meedo', Array)
#1 /var/www/php/easy-framework-swoole/framework/base/Component.php(20): framework\base\Container->getComponent('meedo', Array)
#2 /var/www/php/easy-framework-swoole/framework/base/Model.php(16): framework\base\Component->getComponent('meedo')
#3 /var/www/php/easy-framework-swoole/application/model/User.php(16): framework\base\Model->db()
#4 /var/www/php/easy-framework-swoole/application/controller/Index.php(78): application\model\User->getList()
#5 /var/www/php/easy-framework-swoole/framework/components/dispatcher/Dispatcher.php(43): application\controller\Index->testAction()
#6 /var/www/php/easy-framework-swoole/framework/server/HttpServer.php(58): framework\components\dispatcher\Dispatcher->run(Array)
#7 [internal function]: framework\server\HttpServer->framework\server\{closure}(Object(swoole_http_request), Object(swoole_http_response))
#8 /var/www/php/easy-framework-swoole/framework/server/BaseServer.php(68): swoole_http_server->start()
#9 /var/www/php/easy-framework-swoole/framework/server/Server.php(29): framework\server\BaseServer->start()
#10 /var/www/php/easy-framework-swoole/framework/web/Application.php(50): framework\server\Server->start()
#11 /var/www/php/easy-framework-swoole/framework/framework.php(31): framework\web\Application::run(Array)
#12 /var/www/php/easy-framework-swoole/index.php(8): require('/var/www/php/ea...')
#13 {main}

[2017-12-28 21:31:05] [ log ] 127.0.0.1:85/index/test
 client: 127.0.0.1
---------------------------------------------------------------
 msg : composer meedonot foundClass 'Medoo\Medoo' not found 
 file : /var/www/php/easy-framework-swoole/framework/base/Composer.php 
 line : 40 
 code : 500 
 trace : #0 /var/www/php/easy-framework-swoole/framework/base/Container.php(113): framework\base\Composer->getComposer('meedo', Array)
#1 /var/www/php/easy-framework-swoole/framework/base/Component.php(20): framework\base\Container->getComponent('meedo', Array)
#2 /var/www/php/easy-framework-swoole/framework/base/Model.php(16): framework\base\Component->getComponent('meedo')
#3 /var/www/php/easy-framework-swoole/application/model/User.php(16): framework\base\Model->db()
#4 /var/www/php/easy-framework-swoole/application/controller/Index.php(78): application\model\User->getList()
#5 /var/www/php/easy-framework-swoole/framework/components/dispatcher/Dispatcher.php(43): application\controller\Index->testAction()
#6 /var/www/php/easy-framework-swoole/framework/server/HttpServer.php(58): framework\components\dispatcher\Dispatcher->run(Array)
#7 [internal function]: framework\server\HttpServer->framework\server\{closure}(Object(swoole_http_request), Object(swoole_http_response))
#8 /var/www/php/easy-framework-swoole/framework/server/BaseServer.php(68): swoole_http_server->start()
#9 /var/www/php/easy-framework-swoole/framework/server/Server.php(29): framework\server\BaseServer->start()
#10 /var/www/php/easy-framework-swoole/framework/web/Application.php(50): framework\server\Server->start()
#11 /var/www/php/easy-framework-swoole/framework/framework.php(31): framework\web\Application::run(Array)
#12 /var/www/php/easy-framework-swoole/index.php(8): require('/var/www/php/ea...')
#13 {main}

[2017-12-28 21:31:06] [ log ] 127.0.0.1:85/index/test
 client: 127.0.0.1
---------------------------------------------------------------
 msg : composer meedonot foundClass 'Medoo\Medoo' not found 
 file : /var/www/php/easy-framework-swoole/framework/base/Composer.php 
 line : 40 
 code : 500 
 trace : #0 /var/www/php/easy-framework-swoole/framework/base/Container.php(113): framework\base\Composer->getComposer('meedo', Array)
#1 /var/www/php/easy-framework-swoole/framework/base/Component.php(20): framework\base\Container->getComponent('meedo', Array)
#2 /var/www/php/easy-framework-swoole/framework/base/Model.php(16): framework\base\Component->getComponent('meedo')
#3 /var/www/php/easy-framework-swoole/application/model/User.php(16): framework\base\Model->db()
#4 /var/www/php/easy-framework-swoole/application/controller/Index.php(78): application\model\User->getList()
#5 /var/www/php/easy-framework-swoole/framework/components/dispatcher/Dispatcher.php(43): application\controller\Index->testAction()
#6 /var/www/php/easy-framework-swoole/framework/server/HttpServer.php(58): framework\components\dispatcher\Dispatcher->run(Array)
#7 [internal function]: framework\server\HttpServer->framework\server\{closure}(Object(swoole_http_request), Object(swoole_http_response))
#8 /var/www/php/easy-framework-swoole/framework/server/BaseServer.php(68): swoole_http_server->start()
#9 /var/www/php/easy-framework-swoole/framework/server/Server.php(29): framework\server\BaseServer->start()
#10 /var/www/php/easy-framework-swoole/framework/web/Application.php(50): framework\server\Server->start()
#11 /var/www/php/easy-framework-swoole/framework/framework.php(31): framework\web\Application::run(Array)
#12 /var/www/php/easy-framework-swoole/index.php(8): require('/var/www/php/ea...')
#13 {main}

[2017-12-28 21:56:16] [ log ] 127.0.0.1:85/index/test
 client: 127.0.0.1
---------------------------------------------------------------
 msg : Undefined variable: attr at  file: /var/www/php/easy-framework-swoole/vendor/catfan/medoo/src/Medoo.php, on line: 204 
 file : /var/www/php/easy-framework-swoole/framework/base/Container.php 
 line : 126 
 code : 500 
 trace : #0 /var/www/php/easy-framework-swoole/framework/base/Component.php(20): framework\base\Container->getComponent('meedo', Array)
#1 /var/www/php/easy-framework-swoole/framework/base/Model.php(16): framework\base\Component->getComponent('meedo')
#2 /var/www/php/easy-framework-swoole/application/model/User.php(16): framework\base\Model->db()
#3 /var/www/php/easy-framework-swoole/application/controller/Index.php(78): application\model\User->getList()
#4 /var/www/php/easy-framework-swoole/framework/components/dispatcher/Dispatcher.php(43): application\controller\Index->testAction()
#5 /var/www/php/easy-framework-swoole/framework/server/HttpServer.php(58): framework\components\dispatcher\Dispatcher->run(Array)
#6 [internal function]: framework\server\HttpServer->framework\server\{closure}(Object(swoole_http_request), Object(swoole_http_response))
#7 /var/www/php/easy-framework-swoole/framework/server/BaseServer.php(68): swoole_http_server->start()
#8 /var/www/php/easy-framework-swoole/framework/server/Server.php(29): framework\server\BaseServer->start()
#9 /var/www/php/easy-framework-swoole/framework/web/Application.php(50): framework\server\Server->start()
#10 /var/www/php/easy-framework-swoole/framework/framework.php(31): framework\web\Application::run(Array)
#11 /var/www/php/easy-framework-swoole/index.php(8): require('/var/www/php/ea...')
#12 {main}

[2017-12-28 21:56:47] [ log ] 127.0.0.1:85/index/test
 client: 127.0.0.1
---------------------------------------------------------------
 msg : Undefined variable: attr at  file: /var/www/php/easy-framework-swoole/vendor/catfan/medoo/src/Medoo.php, on line: 204 
 file : /var/www/php/easy-framework-swoole/framework/base/Container.php 
 line : 126 
 code : 500 
 trace : #0 /var/www/php/easy-framework-swoole/framework/base/Component.php(20): framework\base\Container->getComponent('meedo', Array)
#1 /var/www/php/easy-framework-swoole/framework/base/Model.php(16): framework\base\Component->getComponent('meedo')
#2 /var/www/php/easy-framework-swoole/application/model/User.php(16): framework\base\Model->db()
#3 /var/www/php/easy-framework-swoole/application/controller/Index.php(78): application\model\User->getList()
#4 /var/www/php/easy-framework-swoole/framework/components/dispatcher/Dispatcher.php(43): application\controller\Index->testAction()
#5 /var/www/php/easy-framework-swoole/framework/server/HttpServer.php(58): framework\components\dispatcher\Dispatcher->run(Array)
#6 [internal function]: framework\server\HttpServer->framework\server\{closure}(Object(swoole_http_request), Object(swoole_http_response))
#7 /var/www/php/easy-framework-swoole/framework/server/BaseServer.php(68): swoole_http_server->start()
#8 /var/www/php/easy-framework-swoole/framework/server/Server.php(29): framework\server\BaseServer->start()
#9 /var/www/php/easy-framework-swoole/framework/web/Application.php(50): framework\server\Server->start()
#10 /var/www/php/easy-framework-swoole/framework/framework.php(31): framework\web\Application::run(Array)
#11 /var/www/php/easy-framework-swoole/index.php(8): require('/var/www/php/ea...')
#12 {main}

[2017-12-28 21:56:51] [ log ] 127.0.0.1:85/index/test
 client: 127.0.0.1
---------------------------------------------------------------
 msg : Undefined variable: attr at  file: /var/www/php/easy-framework-swoole/vendor/catfan/medoo/src/Medoo.php, on line: 204 
 file : /var/www/php/easy-framework-swoole/framework/base/Container.php 
 line : 126 
 code : 500 
 trace : #0 /var/www/php/easy-framework-swoole/framework/base/Component.php(20): framework\base\Container->getComponent('meedo', Array)
#1 /var/www/php/easy-framework-swoole/framework/base/Model.php(16): framework\base\Component->getComponent('meedo')
#2 /var/www/php/easy-framework-swoole/application/model/User.php(16): framework\base\Model->db()
#3 /var/www/php/easy-framework-swoole/application/controller/Index.php(78): application\model\User->getList()
#4 /var/www/php/easy-framework-swoole/framework/components/dispatcher/Dispatcher.php(43): application\controller\Index->testAction()
#5 /var/www/php/easy-framework-swoole/framework/server/HttpServer.php(58): framework\components\dispatcher\Dispatcher->run(Array)
#6 [internal function]: framework\server\HttpServer->framework\server\{closure}(Object(swoole_http_request), Object(swoole_http_response))
#7 /var/www/php/easy-framework-swoole/framework/server/BaseServer.php(68): swoole_http_server->start()
#8 /var/www/php/easy-framework-swoole/framework/server/Server.php(29): framework\server\BaseServer->start()
#9 /var/www/php/easy-framework-swoole/framework/web/Application.php(50): framework\server\Server->start()
#10 /var/www/php/easy-framework-swoole/framework/framework.php(31): framework\web\Application::run(Array)
#11 /var/www/php/easy-framework-swoole/index.php(8): require('/var/www/php/ea...')
#12 {main}

[2017-12-28 21:56:52] [ log ] 127.0.0.1:85/index/test
 client: 127.0.0.1
---------------------------------------------------------------
 msg : Undefined variable: attr at  file: /var/www/php/easy-framework-swoole/vendor/catfan/medoo/src/Medoo.php, on line: 204 
 file : /var/www/php/easy-framework-swoole/framework/base/Container.php 
 line : 126 
 code : 500 
 trace : #0 /var/www/php/easy-framework-swoole/framework/base/Component.php(20): framework\base\Container->getComponent('meedo', Array)
#1 /var/www/php/easy-framework-swoole/framework/base/Model.php(16): framework\base\Component->getComponent('meedo')
#2 /var/www/php/easy-framework-swoole/application/model/User.php(16): framework\base\Model->db()
#3 /var/www/php/easy-framework-swoole/application/controller/Index.php(78): application\model\User->getList()
#4 /var/www/php/easy-framework-swoole/framework/components/dispatcher/Dispatcher.php(43): application\controller\Index->testAction()
#5 /var/www/php/easy-framework-swoole/framework/server/HttpServer.php(58): framework\components\dispatcher\Dispatcher->run(Array)
#6 [internal function]: framework\server\HttpServer->framework\server\{closure}(Object(swoole_http_request), Object(swoole_http_response))
#7 /var/www/php/easy-framework-swoole/framework/server/BaseServer.php(68): swoole_http_server->start()
#8 /var/www/php/easy-framework-swoole/framework/server/Server.php(29): framework\server\BaseServer->start()
#9 /var/www/php/easy-framework-swoole/framework/web/Application.php(50): framework\server\Server->start()
#10 /var/www/php/easy-framework-swoole/framework/framework.php(31): framework\web\Application::run(Array)
#11 /var/www/php/easy-framework-swoole/index.php(8): require('/var/www/php/ea...')
#12 {main}

[2017-12-28 21:57:57] [ log ] 127.0.0.1:85/index/test
 client: 127.0.0.1
---------------------------------------------------------------
 msg : Undefined variable: attr at  file: /var/www/php/easy-framework-swoole/vendor/catfan/medoo/src/Medoo.php, on line: 204 
 file : /var/www/php/easy-framework-swoole/framework/base/Container.php 
 line : 126 
 code : 500 
 trace : #0 /var/www/php/easy-framework-swoole/framework/base/Component.php(20): framework\base\Container->getComponent('meedo', Array)
#1 /var/www/php/easy-framework-swoole/framework/base/Model.php(16): framework\base\Component->getComponent('meedo')
#2 /var/www/php/easy-framework-swoole/application/model/User.php(16): framework\base\Model->db()
#3 /var/www/php/easy-framework-swoole/application/controller/Index.php(78): application\model\User->getList()
#4 /var/www/php/easy-framework-swoole/framework/components/dispatcher/Dispatcher.php(43): application\controller\Index->testAction()
#5 /var/www/php/easy-framework-swoole/framework/server/HttpServer.php(58): framework\components\dispatcher\Dispatcher->run(Array)
#6 [internal function]: framework\server\HttpServer->framework\server\{closure}(Object(swoole_http_request), Object(swoole_http_response))
#7 /var/www/php/easy-framework-swoole/framework/server/BaseServer.php(68): swoole_http_server->start()
#8 /var/www/php/easy-framework-swoole/framework/server/Server.php(29): framework\server\BaseServer->start()
#9 /var/www/php/easy-framework-swoole/framework/web/Application.php(50): framework\server\Server->start()
#10 /var/www/php/easy-framework-swoole/framework/framework.php(31): framework\web\Application::run(Array)
#11 /var/www/php/easy-framework-swoole/index.php(8): require('/var/www/php/ea...')
#12 {main}

[2017-12-28 22:00:07] [ log ] 127.0.0.1:85/index/test
 client: 127.0.0.1
---------------------------------------------------------------
 msg : SQLSTATE[HY000] [2002] No such file or directory 
 file : /var/www/php/easy-framework-swoole/framework/base/Container.php 
 line : 126 
 code : 500 
 trace : #0 /var/www/php/easy-framework-swoole/framework/base/Component.php(20): framework\base\Container->getComponent('meedo', Array)
#1 /var/www/php/easy-framework-swoole/framework/base/Model.php(16): framework\base\Component->getComponent('meedo')
#2 /var/www/php/easy-framework-swoole/application/model/User.php(16): framework\base\Model->db()
#3 /var/www/php/easy-framework-swoole/application/controller/Index.php(78): application\model\User->getList()
#4 /var/www/php/easy-framework-swoole/framework/components/dispatcher/Dispatcher.php(43): application\controller\Index->testAction()
#5 /var/www/php/easy-framework-swoole/framework/server/HttpServer.php(58): framework\components\dispatcher\Dispatcher->run(Array)
#6 [internal function]: framework\server\HttpServer->framework\server\{closure}(Object(swoole_http_request), Object(swoole_http_response))
#7 /var/www/php/easy-framework-swoole/framework/server/BaseServer.php(68): swoole_http_server->start()
#8 /var/www/php/easy-framework-swoole/framework/server/Server.php(29): framework\server\BaseServer->start()
#9 /var/www/php/easy-framework-swoole/framework/web/Application.php(50): framework\server\Server->start()
#10 /var/www/php/easy-framework-swoole/framework/framework.php(31): framework\web\Application::run(Array)
#11 /var/www/php/easy-framework-swoole/index.php(8): require('/var/www/php/ea...')
#12 {main}

[2017-12-28 22:00:55] [ log ] 127.0.0.1:85/index/test
 client: 127.0.0.1
---------------------------------------------------------------
 msg : SQLSTATE[HY000] [2002] No such file or directory 
 file : /var/www/php/easy-framework-swoole/framework/base/Container.php 
 line : 126 
 code : 500 
 trace : #0 /var/www/php/easy-framework-swoole/framework/base/Component.php(20): framework\base\Container->getComponent('meedo', Array)
#1 /var/www/php/easy-framework-swoole/framework/base/Model.php(16): framework\base\Component->getComponent('meedo')
#2 /var/www/php/easy-framework-swoole/application/model/User.php(16): framework\base\Model->db()
#3 /var/www/php/easy-framework-swoole/application/controller/Index.php(78): application\model\User->getList()
#4 /var/www/php/easy-framework-swoole/framework/components/dispatcher/Dispatcher.php(43): application\controller\Index->testAction()
#5 /var/www/php/easy-framework-swoole/framework/server/HttpServer.php(58): framework\components\dispatcher\Dispatcher->run(Array)
#6 [internal function]: framework\server\HttpServer->framework\server\{closure}(Object(swoole_http_request), Object(swoole_http_response))
#7 /var/www/php/easy-framework-swoole/framework/server/BaseServer.php(68): swoole_http_server->start()
#8 /var/www/php/easy-framework-swoole/framework/server/Server.php(29): framework\server\BaseServer->start()
#9 /var/www/php/easy-framework-swoole/framework/web/Application.php(50): framework\server\Server->start()
#10 /var/www/php/easy-framework-swoole/framework/framework.php(31): framework\web\Application::run(Array)
#11 /var/www/php/easy-framework-swoole/index.php(8): require('/var/www/php/ea...')
#12 {main}

[2017-12-28 22:01:19] [ log ] 127.0.0.1:85/index/test
 client: 127.0.0.1
---------------------------------------------------------------
 msg : SQLSTATE[HY000] [2002] No such file or directory 
 file : /var/www/php/easy-framework-swoole/framework/base/Container.php 
 line : 126 
 code : 500 
 trace : #0 /var/www/php/easy-framework-swoole/framework/base/Component.php(20): framework\base\Container->getComponent('meedo', Array)
#1 /var/www/php/easy-framework-swoole/framework/base/Model.php(16): framework\base\Component->getComponent('meedo')
#2 /var/www/php/easy-framework-swoole/application/model/User.php(16): framework\base\Model->db()
#3 /var/www/php/easy-framework-swoole/application/controller/Index.php(78): application\model\User->getList()
#4 /var/www/php/easy-framework-swoole/framework/components/dispatcher/Dispatcher.php(43): application\controller\Index->testAction()
#5 /var/www/php/easy-framework-swoole/framework/server/HttpServer.php(58): framework\components\dispatcher\Dispatcher->run(Array)
#6 [internal function]: framework\server\HttpServer->framework\server\{closure}(Object(swoole_http_request), Object(swoole_http_response))
#7 /var/www/php/easy-framework-swoole/framework/server/BaseServer.php(68): swoole_http_server->start()
#8 /var/www/php/easy-framework-swoole/framework/server/Server.php(29): framework\server\BaseServer->start()
#9 /var/www/php/easy-framework-swoole/framework/web/Application.php(50): framework\server\Server->start()
#10 /var/www/php/easy-framework-swoole/framework/framework.php(31): framework\web\Application::run(Array)
#11 /var/www/php/easy-framework-swoole/index.php(8): require('/var/www/php/ea...')
#12 {main}

[2017-12-28 22:02:40] [ log ] 127.0.0.1:85/index/test
 client: 127.0.0.1
---------------------------------------------------------------
 msg : SQLSTATE[HY000] [2002] No such file or directory 
 file : /var/www/php/easy-framework-swoole/framework/base/Container.php 
 line : 126 
 code : 500 
 trace : #0 /var/www/php/easy-framework-swoole/framework/base/Component.php(20): framework\base\Container->getComponent('meedo', Array)
#1 /var/www/php/easy-framework-swoole/framework/base/Model.php(16): framework\base\Component->getComponent('meedo')
#2 /var/www/php/easy-framework-swoole/application/model/User.php(16): framework\base\Model->db()
#3 /var/www/php/easy-framework-swoole/application/controller/Index.php(78): application\model\User->getList()
#4 /var/www/php/easy-framework-swoole/framework/components/dispatcher/Dispatcher.php(43): application\controller\Index->testAction()
#5 /var/www/php/easy-framework-swoole/framework/server/HttpServer.php(58): framework\components\dispatcher\Dispatcher->run(Array)
#6 [internal function]: framework\server\HttpServer->framework\server\{closure}(Object(swoole_http_request), Object(swoole_http_response))
#7 /var/www/php/easy-framework-swoole/framework/server/BaseServer.php(68): swoole_http_server->start()
#8 /var/www/php/easy-framework-swoole/framework/server/Server.php(29): framework\server\BaseServer->start()
#9 /var/www/php/easy-framework-swoole/framework/web/Application.php(50): framework\server\Server->start()
#10 /var/www/php/easy-framework-swoole/framework/framework.php(31): framework\web\Application::run(Array)
#11 /var/www/php/easy-framework-swoole/index.php(8): require('/var/www/php/ea...')
#12 {main}

[2017-12-28 22:03:47] [ log ] 127.0.0.1:85/index/test
 client: 127.0.0.1
---------------------------------------------------------------
 msg : SQLSTATE[HY000] [2002] No such file or directory 
 file : /var/www/php/easy-framework-swoole/framework/base/Container.php 
 line : 126 
 code : 500 
 trace : #0 /var/www/php/easy-framework-swoole/framework/base/Component.php(20): framework\base\Container->getComponent('meedo', Array)
#1 /var/www/php/easy-framework-swoole/framework/base/Model.php(16): framework\base\Component->getComponent('meedo')
#2 /var/www/php/easy-framework-swoole/application/model/User.php(16): framework\base\Model->db()
#3 /var/www/php/easy-framework-swoole/application/controller/Index.php(78): application\model\User->getList()
#4 /var/www/php/easy-framework-swoole/framework/components/dispatcher/Dispatcher.php(43): application\controller\Index->testAction()
#5 /var/www/php/easy-framework-swoole/framework/server/HttpServer.php(58): framework\components\dispatcher\Dispatcher->run(Array)
#6 [internal function]: framework\server\HttpServer->framework\server\{closure}(Object(swoole_http_request), Object(swoole_http_response))
#7 /var/www/php/easy-framework-swoole/framework/server/BaseServer.php(68): swoole_http_server->start()
#8 /var/www/php/easy-framework-swoole/framework/server/Server.php(29): framework\server\BaseServer->start()
#9 /var/www/php/easy-framework-swoole/framework/web/Application.php(50): framework\server\Server->start()
#10 /var/www/php/easy-framework-swoole/framework/framework.php(31): framework\web\Application::run(Array)
#11 /var/www/php/easy-framework-swoole/index.php(8): require('/var/www/php/ea...')
#12 {main}

[2017-12-28 22:03:47] [ log ] 127.0.0.1:85/index/test
 client: 127.0.0.1
---------------------------------------------------------------
 msg : SQLSTATE[HY000] [2002] No such file or directory 
 file : /var/www/php/easy-framework-swoole/framework/base/Container.php 
 line : 126 
 code : 500 
 trace : #0 /var/www/php/easy-framework-swoole/framework/base/Component.php(20): framework\base\Container->getComponent('meedo', Array)
#1 /var/www/php/easy-framework-swoole/framework/base/Model.php(16): framework\base\Component->getComponent('meedo')
#2 /var/www/php/easy-framework-swoole/application/model/User.php(16): framework\base\Model->db()
#3 /var/www/php/easy-framework-swoole/application/controller/Index.php(78): application\model\User->getList()
#4 /var/www/php/easy-framework-swoole/framework/components/dispatcher/Dispatcher.php(43): application\controller\Index->testAction()
#5 /var/www/php/easy-framework-swoole/framework/server/HttpServer.php(58): framework\components\dispatcher\Dispatcher->run(Array)
#6 [internal function]: framework\server\HttpServer->framework\server\{closure}(Object(swoole_http_request), Object(swoole_http_response))
#7 /var/www/php/easy-framework-swoole/framework/server/BaseServer.php(68): swoole_http_server->start()
#8 /var/www/php/easy-framework-swoole/framework/server/Server.php(29): framework\server\BaseServer->start()
#9 /var/www/php/easy-framework-swoole/framework/web/Application.php(50): framework\server\Server->start()
#10 /var/www/php/easy-framework-swoole/framework/framework.php(31): framework\web\Application::run(Array)
#11 /var/www/php/easy-framework-swoole/index.php(8): require('/var/www/php/ea...')
#12 {main}

[2017-12-28 22:03:47] [ log ] 127.0.0.1:85/index/test
 client: 127.0.0.1
---------------------------------------------------------------
 msg : SQLSTATE[HY000] [2002] No such file or directory 
 file : /var/www/php/easy-framework-swoole/framework/base/Container.php 
 line : 126 
 code : 500 
 trace : #0 /var/www/php/easy-framework-swoole/framework/base/Component.php(20): framework\base\Container->getComponent('meedo', Array)
#1 /var/www/php/easy-framework-swoole/framework/base/Model.php(16): framework\base\Component->getComponent('meedo')
#2 /var/www/php/easy-framework-swoole/application/model/User.php(16): framework\base\Model->db()
#3 /var/www/php/easy-framework-swoole/application/controller/Index.php(78): application\model\User->getList()
#4 /var/www/php/easy-framework-swoole/framework/components/dispatcher/Dispatcher.php(43): application\controller\Index->testAction()
#5 /var/www/php/easy-framework-swoole/framework/server/HttpServer.php(58): framework\components\dispatcher\Dispatcher->run(Array)
#6 [internal function]: framework\server\HttpServer->framework\server\{closure}(Object(swoole_http_request), Object(swoole_http_response))
#7 /var/www/php/easy-framework-swoole/framework/server/BaseServer.php(68): swoole_http_server->start()
#8 /var/www/php/easy-framework-swoole/framework/server/Server.php(29): framework\server\BaseServer->start()
#9 /var/www/php/easy-framework-swoole/framework/web/Application.php(50): framework\server\Server->start()
#10 /var/www/php/easy-framework-swoole/framework/framework.php(31): framework\web\Application::run(Array)
#11 /var/www/php/easy-framework-swoole/index.php(8): require('/var/www/php/ea...')
#12 {main}

[2017-12-28 22:03:47] [ log ] 127.0.0.1:85/index/test
 client: 127.0.0.1
---------------------------------------------------------------
 msg : SQLSTATE[HY000] [2002] No such file or directory 
 file : /var/www/php/easy-framework-swoole/framework/base/Container.php 
 line : 126 
 code : 500 
 trace : #0 /var/www/php/easy-framework-swoole/framework/base/Component.php(20): framework\base\Container->getComponent('meedo', Array)
#1 /var/www/php/easy-framework-swoole/framework/base/Model.php(16): framework\base\Component->getComponent('meedo')
#2 /var/www/php/easy-framework-swoole/application/model/User.php(16): framework\base\Model->db()
#3 /var/www/php/easy-framework-swoole/application/controller/Index.php(78): application\model\User->getList()
#4 /var/www/php/easy-framework-swoole/framework/components/dispatcher/Dispatcher.php(43): application\controller\Index->testAction()
#5 /var/www/php/easy-framework-swoole/framework/server/HttpServer.php(58): framework\components\dispatcher\Dispatcher->run(Array)
#6 [internal function]: framework\server\HttpServer->framework\server\{closure}(Object(swoole_http_request), Object(swoole_http_response))
#7 /var/www/php/easy-framework-swoole/framework/server/BaseServer.php(68): swoole_http_server->start()
#8 /var/www/php/easy-framework-swoole/framework/server/Server.php(29): framework\server\BaseServer->start()
#9 /var/www/php/easy-framework-swoole/framework/web/Application.php(50): framework\server\Server->start()
#10 /var/www/php/easy-framework-swoole/framework/framework.php(31): framework\web\Application::run(Array)
#11 /var/www/php/easy-framework-swoole/index.php(8): require('/var/www/php/ea...')
#12 {main}

[2017-12-28 22:04:17] [ log ] 127.0.0.1:85/index/test
 client: 127.0.0.1
---------------------------------------------------------------
 msg : Missing argument 2 for Medoo\Medoo::select(), called in /var/www/php/easy-framework-swoole/application/model/User.php on line 17 and defined at  file: /var/www/php/easy-framework-swoole/vendor/catfan/medoo/src/Medoo.php, on line: 1133 
 file : /var/www/php/easy-framework-swoole/framework/components/error/Error.php 
 line : 9 
 code : 2 
 trace : #0 /var/www/php/easy-framework-swoole/vendor/catfan/medoo/src/Medoo.php(1133): framework\components\error\Error->handleError(2, 'Missing argumen...', '/var/www/php/ea...', 1133, Array)
#1 /var/www/php/easy-framework-swoole/application/model/User.php(17): Medoo\Medoo->select('user')
#2 /var/www/php/easy-framework-swoole/application/controller/Index.php(78): application\model\User->getList()
#3 /var/www/php/easy-framework-swoole/framework/components/dispatcher/Dispatcher.php(43): application\controller\Index->testAction()
#4 /var/www/php/easy-framework-swoole/framework/server/HttpServer.php(58): framework\components\dispatcher\Dispatcher->run(Array)
#5 [internal function]: framework\server\HttpServer->framework\server\{closure}(Object(swoole_http_request), Object(swoole_http_response))
#6 /var/www/php/easy-framework-swoole/framework/server/BaseServer.php(68): swoole_http_server->start()
#7 /var/www/php/easy-framework-swoole/framework/server/Server.php(29): framework\server\BaseServer->start()
#8 /var/www/php/easy-framework-swoole/framework/web/Application.php(50): framework\server\Server->start()
#9 /var/www/php/easy-framework-swoole/framework/framework.php(31): framework\web\Application::run(Array)
#10 /var/www/php/easy-framework-swoole/index.php(8): require('/var/www/php/ea...')
#11 {main}

