[2017-12-10 20:53:38] [ log ] 
 client: 
---------------------------------------------------------------
 msg : not support: swoole 
 file : /var/www/php/easy-framework-swoole/framework/server/Server.php 
 line : 19 
 code : 500 
 trace : #0 /var/www/php/easy-framework-swoole/framework/web/Application.php(50): framework\server\Server->start()
#1 /var/www/php/easy-framework-swoole/framework/framework.php(31): framework\web\Application::run(Array)
#2 /var/www/php/easy-framework-swoole/index.php(8): require('/var/www/php/ea...')
#3 {main}

[2017-12-10 20:53:41] [ log ] 
 client: 
---------------------------------------------------------------
 msg : not support: swoole 
 file : /var/www/php/easy-framework-swoole/framework/server/Server.php 
 line : 19 
 code : 500 
 trace : #0 /var/www/php/easy-framework-swoole/framework/web/Application.php(50): framework\server\Server->start()
#1 /var/www/php/easy-framework-swoole/framework/framework.php(31): framework\web\Application::run(Array)
#2 /var/www/php/easy-framework-swoole/index.php(8): require('/var/www/php/ea...')
#3 {main}

[2017-12-10 20:53:59] [ log ] 
 client: 
---------------------------------------------------------------
 msg : failed to listen server port[127.0.0.1:81]. Error: Permission denied[13]. 
 file : /var/www/php/easy-framework-swoole/framework/server/HttpServer.php 
 line : 16 
 code : 13 
 trace : #0 /var/www/php/easy-framework-swoole/framework/server/HttpServer.php(16): swoole_server->__construct('127.0.0.1', '81')
#1 /var/www/php/easy-framework-swoole/framework/base/Base.php(13): framework\server\HttpServer->init()
#2 /var/www/php/easy-framework-swoole/framework/server/Server.php(27): framework\base\Base->__construct(Array)
#3 /var/www/php/easy-framework-swoole/framework/web/Application.php(50): framework\server\Server->start()
#4 /var/www/php/easy-framework-swoole/framework/framework.php(31): framework\web\Application::run(Array)
#5 /var/www/php/easy-framework-swoole/index.php(8): require('/var/www/php/ea...')
#6 {main}

[2017-12-10 20:54:08] [ log ] 
 client: 
---------------------------------------------------------------
 msg : failed to listen server port[127.0.0.1:81]. Error: Address already in use[98]. 
 file : /var/www/php/easy-framework-swoole/framework/server/HttpServer.php 
 line : 16 
 code : 98 
 trace : #0 /var/www/php/easy-framework-swoole/framework/server/HttpServer.php(16): swoole_server->__construct('127.0.0.1', '81')
#1 /var/www/php/easy-framework-swoole/framework/base/Base.php(13): framework\server\HttpServer->init()
#2 /var/www/php/easy-framework-swoole/framework/server/Server.php(27): framework\base\Base->__construct(Array)
#3 /var/www/php/easy-framework-swoole/framework/web/Application.php(50): framework\server\Server->start()
#4 /var/www/php/easy-framework-swoole/framework/framework.php(31): framework\web\Application::run(Array)
#5 /var/www/php/easy-framework-swoole/index.php(8): require('/var/www/php/ea...')
#6 {main}

[2017-12-10 20:54:25] [ log ] 
 client: 
---------------------------------------------------------------
 msg : failed to listen server port[127.0.0.1:81]. Error: Address already in use[98]. 
 file : /var/www/php/easy-framework-swoole/framework/server/HttpServer.php 
 line : 16 
 code : 98 
 trace : #0 /var/www/php/easy-framework-swoole/framework/server/HttpServer.php(16): swoole_server->__construct('127.0.0.1', '81')
#1 /var/www/php/easy-framework-swoole/framework/base/Base.php(13): framework\server\HttpServer->init()
#2 /var/www/php/easy-framework-swoole/framework/server/Server.php(27): framework\base\Base->__construct(Array)
#3 /var/www/php/easy-framework-swoole/framework/web/Application.php(50): framework\server\Server->start()
#4 /var/www/php/easy-framework-swoole/framework/framework.php(31): framework\web\Application::run(Array)
#5 /var/www/php/easy-framework-swoole/index.php(8): require('/var/www/php/ea...')
#6 {main}

[2017-12-10 21:21:17] [ log ] 
 client: 
---------------------------------------------------------------
 msg : not support: swoole 
 file : /var/www/php/easy-framework-swoole/framework/server/Server.php 
 line : 19 
 code : 500 
 trace : #0 /var/www/php/easy-framework-swoole/framework/web/Application.php(50): framework\server\Server->start()
#1 /var/www/php/easy-framework-swoole/framework/framework.php(31): framework\web\Application::run(Array)
#2 /var/www/php/easy-framework-swoole/index.php(8): require('/var/www/php/ea...')
#3 {main}

