[2017-12-29 21:18:48] [ log ] 127.0.0.1:85/index/test
 client: 127.0.0.1
---------------------------------------------------------------
 msg : Undefined property: application\model\User::$db at  file: /var/www/php/easy-framework-swoole/application/model/User.php, on line: 16 
 file : /var/www/php/easy-framework-swoole/framework/components/error/Error.php 
 line : 9 
 code : 8 
 trace : #0 /var/www/php/easy-framework-swoole/application/model/User.php(16): framework\components\error\Error->handleError(8, 'Undefined prope...', '/var/www/php/ea...', 16, Array)
#1 /var/www/php/easy-framework-swoole/application/controller/Index.php(78): application\model\User->getList()
#2 /var/www/php/easy-framework-swoole/framework/components/dispatcher/Dispatcher.php(43): application\controller\Index->testAction()
#3 /var/www/php/easy-framework-swoole/framework/server/HttpServer.php(58): framework\components\dispatcher\Dispatcher->run(Array)
#4 [internal function]: framework\server\HttpServer->framework\server\{closure}(Object(swoole_http_request), Object(swoole_http_response))
#5 /var/www/php/easy-framework-swoole/framework/server/BaseServer.php(68): swoole_http_server->start()
#6 /var/www/php/easy-framework-swoole/framework/server/Server.php(29): framework\server\BaseServer->start()
#7 /var/www/php/easy-framework-swoole/framework/web/Application.php(52): framework\server\Server->start()
#8 /var/www/php/easy-framework-swoole/framework/framework.php(31): framework\web\Application::run(Array)
#9 /var/www/php/easy-framework-swoole/index.php(8): require('/var/www/php/ea...')
#10 {main}

[2017-12-29 21:19:40] [ log ] 127.0.0.1:85/index/test
 client: 127.0.0.1
---------------------------------------------------------------
 msg : Undefined property: application\model\User::$db at  file: /var/www/php/easy-framework-swoole/application/model/User.php, on line: 16 
 file : /var/www/php/easy-framework-swoole/framework/components/error/Error.php 
 line : 9 
 code : 8 
 trace : #0 /var/www/php/easy-framework-swoole/application/model/User.php(16): framework\components\error\Error->handleError(8, 'Undefined prope...', '/var/www/php/ea...', 16, Array)
#1 /var/www/php/easy-framework-swoole/application/controller/Index.php(78): application\model\User->getList()
#2 /var/www/php/easy-framework-swoole/framework/components/dispatcher/Dispatcher.php(43): application\controller\Index->testAction()
#3 /var/www/php/easy-framework-swoole/framework/server/HttpServer.php(58): framework\components\dispatcher\Dispatcher->run(Array)
#4 [internal function]: framework\server\HttpServer->framework\server\{closure}(Object(swoole_http_request), Object(swoole_http_response))
#5 /var/www/php/easy-framework-swoole/framework/server/BaseServer.php(68): swoole_http_server->start()
#6 /var/www/php/easy-framework-swoole/framework/server/Server.php(29): framework\server\BaseServer->start()
#7 /var/www/php/easy-framework-swoole/framework/web/Application.php(52): framework\server\Server->start()
#8 /var/www/php/easy-framework-swoole/framework/framework.php(31): framework\web\Application::run(Array)
#9 /var/www/php/easy-framework-swoole/index.php(8): require('/var/www/php/ea...')
#10 {main}

